[2025-10-03 18:21:57,008] {taskinstance.py:1159} INFO - Dependencies all met for <TaskInstance: manga_prediction_pipeline.model_monitoring manual__2025-10-03T18:19:52.139033+00:00 [queued]>
[2025-10-03 18:21:57,011] {taskinstance.py:1159} INFO - Dependencies all met for <TaskInstance: manga_prediction_pipeline.model_monitoring manual__2025-10-03T18:19:52.139033+00:00 [queued]>
[2025-10-03 18:21:57,011] {taskinstance.py:1356} INFO - 
--------------------------------------------------------------------------------
[2025-10-03 18:21:57,011] {taskinstance.py:1357} INFO - Starting attempt 2 of 1
[2025-10-03 18:21:57,011] {taskinstance.py:1358} INFO - 
--------------------------------------------------------------------------------
[2025-10-03 18:21:57,016] {taskinstance.py:1377} INFO - Executing <Task(PythonOperator): model_monitoring> on 2025-10-03 18:19:52.139033+00:00
[2025-10-03 18:21:57,019] {standard_task_runner.py:52} INFO - Started process 180 to run task
[2025-10-03 18:21:57,021] {standard_task_runner.py:79} INFO - Running: ['***', 'tasks', 'run', 'manga_prediction_pipeline', 'model_monitoring', 'manual__2025-10-03T18:19:52.139033+00:00', '--job-id', '767', '--raw', '--subdir', 'DAGS_FOLDER/manga_prediction_pipeline.py', '--cfg-path', '/tmp/tmpppupp39a', '--error-file', '/tmp/tmpzc5b5rpe']
[2025-10-03 18:21:57,021] {standard_task_runner.py:80} INFO - Job 767: Subtask model_monitoring
[2025-10-03 18:21:57,041] {task_command.py:370} INFO - Running <TaskInstance: manga_prediction_pipeline.model_monitoring manual__2025-10-03T18:19:52.139033+00:00 [running]> on host 5b14bb760d0c
[2025-10-03 18:21:57,070] {taskinstance.py:1571} INFO - Exporting the following env vars:
AIRFLOW_CTX_DAG_OWNER=***
AIRFLOW_CTX_DAG_ID=manga_prediction_pipeline
AIRFLOW_CTX_TASK_ID=model_monitoring
AIRFLOW_CTX_EXECUTION_DATE=2025-10-03T18:19:52.139033+00:00
AIRFLOW_CTX_TRY_NUMBER=2
AIRFLOW_CTX_DAG_RUN_ID=manual__2025-10-03T18:19:52.139033+00:00
[2025-10-03 18:21:57,070] {model_monitoring.py:26} INFO - Loading processed data from /opt/***/data/processed/manga_processed.parquet for monitoring.
[2025-10-03 18:21:57,132] {model_monitoring.py:28} INFO - Processed data loaded. Shape: (21795, 28)
[2025-10-03 18:21:57,159] {model_monitoring.py:49} INFO - NaNs in production_data['score'] before prediction: 0
[2025-10-03 18:21:57,159] {model_monitoring.py:50} INFO - Shape of production_data before prediction: (10897, 28)
[2025-10-03 18:23:24,286] {model_monitoring.py:64} INFO - Data Drift Report saved to /opt/***/data/monitoring_reports/data_drift_report.html
[2025-10-03 18:23:24,289] {python.py:173} INFO - Done. Returned value was: None
[2025-10-03 18:23:24,296] {taskinstance.py:1400} INFO - Marking task as SUCCESS. dag_id=manga_prediction_pipeline, task_id=model_monitoring, execution_date=20251003T181952, start_date=20251003T182157, end_date=20251003T182324
[2025-10-03 18:23:24,331] {local_task_job.py:156} INFO - Task exited with return code 0
[2025-10-03 18:23:24,346] {local_task_job.py:273} INFO - 1 downstream tasks scheduled from follow-on schedule check
