[2025-09-24 19:03:21,039] {taskinstance.py:1159} INFO - Dependencies all met for <TaskInstance: manga_prediction_pipeline.data_ingestion manual__2025-09-24T19:03:19.598487+00:00 [queued]>
[2025-09-24 19:03:21,042] {taskinstance.py:1159} INFO - Dependencies all met for <TaskInstance: manga_prediction_pipeline.data_ingestion manual__2025-09-24T19:03:19.598487+00:00 [queued]>
[2025-09-24 19:03:21,042] {taskinstance.py:1356} INFO - 
--------------------------------------------------------------------------------
[2025-09-24 19:03:21,042] {taskinstance.py:1357} INFO - Starting attempt 1 of 1
[2025-09-24 19:03:21,042] {taskinstance.py:1358} INFO - 
--------------------------------------------------------------------------------
[2025-09-24 19:03:21,046] {taskinstance.py:1377} INFO - Executing <Task(PythonOperator): data_ingestion> on 2025-09-24 19:03:19.598487+00:00
[2025-09-24 19:03:21,047] {standard_task_runner.py:52} INFO - Started process 239 to run task
[2025-09-24 19:03:21,049] {standard_task_runner.py:79} INFO - Running: ['***', 'tasks', 'run', 'manga_prediction_pipeline', 'data_ingestion', 'manual__2025-09-24T19:03:19.598487+00:00', '--job-id', '21', '--raw', '--subdir', 'DAGS_FOLDER/manga_prediction_pipeline.py', '--cfg-path', '/tmp/tmpudzhj0q2', '--error-file', '/tmp/tmpn7ehvdqu']
[2025-09-24 19:03:21,049] {standard_task_runner.py:80} INFO - Job 21: Subtask data_ingestion
[2025-09-24 19:03:21,066] {task_command.py:370} INFO - Running <TaskInstance: manga_prediction_pipeline.data_ingestion manual__2025-09-24T19:03:19.598487+00:00 [running]> on host 50bd396892d5
[2025-09-24 19:03:21,087] {taskinstance.py:1571} INFO - Exporting the following env vars:
AIRFLOW_CTX_DAG_OWNER=***
AIRFLOW_CTX_DAG_ID=manga_prediction_pipeline
AIRFLOW_CTX_TASK_ID=data_ingestion
AIRFLOW_CTX_EXECUTION_DATE=2025-09-24T19:03:19.598487+00:00
AIRFLOW_CTX_TRY_NUMBER=1
AIRFLOW_CTX_DAG_RUN_ID=manual__2025-09-24T19:03:19.598487+00:00
[2025-09-24 19:03:21,087] {logging_mixin.py:115} INFO - Reading data from /opt/***/data/manga.csv
[2025-09-24 19:03:21,398] {logging_mixin.py:115} INFO - Data ingested successfully. Shape: (66371, 26)
[2025-09-24 19:03:21,399] {logging_mixin.py:115} INFO - Saving data to /opt/***/data/staged/manga.parquet
[2025-09-24 19:03:21,542] {logging_mixin.py:115} INFO - Data saved successfully to staging area.
[2025-09-24 19:03:21,548] {python.py:173} INFO - Done. Returned value was: None
[2025-09-24 19:03:21,553] {taskinstance.py:1400} INFO - Marking task as SUCCESS. dag_id=manga_prediction_pipeline, task_id=data_ingestion, execution_date=20250924T190319, start_date=20250924T190321, end_date=20250924T190321
[2025-09-24 19:03:21,563] {local_task_job.py:156} INFO - Task exited with return code 0
[2025-09-24 19:03:21,577] {local_task_job.py:273} INFO - 1 downstream tasks scheduled from follow-on schedule check
