[2025-09-25 08:06:08,531] {taskinstance.py:1159} INFO - Dependencies all met for <TaskInstance: manga_prediction_pipeline.start_pipeline manual__2025-09-25T01:46:43.631328+00:00 [queued]>
[2025-09-25 08:06:08,538] {taskinstance.py:1159} INFO - Dependencies all met for <TaskInstance: manga_prediction_pipeline.start_pipeline manual__2025-09-25T01:46:43.631328+00:00 [queued]>
[2025-09-25 08:06:08,540] {taskinstance.py:1356} INFO - 
--------------------------------------------------------------------------------
[2025-09-25 08:06:08,541] {taskinstance.py:1357} INFO - Starting attempt 2 of 2
[2025-09-25 08:06:08,541] {taskinstance.py:1358} INFO - 
--------------------------------------------------------------------------------
[2025-09-25 08:06:08,547] {taskinstance.py:1377} INFO - Executing <Task(PythonOperator): start_pipeline> on 2025-09-25 01:46:43.631328+00:00
[2025-09-25 08:06:08,550] {standard_task_runner.py:52} INFO - Started process 396 to run task
[2025-09-25 08:06:08,551] {standard_task_runner.py:79} INFO - Running: ['***', 'tasks', 'run', 'manga_prediction_pipeline', 'start_pipeline', 'manual__2025-09-25T01:46:43.631328+00:00', '--job-id', '122', '--raw', '--subdir', 'DAGS_FOLDER/manga_prediction_pipeline.py', '--cfg-path', '/tmp/tmpohct0mgy', '--error-file', '/tmp/tmptd4th8lo']
[2025-09-25 08:06:08,552] {standard_task_runner.py:80} INFO - Job 122: Subtask start_pipeline
[2025-09-25 08:06:08,572] {task_command.py:370} INFO - Running <TaskInstance: manga_prediction_pipeline.start_pipeline manual__2025-09-25T01:46:43.631328+00:00 [running]> on host 240518fe472e
[2025-09-25 08:06:08,597] {taskinstance.py:1571} INFO - Exporting the following env vars:
AIRFLOW_CTX_DAG_OWNER=***
AIRFLOW_CTX_DAG_ID=manga_prediction_pipeline
AIRFLOW_CTX_TASK_ID=start_pipeline
AIRFLOW_CTX_EXECUTION_DATE=2025-09-25T01:46:43.631328+00:00
AIRFLOW_CTX_TRY_NUMBER=2
AIRFLOW_CTX_DAG_RUN_ID=manual__2025-09-25T01:46:43.631328+00:00
[2025-09-25 08:06:08,597] {logging_mixin.py:115} INFO - Pipeline started!
[2025-09-25 08:06:08,597] {python.py:173} INFO - Done. Returned value was: None
[2025-09-25 08:06:08,602] {taskinstance.py:1400} INFO - Marking task as SUCCESS. dag_id=manga_prediction_pipeline, task_id=start_pipeline, execution_date=20250925T014643, start_date=20250925T080608, end_date=20250925T080608
[2025-09-25 08:06:08,649] {local_task_job.py:156} INFO - Task exited with return code 0
[2025-09-25 08:06:08,666] {local_task_job.py:273} INFO - 1 downstream tasks scheduled from follow-on schedule check
