[2025-10-03 17:31:33,622] {taskinstance.py:1159} INFO - Dependencies all met for <TaskInstance: manga_prediction_pipeline.data_ingestion manual__2025-10-03T17:31:30.193156+00:00 [queued]>
[2025-10-03 17:31:33,627] {taskinstance.py:1159} INFO - Dependencies all met for <TaskInstance: manga_prediction_pipeline.data_ingestion manual__2025-10-03T17:31:30.193156+00:00 [queued]>
[2025-10-03 17:31:33,627] {taskinstance.py:1356} INFO - 
--------------------------------------------------------------------------------
[2025-10-03 17:31:33,627] {taskinstance.py:1357} INFO - Starting attempt 1 of 1
[2025-10-03 17:31:33,627] {taskinstance.py:1358} INFO - 
--------------------------------------------------------------------------------
[2025-10-03 17:31:33,632] {taskinstance.py:1377} INFO - Executing <Task(PythonOperator): data_ingestion> on 2025-10-03 17:31:30.193156+00:00
[2025-10-03 17:31:33,635] {standard_task_runner.py:52} INFO - Started process 210 to run task
[2025-10-03 17:31:33,636] {standard_task_runner.py:79} INFO - Running: ['***', 'tasks', 'run', 'manga_prediction_pipeline', 'data_ingestion', 'manual__2025-10-03T17:31:30.193156+00:00', '--job-id', '688', '--raw', '--subdir', 'DAGS_FOLDER/manga_prediction_pipeline.py', '--cfg-path', '/tmp/tmpmtvqe7l_', '--error-file', '/tmp/tmpl08vlawf']
[2025-10-03 17:31:33,637] {standard_task_runner.py:80} INFO - Job 688: Subtask data_ingestion
[2025-10-03 17:31:33,668] {task_command.py:370} INFO - Running <TaskInstance: manga_prediction_pipeline.data_ingestion manual__2025-10-03T17:31:30.193156+00:00 [running]> on host cf83575c274c
[2025-10-03 17:31:33,696] {taskinstance.py:1571} INFO - Exporting the following env vars:
AIRFLOW_CTX_DAG_OWNER=***
AIRFLOW_CTX_DAG_ID=manga_prediction_pipeline
AIRFLOW_CTX_TASK_ID=data_ingestion
AIRFLOW_CTX_EXECUTION_DATE=2025-10-03T17:31:30.193156+00:00
AIRFLOW_CTX_TRY_NUMBER=1
AIRFLOW_CTX_DAG_RUN_ID=manual__2025-10-03T17:31:30.193156+00:00
[2025-10-03 17:31:33,697] {logging_mixin.py:115} INFO - Reading data from /opt/***/data/manga.csv
[2025-10-03 17:31:34,066] {logging_mixin.py:115} INFO - Data read successfully. Shape: (66371, 26)
[2025-10-03 17:31:34,066] {logging_mixin.py:115} INFO - Attempting to connect to MariaDB at mariadb:3306/manga_db
[2025-10-03 17:31:34,092] {authentication.py:66} INFO - package: mysql.connector.plugins
[2025-10-03 17:31:34,092] {authentication.py:67} INFO - plugin_name: mysql_native_password
[2025-10-03 17:31:34,093] {authentication.py:71} INFO - AUTHENTICATION_PLUGIN_CLASS: MySQLNativePasswordAuthPlugin
[2025-10-03 17:31:34,096] {logging_mixin.py:115} INFO - Successfully connected to MariaDB.
[2025-10-03 17:31:34,096] {logging_mixin.py:115} INFO - Inserting into dim_manga_info...
[2025-10-03 17:32:02,098] {logging_mixin.py:115} INFO - dim_manga_info populated.
[2025-10-03 17:32:02,330] {logging_mixin.py:115} INFO - Inserting into dim_genres...
[2025-10-03 17:32:02,424] {logging_mixin.py:115} INFO - dim_genres populated.
[2025-10-03 17:32:02,426] {logging_mixin.py:115} INFO - Inserting into dim_authors...
[2025-10-03 17:32:02,578] {logging_mixin.py:115} INFO - dim_authors populated.
[2025-10-03 17:32:02,579] {logging_mixin.py:115} INFO - Inserting into dim_demographics...
[2025-10-03 17:32:02,703] {logging_mixin.py:115} INFO - dim_demographics populated.
[2025-10-03 17:32:02,705] {logging_mixin.py:115} INFO - Inserting into dim_serializations...
[2025-10-03 17:32:02,792] {logging_mixin.py:115} INFO - dim_serializations populated.
[2025-10-03 17:32:02,792] {logging_mixin.py:115} INFO - Inserting into fact_manga...
[2025-10-03 17:32:29,100] {logging_mixin.py:115} INFO - fact_manga populated.
[2025-10-03 17:32:29,101] {logging_mixin.py:115} INFO - Inserting into manga_secondary_genres...
[2025-10-03 17:32:30,099] {logging_mixin.py:115} INFO - manga_secondary_genres populated.
[2025-10-03 17:32:30,099] {logging_mixin.py:115} INFO - Data ingestion to MariaDB complete.
[2025-10-03 17:32:30,112] {python.py:173} INFO - Done. Returned value was: None
[2025-10-03 17:32:30,118] {taskinstance.py:1400} INFO - Marking task as SUCCESS. dag_id=manga_prediction_pipeline, task_id=data_ingestion, execution_date=20251003T173130, start_date=20251003T173133, end_date=20251003T173230
[2025-10-03 17:32:30,157] {local_task_job.py:156} INFO - Task exited with return code 0
[2025-10-03 17:32:30,182] {local_task_job.py:273} INFO - 0 downstream tasks scheduled from follow-on schedule check
