[2025-10-04 07:54:20,269] {taskinstance.py:1159} INFO - Dependencies all met for <TaskInstance: manga_prediction_pipeline.update_deployed_model_id manual__2025-10-04T07:53:05.406743+00:00 [queued]>
[2025-10-04 07:54:20,272] {taskinstance.py:1159} INFO - Dependencies all met for <TaskInstance: manga_prediction_pipeline.update_deployed_model_id manual__2025-10-04T07:53:05.406743+00:00 [queued]>
[2025-10-04 07:54:20,272] {taskinstance.py:1356} INFO - 
--------------------------------------------------------------------------------
[2025-10-04 07:54:20,272] {taskinstance.py:1357} INFO - Starting attempt 1 of 1
[2025-10-04 07:54:20,272] {taskinstance.py:1358} INFO - 
--------------------------------------------------------------------------------
[2025-10-04 07:54:20,276] {taskinstance.py:1377} INFO - Executing <Task(PythonOperator): update_deployed_model_id> on 2025-10-04 07:53:05.406743+00:00
[2025-10-04 07:54:20,279] {standard_task_runner.py:52} INFO - Started process 304 to run task
[2025-10-04 07:54:20,283] {standard_task_runner.py:79} INFO - Running: ['***', 'tasks', 'run', 'manga_prediction_pipeline', 'update_deployed_model_id', 'manual__2025-10-04T07:53:05.406743+00:00', '--job-id', '854', '--raw', '--subdir', 'DAGS_FOLDER/manga_prediction_pipeline.py', '--cfg-path', '/tmp/tmprdxz3w_e', '--error-file', '/tmp/tmp4mskehy0']
[2025-10-04 07:54:20,283] {standard_task_runner.py:80} INFO - Job 854: Subtask update_deployed_model_id
[2025-10-04 07:54:20,302] {task_command.py:370} INFO - Running <TaskInstance: manga_prediction_pipeline.update_deployed_model_id manual__2025-10-04T07:53:05.406743+00:00 [running]> on host 43bde2c75940
[2025-10-04 07:54:20,325] {taskinstance.py:1571} INFO - Exporting the following env vars:
AIRFLOW_CTX_DAG_OWNER=***
AIRFLOW_CTX_DAG_ID=manga_prediction_pipeline
AIRFLOW_CTX_TASK_ID=update_deployed_model_id
AIRFLOW_CTX_EXECUTION_DATE=2025-10-04T07:53:05.406743+00:00
AIRFLOW_CTX_TRY_NUMBER=1
AIRFLOW_CTX_DAG_RUN_ID=manual__2025-10-04T07:53:05.406743+00:00
[2025-10-04 07:54:20,329] {logging_mixin.py:115} INFO - Updated latest_run_id.txt with run_id: f8f312e5a9124611b0182ad73c832099
[2025-10-04 07:54:20,329] {python.py:173} INFO - Done. Returned value was: None
[2025-10-04 07:54:20,333] {taskinstance.py:1400} INFO - Marking task as SUCCESS. dag_id=manga_prediction_pipeline, task_id=update_deployed_model_id, execution_date=20251004T075305, start_date=20251004T075420, end_date=20251004T075420
[2025-10-04 07:54:20,378] {local_task_job.py:156} INFO - Task exited with return code 0
[2025-10-04 07:54:20,393] {local_task_job.py:273} INFO - 1 downstream tasks scheduled from follow-on schedule check
