[2025-10-03 18:31:08,694] {taskinstance.py:1159} INFO - Dependencies all met for <TaskInstance: manga_prediction_pipeline.update_model_run_id manual__2025-10-03T18:29:52.793050+00:00 [queued]>
[2025-10-03 18:31:08,697] {taskinstance.py:1159} INFO - Dependencies all met for <TaskInstance: manga_prediction_pipeline.update_model_run_id manual__2025-10-03T18:29:52.793050+00:00 [queued]>
[2025-10-03 18:31:08,697] {taskinstance.py:1356} INFO - 
--------------------------------------------------------------------------------
[2025-10-03 18:31:08,698] {taskinstance.py:1357} INFO - Starting attempt 1 of 1
[2025-10-03 18:31:08,698] {taskinstance.py:1358} INFO - 
--------------------------------------------------------------------------------
[2025-10-03 18:31:08,702] {taskinstance.py:1377} INFO - Executing <Task(PythonOperator): update_model_run_id> on 2025-10-03 18:29:52.793050+00:00
[2025-10-03 18:31:08,704] {standard_task_runner.py:52} INFO - Started process 311 to run task
[2025-10-03 18:31:08,706] {standard_task_runner.py:79} INFO - Running: ['***', 'tasks', 'run', 'manga_prediction_pipeline', 'update_model_run_id', 'manual__2025-10-03T18:29:52.793050+00:00', '--job-id', '788', '--raw', '--subdir', 'DAGS_FOLDER/manga_prediction_pipeline.py', '--cfg-path', '/tmp/tmpg095bkd2', '--error-file', '/tmp/tmps6eek87i']
[2025-10-03 18:31:08,706] {standard_task_runner.py:80} INFO - Job 788: Subtask update_model_run_id
[2025-10-03 18:31:08,726] {task_command.py:370} INFO - Running <TaskInstance: manga_prediction_pipeline.update_model_run_id manual__2025-10-03T18:29:52.793050+00:00 [running]> on host 225c49a38666
[2025-10-03 18:31:08,748] {taskinstance.py:1571} INFO - Exporting the following env vars:
AIRFLOW_CTX_DAG_OWNER=***
AIRFLOW_CTX_DAG_ID=manga_prediction_pipeline
AIRFLOW_CTX_TASK_ID=update_model_run_id
AIRFLOW_CTX_EXECUTION_DATE=2025-10-03T18:29:52.793050+00:00
AIRFLOW_CTX_TRY_NUMBER=1
AIRFLOW_CTX_DAG_RUN_ID=manual__2025-10-03T18:29:52.793050+00:00
[2025-10-03 18:31:08,753] {logging_mixin.py:115} INFO - Updated latest_run_id.txt with run_id: 39c41069df7f4efbb72d14ec433f6e92
[2025-10-03 18:31:08,753] {python.py:173} INFO - Done. Returned value was: None
[2025-10-03 18:31:08,757] {taskinstance.py:1400} INFO - Marking task as SUCCESS. dag_id=manga_prediction_pipeline, task_id=update_model_run_id, execution_date=20251003T182952, start_date=20251003T183108, end_date=20251003T183108
[2025-10-03 18:31:08,803] {local_task_job.py:156} INFO - Task exited with return code 0
[2025-10-03 18:31:08,818] {local_task_job.py:273} INFO - 1 downstream tasks scheduled from follow-on schedule check
