[2025-09-25 02:18:19,520] {taskinstance.py:1159} INFO - Dependencies all met for <TaskInstance: manga_prediction_pipeline.data_ingestion manual__2025-09-25T02:18:17.875999+00:00 [queued]>
[2025-09-25 02:18:19,523] {taskinstance.py:1159} INFO - Dependencies all met for <TaskInstance: manga_prediction_pipeline.data_ingestion manual__2025-09-25T02:18:17.875999+00:00 [queued]>
[2025-09-25 02:18:19,523] {taskinstance.py:1356} INFO - 
--------------------------------------------------------------------------------
[2025-09-25 02:18:19,523] {taskinstance.py:1357} INFO - Starting attempt 1 of 1
[2025-09-25 02:18:19,523] {taskinstance.py:1358} INFO - 
--------------------------------------------------------------------------------
[2025-09-25 02:18:19,528] {taskinstance.py:1377} INFO - Executing <Task(PythonOperator): data_ingestion> on 2025-09-25 02:18:17.875999+00:00
[2025-09-25 02:18:19,530] {standard_task_runner.py:52} INFO - Started process 195 to run task
[2025-09-25 02:18:19,532] {standard_task_runner.py:79} INFO - Running: ['***', 'tasks', 'run', 'manga_prediction_pipeline', 'data_ingestion', 'manual__2025-09-25T02:18:17.875999+00:00', '--job-id', '53', '--raw', '--subdir', 'DAGS_FOLDER/manga_prediction_pipeline.py', '--cfg-path', '/tmp/tmpk5h07qgn', '--error-file', '/tmp/tmpjsrz3s64']
[2025-09-25 02:18:19,532] {standard_task_runner.py:80} INFO - Job 53: Subtask data_ingestion
[2025-09-25 02:18:19,550] {task_command.py:370} INFO - Running <TaskInstance: manga_prediction_pipeline.data_ingestion manual__2025-09-25T02:18:17.875999+00:00 [running]> on host 6afc1fdecefc
[2025-09-25 02:18:19,574] {taskinstance.py:1571} INFO - Exporting the following env vars:
AIRFLOW_CTX_DAG_OWNER=***
AIRFLOW_CTX_DAG_ID=manga_prediction_pipeline
AIRFLOW_CTX_TASK_ID=data_ingestion
AIRFLOW_CTX_EXECUTION_DATE=2025-09-25T02:18:17.875999+00:00
AIRFLOW_CTX_TRY_NUMBER=1
AIRFLOW_CTX_DAG_RUN_ID=manual__2025-09-25T02:18:17.875999+00:00
[2025-09-25 02:18:19,574] {logging_mixin.py:115} INFO - Reading data from /opt/***/data/manga.csv
[2025-09-25 02:18:19,910] {logging_mixin.py:115} INFO - Data ingested successfully. Shape: (66371, 26)
[2025-09-25 02:18:19,910] {logging_mixin.py:115} INFO - Saving data to /opt/***/data/staged/manga.parquet
[2025-09-25 02:18:20,072] {logging_mixin.py:115} INFO - Data saved successfully to staging area.
[2025-09-25 02:18:20,078] {python.py:173} INFO - Done. Returned value was: None
[2025-09-25 02:18:20,083] {taskinstance.py:1400} INFO - Marking task as SUCCESS. dag_id=manga_prediction_pipeline, task_id=data_ingestion, execution_date=20250925T021817, start_date=20250925T021819, end_date=20250925T021820
[2025-09-25 02:18:20,118] {local_task_job.py:156} INFO - Task exited with return code 0
[2025-09-25 02:18:20,133] {local_task_job.py:273} INFO - 1 downstream tasks scheduled from follow-on schedule check
