[2025-10-01 14:19:54,168] {taskinstance.py:1159} INFO - Dependencies all met for <TaskInstance: manga_prediction_pipeline.start_pipeline manual__2025-10-01T14:19:52+00:00 [queued]>
[2025-10-01 14:19:54,170] {taskinstance.py:1159} INFO - Dependencies all met for <TaskInstance: manga_prediction_pipeline.start_pipeline manual__2025-10-01T14:19:52+00:00 [queued]>
[2025-10-01 14:19:54,170] {taskinstance.py:1356} INFO - 
--------------------------------------------------------------------------------
[2025-10-01 14:19:54,170] {taskinstance.py:1357} INFO - Starting attempt 1 of 1
[2025-10-01 14:19:54,171] {taskinstance.py:1358} INFO - 
--------------------------------------------------------------------------------
[2025-10-01 14:19:54,175] {taskinstance.py:1377} INFO - Executing <Task(PythonOperator): start_pipeline> on 2025-10-01 14:19:52+00:00
[2025-10-01 14:19:54,178] {standard_task_runner.py:52} INFO - Started process 1121 to run task
[2025-10-01 14:19:54,179] {standard_task_runner.py:79} INFO - Running: ['***', 'tasks', 'run', 'manga_prediction_pipeline', 'start_pipeline', 'manual__2025-10-01T14:19:52+00:00', '--job-id', '405', '--raw', '--subdir', 'DAGS_FOLDER/manga_prediction_pipeline.py', '--cfg-path', '/tmp/tmp69_kuyri', '--error-file', '/tmp/tmpmr8mtc4_']
[2025-10-01 14:19:54,180] {standard_task_runner.py:80} INFO - Job 405: Subtask start_pipeline
[2025-10-01 14:19:54,200] {task_command.py:370} INFO - Running <TaskInstance: manga_prediction_pipeline.start_pipeline manual__2025-10-01T14:19:52+00:00 [running]> on host 61d50ce4b953
[2025-10-01 14:19:54,226] {taskinstance.py:1571} INFO - Exporting the following env vars:
AIRFLOW_CTX_DAG_OWNER=***
AIRFLOW_CTX_DAG_ID=manga_prediction_pipeline
AIRFLOW_CTX_TASK_ID=start_pipeline
AIRFLOW_CTX_EXECUTION_DATE=2025-10-01T14:19:52+00:00
AIRFLOW_CTX_TRY_NUMBER=1
AIRFLOW_CTX_DAG_RUN_ID=manual__2025-10-01T14:19:52+00:00
[2025-10-01 14:19:54,226] {logging_mixin.py:115} INFO - Pipeline started!
[2025-10-01 14:19:54,226] {python.py:173} INFO - Done. Returned value was: None
[2025-10-01 14:19:54,230] {taskinstance.py:1400} INFO - Marking task as SUCCESS. dag_id=manga_prediction_pipeline, task_id=start_pipeline, execution_date=20251001T141952, start_date=20251001T141954, end_date=20251001T141954
[2025-10-01 14:19:54,281] {local_task_job.py:156} INFO - Task exited with return code 0
[2025-10-01 14:19:54,303] {local_task_job.py:273} INFO - 1 downstream tasks scheduled from follow-on schedule check
