[2025-10-04 08:46:51,746] {taskinstance.py:1159} INFO - Dependencies all met for <TaskInstance: manga_prediction_pipeline.data_ingestion manual__2025-10-04T08:46:47.833941+00:00 [queued]>
[2025-10-04 08:46:51,749] {taskinstance.py:1159} INFO - Dependencies all met for <TaskInstance: manga_prediction_pipeline.data_ingestion manual__2025-10-04T08:46:47.833941+00:00 [queued]>
[2025-10-04 08:46:51,749] {taskinstance.py:1356} INFO - 
--------------------------------------------------------------------------------
[2025-10-04 08:46:51,749] {taskinstance.py:1357} INFO - Starting attempt 1 of 1
[2025-10-04 08:46:51,749] {taskinstance.py:1358} INFO - 
--------------------------------------------------------------------------------
[2025-10-04 08:46:51,754] {taskinstance.py:1377} INFO - Executing <Task(PythonOperator): data_ingestion> on 2025-10-04 08:46:47.833941+00:00
[2025-10-04 08:46:51,757] {standard_task_runner.py:52} INFO - Started process 199 to run task
[2025-10-04 08:46:51,758] {standard_task_runner.py:79} INFO - Running: ['***', 'tasks', 'run', 'manga_prediction_pipeline', 'data_ingestion', 'manual__2025-10-04T08:46:47.833941+00:00', '--job-id', '873', '--raw', '--subdir', 'DAGS_FOLDER/manga_prediction_pipeline.py', '--cfg-path', '/tmp/tmp0pr4jp4x', '--error-file', '/tmp/tmp9kz67bcp']
[2025-10-04 08:46:51,759] {standard_task_runner.py:80} INFO - Job 873: Subtask data_ingestion
[2025-10-04 08:46:51,791] {task_command.py:370} INFO - Running <TaskInstance: manga_prediction_pipeline.data_ingestion manual__2025-10-04T08:46:47.833941+00:00 [running]> on host c86500f2f485
[2025-10-04 08:46:51,823] {taskinstance.py:1571} INFO - Exporting the following env vars:
AIRFLOW_CTX_DAG_OWNER=***
AIRFLOW_CTX_DAG_ID=manga_prediction_pipeline
AIRFLOW_CTX_TASK_ID=data_ingestion
AIRFLOW_CTX_EXECUTION_DATE=2025-10-04T08:46:47.833941+00:00
AIRFLOW_CTX_TRY_NUMBER=1
AIRFLOW_CTX_DAG_RUN_ID=manual__2025-10-04T08:46:47.833941+00:00
[2025-10-04 08:46:51,824] {logging_mixin.py:115} INFO - Reading data from /opt/***/data/manga.csv
[2025-10-04 08:46:52,210] {logging_mixin.py:115} INFO - Data read successfully. Shape: (66371, 26)
[2025-10-04 08:46:52,211] {logging_mixin.py:115} INFO - Attempting to connect to MariaDB at mariadb:3306/manga_db
[2025-10-04 08:46:52,238] {authentication.py:66} INFO - package: mysql.connector.plugins
[2025-10-04 08:46:52,238] {authentication.py:67} INFO - plugin_name: mysql_native_password
[2025-10-04 08:46:52,238] {authentication.py:71} INFO - AUTHENTICATION_PLUGIN_CLASS: MySQLNativePasswordAuthPlugin
[2025-10-04 08:46:52,241] {logging_mixin.py:115} INFO - Successfully connected to MariaDB.
[2025-10-04 08:46:52,241] {logging_mixin.py:115} INFO - Inserting into dim_manga_info...
[2025-10-04 08:47:20,403] {logging_mixin.py:115} INFO - dim_manga_info populated.
[2025-10-04 08:47:20,636] {logging_mixin.py:115} INFO - Inserting into dim_genres...
[2025-10-04 08:47:20,790] {logging_mixin.py:115} INFO - dim_genres populated.
[2025-10-04 08:47:20,792] {logging_mixin.py:115} INFO - Inserting into dim_authors...
[2025-10-04 08:47:20,881] {logging_mixin.py:115} INFO - dim_authors populated.
[2025-10-04 08:47:20,883] {logging_mixin.py:115} INFO - Inserting into dim_demographics...
[2025-10-04 08:47:21,007] {logging_mixin.py:115} INFO - dim_demographics populated.
[2025-10-04 08:47:21,009] {logging_mixin.py:115} INFO - Inserting into dim_serializations...
[2025-10-04 08:47:21,095] {logging_mixin.py:115} INFO - dim_serializations populated.
[2025-10-04 08:47:21,096] {logging_mixin.py:115} INFO - Inserting into fact_manga...
[2025-10-04 08:47:46,988] {logging_mixin.py:115} INFO - fact_manga populated.
[2025-10-04 08:47:46,988] {logging_mixin.py:115} INFO - Inserting into manga_secondary_genres...
[2025-10-04 08:47:48,046] {logging_mixin.py:115} INFO - manga_secondary_genres populated.
[2025-10-04 08:47:48,047] {logging_mixin.py:115} INFO - Data ingestion to MariaDB complete.
[2025-10-04 08:47:48,066] {python.py:173} INFO - Done. Returned value was: None
[2025-10-04 08:47:48,075] {taskinstance.py:1400} INFO - Marking task as SUCCESS. dag_id=manga_prediction_pipeline, task_id=data_ingestion, execution_date=20251004T084647, start_date=20251004T084651, end_date=20251004T084748
[2025-10-04 08:47:48,105] {local_task_job.py:156} INFO - Task exited with return code 0
[2025-10-04 08:47:48,127] {local_task_job.py:273} INFO - 0 downstream tasks scheduled from follow-on schedule check
