[2025-10-04 08:47:48,976] {taskinstance.py:1159} INFO - Dependencies all met for <TaskInstance: manga_prediction_pipeline.data_preprocessing manual__2025-10-04T08:46:47.833941+00:00 [queued]>
[2025-10-04 08:47:48,978] {taskinstance.py:1159} INFO - Dependencies all met for <TaskInstance: manga_prediction_pipeline.data_preprocessing manual__2025-10-04T08:46:47.833941+00:00 [queued]>
[2025-10-04 08:47:48,979] {taskinstance.py:1356} INFO - 
--------------------------------------------------------------------------------
[2025-10-04 08:47:48,979] {taskinstance.py:1357} INFO - Starting attempt 1 of 1
[2025-10-04 08:47:48,979] {taskinstance.py:1358} INFO - 
--------------------------------------------------------------------------------
[2025-10-04 08:47:48,983] {taskinstance.py:1377} INFO - Executing <Task(PythonOperator): data_preprocessing> on 2025-10-04 08:46:47.833941+00:00
[2025-10-04 08:47:48,986] {standard_task_runner.py:52} INFO - Started process 215 to run task
[2025-10-04 08:47:48,987] {standard_task_runner.py:79} INFO - Running: ['***', 'tasks', 'run', 'manga_prediction_pipeline', 'data_preprocessing', 'manual__2025-10-04T08:46:47.833941+00:00', '--job-id', '874', '--raw', '--subdir', 'DAGS_FOLDER/manga_prediction_pipeline.py', '--cfg-path', '/tmp/tmp5542jsyv', '--error-file', '/tmp/tmp4ocau6jp']
[2025-10-04 08:47:48,988] {standard_task_runner.py:80} INFO - Job 874: Subtask data_preprocessing
[2025-10-04 08:47:49,006] {task_command.py:370} INFO - Running <TaskInstance: manga_prediction_pipeline.data_preprocessing manual__2025-10-04T08:46:47.833941+00:00 [running]> on host c86500f2f485
[2025-10-04 08:47:49,031] {taskinstance.py:1571} INFO - Exporting the following env vars:
AIRFLOW_CTX_DAG_OWNER=***
AIRFLOW_CTX_DAG_ID=manga_prediction_pipeline
AIRFLOW_CTX_TASK_ID=data_preprocessing
AIRFLOW_CTX_EXECUTION_DATE=2025-10-04T08:46:47.833941+00:00
AIRFLOW_CTX_TRY_NUMBER=1
AIRFLOW_CTX_DAG_RUN_ID=manual__2025-10-04T08:46:47.833941+00:00
[2025-10-04 08:47:49,032] {logging_mixin.py:115} INFO - Connecting to MariaDB to read data...
[2025-10-04 08:47:49,032] {logging_mixin.py:115} INFO - Attempting to connect to MariaDB at mariadb:3306/manga_db
[2025-10-04 08:47:49,059] {authentication.py:66} INFO - package: mysql.connector.plugins
[2025-10-04 08:47:49,059] {authentication.py:67} INFO - plugin_name: mysql_native_password
[2025-10-04 08:47:49,059] {authentication.py:71} INFO - AUTHENTICATION_PLUGIN_CLASS: MySQLNativePasswordAuthPlugin
[2025-10-04 08:47:49,062] {logging_mixin.py:115} INFO - Successfully connected to MariaDB.
[2025-10-04 08:47:50,140] {logging_mixin.py:115} INFO - Data read successfully from MariaDB. Shape: (66371, 28)
[2025-10-04 08:47:50,155] {logging_mixin.py:115} INFO - Rows after dropping mal_id duplicates: (66371, 28)
[2025-10-04 08:47:50,155] {logging_mixin.py:115} INFO - Converting 'score' to numeric and dropping NaNs. Original rows: 66371
[2025-10-04 08:47:50,167] {logging_mixin.py:115} INFO - Rows after dropping missing scores: 21795
[2025-10-04 08:47:50,167] {logging_mixin.py:115} INFO - Data preprocessing complete.
[2025-10-04 08:47:50,168] {logging_mixin.py:115} INFO - Saving processed data to /opt/***/data/processed/manga_processed.parquet
[2025-10-04 08:47:50,254] {logging_mixin.py:115} INFO - Processed data saved successfully.
[2025-10-04 08:47:50,258] {python.py:173} INFO - Done. Returned value was: None
[2025-10-04 08:47:50,264] {taskinstance.py:1400} INFO - Marking task as SUCCESS. dag_id=manga_prediction_pipeline, task_id=data_preprocessing, execution_date=20251004T084647, start_date=20251004T084748, end_date=20251004T084750
[2025-10-04 08:47:50,283] {local_task_job.py:156} INFO - Task exited with return code 0
[2025-10-04 08:47:50,298] {local_task_job.py:273} INFO - 1 downstream tasks scheduled from follow-on schedule check
