[2025-09-25 08:06:26,602] {taskinstance.py:1159} INFO - Dependencies all met for <TaskInstance: manga_prediction_pipeline.data_ingestion manual__2025-09-24T19:11:06.798026+00:00 [queued]>
[2025-09-25 08:06:26,606] {taskinstance.py:1159} INFO - Dependencies all met for <TaskInstance: manga_prediction_pipeline.data_ingestion manual__2025-09-24T19:11:06.798026+00:00 [queued]>
[2025-09-25 08:06:26,606] {taskinstance.py:1356} INFO - 
--------------------------------------------------------------------------------
[2025-09-25 08:06:26,606] {taskinstance.py:1357} INFO - Starting attempt 2 of 2
[2025-09-25 08:06:26,606] {taskinstance.py:1358} INFO - 
--------------------------------------------------------------------------------
[2025-09-25 08:06:26,611] {taskinstance.py:1377} INFO - Executing <Task(PythonOperator): data_ingestion> on 2025-09-24 19:11:06.798026+00:00
[2025-09-25 08:06:26,614] {standard_task_runner.py:52} INFO - Started process 735 to run task
[2025-09-25 08:06:26,615] {standard_task_runner.py:79} INFO - Running: ['***', 'tasks', 'run', 'manga_prediction_pipeline', 'data_ingestion', 'manual__2025-09-24T19:11:06.798026+00:00', '--job-id', '143', '--raw', '--subdir', 'DAGS_FOLDER/manga_prediction_pipeline.py', '--cfg-path', '/tmp/tmphclrpk_t', '--error-file', '/tmp/tmpybd8gn44']
[2025-09-25 08:06:26,616] {standard_task_runner.py:80} INFO - Job 143: Subtask data_ingestion
[2025-09-25 08:06:26,636] {task_command.py:370} INFO - Running <TaskInstance: manga_prediction_pipeline.data_ingestion manual__2025-09-24T19:11:06.798026+00:00 [running]> on host 240518fe472e
[2025-09-25 08:06:26,661] {taskinstance.py:1571} INFO - Exporting the following env vars:
AIRFLOW_CTX_DAG_OWNER=***
AIRFLOW_CTX_DAG_ID=manga_prediction_pipeline
AIRFLOW_CTX_TASK_ID=data_ingestion
AIRFLOW_CTX_EXECUTION_DATE=2025-09-24T19:11:06.798026+00:00
AIRFLOW_CTX_TRY_NUMBER=2
AIRFLOW_CTX_DAG_RUN_ID=manual__2025-09-24T19:11:06.798026+00:00
[2025-09-25 08:06:26,661] {logging_mixin.py:115} INFO - Reading data from /opt/***/data/manga.csv
[2025-09-25 08:06:27,008] {logging_mixin.py:115} INFO - Data ingested successfully. Shape: (66371, 26)
[2025-09-25 08:06:27,008] {logging_mixin.py:115} INFO - Saving data to /opt/***/data/staged/manga.parquet
[2025-09-25 08:06:27,165] {logging_mixin.py:115} INFO - Data saved successfully to staging area.
[2025-09-25 08:06:27,172] {python.py:173} INFO - Done. Returned value was: None
[2025-09-25 08:06:27,177] {taskinstance.py:1400} INFO - Marking task as SUCCESS. dag_id=manga_prediction_pipeline, task_id=data_ingestion, execution_date=20250924T191106, start_date=20250925T080626, end_date=20250925T080627
[2025-09-25 08:06:27,213] {local_task_job.py:156} INFO - Task exited with return code 0
[2025-09-25 08:06:27,242] {local_task_job.py:273} INFO - 0 downstream tasks scheduled from follow-on schedule check
