[2025-09-25 08:32:49,662] {taskinstance.py:1159} INFO - Dependencies all met for <TaskInstance: manga_prediction_pipeline.data_ingestion manual__2025-09-25T08:32:47.121827+00:00 [queued]>
[2025-09-25 08:32:49,665] {taskinstance.py:1159} INFO - Dependencies all met for <TaskInstance: manga_prediction_pipeline.data_ingestion manual__2025-09-25T08:32:47.121827+00:00 [queued]>
[2025-09-25 08:32:49,665] {taskinstance.py:1356} INFO - 
--------------------------------------------------------------------------------
[2025-09-25 08:32:49,665] {taskinstance.py:1357} INFO - Starting attempt 1 of 1
[2025-09-25 08:32:49,665] {taskinstance.py:1358} INFO - 
--------------------------------------------------------------------------------
[2025-09-25 08:32:49,670] {taskinstance.py:1377} INFO - Executing <Task(PythonOperator): data_ingestion> on 2025-09-25 08:32:47.121827+00:00
[2025-09-25 08:32:49,672] {standard_task_runner.py:52} INFO - Started process 201 to run task
[2025-09-25 08:32:49,674] {standard_task_runner.py:79} INFO - Running: ['***', 'tasks', 'run', 'manga_prediction_pipeline', 'data_ingestion', 'manual__2025-09-25T08:32:47.121827+00:00', '--job-id', '203', '--raw', '--subdir', 'DAGS_FOLDER/manga_prediction_pipeline.py', '--cfg-path', '/tmp/tmpgkcmfbk7', '--error-file', '/tmp/tmpks54w4td']
[2025-09-25 08:32:49,674] {standard_task_runner.py:80} INFO - Job 203: Subtask data_ingestion
[2025-09-25 08:32:49,693] {task_command.py:370} INFO - Running <TaskInstance: manga_prediction_pipeline.data_ingestion manual__2025-09-25T08:32:47.121827+00:00 [running]> on host f994edd6b260
[2025-09-25 08:32:49,718] {taskinstance.py:1571} INFO - Exporting the following env vars:
AIRFLOW_CTX_DAG_OWNER=***
AIRFLOW_CTX_DAG_ID=manga_prediction_pipeline
AIRFLOW_CTX_TASK_ID=data_ingestion
AIRFLOW_CTX_EXECUTION_DATE=2025-09-25T08:32:47.121827+00:00
AIRFLOW_CTX_TRY_NUMBER=1
AIRFLOW_CTX_DAG_RUN_ID=manual__2025-09-25T08:32:47.121827+00:00
[2025-09-25 08:32:49,719] {logging_mixin.py:115} INFO - Reading data from /opt/***/data/manga.csv
[2025-09-25 08:32:50,077] {logging_mixin.py:115} INFO - Data ingested successfully. Shape: (66371, 26)
[2025-09-25 08:32:50,077] {logging_mixin.py:115} INFO - Saving data to /opt/***/data/staged/manga.parquet
[2025-09-25 08:32:50,266] {logging_mixin.py:115} INFO - Data saved successfully to staging area.
[2025-09-25 08:32:50,273] {python.py:173} INFO - Done. Returned value was: None
[2025-09-25 08:32:50,279] {taskinstance.py:1400} INFO - Marking task as SUCCESS. dag_id=manga_prediction_pipeline, task_id=data_ingestion, execution_date=20250925T083247, start_date=20250925T083249, end_date=20250925T083250
[2025-09-25 08:32:50,310] {local_task_job.py:156} INFO - Task exited with return code 0
[2025-09-25 08:32:50,324] {local_task_job.py:273} INFO - 1 downstream tasks scheduled from follow-on schedule check
