[2025-10-03 18:23:25,443] {taskinstance.py:1159} INFO - Dependencies all met for <TaskInstance: manga_prediction_pipeline.end_pipeline manual__2025-10-03T18:19:52.139033+00:00 [queued]>
[2025-10-03 18:23:25,446] {taskinstance.py:1159} INFO - Dependencies all met for <TaskInstance: manga_prediction_pipeline.end_pipeline manual__2025-10-03T18:19:52.139033+00:00 [queued]>
[2025-10-03 18:23:25,447] {taskinstance.py:1356} INFO - 
--------------------------------------------------------------------------------
[2025-10-03 18:23:25,447] {taskinstance.py:1357} INFO - Starting attempt 1 of 1
[2025-10-03 18:23:25,447] {taskinstance.py:1358} INFO - 
--------------------------------------------------------------------------------
[2025-10-03 18:23:25,451] {taskinstance.py:1377} INFO - Executing <Task(PythonOperator): end_pipeline> on 2025-10-03 18:19:52.139033+00:00
[2025-10-03 18:23:25,454] {standard_task_runner.py:52} INFO - Started process 217 to run task
[2025-10-03 18:23:25,456] {standard_task_runner.py:79} INFO - Running: ['***', 'tasks', 'run', 'manga_prediction_pipeline', 'end_pipeline', 'manual__2025-10-03T18:19:52.139033+00:00', '--job-id', '771', '--raw', '--subdir', 'DAGS_FOLDER/manga_prediction_pipeline.py', '--cfg-path', '/tmp/tmpg426gkpt', '--error-file', '/tmp/tmpjyfa1bxc']
[2025-10-03 18:23:25,456] {standard_task_runner.py:80} INFO - Job 771: Subtask end_pipeline
[2025-10-03 18:23:25,479] {task_command.py:370} INFO - Running <TaskInstance: manga_prediction_pipeline.end_pipeline manual__2025-10-03T18:19:52.139033+00:00 [running]> on host 5b14bb760d0c
[2025-10-03 18:23:25,505] {taskinstance.py:1571} INFO - Exporting the following env vars:
AIRFLOW_CTX_DAG_OWNER=***
AIRFLOW_CTX_DAG_ID=manga_prediction_pipeline
AIRFLOW_CTX_TASK_ID=end_pipeline
AIRFLOW_CTX_EXECUTION_DATE=2025-10-03T18:19:52.139033+00:00
AIRFLOW_CTX_TRY_NUMBER=1
AIRFLOW_CTX_DAG_RUN_ID=manual__2025-10-03T18:19:52.139033+00:00
[2025-10-03 18:23:25,506] {logging_mixin.py:115} INFO - Pipeline finished!
[2025-10-03 18:23:25,506] {python.py:173} INFO - Done. Returned value was: None
[2025-10-03 18:23:25,511] {taskinstance.py:1400} INFO - Marking task as SUCCESS. dag_id=manga_prediction_pipeline, task_id=end_pipeline, execution_date=20251003T181952, start_date=20251003T182325, end_date=20251003T182325
[2025-10-03 18:23:25,554] {local_task_job.py:156} INFO - Task exited with return code 0
[2025-10-03 18:23:25,568] {local_task_job.py:273} INFO - 0 downstream tasks scheduled from follow-on schedule check
