[2025-09-24 18:55:57,867] {taskinstance.py:1159} INFO - Dependencies all met for <TaskInstance: manga_prediction_pipeline.data_ingestion manual__2025-09-24T18:55:56.088695+00:00 [queued]>
[2025-09-24 18:55:57,870] {taskinstance.py:1159} INFO - Dependencies all met for <TaskInstance: manga_prediction_pipeline.data_ingestion manual__2025-09-24T18:55:56.088695+00:00 [queued]>
[2025-09-24 18:55:57,870] {taskinstance.py:1356} INFO - 
--------------------------------------------------------------------------------
[2025-09-24 18:55:57,871] {taskinstance.py:1357} INFO - Starting attempt 1 of 1
[2025-09-24 18:55:57,871] {taskinstance.py:1358} INFO - 
--------------------------------------------------------------------------------
[2025-09-24 18:55:57,875] {taskinstance.py:1377} INFO - Executing <Task(PythonOperator): data_ingestion> on 2025-09-24 18:55:56.088695+00:00
[2025-09-24 18:55:57,876] {standard_task_runner.py:52} INFO - Started process 267 to run task
[2025-09-24 18:55:57,878] {standard_task_runner.py:79} INFO - Running: ['***', 'tasks', 'run', 'manga_prediction_pipeline', 'data_ingestion', 'manual__2025-09-24T18:55:56.088695+00:00', '--job-id', '8', '--raw', '--subdir', 'DAGS_FOLDER/manga_prediction_pipeline.py', '--cfg-path', '/tmp/tmp86il2rum', '--error-file', '/tmp/tmpxwd7dh7f']
[2025-09-24 18:55:57,878] {standard_task_runner.py:80} INFO - Job 8: Subtask data_ingestion
[2025-09-24 18:55:57,895] {task_command.py:370} INFO - Running <TaskInstance: manga_prediction_pipeline.data_ingestion manual__2025-09-24T18:55:56.088695+00:00 [running]> on host 96873b362b50
[2025-09-24 18:55:57,916] {taskinstance.py:1571} INFO - Exporting the following env vars:
AIRFLOW_CTX_DAG_OWNER=***
AIRFLOW_CTX_DAG_ID=manga_prediction_pipeline
AIRFLOW_CTX_TASK_ID=data_ingestion
AIRFLOW_CTX_EXECUTION_DATE=2025-09-24T18:55:56.088695+00:00
AIRFLOW_CTX_TRY_NUMBER=1
AIRFLOW_CTX_DAG_RUN_ID=manual__2025-09-24T18:55:56.088695+00:00
[2025-09-24 18:55:57,917] {logging_mixin.py:115} INFO - Reading data from /opt/***/data/manga.csv
[2025-09-24 18:55:57,917] {taskinstance.py:1889} ERROR - Task failed with exception
Traceback (most recent call last):
  File "/home/airflow/.local/lib/python3.7/site-packages/airflow/operators/python.py", line 171, in execute
    return_value = self.execute_callable()
  File "/home/airflow/.local/lib/python3.7/site-packages/airflow/operators/python.py", line 189, in execute_callable
    return self.python_callable(*self.op_args, **self.op_kwargs)
  File "/opt/airflow/src/data_ingestion.py", line 20, in ingest_data
    df = pd.read_csv(raw_data_path)
  File "/home/airflow/.local/lib/python3.7/site-packages/pandas/util/_decorators.py", line 311, in wrapper
    return func(*args, **kwargs)
  File "/home/airflow/.local/lib/python3.7/site-packages/pandas/io/parsers/readers.py", line 586, in read_csv
    return _read(filepath_or_buffer, kwds)
  File "/home/airflow/.local/lib/python3.7/site-packages/pandas/io/parsers/readers.py", line 482, in _read
    parser = TextFileReader(filepath_or_buffer, **kwds)
  File "/home/airflow/.local/lib/python3.7/site-packages/pandas/io/parsers/readers.py", line 811, in __init__
    self._engine = self._make_engine(self.engine)
  File "/home/airflow/.local/lib/python3.7/site-packages/pandas/io/parsers/readers.py", line 1040, in _make_engine
    return mapping[engine](self.f, **self.options)  # type: ignore[call-arg]
  File "/home/airflow/.local/lib/python3.7/site-packages/pandas/io/parsers/c_parser_wrapper.py", line 51, in __init__
    self._open_handles(src, kwds)
  File "/home/airflow/.local/lib/python3.7/site-packages/pandas/io/parsers/base_parser.py", line 229, in _open_handles
    errors=kwds.get("encoding_errors", "strict"),
  File "/home/airflow/.local/lib/python3.7/site-packages/pandas/io/common.py", line 707, in get_handle
    newline="",
FileNotFoundError: [Errno 2] No such file or directory: '/opt/airflow/data/manga.csv'
[2025-09-24 18:55:57,920] {taskinstance.py:1400} INFO - Marking task as FAILED. dag_id=manga_prediction_pipeline, task_id=data_ingestion, execution_date=20250924T185556, start_date=20250924T185557, end_date=20250924T185557
[2025-09-24 18:55:57,923] {standard_task_runner.py:97} ERROR - Failed to execute job 8 for task data_ingestion ([Errno 2] No such file or directory: '/opt/airflow/data/manga.csv'; 267)
[2025-09-24 18:55:57,934] {local_task_job.py:156} INFO - Task exited with return code 1
[2025-09-24 18:55:57,948] {local_task_job.py:273} INFO - 0 downstream tasks scheduled from follow-on schedule check
