[2025-09-25 10:57:59,097] {taskinstance.py:1159} INFO - Dependencies all met for <TaskInstance: manga_prediction_pipeline.feature_engineering manual__2025-09-25T10:56:56+00:00 [queued]>
[2025-09-25 10:57:59,100] {taskinstance.py:1159} INFO - Dependencies all met for <TaskInstance: manga_prediction_pipeline.feature_engineering manual__2025-09-25T10:56:56+00:00 [queued]>
[2025-09-25 10:57:59,100] {taskinstance.py:1356} INFO - 
--------------------------------------------------------------------------------
[2025-09-25 10:57:59,100] {taskinstance.py:1357} INFO - Starting attempt 1 of 1
[2025-09-25 10:57:59,100] {taskinstance.py:1358} INFO - 
--------------------------------------------------------------------------------
[2025-09-25 10:57:59,105] {taskinstance.py:1377} INFO - Executing <Task(PythonOperator): feature_engineering> on 2025-09-25 10:56:56+00:00
[2025-09-25 10:57:59,107] {standard_task_runner.py:52} INFO - Started process 1348 to run task
[2025-09-25 10:57:59,108] {standard_task_runner.py:79} INFO - Running: ['***', 'tasks', 'run', 'manga_prediction_pipeline', 'feature_engineering', 'manual__2025-09-25T10:56:56+00:00', '--job-id', '305', '--raw', '--subdir', 'DAGS_FOLDER/manga_prediction_pipeline.py', '--cfg-path', '/tmp/tmp3vus42xk', '--error-file', '/tmp/tmpu_k2xipo']
[2025-09-25 10:57:59,109] {standard_task_runner.py:80} INFO - Job 305: Subtask feature_engineering
[2025-09-25 10:57:59,126] {task_command.py:370} INFO - Running <TaskInstance: manga_prediction_pipeline.feature_engineering manual__2025-09-25T10:56:56+00:00 [running]> on host 19d9b7ffabd0
[2025-09-25 10:57:59,149] {taskinstance.py:1571} INFO - Exporting the following env vars:
AIRFLOW_CTX_DAG_OWNER=***
AIRFLOW_CTX_DAG_ID=manga_prediction_pipeline
AIRFLOW_CTX_TASK_ID=feature_engineering
AIRFLOW_CTX_EXECUTION_DATE=2025-09-25T10:56:56+00:00
AIRFLOW_CTX_TRY_NUMBER=1
AIRFLOW_CTX_DAG_RUN_ID=manual__2025-09-25T10:56:56+00:00
[2025-09-25 10:57:59,149] {logging_mixin.py:115} INFO - Reading processed data from /opt/***/data/processed/manga_processed.parquet
[2025-09-25 10:57:59,188] {logging_mixin.py:115} INFO - Processed data read successfully. Shape: (21795, 28)
[2025-09-25 10:57:59,195] {logging_mixin.py:115} INFO - Scaling numerical columns: ['members', 'favorites', 'scored_by', 'volumes', 'chapters']
[2025-09-25 10:57:59,197] {logging_mixin.py:115} INFO - One-hot encoding categorical columns: ['type']
[2025-09-25 10:57:59,203] {logging_mixin.py:115} INFO - Feature engineering complete.
[2025-09-25 10:57:59,203] {logging_mixin.py:115} INFO - Saving features to /opt/***/data/features/manga_features.parquet
[2025-09-25 10:57:59,250] {logging_mixin.py:115} INFO - Features saved successfully.
[2025-09-25 10:57:59,252] {python.py:173} INFO - Done. Returned value was: None
[2025-09-25 10:57:59,257] {taskinstance.py:1400} INFO - Marking task as SUCCESS. dag_id=manga_prediction_pipeline, task_id=feature_engineering, execution_date=20250925T105656, start_date=20250925T105759, end_date=20250925T105759
[2025-09-25 10:57:59,290] {local_task_job.py:156} INFO - Task exited with return code 0
[2025-09-25 10:57:59,308] {local_task_job.py:273} INFO - 0 downstream tasks scheduled from follow-on schedule check
