[2025-10-02 02:20:20,774] {taskinstance.py:1159} INFO - Dependencies all met for <TaskInstance: manga_prediction_pipeline.data_ingestion manual__2025-10-02T02:20:16.690976+00:00 [queued]>
[2025-10-02 02:20:20,777] {taskinstance.py:1159} INFO - Dependencies all met for <TaskInstance: manga_prediction_pipeline.data_ingestion manual__2025-10-02T02:20:16.690976+00:00 [queued]>
[2025-10-02 02:20:20,777] {taskinstance.py:1356} INFO - 
--------------------------------------------------------------------------------
[2025-10-02 02:20:20,777] {taskinstance.py:1357} INFO - Starting attempt 1 of 1
[2025-10-02 02:20:20,777] {taskinstance.py:1358} INFO - 
--------------------------------------------------------------------------------
[2025-10-02 02:20:20,781] {taskinstance.py:1377} INFO - Executing <Task(PythonOperator): data_ingestion> on 2025-10-02 02:20:16.690976+00:00
[2025-10-02 02:20:20,784] {standard_task_runner.py:52} INFO - Started process 275 to run task
[2025-10-02 02:20:20,786] {standard_task_runner.py:79} INFO - Running: ['***', 'tasks', 'run', 'manga_prediction_pipeline', 'data_ingestion', 'manual__2025-10-02T02:20:16.690976+00:00', '--job-id', '540', '--raw', '--subdir', 'DAGS_FOLDER/manga_prediction_pipeline.py', '--cfg-path', '/tmp/tmpzyoynlmw', '--error-file', '/tmp/tmpba6sb4t2']
[2025-10-02 02:20:20,786] {standard_task_runner.py:80} INFO - Job 540: Subtask data_ingestion
[2025-10-02 02:20:20,806] {task_command.py:370} INFO - Running <TaskInstance: manga_prediction_pipeline.data_ingestion manual__2025-10-02T02:20:16.690976+00:00 [running]> on host 6c05a2e7d966
[2025-10-02 02:20:20,832] {taskinstance.py:1571} INFO - Exporting the following env vars:
AIRFLOW_CTX_DAG_OWNER=***
AIRFLOW_CTX_DAG_ID=manga_prediction_pipeline
AIRFLOW_CTX_TASK_ID=data_ingestion
AIRFLOW_CTX_EXECUTION_DATE=2025-10-02T02:20:16.690976+00:00
AIRFLOW_CTX_TRY_NUMBER=1
AIRFLOW_CTX_DAG_RUN_ID=manual__2025-10-02T02:20:16.690976+00:00
[2025-10-02 02:20:20,833] {logging_mixin.py:115} INFO - Reading data from /opt/***/data/manga.csv
[2025-10-02 02:20:21,199] {logging_mixin.py:115} INFO - Data read successfully. Shape: (66371, 26)
[2025-10-02 02:20:21,199] {logging_mixin.py:115} INFO - Attempting to connect to MariaDB at mariadb:3306/manga_db
[2025-10-02 02:20:21,225] {authentication.py:66} INFO - package: mysql.connector.plugins
[2025-10-02 02:20:21,225] {authentication.py:67} INFO - plugin_name: mysql_native_password
[2025-10-02 02:20:21,225] {authentication.py:71} INFO - AUTHENTICATION_PLUGIN_CLASS: MySQLNativePasswordAuthPlugin
[2025-10-02 02:20:21,228] {logging_mixin.py:115} INFO - Successfully connected to MariaDB.
[2025-10-02 02:20:21,228] {logging_mixin.py:115} INFO - Inserting into dim_manga_info...
[2025-10-02 02:20:49,098] {logging_mixin.py:115} INFO - dim_manga_info populated.
[2025-10-02 02:20:49,331] {logging_mixin.py:115} INFO - Inserting into dim_genres...
[2025-10-02 02:20:49,424] {logging_mixin.py:115} INFO - dim_genres populated.
[2025-10-02 02:20:49,425] {logging_mixin.py:115} INFO - Inserting into dim_authors...
[2025-10-02 02:20:49,569] {logging_mixin.py:115} INFO - dim_authors populated.
[2025-10-02 02:20:49,570] {logging_mixin.py:115} INFO - Inserting into dim_demographics...
[2025-10-02 02:20:49,692] {logging_mixin.py:115} INFO - dim_demographics populated.
[2025-10-02 02:20:49,693] {logging_mixin.py:115} INFO - Inserting into dim_serializations...
[2025-10-02 02:20:49,780] {logging_mixin.py:115} INFO - dim_serializations populated.
[2025-10-02 02:20:49,781] {logging_mixin.py:115} INFO - Inserting into fact_manga...
[2025-10-02 02:21:16,130] {logging_mixin.py:115} INFO - fact_manga populated.
[2025-10-02 02:21:16,130] {logging_mixin.py:115} INFO - Inserting into manga_secondary_genres...
[2025-10-02 02:21:17,144] {logging_mixin.py:115} INFO - manga_secondary_genres populated.
[2025-10-02 02:21:17,144] {logging_mixin.py:115} INFO - Data ingestion to MariaDB complete.
[2025-10-02 02:21:17,159] {python.py:173} INFO - Done. Returned value was: None
[2025-10-02 02:21:17,166] {taskinstance.py:1400} INFO - Marking task as SUCCESS. dag_id=manga_prediction_pipeline, task_id=data_ingestion, execution_date=20251002T022016, start_date=20251002T022020, end_date=20251002T022117
[2025-10-02 02:21:17,176] {local_task_job.py:156} INFO - Task exited with return code 0
[2025-10-02 02:21:17,191] {local_task_job.py:273} INFO - 1 downstream tasks scheduled from follow-on schedule check
