[2025-10-01 14:09:40,670] {taskinstance.py:1159} INFO - Dependencies all met for <TaskInstance: manga_prediction_pipeline.data_preprocessing manual__2025-10-01T14:06:03+00:00 [queued]>
[2025-10-01 14:09:40,674] {taskinstance.py:1159} INFO - Dependencies all met for <TaskInstance: manga_prediction_pipeline.data_preprocessing manual__2025-10-01T14:06:03+00:00 [queued]>
[2025-10-01 14:09:40,675] {taskinstance.py:1356} INFO - 
--------------------------------------------------------------------------------
[2025-10-01 14:09:40,676] {taskinstance.py:1357} INFO - Starting attempt 1 of 1
[2025-10-01 14:09:40,676] {taskinstance.py:1358} INFO - 
--------------------------------------------------------------------------------
[2025-10-01 14:09:40,681] {taskinstance.py:1377} INFO - Executing <Task(PythonOperator): data_preprocessing> on 2025-10-01 14:06:03+00:00
[2025-10-01 14:09:40,685] {standard_task_runner.py:52} INFO - Started process 522 to run task
[2025-10-01 14:09:40,689] {standard_task_runner.py:79} INFO - Running: ['***', 'tasks', 'run', 'manga_prediction_pipeline', 'data_preprocessing', 'manual__2025-10-01T14:06:03+00:00', '--job-id', '374', '--raw', '--subdir', 'DAGS_FOLDER/manga_prediction_pipeline.py', '--cfg-path', '/tmp/tmpx6l6gd59', '--error-file', '/tmp/tmphl2or40g']
[2025-10-01 14:09:40,689] {standard_task_runner.py:80} INFO - Job 374: Subtask data_preprocessing
[2025-10-01 14:09:40,716] {task_command.py:370} INFO - Running <TaskInstance: manga_prediction_pipeline.data_preprocessing manual__2025-10-01T14:06:03+00:00 [running]> on host 61d50ce4b953
[2025-10-01 14:09:40,748] {taskinstance.py:1571} INFO - Exporting the following env vars:
AIRFLOW_CTX_DAG_OWNER=***
AIRFLOW_CTX_DAG_ID=manga_prediction_pipeline
AIRFLOW_CTX_TASK_ID=data_preprocessing
AIRFLOW_CTX_EXECUTION_DATE=2025-10-01T14:06:03+00:00
AIRFLOW_CTX_TRY_NUMBER=1
AIRFLOW_CTX_DAG_RUN_ID=manual__2025-10-01T14:06:03+00:00
[2025-10-01 14:09:40,748] {logging_mixin.py:115} INFO - Connecting to MariaDB to read data...
[2025-10-01 14:09:40,748] {logging_mixin.py:115} INFO - Attempting to connect to MariaDB at mariadb:3306/manga_db
[2025-10-01 14:09:40,783] {authentication.py:66} INFO - package: mysql.connector.plugins
[2025-10-01 14:09:40,783] {authentication.py:67} INFO - plugin_name: mysql_native_password
[2025-10-01 14:09:40,783] {authentication.py:71} INFO - AUTHENTICATION_PLUGIN_CLASS: MySQLNativePasswordAuthPlugin
[2025-10-01 14:09:40,787] {logging_mixin.py:115} INFO - Successfully connected to MariaDB.
[2025-10-01 14:09:43,578] {logging_mixin.py:115} INFO - Data read successfully from MariaDB. Shape: (132742, 28)
[2025-10-01 14:09:43,579] {logging_mixin.py:115} INFO - Converting 'score' to numeric and dropping NaNs. Original rows: 132742
[2025-10-01 14:09:43,610] {logging_mixin.py:115} INFO - Rows after dropping missing scores: 43590
[2025-10-01 14:09:43,610] {logging_mixin.py:115} INFO - Data preprocessing complete.
[2025-10-01 14:09:43,611] {logging_mixin.py:115} INFO - Saving processed data to /opt/***/data/processed/manga_processed.parquet
[2025-10-01 14:09:43,748] {logging_mixin.py:115} INFO - Processed data saved successfully.
[2025-10-01 14:09:43,759] {python.py:173} INFO - Done. Returned value was: None
[2025-10-01 14:09:43,767] {taskinstance.py:1400} INFO - Marking task as SUCCESS. dag_id=manga_prediction_pipeline, task_id=data_preprocessing, execution_date=20251001T140603, start_date=20251001T140940, end_date=20251001T140943
[2025-10-01 14:09:43,786] {local_task_job.py:156} INFO - Task exited with return code 0
[2025-10-01 14:09:43,805] {local_task_job.py:273} INFO - 1 downstream tasks scheduled from follow-on schedule check
