[2025-10-02 02:26:10,763] {taskinstance.py:1159} INFO - Dependencies all met for <TaskInstance: manga_prediction_pipeline.data_ingestion manual__2025-10-02T02:26:06.133786+00:00 [queued]>
[2025-10-02 02:26:10,766] {taskinstance.py:1159} INFO - Dependencies all met for <TaskInstance: manga_prediction_pipeline.data_ingestion manual__2025-10-02T02:26:06.133786+00:00 [queued]>
[2025-10-02 02:26:10,766] {taskinstance.py:1356} INFO - 
--------------------------------------------------------------------------------
[2025-10-02 02:26:10,766] {taskinstance.py:1357} INFO - Starting attempt 1 of 1
[2025-10-02 02:26:10,766] {taskinstance.py:1358} INFO - 
--------------------------------------------------------------------------------
[2025-10-02 02:26:10,770] {taskinstance.py:1377} INFO - Executing <Task(PythonOperator): data_ingestion> on 2025-10-02 02:26:06.133786+00:00
[2025-10-02 02:26:10,773] {standard_task_runner.py:52} INFO - Started process 199 to run task
[2025-10-02 02:26:10,778] {standard_task_runner.py:79} INFO - Running: ['***', 'tasks', 'run', 'manga_prediction_pipeline', 'data_ingestion', 'manual__2025-10-02T02:26:06.133786+00:00', '--job-id', '550', '--raw', '--subdir', 'DAGS_FOLDER/manga_prediction_pipeline.py', '--cfg-path', '/tmp/tmpeg4fc0gu', '--error-file', '/tmp/tmpi0wzenzu']
[2025-10-02 02:26:10,781] {standard_task_runner.py:80} INFO - Job 550: Subtask data_ingestion
[2025-10-02 02:26:10,803] {task_command.py:370} INFO - Running <TaskInstance: manga_prediction_pipeline.data_ingestion manual__2025-10-02T02:26:06.133786+00:00 [running]> on host f06bc01779ad
[2025-10-02 02:26:10,826] {taskinstance.py:1571} INFO - Exporting the following env vars:
AIRFLOW_CTX_DAG_OWNER=***
AIRFLOW_CTX_DAG_ID=manga_prediction_pipeline
AIRFLOW_CTX_TASK_ID=data_ingestion
AIRFLOW_CTX_EXECUTION_DATE=2025-10-02T02:26:06.133786+00:00
AIRFLOW_CTX_TRY_NUMBER=1
AIRFLOW_CTX_DAG_RUN_ID=manual__2025-10-02T02:26:06.133786+00:00
[2025-10-02 02:26:10,827] {logging_mixin.py:115} INFO - Reading data from /opt/***/data/manga.csv
[2025-10-02 02:26:11,159] {logging_mixin.py:115} INFO - Data read successfully. Shape: (66371, 26)
[2025-10-02 02:26:11,159] {logging_mixin.py:115} INFO - Attempting to connect to MariaDB at mariadb:3306/manga_db
[2025-10-02 02:26:11,182] {authentication.py:66} INFO - package: mysql.connector.plugins
[2025-10-02 02:26:11,182] {authentication.py:67} INFO - plugin_name: mysql_native_password
[2025-10-02 02:26:11,183] {authentication.py:71} INFO - AUTHENTICATION_PLUGIN_CLASS: MySQLNativePasswordAuthPlugin
[2025-10-02 02:26:11,185] {logging_mixin.py:115} INFO - Successfully connected to MariaDB.
[2025-10-02 02:26:11,185] {logging_mixin.py:115} INFO - Inserting into dim_manga_info...
[2025-10-02 02:26:39,529] {logging_mixin.py:115} INFO - dim_manga_info populated.
[2025-10-02 02:26:39,808] {logging_mixin.py:115} INFO - Inserting into dim_genres...
[2025-10-02 02:26:39,905] {logging_mixin.py:115} INFO - dim_genres populated.
[2025-10-02 02:26:39,906] {logging_mixin.py:115} INFO - Inserting into dim_authors...
[2025-10-02 02:26:40,133] {logging_mixin.py:115} INFO - dim_authors populated.
[2025-10-02 02:26:40,135] {logging_mixin.py:115} INFO - Inserting into dim_demographics...
[2025-10-02 02:26:40,265] {logging_mixin.py:115} INFO - dim_demographics populated.
[2025-10-02 02:26:40,267] {logging_mixin.py:115} INFO - Inserting into dim_serializations...
[2025-10-02 02:26:40,387] {logging_mixin.py:115} INFO - dim_serializations populated.
[2025-10-02 02:26:40,389] {logging_mixin.py:115} INFO - Inserting into fact_manga...
[2025-10-02 02:27:05,678] {logging_mixin.py:115} INFO - fact_manga populated.
[2025-10-02 02:27:05,678] {logging_mixin.py:115} INFO - Inserting into manga_secondary_genres...
[2025-10-02 02:27:06,737] {logging_mixin.py:115} INFO - manga_secondary_genres populated.
[2025-10-02 02:27:06,738] {logging_mixin.py:115} INFO - Data ingestion to MariaDB complete.
[2025-10-02 02:27:06,752] {python.py:173} INFO - Done. Returned value was: None
[2025-10-02 02:27:06,757] {taskinstance.py:1400} INFO - Marking task as SUCCESS. dag_id=manga_prediction_pipeline, task_id=data_ingestion, execution_date=20251002T022606, start_date=20251002T022610, end_date=20251002T022706
[2025-10-02 02:27:06,795] {local_task_job.py:156} INFO - Task exited with return code 0
[2025-10-02 02:27:06,811] {local_task_job.py:273} INFO - 1 downstream tasks scheduled from follow-on schedule check
