[2025-10-04 09:47:28,955] {taskinstance.py:1159} INFO - Dependencies all met for <TaskInstance: manga_prediction_pipeline.update_deployed_model_id manual__2025-10-04T09:46:15.120345+00:00 [queued]>
[2025-10-04 09:47:28,958] {taskinstance.py:1159} INFO - Dependencies all met for <TaskInstance: manga_prediction_pipeline.update_deployed_model_id manual__2025-10-04T09:46:15.120345+00:00 [queued]>
[2025-10-04 09:47:28,958] {taskinstance.py:1356} INFO - 
--------------------------------------------------------------------------------
[2025-10-04 09:47:28,958] {taskinstance.py:1357} INFO - Starting attempt 1 of 1
[2025-10-04 09:47:28,958] {taskinstance.py:1358} INFO - 
--------------------------------------------------------------------------------
[2025-10-04 09:47:28,963] {taskinstance.py:1377} INFO - Executing <Task(PythonOperator): update_deployed_model_id> on 2025-10-04 09:46:15.120345+00:00
[2025-10-04 09:47:28,965] {standard_task_runner.py:52} INFO - Started process 305 to run task
[2025-10-04 09:47:28,967] {standard_task_runner.py:79} INFO - Running: ['***', 'tasks', 'run', 'manga_prediction_pipeline', 'update_deployed_model_id', 'manual__2025-10-04T09:46:15.120345+00:00', '--job-id', '892', '--raw', '--subdir', 'DAGS_FOLDER/manga_prediction_pipeline.py', '--cfg-path', '/tmp/tmp43zmf1ab', '--error-file', '/tmp/tmpen9qb4du']
[2025-10-04 09:47:28,967] {standard_task_runner.py:80} INFO - Job 892: Subtask update_deployed_model_id
[2025-10-04 09:47:28,986] {task_command.py:370} INFO - Running <TaskInstance: manga_prediction_pipeline.update_deployed_model_id manual__2025-10-04T09:46:15.120345+00:00 [running]> on host 67133b50ae65
[2025-10-04 09:47:29,010] {taskinstance.py:1571} INFO - Exporting the following env vars:
AIRFLOW_CTX_DAG_OWNER=***
AIRFLOW_CTX_DAG_ID=manga_prediction_pipeline
AIRFLOW_CTX_TASK_ID=update_deployed_model_id
AIRFLOW_CTX_EXECUTION_DATE=2025-10-04T09:46:15.120345+00:00
AIRFLOW_CTX_TRY_NUMBER=1
AIRFLOW_CTX_DAG_RUN_ID=manual__2025-10-04T09:46:15.120345+00:00
[2025-10-04 09:47:29,015] {logging_mixin.py:115} INFO - Updated latest_run_id.txt with run_id: 7405c9b19a7045a78cee5b204e7fb9ea
[2025-10-04 09:47:29,015] {python.py:173} INFO - Done. Returned value was: None
[2025-10-04 09:47:29,019] {taskinstance.py:1400} INFO - Marking task as SUCCESS. dag_id=manga_prediction_pipeline, task_id=update_deployed_model_id, execution_date=20251004T094615, start_date=20251004T094728, end_date=20251004T094729
[2025-10-04 09:47:29,068] {local_task_job.py:156} INFO - Task exited with return code 0
[2025-10-04 09:47:29,084] {local_task_job.py:273} INFO - 1 downstream tasks scheduled from follow-on schedule check
