[2025-10-05 01:48:20,255] {taskinstance.py:1159} INFO - Dependencies all met for <TaskInstance: manga_prediction_pipeline.start_pipeline manual__2025-10-05T01:48:18.586716+00:00 [queued]>
[2025-10-05 01:48:20,257] {taskinstance.py:1159} INFO - Dependencies all met for <TaskInstance: manga_prediction_pipeline.start_pipeline manual__2025-10-05T01:48:18.586716+00:00 [queued]>
[2025-10-05 01:48:20,258] {taskinstance.py:1356} INFO - 
--------------------------------------------------------------------------------
[2025-10-05 01:48:20,258] {taskinstance.py:1357} INFO - Starting attempt 1 of 1
[2025-10-05 01:48:20,258] {taskinstance.py:1358} INFO - 
--------------------------------------------------------------------------------
[2025-10-05 01:48:20,262] {taskinstance.py:1377} INFO - Executing <Task(PythonOperator): start_pipeline> on 2025-10-05 01:48:18.586716+00:00
[2025-10-05 01:48:20,266] {standard_task_runner.py:52} INFO - Started process 212 to run task
[2025-10-05 01:48:20,268] {standard_task_runner.py:79} INFO - Running: ['***', 'tasks', 'run', 'manga_prediction_pipeline', 'start_pipeline', 'manual__2025-10-05T01:48:18.586716+00:00', '--job-id', '912', '--raw', '--subdir', 'DAGS_FOLDER/manga_prediction_pipeline.py', '--cfg-path', '/tmp/tmp86gb44or', '--error-file', '/tmp/tmpxk2q2s9o']
[2025-10-05 01:48:20,268] {standard_task_runner.py:80} INFO - Job 912: Subtask start_pipeline
[2025-10-05 01:48:20,293] {task_command.py:370} INFO - Running <TaskInstance: manga_prediction_pipeline.start_pipeline manual__2025-10-05T01:48:18.586716+00:00 [running]> on host 11dccea03661
[2025-10-05 01:48:20,322] {taskinstance.py:1571} INFO - Exporting the following env vars:
AIRFLOW_CTX_DAG_OWNER=***
AIRFLOW_CTX_DAG_ID=manga_prediction_pipeline
AIRFLOW_CTX_TASK_ID=start_pipeline
AIRFLOW_CTX_EXECUTION_DATE=2025-10-05T01:48:18.586716+00:00
AIRFLOW_CTX_TRY_NUMBER=1
AIRFLOW_CTX_DAG_RUN_ID=manual__2025-10-05T01:48:18.586716+00:00
[2025-10-05 01:48:20,323] {logging_mixin.py:115} INFO - Pipeline started!
[2025-10-05 01:48:20,323] {python.py:173} INFO - Done. Returned value was: None
[2025-10-05 01:48:20,327] {taskinstance.py:1400} INFO - Marking task as SUCCESS. dag_id=manga_prediction_pipeline, task_id=start_pipeline, execution_date=20251005T014818, start_date=20251005T014820, end_date=20251005T014820
[2025-10-05 01:48:20,367] {local_task_job.py:156} INFO - Task exited with return code 0
[2025-10-05 01:48:20,383] {local_task_job.py:273} INFO - 1 downstream tasks scheduled from follow-on schedule check
