[2025-10-04 08:40:45,048] {taskinstance.py:1159} INFO - Dependencies all met for <TaskInstance: manga_prediction_pipeline.start_pipeline manual__2025-10-04T08:40:43.661752+00:00 [queued]>
[2025-10-04 08:40:45,051] {taskinstance.py:1159} INFO - Dependencies all met for <TaskInstance: manga_prediction_pipeline.start_pipeline manual__2025-10-04T08:40:43.661752+00:00 [queued]>
[2025-10-04 08:40:45,051] {taskinstance.py:1356} INFO - 
--------------------------------------------------------------------------------
[2025-10-04 08:40:45,051] {taskinstance.py:1357} INFO - Starting attempt 1 of 1
[2025-10-04 08:40:45,051] {taskinstance.py:1358} INFO - 
--------------------------------------------------------------------------------
[2025-10-04 08:40:45,055] {taskinstance.py:1377} INFO - Executing <Task(PythonOperator): start_pipeline> on 2025-10-04 08:40:43.661752+00:00
[2025-10-04 08:40:45,059] {standard_task_runner.py:52} INFO - Started process 395 to run task
[2025-10-04 08:40:45,060] {standard_task_runner.py:79} INFO - Running: ['***', 'tasks', 'run', 'manga_prediction_pipeline', 'start_pipeline', 'manual__2025-10-04T08:40:43.661752+00:00', '--job-id', '858', '--raw', '--subdir', 'DAGS_FOLDER/manga_prediction_pipeline.py', '--cfg-path', '/tmp/tmpqh3f0hho', '--error-file', '/tmp/tmpu22xyr68']
[2025-10-04 08:40:45,060] {standard_task_runner.py:80} INFO - Job 858: Subtask start_pipeline
[2025-10-04 08:40:45,084] {task_command.py:370} INFO - Running <TaskInstance: manga_prediction_pipeline.start_pipeline manual__2025-10-04T08:40:43.661752+00:00 [running]> on host 43bde2c75940
[2025-10-04 08:40:45,108] {taskinstance.py:1571} INFO - Exporting the following env vars:
AIRFLOW_CTX_DAG_OWNER=***
AIRFLOW_CTX_DAG_ID=manga_prediction_pipeline
AIRFLOW_CTX_TASK_ID=start_pipeline
AIRFLOW_CTX_EXECUTION_DATE=2025-10-04T08:40:43.661752+00:00
AIRFLOW_CTX_TRY_NUMBER=1
AIRFLOW_CTX_DAG_RUN_ID=manual__2025-10-04T08:40:43.661752+00:00
[2025-10-04 08:40:45,109] {logging_mixin.py:115} INFO - Pipeline started!
[2025-10-04 08:40:45,110] {python.py:173} INFO - Done. Returned value was: None
[2025-10-04 08:40:45,114] {taskinstance.py:1400} INFO - Marking task as SUCCESS. dag_id=manga_prediction_pipeline, task_id=start_pipeline, execution_date=20251004T084043, start_date=20251004T084045, end_date=20251004T084045
[2025-10-04 08:40:45,159] {local_task_job.py:156} INFO - Task exited with return code 0
[2025-10-04 08:40:45,180] {local_task_job.py:273} INFO - 0 downstream tasks scheduled from follow-on schedule check
