[2025-09-25 10:19:47,419] {taskinstance.py:1159} INFO - Dependencies all met for <TaskInstance: manga_prediction_pipeline.create_star_schema manual__2025-09-25T10:18:31+00:00 [queued]>
[2025-09-25 10:19:47,422] {taskinstance.py:1159} INFO - Dependencies all met for <TaskInstance: manga_prediction_pipeline.create_star_schema manual__2025-09-25T10:18:31+00:00 [queued]>
[2025-09-25 10:19:47,422] {taskinstance.py:1356} INFO - 
--------------------------------------------------------------------------------
[2025-09-25 10:19:47,422] {taskinstance.py:1357} INFO - Starting attempt 2 of 2
[2025-09-25 10:19:47,422] {taskinstance.py:1358} INFO - 
--------------------------------------------------------------------------------
[2025-09-25 10:19:47,426] {taskinstance.py:1377} INFO - Executing <Task(PythonOperator): create_star_schema> on 2025-09-25 10:18:31+00:00
[2025-09-25 10:19:47,428] {standard_task_runner.py:52} INFO - Started process 223 to run task
[2025-09-25 10:19:47,430] {standard_task_runner.py:79} INFO - Running: ['***', 'tasks', 'run', 'manga_prediction_pipeline', 'create_star_schema', 'manual__2025-09-25T10:18:31+00:00', '--job-id', '246', '--raw', '--subdir', 'DAGS_FOLDER/manga_prediction_pipeline.py', '--cfg-path', '/tmp/tmps7dlazjt', '--error-file', '/tmp/tmp8kyc5g9i']
[2025-09-25 10:19:47,430] {standard_task_runner.py:80} INFO - Job 246: Subtask create_star_schema
[2025-09-25 10:19:47,446] {task_command.py:370} INFO - Running <TaskInstance: manga_prediction_pipeline.create_star_schema manual__2025-09-25T10:18:31+00:00 [running]> on host 19d9b7ffabd0
[2025-09-25 10:19:47,469] {taskinstance.py:1571} INFO - Exporting the following env vars:
AIRFLOW_CTX_DAG_OWNER=***
AIRFLOW_CTX_DAG_ID=manga_prediction_pipeline
AIRFLOW_CTX_TASK_ID=create_star_schema
AIRFLOW_CTX_EXECUTION_DATE=2025-09-25T10:18:31+00:00
AIRFLOW_CTX_TRY_NUMBER=2
AIRFLOW_CTX_DAG_RUN_ID=manual__2025-09-25T10:18:31+00:00
[2025-09-25 10:19:47,469] {logging_mixin.py:115} INFO - Attempting to connect to MariaDB at mariadb:3306/manga_db
[2025-09-25 10:19:47,491] {authentication.py:66} INFO - package: mysql.connector.plugins
[2025-09-25 10:19:47,491] {authentication.py:67} INFO - plugin_name: mysql_native_password
[2025-09-25 10:19:47,491] {authentication.py:71} INFO - AUTHENTICATION_PLUGIN_CLASS: MySQLNativePasswordAuthPlugin
[2025-09-25 10:19:47,494] {logging_mixin.py:115} INFO - Successfully connected to MariaDB.
[2025-09-25 10:19:47,494] {logging_mixin.py:115} INFO - Creating star schema tables if they don't exist...
[2025-09-25 10:19:47,514] {logging_mixin.py:115} INFO - Star schema tables created successfully.
[2025-09-25 10:19:47,514] {python.py:173} INFO - Done. Returned value was: None
[2025-09-25 10:19:47,519] {taskinstance.py:1400} INFO - Marking task as SUCCESS. dag_id=manga_prediction_pipeline, task_id=create_star_schema, execution_date=20250925T101831, start_date=20250925T101947, end_date=20250925T101947
[2025-09-25 10:19:47,531] {local_task_job.py:156} INFO - Task exited with return code 0
[2025-09-25 10:19:47,548] {local_task_job.py:273} INFO - 1 downstream tasks scheduled from follow-on schedule check
