[2025-10-04 09:48:51,863] {taskinstance.py:1159} INFO - Dependencies all met for <TaskInstance: manga_prediction_pipeline.end_pipeline manual__2025-10-04T09:46:15.120345+00:00 [queued]>
[2025-10-04 09:48:51,866] {taskinstance.py:1159} INFO - Dependencies all met for <TaskInstance: manga_prediction_pipeline.end_pipeline manual__2025-10-04T09:46:15.120345+00:00 [queued]>
[2025-10-04 09:48:51,866] {taskinstance.py:1356} INFO - 
--------------------------------------------------------------------------------
[2025-10-04 09:48:51,867] {taskinstance.py:1357} INFO - Starting attempt 1 of 1
[2025-10-04 09:48:51,867] {taskinstance.py:1358} INFO - 
--------------------------------------------------------------------------------
[2025-10-04 09:48:51,871] {taskinstance.py:1377} INFO - Executing <Task(PythonOperator): end_pipeline> on 2025-10-04 09:46:15.120345+00:00
[2025-10-04 09:48:51,873] {standard_task_runner.py:52} INFO - Started process 343 to run task
[2025-10-04 09:48:51,875] {standard_task_runner.py:79} INFO - Running: ['***', 'tasks', 'run', 'manga_prediction_pipeline', 'end_pipeline', 'manual__2025-10-04T09:46:15.120345+00:00', '--job-id', '895', '--raw', '--subdir', 'DAGS_FOLDER/manga_prediction_pipeline.py', '--cfg-path', '/tmp/tmp76fxsim1', '--error-file', '/tmp/tmpsh0ytzuk']
[2025-10-04 09:48:51,875] {standard_task_runner.py:80} INFO - Job 895: Subtask end_pipeline
[2025-10-04 09:48:51,894] {task_command.py:370} INFO - Running <TaskInstance: manga_prediction_pipeline.end_pipeline manual__2025-10-04T09:46:15.120345+00:00 [running]> on host 67133b50ae65
[2025-10-04 09:48:51,917] {taskinstance.py:1571} INFO - Exporting the following env vars:
AIRFLOW_CTX_DAG_OWNER=***
AIRFLOW_CTX_DAG_ID=manga_prediction_pipeline
AIRFLOW_CTX_TASK_ID=end_pipeline
AIRFLOW_CTX_EXECUTION_DATE=2025-10-04T09:46:15.120345+00:00
AIRFLOW_CTX_TRY_NUMBER=1
AIRFLOW_CTX_DAG_RUN_ID=manual__2025-10-04T09:46:15.120345+00:00
[2025-10-04 09:48:51,918] {logging_mixin.py:115} INFO - Pipeline finished!
[2025-10-04 09:48:51,918] {python.py:173} INFO - Done. Returned value was: None
[2025-10-04 09:48:51,922] {taskinstance.py:1400} INFO - Marking task as SUCCESS. dag_id=manga_prediction_pipeline, task_id=end_pipeline, execution_date=20251004T094615, start_date=20251004T094851, end_date=20251004T094851
[2025-10-04 09:48:51,934] {local_task_job.py:156} INFO - Task exited with return code 0
[2025-10-04 09:48:51,944] {local_task_job.py:273} INFO - 0 downstream tasks scheduled from follow-on schedule check
