[2025-10-03 18:22:29,936] {taskinstance.py:1159} INFO - Dependencies all met for <TaskInstance: manga_prediction_pipeline.start_pipeline manual__2025-10-03T18:22:28.485623+00:00 [queued]>
[2025-10-03 18:22:29,939] {taskinstance.py:1159} INFO - Dependencies all met for <TaskInstance: manga_prediction_pipeline.start_pipeline manual__2025-10-03T18:22:28.485623+00:00 [queued]>
[2025-10-03 18:22:29,940] {taskinstance.py:1356} INFO - 
--------------------------------------------------------------------------------
[2025-10-03 18:22:29,940] {taskinstance.py:1357} INFO - Starting attempt 1 of 1
[2025-10-03 18:22:29,940] {taskinstance.py:1358} INFO - 
--------------------------------------------------------------------------------
[2025-10-03 18:22:29,944] {taskinstance.py:1377} INFO - Executing <Task(PythonOperator): start_pipeline> on 2025-10-03 18:22:28.485623+00:00
[2025-10-03 18:22:29,948] {standard_task_runner.py:52} INFO - Started process 200 to run task
[2025-10-03 18:22:29,951] {standard_task_runner.py:79} INFO - Running: ['***', 'tasks', 'run', 'manga_prediction_pipeline', 'start_pipeline', 'manual__2025-10-03T18:22:28.485623+00:00', '--job-id', '768', '--raw', '--subdir', 'DAGS_FOLDER/manga_prediction_pipeline.py', '--cfg-path', '/tmp/tmp3alr4xs0', '--error-file', '/tmp/tmp3dhlojuo']
[2025-10-03 18:22:29,951] {standard_task_runner.py:80} INFO - Job 768: Subtask start_pipeline
[2025-10-03 18:22:29,981] {task_command.py:370} INFO - Running <TaskInstance: manga_prediction_pipeline.start_pipeline manual__2025-10-03T18:22:28.485623+00:00 [running]> on host 5b14bb760d0c
[2025-10-03 18:22:30,011] {taskinstance.py:1571} INFO - Exporting the following env vars:
AIRFLOW_CTX_DAG_OWNER=***
AIRFLOW_CTX_DAG_ID=manga_prediction_pipeline
AIRFLOW_CTX_TASK_ID=start_pipeline
AIRFLOW_CTX_EXECUTION_DATE=2025-10-03T18:22:28.485623+00:00
AIRFLOW_CTX_TRY_NUMBER=1
AIRFLOW_CTX_DAG_RUN_ID=manual__2025-10-03T18:22:28.485623+00:00
[2025-10-03 18:22:30,011] {logging_mixin.py:115} INFO - Pipeline started!
[2025-10-03 18:22:30,011] {python.py:173} INFO - Done. Returned value was: None
[2025-10-03 18:22:30,016] {taskinstance.py:1400} INFO - Marking task as SUCCESS. dag_id=manga_prediction_pipeline, task_id=start_pipeline, execution_date=20251003T182228, start_date=20251003T182229, end_date=20251003T182230
[2025-10-03 18:22:30,048] {local_task_job.py:156} INFO - Task exited with return code 0
[2025-10-03 18:22:30,065] {local_task_job.py:273} INFO - 1 downstream tasks scheduled from follow-on schedule check
