[2025-10-05 01:58:00,548] {taskinstance.py:1159} INFO - Dependencies all met for <TaskInstance: manga_prediction_pipeline.create_star_schema manual__2025-10-05T01:57:56.817078+00:00 [queued]>
[2025-10-05 01:58:00,552] {taskinstance.py:1159} INFO - Dependencies all met for <TaskInstance: manga_prediction_pipeline.create_star_schema manual__2025-10-05T01:57:56.817078+00:00 [queued]>
[2025-10-05 01:58:00,552] {taskinstance.py:1356} INFO - 
--------------------------------------------------------------------------------
[2025-10-05 01:58:00,552] {taskinstance.py:1357} INFO - Starting attempt 1 of 1
[2025-10-05 01:58:00,552] {taskinstance.py:1358} INFO - 
--------------------------------------------------------------------------------
[2025-10-05 01:58:00,557] {taskinstance.py:1377} INFO - Executing <Task(PythonOperator): create_star_schema> on 2025-10-05 01:57:56.817078+00:00
[2025-10-05 01:58:00,560] {standard_task_runner.py:52} INFO - Started process 193 to run task
[2025-10-05 01:58:00,562] {standard_task_runner.py:79} INFO - Running: ['***', 'tasks', 'run', 'manga_prediction_pipeline', 'create_star_schema', 'manual__2025-10-05T01:57:56.817078+00:00', '--job-id', '932', '--raw', '--subdir', 'DAGS_FOLDER/manga_prediction_pipeline.py', '--cfg-path', '/tmp/tmp3anb38km', '--error-file', '/tmp/tmp13zhhjxs']
[2025-10-05 01:58:00,563] {standard_task_runner.py:80} INFO - Job 932: Subtask create_star_schema
[2025-10-05 01:58:00,584] {task_command.py:370} INFO - Running <TaskInstance: manga_prediction_pipeline.create_star_schema manual__2025-10-05T01:57:56.817078+00:00 [running]> on host c93e58329bcf
[2025-10-05 01:58:00,625] {taskinstance.py:1571} INFO - Exporting the following env vars:
AIRFLOW_CTX_DAG_OWNER=***
AIRFLOW_CTX_DAG_ID=manga_prediction_pipeline
AIRFLOW_CTX_TASK_ID=create_star_schema
AIRFLOW_CTX_EXECUTION_DATE=2025-10-05T01:57:56.817078+00:00
AIRFLOW_CTX_TRY_NUMBER=1
AIRFLOW_CTX_DAG_RUN_ID=manual__2025-10-05T01:57:56.817078+00:00
[2025-10-05 01:58:00,626] {logging_mixin.py:115} INFO - Attempting to connect to MariaDB at mariadb:3306/manga_db
[2025-10-05 01:58:00,667] {authentication.py:66} INFO - package: mysql.connector.plugins
[2025-10-05 01:58:00,667] {authentication.py:67} INFO - plugin_name: mysql_native_password
[2025-10-05 01:58:00,667] {authentication.py:71} INFO - AUTHENTICATION_PLUGIN_CLASS: MySQLNativePasswordAuthPlugin
[2025-10-05 01:58:00,670] {logging_mixin.py:115} INFO - Successfully connected to MariaDB.
[2025-10-05 01:58:00,670] {logging_mixin.py:115} INFO - Creating star schema tables if they don't exist...
[2025-10-05 01:58:00,702] {logging_mixin.py:115} INFO - Star schema tables created successfully.
[2025-10-05 01:58:00,703] {python.py:173} INFO - Done. Returned value was: None
[2025-10-05 01:58:00,709] {taskinstance.py:1400} INFO - Marking task as SUCCESS. dag_id=manga_prediction_pipeline, task_id=create_star_schema, execution_date=20251005T015756, start_date=20251005T015800, end_date=20251005T015800
[2025-10-05 01:58:00,741] {local_task_job.py:156} INFO - Task exited with return code 0
[2025-10-05 01:58:00,760] {local_task_job.py:273} INFO - 1 downstream tasks scheduled from follow-on schedule check
