[2025-10-04 08:46:50,660] {taskinstance.py:1159} INFO - Dependencies all met for <TaskInstance: manga_prediction_pipeline.create_star_schema manual__2025-10-04T08:46:47.833941+00:00 [queued]>
[2025-10-04 08:46:50,663] {taskinstance.py:1159} INFO - Dependencies all met for <TaskInstance: manga_prediction_pipeline.create_star_schema manual__2025-10-04T08:46:47.833941+00:00 [queued]>
[2025-10-04 08:46:50,663] {taskinstance.py:1356} INFO - 
--------------------------------------------------------------------------------
[2025-10-04 08:46:50,663] {taskinstance.py:1357} INFO - Starting attempt 1 of 1
[2025-10-04 08:46:50,663] {taskinstance.py:1358} INFO - 
--------------------------------------------------------------------------------
[2025-10-04 08:46:50,667] {taskinstance.py:1377} INFO - Executing <Task(PythonOperator): create_star_schema> on 2025-10-04 08:46:47.833941+00:00
[2025-10-04 08:46:50,670] {standard_task_runner.py:52} INFO - Started process 195 to run task
[2025-10-04 08:46:50,672] {standard_task_runner.py:79} INFO - Running: ['***', 'tasks', 'run', 'manga_prediction_pipeline', 'create_star_schema', 'manual__2025-10-04T08:46:47.833941+00:00', '--job-id', '872', '--raw', '--subdir', 'DAGS_FOLDER/manga_prediction_pipeline.py', '--cfg-path', '/tmp/tmpqs7dz4dn', '--error-file', '/tmp/tmpstwhp8fh']
[2025-10-04 08:46:50,672] {standard_task_runner.py:80} INFO - Job 872: Subtask create_star_schema
[2025-10-04 08:46:50,690] {task_command.py:370} INFO - Running <TaskInstance: manga_prediction_pipeline.create_star_schema manual__2025-10-04T08:46:47.833941+00:00 [running]> on host c86500f2f485
[2025-10-04 08:46:50,712] {taskinstance.py:1571} INFO - Exporting the following env vars:
AIRFLOW_CTX_DAG_OWNER=***
AIRFLOW_CTX_DAG_ID=manga_prediction_pipeline
AIRFLOW_CTX_TASK_ID=create_star_schema
AIRFLOW_CTX_EXECUTION_DATE=2025-10-04T08:46:47.833941+00:00
AIRFLOW_CTX_TRY_NUMBER=1
AIRFLOW_CTX_DAG_RUN_ID=manual__2025-10-04T08:46:47.833941+00:00
[2025-10-04 08:46:50,714] {logging_mixin.py:115} INFO - Attempting to connect to MariaDB at mariadb:3306/manga_db
[2025-10-04 08:46:50,743] {authentication.py:66} INFO - package: mysql.connector.plugins
[2025-10-04 08:46:50,743] {authentication.py:67} INFO - plugin_name: mysql_native_password
[2025-10-04 08:46:50,743] {authentication.py:71} INFO - AUTHENTICATION_PLUGIN_CLASS: MySQLNativePasswordAuthPlugin
[2025-10-04 08:46:50,748] {logging_mixin.py:115} INFO - Successfully connected to MariaDB.
[2025-10-04 08:46:50,748] {logging_mixin.py:115} INFO - Creating star schema tables if they don't exist...
[2025-10-04 08:46:50,779] {logging_mixin.py:115} INFO - Star schema tables created successfully.
[2025-10-04 08:46:50,779] {python.py:173} INFO - Done. Returned value was: None
[2025-10-04 08:46:50,785] {taskinstance.py:1400} INFO - Marking task as SUCCESS. dag_id=manga_prediction_pipeline, task_id=create_star_schema, execution_date=20251004T084647, start_date=20251004T084650, end_date=20251004T084650
[2025-10-04 08:46:50,811] {local_task_job.py:156} INFO - Task exited with return code 0
[2025-10-04 08:46:50,825] {local_task_job.py:273} INFO - 1 downstream tasks scheduled from follow-on schedule check
