[2025-09-25 02:58:50,286] {taskinstance.py:1159} INFO - Dependencies all met for <TaskInstance: manga_prediction_pipeline.end_pipeline manual__2025-09-25T02:58:37.965334+00:00 [queued]>
[2025-09-25 02:58:50,292] {taskinstance.py:1159} INFO - Dependencies all met for <TaskInstance: manga_prediction_pipeline.end_pipeline manual__2025-09-25T02:58:37.965334+00:00 [queued]>
[2025-09-25 02:58:50,292] {taskinstance.py:1356} INFO - 
--------------------------------------------------------------------------------
[2025-09-25 02:58:50,292] {taskinstance.py:1357} INFO - Starting attempt 1 of 1
[2025-09-25 02:58:50,292] {taskinstance.py:1358} INFO - 
--------------------------------------------------------------------------------
[2025-09-25 02:58:50,297] {taskinstance.py:1377} INFO - Executing <Task(PythonOperator): end_pipeline> on 2025-09-25 02:58:37.965334+00:00
[2025-09-25 02:58:50,300] {standard_task_runner.py:52} INFO - Started process 1147 to run task
[2025-09-25 02:58:50,301] {standard_task_runner.py:79} INFO - Running: ['***', 'tasks', 'run', 'manga_prediction_pipeline', 'end_pipeline', 'manual__2025-09-25T02:58:37.965334+00:00', '--job-id', '80', '--raw', '--subdir', 'DAGS_FOLDER/manga_prediction_pipeline.py', '--cfg-path', '/tmp/tmpkm0awbct', '--error-file', '/tmp/tmpj4dcq21e']
[2025-09-25 02:58:50,302] {standard_task_runner.py:80} INFO - Job 80: Subtask end_pipeline
[2025-09-25 02:58:50,320] {task_command.py:370} INFO - Running <TaskInstance: manga_prediction_pipeline.end_pipeline manual__2025-09-25T02:58:37.965334+00:00 [running]> on host 6afc1fdecefc
[2025-09-25 02:58:50,343] {taskinstance.py:1571} INFO - Exporting the following env vars:
AIRFLOW_CTX_DAG_OWNER=***
AIRFLOW_CTX_DAG_ID=manga_prediction_pipeline
AIRFLOW_CTX_TASK_ID=end_pipeline
AIRFLOW_CTX_EXECUTION_DATE=2025-09-25T02:58:37.965334+00:00
AIRFLOW_CTX_TRY_NUMBER=1
AIRFLOW_CTX_DAG_RUN_ID=manual__2025-09-25T02:58:37.965334+00:00
[2025-09-25 02:58:50,343] {logging_mixin.py:115} INFO - Pipeline finished!
[2025-09-25 02:58:50,343] {python.py:173} INFO - Done. Returned value was: None
[2025-09-25 02:58:50,347] {taskinstance.py:1400} INFO - Marking task as SUCCESS. dag_id=manga_prediction_pipeline, task_id=end_pipeline, execution_date=20250925T025837, start_date=20250925T025850, end_date=20250925T025850
[2025-09-25 02:58:50,358] {local_task_job.py:156} INFO - Task exited with return code 0
[2025-09-25 02:58:50,368] {local_task_job.py:273} INFO - 0 downstream tasks scheduled from follow-on schedule check
