[2025-10-04 08:40:47,964] {taskinstance.py:1159} INFO - Dependencies all met for <TaskInstance: manga_prediction_pipeline.data_ingestion manual__2025-10-04T08:40:43.661752+00:00 [queued]>
[2025-10-04 08:40:47,967] {taskinstance.py:1159} INFO - Dependencies all met for <TaskInstance: manga_prediction_pipeline.data_ingestion manual__2025-10-04T08:40:43.661752+00:00 [queued]>
[2025-10-04 08:40:47,967] {taskinstance.py:1356} INFO - 
--------------------------------------------------------------------------------
[2025-10-04 08:40:47,967] {taskinstance.py:1357} INFO - Starting attempt 1 of 1
[2025-10-04 08:40:47,967] {taskinstance.py:1358} INFO - 
--------------------------------------------------------------------------------
[2025-10-04 08:40:47,972] {taskinstance.py:1377} INFO - Executing <Task(PythonOperator): data_ingestion> on 2025-10-04 08:40:43.661752+00:00
[2025-10-04 08:40:47,975] {standard_task_runner.py:52} INFO - Started process 402 to run task
[2025-10-04 08:40:47,977] {standard_task_runner.py:79} INFO - Running: ['***', 'tasks', 'run', 'manga_prediction_pipeline', 'data_ingestion', 'manual__2025-10-04T08:40:43.661752+00:00', '--job-id', '860', '--raw', '--subdir', 'DAGS_FOLDER/manga_prediction_pipeline.py', '--cfg-path', '/tmp/tmp05nchqx9', '--error-file', '/tmp/tmphmm964qu']
[2025-10-04 08:40:47,977] {standard_task_runner.py:80} INFO - Job 860: Subtask data_ingestion
[2025-10-04 08:40:47,995] {task_command.py:370} INFO - Running <TaskInstance: manga_prediction_pipeline.data_ingestion manual__2025-10-04T08:40:43.661752+00:00 [running]> on host 43bde2c75940
[2025-10-04 08:40:48,025] {taskinstance.py:1571} INFO - Exporting the following env vars:
AIRFLOW_CTX_DAG_OWNER=***
AIRFLOW_CTX_DAG_ID=manga_prediction_pipeline
AIRFLOW_CTX_TASK_ID=data_ingestion
AIRFLOW_CTX_EXECUTION_DATE=2025-10-04T08:40:43.661752+00:00
AIRFLOW_CTX_TRY_NUMBER=1
AIRFLOW_CTX_DAG_RUN_ID=manual__2025-10-04T08:40:43.661752+00:00
[2025-10-04 08:40:48,026] {logging_mixin.py:115} INFO - Reading data from /opt/***/data/manga.csv
[2025-10-04 08:40:48,460] {logging_mixin.py:115} INFO - Data read successfully. Shape: (66371, 26)
[2025-10-04 08:40:48,461] {logging_mixin.py:115} INFO - Attempting to connect to MariaDB at mariadb:3306/manga_db
[2025-10-04 08:40:48,488] {authentication.py:66} INFO - package: mysql.connector.plugins
[2025-10-04 08:40:48,489] {authentication.py:67} INFO - plugin_name: mysql_native_password
[2025-10-04 08:40:48,489] {authentication.py:71} INFO - AUTHENTICATION_PLUGIN_CLASS: MySQLNativePasswordAuthPlugin
[2025-10-04 08:40:48,492] {logging_mixin.py:115} INFO - Successfully connected to MariaDB.
[2025-10-04 08:40:48,492] {logging_mixin.py:115} INFO - Inserting into dim_manga_info...
[2025-10-04 08:41:16,643] {logging_mixin.py:115} INFO - dim_manga_info populated.
[2025-10-04 08:41:16,913] {logging_mixin.py:115} INFO - Inserting into dim_genres...
[2025-10-04 08:41:17,069] {logging_mixin.py:115} INFO - dim_genres populated.
[2025-10-04 08:41:17,071] {logging_mixin.py:115} INFO - Inserting into dim_authors...
[2025-10-04 08:41:17,160] {logging_mixin.py:115} INFO - dim_authors populated.
[2025-10-04 08:41:17,162] {logging_mixin.py:115} INFO - Inserting into dim_demographics...
[2025-10-04 08:41:17,286] {logging_mixin.py:115} INFO - dim_demographics populated.
[2025-10-04 08:41:17,288] {logging_mixin.py:115} INFO - Inserting into dim_serializations...
[2025-10-04 08:41:17,377] {logging_mixin.py:115} INFO - dim_serializations populated.
[2025-10-04 08:41:17,378] {logging_mixin.py:115} INFO - Inserting into fact_manga...
[2025-10-04 08:41:42,834] {logging_mixin.py:115} INFO - fact_manga populated.
[2025-10-04 08:41:42,834] {logging_mixin.py:115} INFO - Inserting into manga_secondary_genres...
[2025-10-04 08:41:43,986] {logging_mixin.py:115} INFO - manga_secondary_genres populated.
[2025-10-04 08:41:43,987] {logging_mixin.py:115} INFO - Data ingestion to MariaDB complete.
[2025-10-04 08:41:44,014] {python.py:173} INFO - Done. Returned value was: None
[2025-10-04 08:41:44,022] {taskinstance.py:1400} INFO - Marking task as SUCCESS. dag_id=manga_prediction_pipeline, task_id=data_ingestion, execution_date=20251004T084043, start_date=20251004T084047, end_date=20251004T084144
[2025-10-04 08:41:44,052] {local_task_job.py:156} INFO - Task exited with return code 0
[2025-10-04 08:41:44,068] {local_task_job.py:273} INFO - 1 downstream tasks scheduled from follow-on schedule check
