[2025-09-25 03:24:23,949] {taskinstance.py:1159} INFO - Dependencies all met for <TaskInstance: manga_prediction_pipeline.data_ingestion manual__2025-09-25T03:20:27.892288+00:00 [queued]>
[2025-09-25 03:24:23,952] {taskinstance.py:1159} INFO - Dependencies all met for <TaskInstance: manga_prediction_pipeline.data_ingestion manual__2025-09-25T03:20:27.892288+00:00 [queued]>
[2025-09-25 03:24:23,952] {taskinstance.py:1356} INFO - 
--------------------------------------------------------------------------------
[2025-09-25 03:24:23,952] {taskinstance.py:1357} INFO - Starting attempt 2 of 2
[2025-09-25 03:24:23,952] {taskinstance.py:1358} INFO - 
--------------------------------------------------------------------------------
[2025-09-25 03:24:23,957] {taskinstance.py:1377} INFO - Executing <Task(PythonOperator): data_ingestion> on 2025-09-25 03:20:27.892288+00:00
[2025-09-25 03:24:23,959] {standard_task_runner.py:52} INFO - Started process 527 to run task
[2025-09-25 03:24:23,960] {standard_task_runner.py:79} INFO - Running: ['***', 'tasks', 'run', 'manga_prediction_pipeline', 'data_ingestion', 'manual__2025-09-25T03:20:27.892288+00:00', '--job-id', '98', '--raw', '--subdir', 'DAGS_FOLDER/manga_prediction_pipeline.py', '--cfg-path', '/tmp/tmp45t6lf4k', '--error-file', '/tmp/tmp6ixau3pc']
[2025-09-25 03:24:23,961] {standard_task_runner.py:80} INFO - Job 98: Subtask data_ingestion
[2025-09-25 03:24:23,977] {task_command.py:370} INFO - Running <TaskInstance: manga_prediction_pipeline.data_ingestion manual__2025-09-25T03:20:27.892288+00:00 [running]> on host ecdfdfa377e2
[2025-09-25 03:24:24,000] {taskinstance.py:1571} INFO - Exporting the following env vars:
AIRFLOW_CTX_DAG_OWNER=***
AIRFLOW_CTX_DAG_ID=manga_prediction_pipeline
AIRFLOW_CTX_TASK_ID=data_ingestion
AIRFLOW_CTX_EXECUTION_DATE=2025-09-25T03:20:27.892288+00:00
AIRFLOW_CTX_TRY_NUMBER=2
AIRFLOW_CTX_DAG_RUN_ID=manual__2025-09-25T03:20:27.892288+00:00
[2025-09-25 03:24:24,000] {logging_mixin.py:115} INFO - Reading data from /opt/***/data/manga.csv
[2025-09-25 03:24:24,339] {logging_mixin.py:115} INFO - Data ingested successfully. Shape: (66371, 26)
[2025-09-25 03:24:24,339] {logging_mixin.py:115} INFO - Saving data to /opt/***/data/staged/manga.parquet
[2025-09-25 03:24:24,518] {logging_mixin.py:115} INFO - Data saved successfully to staging area.
[2025-09-25 03:24:24,525] {python.py:173} INFO - Done. Returned value was: None
[2025-09-25 03:24:24,531] {taskinstance.py:1400} INFO - Marking task as SUCCESS. dag_id=manga_prediction_pipeline, task_id=data_ingestion, execution_date=20250925T032027, start_date=20250925T032423, end_date=20250925T032424
[2025-09-25 03:24:24,571] {local_task_job.py:156} INFO - Task exited with return code 0
[2025-09-25 03:24:24,587] {local_task_job.py:273} INFO - 1 downstream tasks scheduled from follow-on schedule check
