[2025-09-25 03:20:29,674] {taskinstance.py:1159} INFO - Dependencies all met for <TaskInstance: manga_prediction_pipeline.data_ingestion manual__2025-09-25T03:20:27.892288+00:00 [queued]>
[2025-09-25 03:20:29,677] {taskinstance.py:1159} INFO - Dependencies all met for <TaskInstance: manga_prediction_pipeline.data_ingestion manual__2025-09-25T03:20:27.892288+00:00 [queued]>
[2025-09-25 03:20:29,677] {taskinstance.py:1356} INFO - 
--------------------------------------------------------------------------------
[2025-09-25 03:20:29,677] {taskinstance.py:1357} INFO - Starting attempt 1 of 1
[2025-09-25 03:20:29,677] {taskinstance.py:1358} INFO - 
--------------------------------------------------------------------------------
[2025-09-25 03:20:29,681] {taskinstance.py:1377} INFO - Executing <Task(PythonOperator): data_ingestion> on 2025-09-25 03:20:27.892288+00:00
[2025-09-25 03:20:29,684] {standard_task_runner.py:52} INFO - Started process 392 to run task
[2025-09-25 03:20:29,685] {standard_task_runner.py:79} INFO - Running: ['***', 'tasks', 'run', 'manga_prediction_pipeline', 'data_ingestion', 'manual__2025-09-25T03:20:27.892288+00:00', '--job-id', '93', '--raw', '--subdir', 'DAGS_FOLDER/manga_prediction_pipeline.py', '--cfg-path', '/tmp/tmpy098mc22', '--error-file', '/tmp/tmpec5urdej']
[2025-09-25 03:20:29,686] {standard_task_runner.py:80} INFO - Job 93: Subtask data_ingestion
[2025-09-25 03:20:29,703] {task_command.py:370} INFO - Running <TaskInstance: manga_prediction_pipeline.data_ingestion manual__2025-09-25T03:20:27.892288+00:00 [running]> on host ecdfdfa377e2
[2025-09-25 03:20:29,726] {taskinstance.py:1571} INFO - Exporting the following env vars:
AIRFLOW_CTX_DAG_OWNER=***
AIRFLOW_CTX_DAG_ID=manga_prediction_pipeline
AIRFLOW_CTX_TASK_ID=data_ingestion
AIRFLOW_CTX_EXECUTION_DATE=2025-09-25T03:20:27.892288+00:00
AIRFLOW_CTX_TRY_NUMBER=1
AIRFLOW_CTX_DAG_RUN_ID=manual__2025-09-25T03:20:27.892288+00:00
[2025-09-25 03:20:29,726] {logging_mixin.py:115} INFO - Reading data from /opt/***/data/manga.csv
[2025-09-25 03:20:30,041] {logging_mixin.py:115} INFO - Data ingested successfully. Shape: (66371, 26)
[2025-09-25 03:20:30,041] {logging_mixin.py:115} INFO - Saving data to /opt/***/data/staged/manga.parquet
[2025-09-25 03:20:30,182] {logging_mixin.py:115} INFO - Data saved successfully to staging area.
[2025-09-25 03:20:30,188] {python.py:173} INFO - Done. Returned value was: None
[2025-09-25 03:20:30,193] {taskinstance.py:1400} INFO - Marking task as SUCCESS. dag_id=manga_prediction_pipeline, task_id=data_ingestion, execution_date=20250925T032027, start_date=20250925T032029, end_date=20250925T032030
[2025-09-25 03:20:30,204] {local_task_job.py:156} INFO - Task exited with return code 0
[2025-09-25 03:20:30,217] {local_task_job.py:273} INFO - 1 downstream tasks scheduled from follow-on schedule check
