[2025-09-25 09:09:52,811] {taskinstance.py:1159} INFO - Dependencies all met for <TaskInstance: manga_prediction_pipeline.create_star_schema manual__2025-09-25T09:09:50.764004+00:00 [queued]>
[2025-09-25 09:09:52,814] {taskinstance.py:1159} INFO - Dependencies all met for <TaskInstance: manga_prediction_pipeline.create_star_schema manual__2025-09-25T09:09:50.764004+00:00 [queued]>
[2025-09-25 09:09:52,814] {taskinstance.py:1356} INFO - 
--------------------------------------------------------------------------------
[2025-09-25 09:09:52,814] {taskinstance.py:1357} INFO - Starting attempt 1 of 1
[2025-09-25 09:09:52,814] {taskinstance.py:1358} INFO - 
--------------------------------------------------------------------------------
[2025-09-25 09:09:52,818] {taskinstance.py:1377} INFO - Executing <Task(PythonOperator): create_star_schema> on 2025-09-25 09:09:50.764004+00:00
[2025-09-25 09:09:52,821] {standard_task_runner.py:52} INFO - Started process 455 to run task
[2025-09-25 09:09:52,822] {standard_task_runner.py:79} INFO - Running: ['***', 'tasks', 'run', 'manga_prediction_pipeline', 'create_star_schema', 'manual__2025-09-25T09:09:50.764004+00:00', '--job-id', '226', '--raw', '--subdir', 'DAGS_FOLDER/manga_prediction_pipeline.py', '--cfg-path', '/tmp/tmpp_0xoixn', '--error-file', '/tmp/tmpvqa2aqca']
[2025-09-25 09:09:52,823] {standard_task_runner.py:80} INFO - Job 226: Subtask create_star_schema
[2025-09-25 09:09:52,841] {task_command.py:370} INFO - Running <TaskInstance: manga_prediction_pipeline.create_star_schema manual__2025-09-25T09:09:50.764004+00:00 [running]> on host f32935712449
[2025-09-25 09:09:52,866] {taskinstance.py:1571} INFO - Exporting the following env vars:
AIRFLOW_CTX_DAG_OWNER=***
AIRFLOW_CTX_DAG_ID=manga_prediction_pipeline
AIRFLOW_CTX_TASK_ID=create_star_schema
AIRFLOW_CTX_EXECUTION_DATE=2025-09-25T09:09:50.764004+00:00
AIRFLOW_CTX_TRY_NUMBER=1
AIRFLOW_CTX_DAG_RUN_ID=manual__2025-09-25T09:09:50.764004+00:00
[2025-09-25 09:09:52,866] {logging_mixin.py:115} INFO - Attempting to connect to MariaDB at mariadb:3306/manga_db
[2025-09-25 09:09:52,867] {taskinstance.py:1889} ERROR - Task failed with exception
Traceback (most recent call last):
  File "/home/airflow/.local/lib/python3.7/site-packages/airflow/operators/python.py", line 171, in execute
    return_value = self.execute_callable()
  File "/home/airflow/.local/lib/python3.7/site-packages/airflow/operators/python.py", line 189, in execute_callable
    return self.python_callable(*self.op_args, **self.op_kwargs)
  File "/opt/airflow/dags/manga_prediction_pipeline.py", line 30, in _create_star_schema
    engine = get_db_engine()
  File "/opt/airflow/src/database_utils.py", line 18, in get_db_engine
    engine = create_engine(DATABASE_URL)
  File "<string>", line 2, in create_engine
  File "/home/airflow/.local/lib/python3.7/site-packages/sqlalchemy/util/deprecations.py", line 298, in warned
    return fn(*args, **kwargs)
  File "/home/airflow/.local/lib/python3.7/site-packages/sqlalchemy/engine/create.py", line 548, in create_engine
    dbapi = dialect_cls.dbapi(**dbapi_args)
  File "/home/airflow/.local/lib/python3.7/site-packages/sqlalchemy/dialects/mysql/mysqlconnector.py", line 129, in dbapi
    from mysql import connector
ModuleNotFoundError: No module named 'mysql'
[2025-09-25 09:09:52,872] {taskinstance.py:1400} INFO - Marking task as FAILED. dag_id=manga_prediction_pipeline, task_id=create_star_schema, execution_date=20250925T090950, start_date=20250925T090952, end_date=20250925T090952
[2025-09-25 09:09:52,877] {standard_task_runner.py:97} ERROR - Failed to execute job 226 for task create_star_schema (No module named 'mysql'; 455)
[2025-09-25 09:09:52,922] {local_task_job.py:156} INFO - Task exited with return code 1
[2025-09-25 09:09:52,938] {local_task_job.py:273} INFO - 0 downstream tasks scheduled from follow-on schedule check
