[2025-09-25 09:21:59,283] {taskinstance.py:1159} INFO - Dependencies all met for <TaskInstance: manga_prediction_pipeline.create_star_schema manual__2025-09-25T09:09:50.764004+00:00 [queued]>
[2025-09-25 09:21:59,286] {taskinstance.py:1159} INFO - Dependencies all met for <TaskInstance: manga_prediction_pipeline.create_star_schema manual__2025-09-25T09:09:50.764004+00:00 [queued]>
[2025-09-25 09:21:59,286] {taskinstance.py:1356} INFO - 
--------------------------------------------------------------------------------
[2025-09-25 09:21:59,286] {taskinstance.py:1357} INFO - Starting attempt 2 of 2
[2025-09-25 09:21:59,286] {taskinstance.py:1358} INFO - 
--------------------------------------------------------------------------------
[2025-09-25 09:21:59,291] {taskinstance.py:1377} INFO - Executing <Task(PythonOperator): create_star_schema> on 2025-09-25 09:09:50.764004+00:00
[2025-09-25 09:21:59,293] {standard_task_runner.py:52} INFO - Started process 201 to run task
[2025-09-25 09:21:59,294] {standard_task_runner.py:79} INFO - Running: ['***', 'tasks', 'run', 'manga_prediction_pipeline', 'create_star_schema', 'manual__2025-09-25T09:09:50.764004+00:00', '--job-id', '229', '--raw', '--subdir', 'DAGS_FOLDER/manga_prediction_pipeline.py', '--cfg-path', '/tmp/tmpqczvs2lq', '--error-file', '/tmp/tmpi4eiu317']
[2025-09-25 09:21:59,295] {standard_task_runner.py:80} INFO - Job 229: Subtask create_star_schema
[2025-09-25 09:21:59,313] {task_command.py:370} INFO - Running <TaskInstance: manga_prediction_pipeline.create_star_schema manual__2025-09-25T09:09:50.764004+00:00 [running]> on host cb0443de104f
[2025-09-25 09:21:59,337] {taskinstance.py:1571} INFO - Exporting the following env vars:
AIRFLOW_CTX_DAG_OWNER=***
AIRFLOW_CTX_DAG_ID=manga_prediction_pipeline
AIRFLOW_CTX_TASK_ID=create_star_schema
AIRFLOW_CTX_EXECUTION_DATE=2025-09-25T09:09:50.764004+00:00
AIRFLOW_CTX_TRY_NUMBER=2
AIRFLOW_CTX_DAG_RUN_ID=manual__2025-09-25T09:09:50.764004+00:00
[2025-09-25 09:21:59,337] {logging_mixin.py:115} INFO - Attempting to connect to MariaDB at mariadb:3306/manga_db
[2025-09-25 09:21:59,364] {authentication.py:66} INFO - package: mysql.connector.plugins
[2025-09-25 09:21:59,364] {authentication.py:67} INFO - plugin_name: mysql_native_password
[2025-09-25 09:21:59,364] {authentication.py:71} INFO - AUTHENTICATION_PLUGIN_CLASS: MySQLNativePasswordAuthPlugin
[2025-09-25 09:21:59,368] {logging_mixin.py:115} INFO - Successfully connected to MariaDB.
[2025-09-25 09:21:59,368] {logging_mixin.py:115} INFO - Creating star schema tables if they don't exist...
[2025-09-25 09:21:59,375] {taskinstance.py:1889} ERROR - Task failed with exception
Traceback (most recent call last):
  File "/home/airflow/.local/lib/python3.7/site-packages/airflow/operators/python.py", line 171, in execute
    return_value = self.execute_callable()
  File "/home/airflow/.local/lib/python3.7/site-packages/airflow/operators/python.py", line 189, in execute_callable
    return self.python_callable(*self.op_args, **self.op_kwargs)
  File "/opt/airflow/dags/manga_prediction_pipeline.py", line 31, in _create_star_schema
    create_star_schema(engine)
  File "/opt/airflow/src/database_utils.py", line 40, in create_star_schema
    connection.commit() # Commit drops
AttributeError: 'Connection' object has no attribute 'commit'
[2025-09-25 09:21:59,379] {taskinstance.py:1400} INFO - Marking task as FAILED. dag_id=manga_prediction_pipeline, task_id=create_star_schema, execution_date=20250925T090950, start_date=20250925T092159, end_date=20250925T092159
[2025-09-25 09:21:59,382] {standard_task_runner.py:97} ERROR - Failed to execute job 229 for task create_star_schema ('Connection' object has no attribute 'commit'; 201)
[2025-09-25 09:21:59,393] {local_task_job.py:156} INFO - Task exited with return code 1
[2025-09-25 09:21:59,407] {local_task_job.py:273} INFO - 0 downstream tasks scheduled from follow-on schedule check
