[2025-09-25 02:18:29,023] {taskinstance.py:1159} INFO - Dependencies all met for <TaskInstance: manga_prediction_pipeline.end_pipeline manual__2025-09-25T02:18:17.875999+00:00 [queued]>
[2025-09-25 02:18:29,026] {taskinstance.py:1159} INFO - Dependencies all met for <TaskInstance: manga_prediction_pipeline.end_pipeline manual__2025-09-25T02:18:17.875999+00:00 [queued]>
[2025-09-25 02:18:29,026] {taskinstance.py:1356} INFO - 
--------------------------------------------------------------------------------
[2025-09-25 02:18:29,026] {taskinstance.py:1357} INFO - Starting attempt 1 of 1
[2025-09-25 02:18:29,026] {taskinstance.py:1358} INFO - 
--------------------------------------------------------------------------------
[2025-09-25 02:18:29,031] {taskinstance.py:1377} INFO - Executing <Task(PythonOperator): end_pipeline> on 2025-09-25 02:18:17.875999+00:00
[2025-09-25 02:18:29,033] {standard_task_runner.py:52} INFO - Started process 289 to run task
[2025-09-25 02:18:29,034] {standard_task_runner.py:79} INFO - Running: ['***', 'tasks', 'run', 'manga_prediction_pipeline', 'end_pipeline', 'manual__2025-09-25T02:18:17.875999+00:00', '--job-id', '58', '--raw', '--subdir', 'DAGS_FOLDER/manga_prediction_pipeline.py', '--cfg-path', '/tmp/tmprku_nghx', '--error-file', '/tmp/tmp8ek75x1g']
[2025-09-25 02:18:29,035] {standard_task_runner.py:80} INFO - Job 58: Subtask end_pipeline
[2025-09-25 02:18:29,050] {task_command.py:370} INFO - Running <TaskInstance: manga_prediction_pipeline.end_pipeline manual__2025-09-25T02:18:17.875999+00:00 [running]> on host 6afc1fdecefc
[2025-09-25 02:18:29,072] {taskinstance.py:1571} INFO - Exporting the following env vars:
AIRFLOW_CTX_DAG_OWNER=***
AIRFLOW_CTX_DAG_ID=manga_prediction_pipeline
AIRFLOW_CTX_TASK_ID=end_pipeline
AIRFLOW_CTX_EXECUTION_DATE=2025-09-25T02:18:17.875999+00:00
AIRFLOW_CTX_TRY_NUMBER=1
AIRFLOW_CTX_DAG_RUN_ID=manual__2025-09-25T02:18:17.875999+00:00
[2025-09-25 02:18:29,072] {logging_mixin.py:115} INFO - Pipeline finished!
[2025-09-25 02:18:29,072] {python.py:173} INFO - Done. Returned value was: None
[2025-09-25 02:18:29,076] {taskinstance.py:1400} INFO - Marking task as SUCCESS. dag_id=manga_prediction_pipeline, task_id=end_pipeline, execution_date=20250925T021817, start_date=20250925T021829, end_date=20250925T021829
[2025-09-25 02:18:29,093] {local_task_job.py:156} INFO - Task exited with return code 0
[2025-09-25 02:18:29,103] {local_task_job.py:273} INFO - 0 downstream tasks scheduled from follow-on schedule check
