[2025-10-03 16:43:25,170] {taskinstance.py:1159} INFO - Dependencies all met for <TaskInstance: manga_prediction_pipeline.model_monitoring manual__2025-10-03T16:42:08.301911+00:00 [queued]>
[2025-10-03 16:43:25,174] {taskinstance.py:1159} INFO - Dependencies all met for <TaskInstance: manga_prediction_pipeline.model_monitoring manual__2025-10-03T16:42:08.301911+00:00 [queued]>
[2025-10-03 16:43:25,174] {taskinstance.py:1356} INFO - 
--------------------------------------------------------------------------------
[2025-10-03 16:43:25,174] {taskinstance.py:1357} INFO - Starting attempt 1 of 1
[2025-10-03 16:43:25,174] {taskinstance.py:1358} INFO - 
--------------------------------------------------------------------------------
[2025-10-03 16:43:25,178] {taskinstance.py:1377} INFO - Executing <Task(PythonOperator): model_monitoring> on 2025-10-03 16:42:08.301911+00:00
[2025-10-03 16:43:25,181] {standard_task_runner.py:52} INFO - Started process 323 to run task
[2025-10-03 16:43:25,182] {standard_task_runner.py:79} INFO - Running: ['***', 'tasks', 'run', 'manga_prediction_pipeline', 'model_monitoring', 'manual__2025-10-03T16:42:08.301911+00:00', '--job-id', '616', '--raw', '--subdir', 'DAGS_FOLDER/manga_prediction_pipeline.py', '--cfg-path', '/tmp/tmpxlu8pdg6', '--error-file', '/tmp/tmpah8iut3f']
[2025-10-03 16:43:25,183] {standard_task_runner.py:80} INFO - Job 616: Subtask model_monitoring
[2025-10-03 16:43:25,203] {task_command.py:370} INFO - Running <TaskInstance: manga_prediction_pipeline.model_monitoring manual__2025-10-03T16:42:08.301911+00:00 [running]> on host 44c568adbaba
[2025-10-03 16:43:25,226] {taskinstance.py:1571} INFO - Exporting the following env vars:
AIRFLOW_CTX_DAG_OWNER=***
AIRFLOW_CTX_DAG_ID=manga_prediction_pipeline
AIRFLOW_CTX_TASK_ID=model_monitoring
AIRFLOW_CTX_EXECUTION_DATE=2025-10-03T16:42:08.301911+00:00
AIRFLOW_CTX_TRY_NUMBER=1
AIRFLOW_CTX_DAG_RUN_ID=manual__2025-10-03T16:42:08.301911+00:00
[2025-10-03 16:43:25,226] {model_monitoring.py:26} INFO - Loading processed data from /opt/***/data/processed/manga_processed.parquet for monitoring.
[2025-10-03 16:43:25,271] {model_monitoring.py:28} INFO - Processed data loaded. Shape: (21795, 28)
[2025-10-03 16:43:25,296] {model_monitoring.py:49} INFO - NaNs in production_data['score'] before prediction: 0
[2025-10-03 16:43:25,296] {model_monitoring.py:50} INFO - Shape of production_data before prediction: (10897, 28)
[2025-10-03 16:44:44,470] {model_monitoring.py:64} INFO - Data Drift Report saved to /opt/***/data/monitoring_reports/data_drift_report.html
[2025-10-03 16:44:44,472] {model_monitoring.py:68} INFO - Fetching predictions from FastAPI app...
[2025-10-03 16:45:19,284] {taskinstance.py:1889} ERROR - Task failed with exception
Traceback (most recent call last):
  File "/home/airflow/.local/lib/python3.7/site-packages/airflow/operators/python.py", line 171, in execute
    return_value = self.execute_callable()
  File "/home/airflow/.local/lib/python3.7/site-packages/airflow/operators/python.py", line 189, in execute_callable
    return self.python_callable(*self.op_args, **self.op_kwargs)
  File "/opt/airflow/dags/manga_prediction_pipeline.py", line 41, in _run_model_monitoring
    run_model_monitoring()
  File "/opt/airflow/src/model_monitoring.py", line 116, in run_model_monitoring
    column_mapping=regression_column_mapping)
  File "/home/airflow/.local/lib/python3.7/site-packages/evidently/report/report.py", line 99, in run
    column_mapping,
  File "/home/airflow/.local/lib/python3.7/site-packages/evidently/calculation_engine/python_engine.py", line 45, in get_data_definition
    return create_data_definition(reference_data, current_data, column_mapping)
  File "/home/airflow/.local/lib/python3.7/site-packages/evidently/utils/data_preprocessing.py", line 331, in create_data_definition
    mapping,
  File "/home/airflow/.local/lib/python3.7/site-packages/evidently/utils/data_preprocessing.py", line 199, in _prediction_column
    raise ValueError(f"Prediction column ({prediction}) is partially present in data")
ValueError: Prediction column (prediction) is partially present in data
[2025-10-03 16:45:19,290] {taskinstance.py:1400} INFO - Marking task as FAILED. dag_id=manga_prediction_pipeline, task_id=model_monitoring, execution_date=20251003T164208, start_date=20251003T164325, end_date=20251003T164519
[2025-10-03 16:45:19,296] {standard_task_runner.py:97} ERROR - Failed to execute job 616 for task model_monitoring (Prediction column (prediction) is partially present in data; 323)
[2025-10-03 16:45:19,309] {local_task_job.py:156} INFO - Task exited with return code 1
[2025-10-03 16:45:19,323] {local_task_job.py:273} INFO - 0 downstream tasks scheduled from follow-on schedule check
