[2025-10-01 18:03:44,031] {taskinstance.py:1159} INFO - Dependencies all met for <TaskInstance: ml_pipeline.initializing_docker manual__2025-10-01T18:03:43.819368+00:00 [queued]>
[2025-10-01 18:03:44,034] {taskinstance.py:1159} INFO - Dependencies all met for <TaskInstance: ml_pipeline.initializing_docker manual__2025-10-01T18:03:43.819368+00:00 [queued]>
[2025-10-01 18:03:44,034] {taskinstance.py:1356} INFO - 
--------------------------------------------------------------------------------
[2025-10-01 18:03:44,034] {taskinstance.py:1357} INFO - Starting attempt 1 of 1
[2025-10-01 18:03:44,034] {taskinstance.py:1358} INFO - 
--------------------------------------------------------------------------------
[2025-10-01 18:03:44,038] {taskinstance.py:1377} INFO - Executing <Task(BashOperator): initializing_docker> on 2025-10-01 18:03:43.819368+00:00
[2025-10-01 18:03:44,040] {standard_task_runner.py:52} INFO - Started process 3301 to run task
[2025-10-01 18:03:44,041] {standard_task_runner.py:79} INFO - Running: ['***', 'tasks', 'run', 'ml_pipeline', 'initializing_docker', 'manual__2025-10-01T18:03:43.819368+00:00', '--job-id', '419', '--raw', '--subdir', 'DAGS_FOLDER/ml_pipeline.py', '--cfg-path', '/tmp/tmpzxbinghm', '--error-file', '/tmp/tmpuz15ndml']
[2025-10-01 18:03:44,042] {standard_task_runner.py:80} INFO - Job 419: Subtask initializing_docker
[2025-10-01 18:03:44,061] {task_command.py:370} INFO - Running <TaskInstance: ml_pipeline.initializing_docker manual__2025-10-01T18:03:43.819368+00:00 [running]> on host 61d50ce4b953
[2025-10-01 18:03:44,084] {taskinstance.py:1571} INFO - Exporting the following env vars:
AIRFLOW_CTX_DAG_OWNER=***
AIRFLOW_CTX_DAG_ID=ml_pipeline
AIRFLOW_CTX_TASK_ID=initializing_docker
AIRFLOW_CTX_EXECUTION_DATE=2025-10-01T18:03:43.819368+00:00
AIRFLOW_CTX_TRY_NUMBER=1
AIRFLOW_CTX_DAG_RUN_ID=manual__2025-10-01T18:03:43.819368+00:00
[2025-10-01 18:03:44,084] {subprocess.py:62} INFO - Tmp dir root location: 
 /tmp
[2025-10-01 18:03:44,085] {subprocess.py:74} INFO - Running command: ['bash', '-c', 'docker start admin']
[2025-10-01 18:03:44,088] {subprocess.py:85} INFO - Output:
[2025-10-01 18:03:44,089] {subprocess.py:92} INFO - bash: line 1: docker: command not found
[2025-10-01 18:03:44,089] {subprocess.py:96} INFO - Command exited with return code 127
[2025-10-01 18:03:44,095] {taskinstance.py:1889} ERROR - Task failed with exception
Traceback (most recent call last):
  File "/home/airflow/.local/lib/python3.7/site-packages/airflow/operators/bash.py", line 195, in execute
    f'Bash command failed. The command returned a non-zero exit code {result.exit_code}.'
airflow.exceptions.AirflowException: Bash command failed. The command returned a non-zero exit code 127.
[2025-10-01 18:03:44,096] {taskinstance.py:1400} INFO - Marking task as FAILED. dag_id=ml_pipeline, task_id=initializing_docker, execution_date=20251001T180343, start_date=20251001T180344, end_date=20251001T180344
[2025-10-01 18:03:44,099] {standard_task_runner.py:97} ERROR - Failed to execute job 419 for task initializing_docker (Bash command failed. The command returned a non-zero exit code 127.; 3301)
[2025-10-01 18:03:44,140] {local_task_job.py:156} INFO - Task exited with return code 1
[2025-10-01 18:03:44,157] {local_task_job.py:273} INFO - 0 downstream tasks scheduled from follow-on schedule check
