[2025-09-25 08:06:01,669] {taskinstance.py:1159} INFO - Dependencies all met for <TaskInstance: manga_prediction_pipeline.start_pipeline manual__2025-09-25T02:34:21.021982+00:00 [queued]>
[2025-09-25 08:06:01,673] {taskinstance.py:1159} INFO - Dependencies all met for <TaskInstance: manga_prediction_pipeline.start_pipeline manual__2025-09-25T02:34:21.021982+00:00 [queued]>
[2025-09-25 08:06:01,673] {taskinstance.py:1356} INFO - 
--------------------------------------------------------------------------------
[2025-09-25 08:06:01,673] {taskinstance.py:1357} INFO - Starting attempt 2 of 2
[2025-09-25 08:06:01,673] {taskinstance.py:1358} INFO - 
--------------------------------------------------------------------------------
[2025-09-25 08:06:01,678] {taskinstance.py:1377} INFO - Executing <Task(PythonOperator): start_pipeline> on 2025-09-25 02:34:21.021982+00:00
[2025-09-25 08:06:01,682] {standard_task_runner.py:52} INFO - Started process 285 to run task
[2025-09-25 08:06:01,684] {standard_task_runner.py:79} INFO - Running: ['***', 'tasks', 'run', 'manga_prediction_pipeline', 'start_pipeline', 'manual__2025-09-25T02:34:21.021982+00:00', '--job-id', '115', '--raw', '--subdir', 'DAGS_FOLDER/manga_prediction_pipeline.py', '--cfg-path', '/tmp/tmp3t3w7ub7', '--error-file', '/tmp/tmp5bmiwi5p']
[2025-09-25 08:06:01,685] {standard_task_runner.py:80} INFO - Job 115: Subtask start_pipeline
[2025-09-25 08:06:01,705] {task_command.py:370} INFO - Running <TaskInstance: manga_prediction_pipeline.start_pipeline manual__2025-09-25T02:34:21.021982+00:00 [running]> on host 240518fe472e
[2025-09-25 08:06:01,732] {taskinstance.py:1571} INFO - Exporting the following env vars:
AIRFLOW_CTX_DAG_OWNER=***
AIRFLOW_CTX_DAG_ID=manga_prediction_pipeline
AIRFLOW_CTX_TASK_ID=start_pipeline
AIRFLOW_CTX_EXECUTION_DATE=2025-09-25T02:34:21.021982+00:00
AIRFLOW_CTX_TRY_NUMBER=2
AIRFLOW_CTX_DAG_RUN_ID=manual__2025-09-25T02:34:21.021982+00:00
[2025-09-25 08:06:01,733] {logging_mixin.py:115} INFO - Pipeline started!
[2025-09-25 08:06:01,733] {python.py:173} INFO - Done. Returned value was: None
[2025-09-25 08:06:01,737] {taskinstance.py:1400} INFO - Marking task as SUCCESS. dag_id=manga_prediction_pipeline, task_id=start_pipeline, execution_date=20250925T023421, start_date=20250925T080601, end_date=20250925T080601
[2025-09-25 08:06:01,781] {local_task_job.py:156} INFO - Task exited with return code 0
[2025-09-25 08:06:01,797] {local_task_job.py:273} INFO - 1 downstream tasks scheduled from follow-on schedule check
