[2025-10-04 08:42:00,812] {taskinstance.py:1159} INFO - Dependencies all met for <TaskInstance: manga_prediction_pipeline.restart_model_serving_service manual__2025-10-04T08:40:43.661752+00:00 [queued]>
[2025-10-04 08:42:00,815] {taskinstance.py:1159} INFO - Dependencies all met for <TaskInstance: manga_prediction_pipeline.restart_model_serving_service manual__2025-10-04T08:40:43.661752+00:00 [queued]>
[2025-10-04 08:42:00,815] {taskinstance.py:1356} INFO - 
--------------------------------------------------------------------------------
[2025-10-04 08:42:00,815] {taskinstance.py:1357} INFO - Starting attempt 1 of 1
[2025-10-04 08:42:00,815] {taskinstance.py:1358} INFO - 
--------------------------------------------------------------------------------
[2025-10-04 08:42:00,819] {taskinstance.py:1377} INFO - Executing <Task(PythonOperator): restart_model_serving_service> on 2025-10-04 08:40:43.661752+00:00
[2025-10-04 08:42:00,822] {standard_task_runner.py:52} INFO - Started process 523 to run task
[2025-10-04 08:42:00,824] {standard_task_runner.py:79} INFO - Running: ['***', 'tasks', 'run', 'manga_prediction_pipeline', 'restart_model_serving_service', 'manual__2025-10-04T08:40:43.661752+00:00', '--job-id', '867', '--raw', '--subdir', 'DAGS_FOLDER/manga_prediction_pipeline.py', '--cfg-path', '/tmp/tmp7ssmihd4', '--error-file', '/tmp/tmpdh098ejl']
[2025-10-04 08:42:00,824] {standard_task_runner.py:80} INFO - Job 867: Subtask restart_model_serving_service
[2025-10-04 08:42:00,843] {task_command.py:370} INFO - Running <TaskInstance: manga_prediction_pipeline.restart_model_serving_service manual__2025-10-04T08:40:43.661752+00:00 [running]> on host 43bde2c75940
[2025-10-04 08:42:00,867] {taskinstance.py:1571} INFO - Exporting the following env vars:
AIRFLOW_CTX_DAG_OWNER=***
AIRFLOW_CTX_DAG_ID=manga_prediction_pipeline
AIRFLOW_CTX_TASK_ID=restart_model_serving_service
AIRFLOW_CTX_EXECUTION_DATE=2025-10-04T08:40:43.661752+00:00
AIRFLOW_CTX_TRY_NUMBER=1
AIRFLOW_CTX_DAG_RUN_ID=manual__2025-10-04T08:40:43.661752+00:00
[2025-10-04 08:42:01,394] {logging_mixin.py:115} INFO - FastAPI app container restarted successfully.
[2025-10-04 08:42:01,394] {python.py:173} INFO - Done. Returned value was: None
[2025-10-04 08:42:01,404] {taskinstance.py:1400} INFO - Marking task as SUCCESS. dag_id=manga_prediction_pipeline, task_id=restart_model_serving_service, execution_date=20251004T084043, start_date=20251004T084200, end_date=20251004T084201
[2025-10-04 08:42:01,424] {local_task_job.py:156} INFO - Task exited with return code 0
[2025-10-04 08:42:01,443] {local_task_job.py:273} INFO - 1 downstream tasks scheduled from follow-on schedule check
