[2025-10-01 18:01:47,196] {taskinstance.py:1159} INFO - Dependencies all met for <TaskInstance: manga_score_prediction.initializing_docker manual__2025-10-01T18:01:46.877106+00:00 [queued]>
[2025-10-01 18:01:47,199] {taskinstance.py:1159} INFO - Dependencies all met for <TaskInstance: manga_score_prediction.initializing_docker manual__2025-10-01T18:01:46.877106+00:00 [queued]>
[2025-10-01 18:01:47,200] {taskinstance.py:1356} INFO - 
--------------------------------------------------------------------------------
[2025-10-01 18:01:47,200] {taskinstance.py:1357} INFO - Starting attempt 1 of 1
[2025-10-01 18:01:47,200] {taskinstance.py:1358} INFO - 
--------------------------------------------------------------------------------
[2025-10-01 18:01:47,267] {taskinstance.py:1377} INFO - Executing <Task(PythonOperator): initializing_docker> on 2025-10-01 18:01:46.877106+00:00
[2025-10-01 18:01:47,269] {standard_task_runner.py:52} INFO - Started process 3221 to run task
[2025-10-01 18:01:47,271] {standard_task_runner.py:79} INFO - Running: ['***', 'tasks', 'run', 'manga_score_prediction', 'initializing_docker', 'manual__2025-10-01T18:01:46.877106+00:00', '--job-id', '418', '--raw', '--subdir', 'DAGS_FOLDER/manga_score_prediction_dag.py', '--cfg-path', '/tmp/tmp32i32k4z', '--error-file', '/tmp/tmp2ewidit2']
[2025-10-01 18:01:47,272] {standard_task_runner.py:80} INFO - Job 418: Subtask initializing_docker
[2025-10-01 18:01:47,296] {task_command.py:370} INFO - Running <TaskInstance: manga_score_prediction.initializing_docker manual__2025-10-01T18:01:46.877106+00:00 [running]> on host 61d50ce4b953
[2025-10-01 18:01:47,325] {taskinstance.py:1571} INFO - Exporting the following env vars:
AIRFLOW_CTX_DAG_OWNER=***
AIRFLOW_CTX_DAG_ID=manga_score_prediction
AIRFLOW_CTX_TASK_ID=initializing_docker
AIRFLOW_CTX_EXECUTION_DATE=2025-10-01T18:01:46.877106+00:00
AIRFLOW_CTX_TRY_NUMBER=1
AIRFLOW_CTX_DAG_RUN_ID=manual__2025-10-01T18:01:46.877106+00:00
[2025-10-01 18:01:47,329] {taskinstance.py:1889} ERROR - Task failed with exception
Traceback (most recent call last):
  File "/home/airflow/.local/lib/python3.7/site-packages/airflow/operators/python.py", line 171, in execute
    return_value = self.execute_callable()
  File "/home/airflow/.local/lib/python3.7/site-packages/airflow/operators/python.py", line 189, in execute_callable
    return self.python_callable(*self.op_args, **self.op_kwargs)
  File "/opt/airflow/dags/manga_score_prediction_dag.py", line 13, in start_docker_container
    hook = DockerHook(docker_conn_id='docker_default')
  File "/home/airflow/.local/lib/python3.7/site-packages/airflow/providers/docker/hooks/docker.py", line 63, in __init__
    raise AirflowException('No Docker base URL provided')
airflow.exceptions.AirflowException: No Docker base URL provided
[2025-10-01 18:01:47,330] {taskinstance.py:1400} INFO - Marking task as FAILED. dag_id=manga_score_prediction, task_id=initializing_docker, execution_date=20251001T180146, start_date=20251001T180147, end_date=20251001T180147
[2025-10-01 18:01:47,336] {standard_task_runner.py:97} ERROR - Failed to execute job 418 for task initializing_docker (No Docker base URL provided; 3221)
[2025-10-01 18:01:47,369] {local_task_job.py:156} INFO - Task exited with return code 1
[2025-10-01 18:01:47,384] {local_task_job.py:273} INFO - 0 downstream tasks scheduled from follow-on schedule check
