[2025-10-01 18:19:14,039] {taskinstance.py:1159} INFO - Dependencies all met for <TaskInstance: ml_pipeline.initializing_docker manual__2025-10-01T18:19:13.566073+00:00 [queued]>
[2025-10-01 18:19:14,042] {taskinstance.py:1159} INFO - Dependencies all met for <TaskInstance: ml_pipeline.initializing_docker manual__2025-10-01T18:19:13.566073+00:00 [queued]>
[2025-10-01 18:19:14,042] {taskinstance.py:1356} INFO - 
--------------------------------------------------------------------------------
[2025-10-01 18:19:14,042] {taskinstance.py:1357} INFO - Starting attempt 1 of 1
[2025-10-01 18:19:14,043] {taskinstance.py:1358} INFO - 
--------------------------------------------------------------------------------
[2025-10-01 18:19:14,047] {taskinstance.py:1377} INFO - Executing <Task(BashOperator): initializing_docker> on 2025-10-01 18:19:13.566073+00:00
[2025-10-01 18:19:14,056] {standard_task_runner.py:52} INFO - Started process 287 to run task
[2025-10-01 18:19:14,058] {standard_task_runner.py:79} INFO - Running: ['***', 'tasks', 'run', 'ml_pipeline', 'initializing_docker', 'manual__2025-10-01T18:19:13.566073+00:00', '--job-id', '425', '--raw', '--subdir', 'DAGS_FOLDER/ml_pipeline.py', '--cfg-path', '/tmp/tmpqlui2nni', '--error-file', '/tmp/tmp_kzigmue']
[2025-10-01 18:19:14,058] {standard_task_runner.py:80} INFO - Job 425: Subtask initializing_docker
[2025-10-01 18:19:14,078] {task_command.py:370} INFO - Running <TaskInstance: ml_pipeline.initializing_docker manual__2025-10-01T18:19:13.566073+00:00 [running]> on host 731302b891b6
[2025-10-01 18:19:14,103] {taskinstance.py:1571} INFO - Exporting the following env vars:
AIRFLOW_CTX_DAG_OWNER=***
AIRFLOW_CTX_DAG_ID=ml_pipeline
AIRFLOW_CTX_TASK_ID=initializing_docker
AIRFLOW_CTX_EXECUTION_DATE=2025-10-01T18:19:13.566073+00:00
AIRFLOW_CTX_TRY_NUMBER=1
AIRFLOW_CTX_DAG_RUN_ID=manual__2025-10-01T18:19:13.566073+00:00
[2025-10-01 18:19:14,103] {subprocess.py:62} INFO - Tmp dir root location: 
 /tmp
[2025-10-01 18:19:14,103] {subprocess.py:74} INFO - Running command: ['bash', '-c', 'docker start admin']
[2025-10-01 18:19:14,107] {subprocess.py:85} INFO - Output:
[2025-10-01 18:19:14,113] {subprocess.py:92} INFO - bash: line 1: docker: command not found
[2025-10-01 18:19:14,113] {subprocess.py:96} INFO - Command exited with return code 127
[2025-10-01 18:19:14,119] {taskinstance.py:1889} ERROR - Task failed with exception
Traceback (most recent call last):
  File "/home/airflow/.local/lib/python3.7/site-packages/airflow/operators/bash.py", line 195, in execute
    f'Bash command failed. The command returned a non-zero exit code {result.exit_code}.'
airflow.exceptions.AirflowException: Bash command failed. The command returned a non-zero exit code 127.
[2025-10-01 18:19:14,121] {taskinstance.py:1400} INFO - Marking task as FAILED. dag_id=ml_pipeline, task_id=initializing_docker, execution_date=20251001T181913, start_date=20251001T181914, end_date=20251001T181914
[2025-10-01 18:19:14,125] {standard_task_runner.py:97} ERROR - Failed to execute job 425 for task initializing_docker (Bash command failed. The command returned a non-zero exit code 127.; 287)
[2025-10-01 18:19:14,155] {local_task_job.py:156} INFO - Task exited with return code 1
[2025-10-01 18:19:14,171] {local_task_job.py:273} INFO - 0 downstream tasks scheduled from follow-on schedule check
