[2025-10-05 01:58:02,699] {taskinstance.py:1159} INFO - Dependencies all met for <TaskInstance: manga_prediction_pipeline.data_ingestion manual__2025-10-05T01:57:56.817078+00:00 [queued]>
[2025-10-05 01:58:02,703] {taskinstance.py:1159} INFO - Dependencies all met for <TaskInstance: manga_prediction_pipeline.data_ingestion manual__2025-10-05T01:57:56.817078+00:00 [queued]>
[2025-10-05 01:58:02,703] {taskinstance.py:1356} INFO - 
--------------------------------------------------------------------------------
[2025-10-05 01:58:02,703] {taskinstance.py:1357} INFO - Starting attempt 1 of 1
[2025-10-05 01:58:02,703] {taskinstance.py:1358} INFO - 
--------------------------------------------------------------------------------
[2025-10-05 01:58:02,708] {taskinstance.py:1377} INFO - Executing <Task(PythonOperator): data_ingestion> on 2025-10-05 01:57:56.817078+00:00
[2025-10-05 01:58:02,711] {standard_task_runner.py:52} INFO - Started process 197 to run task
[2025-10-05 01:58:02,712] {standard_task_runner.py:79} INFO - Running: ['***', 'tasks', 'run', 'manga_prediction_pipeline', 'data_ingestion', 'manual__2025-10-05T01:57:56.817078+00:00', '--job-id', '933', '--raw', '--subdir', 'DAGS_FOLDER/manga_prediction_pipeline.py', '--cfg-path', '/tmp/tmpa6nox8ol', '--error-file', '/tmp/tmp2rqvsq3u']
[2025-10-05 01:58:02,713] {standard_task_runner.py:80} INFO - Job 933: Subtask data_ingestion
[2025-10-05 01:58:02,734] {task_command.py:370} INFO - Running <TaskInstance: manga_prediction_pipeline.data_ingestion manual__2025-10-05T01:57:56.817078+00:00 [running]> on host c93e58329bcf
[2025-10-05 01:58:02,760] {taskinstance.py:1571} INFO - Exporting the following env vars:
AIRFLOW_CTX_DAG_OWNER=***
AIRFLOW_CTX_DAG_ID=manga_prediction_pipeline
AIRFLOW_CTX_TASK_ID=data_ingestion
AIRFLOW_CTX_EXECUTION_DATE=2025-10-05T01:57:56.817078+00:00
AIRFLOW_CTX_TRY_NUMBER=1
AIRFLOW_CTX_DAG_RUN_ID=manual__2025-10-05T01:57:56.817078+00:00
[2025-10-05 01:58:02,761] {logging_mixin.py:115} INFO - Reading data from /opt/***/data/manga.csv
[2025-10-05 01:58:03,136] {logging_mixin.py:115} INFO - Data read successfully. Shape: (66371, 26)
[2025-10-05 01:58:03,137] {logging_mixin.py:115} INFO - Attempting to connect to MariaDB at mariadb:3306/manga_db
[2025-10-05 01:58:03,163] {authentication.py:66} INFO - package: mysql.connector.plugins
[2025-10-05 01:58:03,163] {authentication.py:67} INFO - plugin_name: mysql_native_password
[2025-10-05 01:58:03,163] {authentication.py:71} INFO - AUTHENTICATION_PLUGIN_CLASS: MySQLNativePasswordAuthPlugin
[2025-10-05 01:58:03,167] {logging_mixin.py:115} INFO - Successfully connected to MariaDB.
[2025-10-05 01:58:03,167] {logging_mixin.py:115} INFO - Inserting into dim_manga_info...
[2025-10-05 01:58:30,631] {logging_mixin.py:115} INFO - dim_manga_info populated.
[2025-10-05 01:58:30,869] {logging_mixin.py:115} INFO - Inserting into dim_genres...
[2025-10-05 01:58:31,027] {logging_mixin.py:115} INFO - dim_genres populated.
[2025-10-05 01:58:31,028] {logging_mixin.py:115} INFO - Inserting into dim_authors...
[2025-10-05 01:58:31,118] {logging_mixin.py:115} INFO - dim_authors populated.
[2025-10-05 01:58:31,119] {logging_mixin.py:115} INFO - Inserting into dim_demographics...
[2025-10-05 01:58:31,287] {logging_mixin.py:115} INFO - dim_demographics populated.
[2025-10-05 01:58:31,291] {logging_mixin.py:115} INFO - Inserting into dim_serializations...
[2025-10-05 01:58:31,393] {logging_mixin.py:115} INFO - dim_serializations populated.
[2025-10-05 01:58:31,395] {logging_mixin.py:115} INFO - Inserting into fact_manga...
[2025-10-05 01:58:57,966] {logging_mixin.py:115} INFO - fact_manga populated.
[2025-10-05 01:58:57,966] {logging_mixin.py:115} INFO - Inserting into manga_secondary_genres...
[2025-10-05 01:58:59,021] {logging_mixin.py:115} INFO - manga_secondary_genres populated.
[2025-10-05 01:58:59,021] {logging_mixin.py:115} INFO - Data ingestion to MariaDB complete.
[2025-10-05 01:58:59,039] {python.py:173} INFO - Done. Returned value was: None
[2025-10-05 01:58:59,066] {taskinstance.py:1400} INFO - Marking task as SUCCESS. dag_id=manga_prediction_pipeline, task_id=data_ingestion, execution_date=20251005T015756, start_date=20251005T015802, end_date=20251005T015859
[2025-10-05 01:58:59,093] {local_task_job.py:156} INFO - Task exited with return code 0
[2025-10-05 01:58:59,112] {local_task_job.py:273} INFO - 1 downstream tasks scheduled from follow-on schedule check
