[2025-09-24 19:03:09,990] {taskinstance.py:1159} INFO - Dependencies all met for <TaskInstance: manga_prediction_pipeline.data_preprocessing manual__2025-09-24T19:03:06.804160+00:00 [queued]>
[2025-09-24 19:03:09,992] {taskinstance.py:1159} INFO - Dependencies all met for <TaskInstance: manga_prediction_pipeline.data_preprocessing manual__2025-09-24T19:03:06.804160+00:00 [queued]>
[2025-09-24 19:03:09,992] {taskinstance.py:1356} INFO - 
--------------------------------------------------------------------------------
[2025-09-24 19:03:09,993] {taskinstance.py:1357} INFO - Starting attempt 1 of 1
[2025-09-24 19:03:09,993] {taskinstance.py:1358} INFO - 
--------------------------------------------------------------------------------
[2025-09-24 19:03:09,996] {taskinstance.py:1377} INFO - Executing <Task(PythonOperator): data_preprocessing> on 2025-09-24 19:03:06.804160+00:00
[2025-09-24 19:03:09,998] {standard_task_runner.py:52} INFO - Started process 221 to run task
[2025-09-24 19:03:10,000] {standard_task_runner.py:79} INFO - Running: ['***', 'tasks', 'run', 'manga_prediction_pipeline', 'data_preprocessing', 'manual__2025-09-24T19:03:06.804160+00:00', '--job-id', '17', '--raw', '--subdir', 'DAGS_FOLDER/manga_prediction_pipeline.py', '--cfg-path', '/tmp/tmpaa1n5j_h', '--error-file', '/tmp/tmp758o3zkf']
[2025-09-24 19:03:10,000] {standard_task_runner.py:80} INFO - Job 17: Subtask data_preprocessing
[2025-09-24 19:03:10,017] {task_command.py:370} INFO - Running <TaskInstance: manga_prediction_pipeline.data_preprocessing manual__2025-09-24T19:03:06.804160+00:00 [running]> on host 50bd396892d5
[2025-09-24 19:03:10,039] {taskinstance.py:1571} INFO - Exporting the following env vars:
AIRFLOW_CTX_DAG_OWNER=***
AIRFLOW_CTX_DAG_ID=manga_prediction_pipeline
AIRFLOW_CTX_TASK_ID=data_preprocessing
AIRFLOW_CTX_EXECUTION_DATE=2025-09-24T19:03:06.804160+00:00
AIRFLOW_CTX_TRY_NUMBER=1
AIRFLOW_CTX_DAG_RUN_ID=manual__2025-09-24T19:03:06.804160+00:00
[2025-09-24 19:03:10,039] {logging_mixin.py:115} INFO - Preprocessing data...
[2025-09-24 19:03:10,039] {python.py:173} INFO - Done. Returned value was: None
[2025-09-24 19:03:10,043] {taskinstance.py:1400} INFO - Marking task as SUCCESS. dag_id=manga_prediction_pipeline, task_id=data_preprocessing, execution_date=20250924T190306, start_date=20250924T190309, end_date=20250924T190310
[2025-09-24 19:03:10,057] {local_task_job.py:156} INFO - Task exited with return code 0
[2025-09-24 19:03:10,070] {local_task_job.py:273} INFO - 1 downstream tasks scheduled from follow-on schedule check
