[2025-10-03 17:37:52,201] {taskinstance.py:1159} INFO - Dependencies all met for <TaskInstance: manga_prediction_pipeline.data_ingestion manual__2025-10-03T17:37:47.747489+00:00 [queued]>
[2025-10-03 17:37:52,204] {taskinstance.py:1159} INFO - Dependencies all met for <TaskInstance: manga_prediction_pipeline.data_ingestion manual__2025-10-03T17:37:47.747489+00:00 [queued]>
[2025-10-03 17:37:52,205] {taskinstance.py:1356} INFO - 
--------------------------------------------------------------------------------
[2025-10-03 17:37:52,205] {taskinstance.py:1357} INFO - Starting attempt 1 of 1
[2025-10-03 17:37:52,206] {taskinstance.py:1358} INFO - 
--------------------------------------------------------------------------------
[2025-10-03 17:37:52,211] {taskinstance.py:1377} INFO - Executing <Task(PythonOperator): data_ingestion> on 2025-10-03 17:37:47.747489+00:00
[2025-10-03 17:37:52,214] {standard_task_runner.py:52} INFO - Started process 197 to run task
[2025-10-03 17:37:52,217] {standard_task_runner.py:79} INFO - Running: ['***', 'tasks', 'run', 'manga_prediction_pipeline', 'data_ingestion', 'manual__2025-10-03T17:37:47.747489+00:00', '--job-id', '698', '--raw', '--subdir', 'DAGS_FOLDER/manga_prediction_pipeline.py', '--cfg-path', '/tmp/tmp1bfcbpbh', '--error-file', '/tmp/tmp5x21q6jv']
[2025-10-03 17:37:52,217] {standard_task_runner.py:80} INFO - Job 698: Subtask data_ingestion
[2025-10-03 17:37:52,241] {task_command.py:370} INFO - Running <TaskInstance: manga_prediction_pipeline.data_ingestion manual__2025-10-03T17:37:47.747489+00:00 [running]> on host 3718d431fdfc
[2025-10-03 17:37:52,269] {taskinstance.py:1571} INFO - Exporting the following env vars:
AIRFLOW_CTX_DAG_OWNER=***
AIRFLOW_CTX_DAG_ID=manga_prediction_pipeline
AIRFLOW_CTX_TASK_ID=data_ingestion
AIRFLOW_CTX_EXECUTION_DATE=2025-10-03T17:37:47.747489+00:00
AIRFLOW_CTX_TRY_NUMBER=1
AIRFLOW_CTX_DAG_RUN_ID=manual__2025-10-03T17:37:47.747489+00:00
[2025-10-03 17:37:52,269] {logging_mixin.py:115} INFO - Reading data from /opt/***/data/manga.csv
[2025-10-03 17:37:52,634] {logging_mixin.py:115} INFO - Data read successfully. Shape: (66371, 26)
[2025-10-03 17:37:52,634] {logging_mixin.py:115} INFO - Attempting to connect to MariaDB at mariadb:3306/manga_db
[2025-10-03 17:37:52,659] {authentication.py:66} INFO - package: mysql.connector.plugins
[2025-10-03 17:37:52,659] {authentication.py:67} INFO - plugin_name: mysql_native_password
[2025-10-03 17:37:52,659] {authentication.py:71} INFO - AUTHENTICATION_PLUGIN_CLASS: MySQLNativePasswordAuthPlugin
[2025-10-03 17:37:52,662] {logging_mixin.py:115} INFO - Successfully connected to MariaDB.
[2025-10-03 17:37:52,662] {logging_mixin.py:115} INFO - Inserting into dim_manga_info...
[2025-10-03 17:38:21,412] {logging_mixin.py:115} INFO - dim_manga_info populated.
[2025-10-03 17:38:21,661] {logging_mixin.py:115} INFO - Inserting into dim_genres...
[2025-10-03 17:38:21,754] {logging_mixin.py:115} INFO - dim_genres populated.
[2025-10-03 17:38:21,755] {logging_mixin.py:115} INFO - Inserting into dim_authors...
[2025-10-03 17:38:21,907] {logging_mixin.py:115} INFO - dim_authors populated.
[2025-10-03 17:38:21,908] {logging_mixin.py:115} INFO - Inserting into dim_demographics...
[2025-10-03 17:38:22,051] {logging_mixin.py:115} INFO - dim_demographics populated.
[2025-10-03 17:38:22,052] {logging_mixin.py:115} INFO - Inserting into dim_serializations...
[2025-10-03 17:38:22,138] {logging_mixin.py:115} INFO - dim_serializations populated.
[2025-10-03 17:38:22,139] {logging_mixin.py:115} INFO - Inserting into fact_manga...
[2025-10-03 17:38:49,408] {logging_mixin.py:115} INFO - fact_manga populated.
[2025-10-03 17:38:49,409] {logging_mixin.py:115} INFO - Inserting into manga_secondary_genres...
[2025-10-03 17:38:50,456] {logging_mixin.py:115} INFO - manga_secondary_genres populated.
[2025-10-03 17:38:50,457] {logging_mixin.py:115} INFO - Data ingestion to MariaDB complete.
[2025-10-03 17:38:50,474] {python.py:173} INFO - Done. Returned value was: None
[2025-10-03 17:38:50,484] {taskinstance.py:1400} INFO - Marking task as SUCCESS. dag_id=manga_prediction_pipeline, task_id=data_ingestion, execution_date=20251003T173747, start_date=20251003T173752, end_date=20251003T173850
[2025-10-03 17:38:50,527] {local_task_job.py:156} INFO - Task exited with return code 0
[2025-10-03 17:38:50,543] {local_task_job.py:273} INFO - 1 downstream tasks scheduled from follow-on schedule check
