[2025-09-25 08:06:20,800] {taskinstance.py:1159} INFO - Dependencies all met for <TaskInstance: manga_prediction_pipeline.model_training manual__2025-09-25T01:32:11.681171+00:00 [queued]>
[2025-09-25 08:06:20,804] {taskinstance.py:1159} INFO - Dependencies all met for <TaskInstance: manga_prediction_pipeline.model_training manual__2025-09-25T01:32:11.681171+00:00 [queued]>
[2025-09-25 08:06:20,805] {taskinstance.py:1356} INFO - 
--------------------------------------------------------------------------------
[2025-09-25 08:06:20,805] {taskinstance.py:1357} INFO - Starting attempt 2 of 2
[2025-09-25 08:06:20,805] {taskinstance.py:1358} INFO - 
--------------------------------------------------------------------------------
[2025-09-25 08:06:20,812] {taskinstance.py:1377} INFO - Executing <Task(PythonOperator): model_training> on 2025-09-25 01:32:11.681171+00:00
[2025-09-25 08:06:20,815] {standard_task_runner.py:52} INFO - Started process 612 to run task
[2025-09-25 08:06:20,816] {standard_task_runner.py:79} INFO - Running: ['***', 'tasks', 'run', 'manga_prediction_pipeline', 'model_training', 'manual__2025-09-25T01:32:11.681171+00:00', '--job-id', '136', '--raw', '--subdir', 'DAGS_FOLDER/manga_prediction_pipeline.py', '--cfg-path', '/tmp/tmpoh4imjv_', '--error-file', '/tmp/tmp405n89j6']
[2025-09-25 08:06:20,816] {standard_task_runner.py:80} INFO - Job 136: Subtask model_training
[2025-09-25 08:06:20,834] {task_command.py:370} INFO - Running <TaskInstance: manga_prediction_pipeline.model_training manual__2025-09-25T01:32:11.681171+00:00 [running]> on host 240518fe472e
[2025-09-25 08:06:20,860] {taskinstance.py:1571} INFO - Exporting the following env vars:
AIRFLOW_CTX_DAG_OWNER=***
AIRFLOW_CTX_DAG_ID=manga_prediction_pipeline
AIRFLOW_CTX_TASK_ID=model_training
AIRFLOW_CTX_EXECUTION_DATE=2025-09-25T01:32:11.681171+00:00
AIRFLOW_CTX_TRY_NUMBER=2
AIRFLOW_CTX_DAG_RUN_ID=manual__2025-09-25T01:32:11.681171+00:00
[2025-09-25 08:06:20,860] {logging_mixin.py:115} INFO - Reading feature-engineered data from /opt/***/data/features/manga_features.parquet
[2025-09-25 08:06:20,899] {logging_mixin.py:115} INFO - Feature-engineered data read successfully. Shape: (15636, 30)
[2025-09-25 08:06:20,901] {logging_mixin.py:115} INFO - Splitting data into training and testing sets...
[2025-09-25 08:06:20,903] {logging_mixin.py:115} INFO - X_train shape: (12508, 11), X_test shape: (3128, 11)
[2025-09-25 08:06:20,934] {logging_mixin.py:115} WARNING - 2025/09/25 08:06:20 WARNING mlflow.utils.git_utils: Failed to import Git (the Git executable is probably not on your PATH), so Git SHA is not available. Error: Failed to initialize: Bad git executable.
The git executable must be specified in one of the following ways:
    - be included in your $PATH
    - be set via $GIT_PYTHON_GIT_EXECUTABLE
    - explicitly set via git.refresh(<full-path-to-git-executable>)

All git commands will error until this is rectified.

This initial message can be silenced or aggravated in the future by setting the
$GIT_PYTHON_REFRESH environment variable. Use one of the following values:
    - quiet|q|silence|s|silent|none|n|0: for no message or exception
    - warn|w|warning|log|l|1: for a warning message (logging level CRITICAL, displayed by default)
    - error|e|exception|raise|r|2: for a raised exception

Example:
    export GIT_PYTHON_REFRESH=quiet
[2025-09-25 08:06:20,952] {logging_mixin.py:115} INFO - Training Random Forest Regressor model...
[2025-09-25 08:06:23,548] {logging_mixin.py:115} INFO - Model training complete.
[2025-09-25 08:06:23,597] {logging_mixin.py:115} INFO - MAE: 0.2501
[2025-09-25 08:06:23,597] {logging_mixin.py:115} INFO - MSE: 0.1081
[2025-09-25 08:06:23,598] {logging_mixin.py:115} INFO - RMSE: 0.3288
[2025-09-25 08:06:23,598] {logging_mixin.py:115} INFO - R2 Score: 0.5307
[2025-09-25 08:06:25,062] {logging_mixin.py:115} INFO - Model and metrics logged to MLflow.
[2025-09-25 08:06:25,072] {python.py:173} INFO - Done. Returned value was: 9fc4d614c2604e1295daa49e577465b3
[2025-09-25 08:06:25,083] {taskinstance.py:1400} INFO - Marking task as SUCCESS. dag_id=manga_prediction_pipeline, task_id=model_training, execution_date=20250925T013211, start_date=20250925T080620, end_date=20250925T080625
[2025-09-25 08:06:25,108] {local_task_job.py:156} INFO - Task exited with return code 0
[2025-09-25 08:06:25,128] {local_task_job.py:273} INFO - 1 downstream tasks scheduled from follow-on schedule check
