[2025-10-03 18:23:50,515] {taskinstance.py:1159} INFO - Dependencies all met for <TaskInstance: manga_prediction_pipeline.model_monitoring manual__2025-10-03T18:22:28.485623+00:00 [queued]>
[2025-10-03 18:23:50,518] {taskinstance.py:1159} INFO - Dependencies all met for <TaskInstance: manga_prediction_pipeline.model_monitoring manual__2025-10-03T18:22:28.485623+00:00 [queued]>
[2025-10-03 18:23:50,518] {taskinstance.py:1356} INFO - 
--------------------------------------------------------------------------------
[2025-10-03 18:23:50,518] {taskinstance.py:1357} INFO - Starting attempt 1 of 1
[2025-10-03 18:23:50,518] {taskinstance.py:1358} INFO - 
--------------------------------------------------------------------------------
[2025-10-03 18:23:50,522] {taskinstance.py:1377} INFO - Executing <Task(PythonOperator): model_monitoring> on 2025-10-03 18:22:28.485623+00:00
[2025-10-03 18:23:50,525] {standard_task_runner.py:52} INFO - Started process 322 to run task
[2025-10-03 18:23:50,527] {standard_task_runner.py:79} INFO - Running: ['***', 'tasks', 'run', 'manga_prediction_pipeline', 'model_monitoring', 'manual__2025-10-03T18:22:28.485623+00:00', '--job-id', '777', '--raw', '--subdir', 'DAGS_FOLDER/manga_prediction_pipeline.py', '--cfg-path', '/tmp/tmpx4hyifbd', '--error-file', '/tmp/tmpciemn571']
[2025-10-03 18:23:50,528] {standard_task_runner.py:80} INFO - Job 777: Subtask model_monitoring
[2025-10-03 18:23:50,549] {task_command.py:370} INFO - Running <TaskInstance: manga_prediction_pipeline.model_monitoring manual__2025-10-03T18:22:28.485623+00:00 [running]> on host 5b14bb760d0c
[2025-10-03 18:23:50,573] {taskinstance.py:1571} INFO - Exporting the following env vars:
AIRFLOW_CTX_DAG_OWNER=***
AIRFLOW_CTX_DAG_ID=manga_prediction_pipeline
AIRFLOW_CTX_TASK_ID=model_monitoring
AIRFLOW_CTX_EXECUTION_DATE=2025-10-03T18:22:28.485623+00:00
AIRFLOW_CTX_TRY_NUMBER=1
AIRFLOW_CTX_DAG_RUN_ID=manual__2025-10-03T18:22:28.485623+00:00
[2025-10-03 18:23:50,574] {model_monitoring.py:26} INFO - Loading processed data from /opt/***/data/processed/manga_processed.parquet for monitoring.
[2025-10-03 18:23:50,625] {model_monitoring.py:28} INFO - Processed data loaded. Shape: (21795, 28)
[2025-10-03 18:23:50,656] {model_monitoring.py:49} INFO - NaNs in production_data['score'] before prediction: 0
[2025-10-03 18:23:50,656] {model_monitoring.py:50} INFO - Shape of production_data before prediction: (10897, 28)
[2025-10-03 18:25:10,571] {model_monitoring.py:64} INFO - Data Drift Report saved to /opt/***/data/monitoring_reports/data_drift_report.html
[2025-10-03 18:25:10,574] {python.py:173} INFO - Done. Returned value was: None
[2025-10-03 18:25:10,583] {taskinstance.py:1400} INFO - Marking task as SUCCESS. dag_id=manga_prediction_pipeline, task_id=model_monitoring, execution_date=20251003T182228, start_date=20251003T182350, end_date=20251003T182510
[2025-10-03 18:25:10,628] {local_task_job.py:156} INFO - Task exited with return code 0
[2025-10-03 18:25:10,641] {local_task_job.py:273} INFO - 1 downstream tasks scheduled from follow-on schedule check
