[2025-10-03 18:22:32,912] {taskinstance.py:1159} INFO - Dependencies all met for <TaskInstance: manga_prediction_pipeline.data_ingestion manual__2025-10-03T18:22:28.485623+00:00 [queued]>
[2025-10-03 18:22:32,916] {taskinstance.py:1159} INFO - Dependencies all met for <TaskInstance: manga_prediction_pipeline.data_ingestion manual__2025-10-03T18:22:28.485623+00:00 [queued]>
[2025-10-03 18:22:32,916] {taskinstance.py:1356} INFO - 
--------------------------------------------------------------------------------
[2025-10-03 18:22:32,916] {taskinstance.py:1357} INFO - Starting attempt 1 of 1
[2025-10-03 18:22:32,916] {taskinstance.py:1358} INFO - 
--------------------------------------------------------------------------------
[2025-10-03 18:22:32,920] {taskinstance.py:1377} INFO - Executing <Task(PythonOperator): data_ingestion> on 2025-10-03 18:22:28.485623+00:00
[2025-10-03 18:22:32,923] {standard_task_runner.py:52} INFO - Started process 207 to run task
[2025-10-03 18:22:32,925] {standard_task_runner.py:79} INFO - Running: ['***', 'tasks', 'run', 'manga_prediction_pipeline', 'data_ingestion', 'manual__2025-10-03T18:22:28.485623+00:00', '--job-id', '770', '--raw', '--subdir', 'DAGS_FOLDER/manga_prediction_pipeline.py', '--cfg-path', '/tmp/tmp4c1zi7u5', '--error-file', '/tmp/tmpab7oaafh']
[2025-10-03 18:22:32,926] {standard_task_runner.py:80} INFO - Job 770: Subtask data_ingestion
[2025-10-03 18:22:32,947] {task_command.py:370} INFO - Running <TaskInstance: manga_prediction_pipeline.data_ingestion manual__2025-10-03T18:22:28.485623+00:00 [running]> on host 5b14bb760d0c
[2025-10-03 18:22:32,973] {taskinstance.py:1571} INFO - Exporting the following env vars:
AIRFLOW_CTX_DAG_OWNER=***
AIRFLOW_CTX_DAG_ID=manga_prediction_pipeline
AIRFLOW_CTX_TASK_ID=data_ingestion
AIRFLOW_CTX_EXECUTION_DATE=2025-10-03T18:22:28.485623+00:00
AIRFLOW_CTX_TRY_NUMBER=1
AIRFLOW_CTX_DAG_RUN_ID=manual__2025-10-03T18:22:28.485623+00:00
[2025-10-03 18:22:32,974] {logging_mixin.py:115} INFO - Reading data from /opt/***/data/manga.csv
[2025-10-03 18:22:33,386] {logging_mixin.py:115} INFO - Data read successfully. Shape: (66371, 26)
[2025-10-03 18:22:33,387] {logging_mixin.py:115} INFO - Attempting to connect to MariaDB at mariadb:3306/manga_db
[2025-10-03 18:22:33,413] {authentication.py:66} INFO - package: mysql.connector.plugins
[2025-10-03 18:22:33,414] {authentication.py:67} INFO - plugin_name: mysql_native_password
[2025-10-03 18:22:33,414] {authentication.py:71} INFO - AUTHENTICATION_PLUGIN_CLASS: MySQLNativePasswordAuthPlugin
[2025-10-03 18:22:33,417] {logging_mixin.py:115} INFO - Successfully connected to MariaDB.
[2025-10-03 18:22:33,417] {logging_mixin.py:115} INFO - Inserting into dim_manga_info...
[2025-10-03 18:23:04,777] {logging_mixin.py:115} INFO - dim_manga_info populated.
[2025-10-03 18:23:05,051] {logging_mixin.py:115} INFO - Inserting into dim_genres...
[2025-10-03 18:23:05,158] {logging_mixin.py:115} INFO - dim_genres populated.
[2025-10-03 18:23:05,160] {logging_mixin.py:115} INFO - Inserting into dim_authors...
[2025-10-03 18:23:05,345] {logging_mixin.py:115} INFO - dim_authors populated.
[2025-10-03 18:23:05,347] {logging_mixin.py:115} INFO - Inserting into dim_demographics...
[2025-10-03 18:23:05,484] {logging_mixin.py:115} INFO - dim_demographics populated.
[2025-10-03 18:23:05,486] {logging_mixin.py:115} INFO - Inserting into dim_serializations...
[2025-10-03 18:23:05,589] {logging_mixin.py:115} INFO - dim_serializations populated.
[2025-10-03 18:23:05,590] {logging_mixin.py:115} INFO - Inserting into fact_manga...
[2025-10-03 18:23:34,234] {logging_mixin.py:115} INFO - fact_manga populated.
[2025-10-03 18:23:34,235] {logging_mixin.py:115} INFO - Inserting into manga_secondary_genres...
[2025-10-03 18:23:35,269] {logging_mixin.py:115} INFO - manga_secondary_genres populated.
[2025-10-03 18:23:35,269] {logging_mixin.py:115} INFO - Data ingestion to MariaDB complete.
[2025-10-03 18:23:35,286] {python.py:173} INFO - Done. Returned value was: None
[2025-10-03 18:23:35,308] {taskinstance.py:1400} INFO - Marking task as SUCCESS. dag_id=manga_prediction_pipeline, task_id=data_ingestion, execution_date=20251003T182228, start_date=20251003T182232, end_date=20251003T182335
[2025-10-03 18:23:35,323] {local_task_job.py:156} INFO - Task exited with return code 0
[2025-10-03 18:23:35,340] {local_task_job.py:273} INFO - 1 downstream tasks scheduled from follow-on schedule check
