[2025-10-03 00:21:51,529] {processor.py:153} INFO - Started process (PID=552) to work on /opt/airflow/dags/manga_model_monitoring_dag.py
[2025-10-03 00:21:51,534] {processor.py:641} INFO - Processing file /opt/airflow/dags/manga_model_monitoring_dag.py for tasks to queue
[2025-10-03 00:21:51,537] {logging_mixin.py:115} INFO - [2025-10-03 00:21:51,537] {dagbag.py:507} INFO - Filling up the DagBag from /opt/airflow/dags/manga_model_monitoring_dag.py
[2025-10-03 00:21:54,852] {processor.py:651} INFO - DAG(s) dict_keys(['manga_model_monitoring_pipeline']) retrieved from /opt/airflow/dags/manga_model_monitoring_dag.py
[2025-10-03 00:21:54,997] {logging_mixin.py:115} INFO - [2025-10-03 00:21:54,996] {dag.py:2379} INFO - Sync 1 DAGs
[2025-10-03 00:21:55,119] {logging_mixin.py:115} INFO - [2025-10-03 00:21:55,119] {dag.py:2931} INFO - Setting next_dagrun for manga_model_monitoring_pipeline to 2025-10-03T00:00:00+00:00, run_after=2025-10-04T00:00:00+00:00
[2025-10-03 00:21:55,293] {processor.py:161} INFO - Processing /opt/airflow/dags/manga_model_monitoring_dag.py took 3.782 seconds
[2025-10-03 01:35:07,036] {processor.py:153} INFO - Started process (PID=583) to work on /opt/airflow/dags/manga_model_monitoring_dag.py
[2025-10-03 01:35:07,038] {processor.py:641} INFO - Processing file /opt/airflow/dags/manga_model_monitoring_dag.py for tasks to queue
[2025-10-03 01:35:07,039] {logging_mixin.py:115} INFO - [2025-10-03 01:35:07,038] {dagbag.py:507} INFO - Filling up the DagBag from /opt/airflow/dags/manga_model_monitoring_dag.py
[2025-10-03 01:35:13,467] {processor.py:651} INFO - DAG(s) dict_keys(['manga_model_monitoring_pipeline']) retrieved from /opt/airflow/dags/manga_model_monitoring_dag.py
[2025-10-03 01:35:13,532] {logging_mixin.py:115} INFO - [2025-10-03 01:35:13,532] {dag.py:2379} INFO - Sync 1 DAGs
[2025-10-03 01:35:13,583] {logging_mixin.py:115} INFO - [2025-10-03 01:35:13,583] {dag.py:2931} INFO - Setting next_dagrun for manga_model_monitoring_pipeline to 2025-10-03T00:00:00+00:00, run_after=2025-10-04T00:00:00+00:00
[2025-10-03 01:35:13,611] {processor.py:161} INFO - Processing /opt/airflow/dags/manga_model_monitoring_dag.py took 6.580 seconds
[2025-10-03 02:52:24,900] {processor.py:153} INFO - Started process (PID=595) to work on /opt/airflow/dags/manga_model_monitoring_dag.py
[2025-10-03 02:52:24,905] {processor.py:641} INFO - Processing file /opt/airflow/dags/manga_model_monitoring_dag.py for tasks to queue
[2025-10-03 02:52:24,918] {logging_mixin.py:115} INFO - [2025-10-03 02:52:24,916] {dagbag.py:507} INFO - Filling up the DagBag from /opt/airflow/dags/manga_model_monitoring_dag.py
[2025-10-03 02:52:29,993] {processor.py:651} INFO - DAG(s) dict_keys(['manga_model_monitoring_pipeline']) retrieved from /opt/airflow/dags/manga_model_monitoring_dag.py
[2025-10-03 02:52:30,085] {logging_mixin.py:115} INFO - [2025-10-03 02:52:30,084] {dag.py:2379} INFO - Sync 1 DAGs
[2025-10-03 02:52:30,124] {logging_mixin.py:115} INFO - [2025-10-03 02:52:30,123] {dag.py:2931} INFO - Setting next_dagrun for manga_model_monitoring_pipeline to 2025-10-03T00:00:00+00:00, run_after=2025-10-04T00:00:00+00:00
[2025-10-03 02:52:30,157] {processor.py:161} INFO - Processing /opt/airflow/dags/manga_model_monitoring_dag.py took 5.283 seconds
[2025-10-03 03:52:34,333] {processor.py:153} INFO - Started process (PID=621) to work on /opt/airflow/dags/manga_model_monitoring_dag.py
[2025-10-03 03:52:34,334] {processor.py:641} INFO - Processing file /opt/airflow/dags/manga_model_monitoring_dag.py for tasks to queue
[2025-10-03 03:52:34,335] {logging_mixin.py:115} INFO - [2025-10-03 03:52:34,335] {dagbag.py:507} INFO - Filling up the DagBag from /opt/airflow/dags/manga_model_monitoring_dag.py
[2025-10-03 03:52:40,826] {processor.py:651} INFO - DAG(s) dict_keys(['manga_model_monitoring_pipeline']) retrieved from /opt/airflow/dags/manga_model_monitoring_dag.py
[2025-10-03 03:52:40,875] {logging_mixin.py:115} WARNING - /home/airflow/.local/lib/python3.7/site-packages/airflow/configuration.py:525 DeprecationWarning: The sql_alchemy_conn option in [core] has been moved to the sql_alchemy_conn option in [database] - the old setting has been used, but please update your config.
[2025-10-03 03:52:40,996] {processor.py:611} INFO - Executed failure callback for <TaskInstance: manga_model_monitoring_pipeline.run_model_monitoring scheduled__2025-10-02T00:00:00+00:00 [failed]> in state failed
[2025-10-03 03:52:41,025] {logging_mixin.py:115} INFO - [2025-10-03 03:52:41,024] {dag.py:2379} INFO - Sync 1 DAGs
[2025-10-03 03:52:41,066] {logging_mixin.py:115} INFO - [2025-10-03 03:52:41,066] {dag.py:2931} INFO - Setting next_dagrun for manga_model_monitoring_pipeline to 2025-10-03T00:00:00+00:00, run_after=2025-10-04T00:00:00+00:00
[2025-10-03 03:52:41,095] {processor.py:161} INFO - Processing /opt/airflow/dags/manga_model_monitoring_dag.py took 6.768 seconds
[2025-10-03 03:53:11,396] {processor.py:153} INFO - Started process (PID=639) to work on /opt/airflow/dags/manga_model_monitoring_dag.py
[2025-10-03 03:53:11,397] {processor.py:641} INFO - Processing file /opt/airflow/dags/manga_model_monitoring_dag.py for tasks to queue
[2025-10-03 03:53:11,401] {logging_mixin.py:115} INFO - [2025-10-03 03:53:11,397] {dagbag.py:507} INFO - Filling up the DagBag from /opt/airflow/dags/manga_model_monitoring_dag.py
[2025-10-03 03:53:13,049] {processor.py:651} INFO - DAG(s) dict_keys(['manga_model_monitoring_pipeline']) retrieved from /opt/airflow/dags/manga_model_monitoring_dag.py
[2025-10-03 03:53:13,075] {logging_mixin.py:115} INFO - [2025-10-03 03:53:13,075] {dag.py:2379} INFO - Sync 1 DAGs
[2025-10-03 03:53:13,095] {logging_mixin.py:115} INFO - [2025-10-03 03:53:13,094] {dag.py:2931} INFO - Setting next_dagrun for manga_model_monitoring_pipeline to 2025-10-03T00:00:00+00:00, run_after=2025-10-04T00:00:00+00:00
[2025-10-03 03:53:13,106] {processor.py:161} INFO - Processing /opt/airflow/dags/manga_model_monitoring_dag.py took 1.715 seconds
[2025-10-03 04:38:07,979] {processor.py:153} INFO - Started process (PID=645) to work on /opt/airflow/dags/manga_model_monitoring_dag.py
[2025-10-03 04:38:07,982] {processor.py:641} INFO - Processing file /opt/airflow/dags/manga_model_monitoring_dag.py for tasks to queue
[2025-10-03 04:38:07,985] {logging_mixin.py:115} INFO - [2025-10-03 04:38:07,985] {dagbag.py:507} INFO - Filling up the DagBag from /opt/airflow/dags/manga_model_monitoring_dag.py
[2025-10-03 04:38:14,595] {processor.py:651} INFO - DAG(s) dict_keys(['manga_model_monitoring_pipeline']) retrieved from /opt/airflow/dags/manga_model_monitoring_dag.py
[2025-10-03 04:38:14,773] {logging_mixin.py:115} INFO - [2025-10-03 04:38:14,772] {dag.py:2379} INFO - Sync 1 DAGs
[2025-10-03 04:38:14,847] {logging_mixin.py:115} INFO - [2025-10-03 04:38:14,847] {dag.py:2931} INFO - Setting next_dagrun for manga_model_monitoring_pipeline to 2025-10-03T00:00:00+00:00, run_after=2025-10-04T00:00:00+00:00
[2025-10-03 04:38:14,936] {processor.py:161} INFO - Processing /opt/airflow/dags/manga_model_monitoring_dag.py took 6.975 seconds
[2025-10-03 06:12:17,720] {processor.py:153} INFO - Started process (PID=659) to work on /opt/airflow/dags/manga_model_monitoring_dag.py
[2025-10-03 06:12:17,721] {processor.py:641} INFO - Processing file /opt/airflow/dags/manga_model_monitoring_dag.py for tasks to queue
[2025-10-03 06:12:17,722] {logging_mixin.py:115} INFO - [2025-10-03 06:12:17,722] {dagbag.py:507} INFO - Filling up the DagBag from /opt/airflow/dags/manga_model_monitoring_dag.py
[2025-10-03 06:12:19,883] {processor.py:651} INFO - DAG(s) dict_keys(['manga_model_monitoring_pipeline']) retrieved from /opt/airflow/dags/manga_model_monitoring_dag.py
[2025-10-03 06:12:19,906] {logging_mixin.py:115} INFO - [2025-10-03 06:12:19,905] {dag.py:2379} INFO - Sync 1 DAGs
[2025-10-03 06:12:19,935] {logging_mixin.py:115} INFO - [2025-10-03 06:12:19,935] {dag.py:2931} INFO - Setting next_dagrun for manga_model_monitoring_pipeline to 2025-10-03T00:00:00+00:00, run_after=2025-10-04T00:00:00+00:00
[2025-10-03 06:12:19,947] {processor.py:161} INFO - Processing /opt/airflow/dags/manga_model_monitoring_dag.py took 2.232 seconds
[2025-10-03 07:30:11,803] {processor.py:153} INFO - Started process (PID=671) to work on /opt/airflow/dags/manga_model_monitoring_dag.py
[2025-10-03 07:30:11,805] {processor.py:641} INFO - Processing file /opt/airflow/dags/manga_model_monitoring_dag.py for tasks to queue
[2025-10-03 07:30:11,806] {logging_mixin.py:115} INFO - [2025-10-03 07:30:11,806] {dagbag.py:507} INFO - Filling up the DagBag from /opt/airflow/dags/manga_model_monitoring_dag.py
[2025-10-03 07:30:14,228] {processor.py:651} INFO - DAG(s) dict_keys(['manga_model_monitoring_pipeline']) retrieved from /opt/airflow/dags/manga_model_monitoring_dag.py
[2025-10-03 07:30:14,294] {logging_mixin.py:115} INFO - [2025-10-03 07:30:14,294] {dag.py:2379} INFO - Sync 1 DAGs
[2025-10-03 07:30:14,358] {logging_mixin.py:115} INFO - [2025-10-03 07:30:14,358] {dag.py:2931} INFO - Setting next_dagrun for manga_model_monitoring_pipeline to 2025-10-03T00:00:00+00:00, run_after=2025-10-04T00:00:00+00:00
[2025-10-03 07:30:14,385] {processor.py:161} INFO - Processing /opt/airflow/dags/manga_model_monitoring_dag.py took 2.588 seconds
[2025-10-03 08:31:09,325] {processor.py:153} INFO - Started process (PID=685) to work on /opt/airflow/dags/manga_model_monitoring_dag.py
[2025-10-03 08:31:09,326] {processor.py:641} INFO - Processing file /opt/airflow/dags/manga_model_monitoring_dag.py for tasks to queue
[2025-10-03 08:31:09,327] {logging_mixin.py:115} INFO - [2025-10-03 08:31:09,327] {dagbag.py:507} INFO - Filling up the DagBag from /opt/airflow/dags/manga_model_monitoring_dag.py
[2025-10-03 08:31:12,204] {processor.py:651} INFO - DAG(s) dict_keys(['manga_model_monitoring_pipeline']) retrieved from /opt/airflow/dags/manga_model_monitoring_dag.py
[2025-10-03 08:31:12,308] {logging_mixin.py:115} INFO - [2025-10-03 08:31:12,307] {dag.py:2379} INFO - Sync 1 DAGs
[2025-10-03 08:31:12,374] {logging_mixin.py:115} INFO - [2025-10-03 08:31:12,373] {dag.py:2931} INFO - Setting next_dagrun for manga_model_monitoring_pipeline to 2025-10-03T00:00:00+00:00, run_after=2025-10-04T00:00:00+00:00
[2025-10-03 08:31:12,409] {processor.py:161} INFO - Processing /opt/airflow/dags/manga_model_monitoring_dag.py took 3.089 seconds
[2025-10-03 10:00:30,788] {processor.py:153} INFO - Started process (PID=697) to work on /opt/airflow/dags/manga_model_monitoring_dag.py
[2025-10-03 10:00:30,789] {processor.py:641} INFO - Processing file /opt/airflow/dags/manga_model_monitoring_dag.py for tasks to queue
[2025-10-03 10:00:30,789] {logging_mixin.py:115} INFO - [2025-10-03 10:00:30,789] {dagbag.py:507} INFO - Filling up the DagBag from /opt/airflow/dags/manga_model_monitoring_dag.py
[2025-10-03 10:00:32,287] {processor.py:651} INFO - DAG(s) dict_keys(['manga_model_monitoring_pipeline']) retrieved from /opt/airflow/dags/manga_model_monitoring_dag.py
[2025-10-03 10:00:32,313] {logging_mixin.py:115} INFO - [2025-10-03 10:00:32,313] {dag.py:2379} INFO - Sync 1 DAGs
[2025-10-03 10:00:32,338] {logging_mixin.py:115} INFO - [2025-10-03 10:00:32,338] {dag.py:2931} INFO - Setting next_dagrun for manga_model_monitoring_pipeline to 2025-10-03T00:00:00+00:00, run_after=2025-10-04T00:00:00+00:00
[2025-10-03 10:00:32,356] {processor.py:161} INFO - Processing /opt/airflow/dags/manga_model_monitoring_dag.py took 1.570 seconds
[2025-10-03 11:14:32,100] {processor.py:153} INFO - Started process (PID=709) to work on /opt/airflow/dags/manga_model_monitoring_dag.py
[2025-10-03 11:14:32,100] {processor.py:641} INFO - Processing file /opt/airflow/dags/manga_model_monitoring_dag.py for tasks to queue
[2025-10-03 11:14:32,100] {logging_mixin.py:115} INFO - [2025-10-03 11:14:32,100] {dagbag.py:507} INFO - Filling up the DagBag from /opt/airflow/dags/manga_model_monitoring_dag.py
[2025-10-03 11:14:33,198] {processor.py:651} INFO - DAG(s) dict_keys(['manga_model_monitoring_pipeline']) retrieved from /opt/airflow/dags/manga_model_monitoring_dag.py
[2025-10-03 11:14:33,216] {logging_mixin.py:115} INFO - [2025-10-03 11:14:33,216] {dag.py:2379} INFO - Sync 1 DAGs
[2025-10-03 11:14:33,238] {logging_mixin.py:115} INFO - [2025-10-03 11:14:33,237] {dag.py:2931} INFO - Setting next_dagrun for manga_model_monitoring_pipeline to 2025-10-03T00:00:00+00:00, run_after=2025-10-04T00:00:00+00:00
[2025-10-03 11:14:33,253] {processor.py:161} INFO - Processing /opt/airflow/dags/manga_model_monitoring_dag.py took 1.155 seconds
[2025-10-03 12:27:01,265] {processor.py:153} INFO - Started process (PID=721) to work on /opt/airflow/dags/manga_model_monitoring_dag.py
[2025-10-03 12:27:01,266] {processor.py:641} INFO - Processing file /opt/airflow/dags/manga_model_monitoring_dag.py for tasks to queue
[2025-10-03 12:27:01,269] {logging_mixin.py:115} INFO - [2025-10-03 12:27:01,268] {dagbag.py:507} INFO - Filling up the DagBag from /opt/airflow/dags/manga_model_monitoring_dag.py
[2025-10-03 12:27:04,441] {processor.py:651} INFO - DAG(s) dict_keys(['manga_model_monitoring_pipeline']) retrieved from /opt/airflow/dags/manga_model_monitoring_dag.py
[2025-10-03 12:27:04,519] {logging_mixin.py:115} INFO - [2025-10-03 12:27:04,518] {dag.py:2379} INFO - Sync 1 DAGs
[2025-10-03 12:27:04,617] {logging_mixin.py:115} INFO - [2025-10-03 12:27:04,617] {dag.py:2931} INFO - Setting next_dagrun for manga_model_monitoring_pipeline to 2025-10-03T00:00:00+00:00, run_after=2025-10-04T00:00:00+00:00
[2025-10-03 12:27:04,638] {processor.py:161} INFO - Processing /opt/airflow/dags/manga_model_monitoring_dag.py took 3.380 seconds
[2025-10-03 13:47:04,415] {processor.py:153} INFO - Started process (PID=735) to work on /opt/airflow/dags/manga_model_monitoring_dag.py
[2025-10-03 13:47:04,416] {processor.py:641} INFO - Processing file /opt/airflow/dags/manga_model_monitoring_dag.py for tasks to queue
[2025-10-03 13:47:04,417] {logging_mixin.py:115} INFO - [2025-10-03 13:47:04,417] {dagbag.py:507} INFO - Filling up the DagBag from /opt/airflow/dags/manga_model_monitoring_dag.py
[2025-10-03 13:47:06,130] {processor.py:651} INFO - DAG(s) dict_keys(['manga_model_monitoring_pipeline']) retrieved from /opt/airflow/dags/manga_model_monitoring_dag.py
[2025-10-03 13:47:06,147] {logging_mixin.py:115} INFO - [2025-10-03 13:47:06,146] {dag.py:2379} INFO - Sync 1 DAGs
[2025-10-03 13:47:06,167] {logging_mixin.py:115} INFO - [2025-10-03 13:47:06,167] {dag.py:2931} INFO - Setting next_dagrun for manga_model_monitoring_pipeline to 2025-10-03T00:00:00+00:00, run_after=2025-10-04T00:00:00+00:00
[2025-10-03 13:47:06,176] {processor.py:161} INFO - Processing /opt/airflow/dags/manga_model_monitoring_dag.py took 1.763 seconds
[2025-10-03 15:04:29,115] {processor.py:153} INFO - Started process (PID=747) to work on /opt/airflow/dags/manga_model_monitoring_dag.py
[2025-10-03 15:04:29,116] {processor.py:641} INFO - Processing file /opt/airflow/dags/manga_model_monitoring_dag.py for tasks to queue
[2025-10-03 15:04:29,118] {logging_mixin.py:115} INFO - [2025-10-03 15:04:29,118] {dagbag.py:507} INFO - Filling up the DagBag from /opt/airflow/dags/manga_model_monitoring_dag.py
[2025-10-03 15:04:31,163] {processor.py:651} INFO - DAG(s) dict_keys(['manga_model_monitoring_pipeline']) retrieved from /opt/airflow/dags/manga_model_monitoring_dag.py
[2025-10-03 15:04:31,203] {logging_mixin.py:115} INFO - [2025-10-03 15:04:31,202] {dag.py:2379} INFO - Sync 1 DAGs
[2025-10-03 15:04:31,254] {logging_mixin.py:115} INFO - [2025-10-03 15:04:31,254] {dag.py:2931} INFO - Setting next_dagrun for manga_model_monitoring_pipeline to 2025-10-03T00:00:00+00:00, run_after=2025-10-04T00:00:00+00:00
[2025-10-03 15:04:31,265] {processor.py:161} INFO - Processing /opt/airflow/dags/manga_model_monitoring_dag.py took 2.155 seconds
[2025-10-03 16:21:26,273] {processor.py:153} INFO - Started process (PID=759) to work on /opt/airflow/dags/manga_model_monitoring_dag.py
[2025-10-03 16:21:26,276] {processor.py:641} INFO - Processing file /opt/airflow/dags/manga_model_monitoring_dag.py for tasks to queue
[2025-10-03 16:21:26,286] {logging_mixin.py:115} INFO - [2025-10-03 16:21:26,285] {dagbag.py:507} INFO - Filling up the DagBag from /opt/airflow/dags/manga_model_monitoring_dag.py
[2025-10-03 16:21:28,464] {processor.py:651} INFO - DAG(s) dict_keys(['manga_model_monitoring_pipeline']) retrieved from /opt/airflow/dags/manga_model_monitoring_dag.py
[2025-10-03 16:21:28,480] {logging_mixin.py:115} INFO - [2025-10-03 16:21:28,479] {dag.py:2379} INFO - Sync 1 DAGs
[2025-10-03 16:21:28,508] {logging_mixin.py:115} INFO - [2025-10-03 16:21:28,508] {dag.py:2931} INFO - Setting next_dagrun for manga_model_monitoring_pipeline to 2025-10-03T00:00:00+00:00, run_after=2025-10-04T00:00:00+00:00
[2025-10-03 16:21:28,521] {processor.py:161} INFO - Processing /opt/airflow/dags/manga_model_monitoring_dag.py took 2.258 seconds
[2025-10-03 16:37:06,843] {processor.py:153} INFO - Started process (PID=773) to work on /opt/airflow/dags/manga_model_monitoring_dag.py
[2025-10-03 16:37:06,844] {processor.py:641} INFO - Processing file /opt/airflow/dags/manga_model_monitoring_dag.py for tasks to queue
[2025-10-03 16:37:06,845] {logging_mixin.py:115} INFO - [2025-10-03 16:37:06,845] {dagbag.py:507} INFO - Filling up the DagBag from /opt/airflow/dags/manga_model_monitoring_dag.py
[2025-10-03 16:37:08,564] {processor.py:651} INFO - DAG(s) dict_keys(['manga_model_monitoring_pipeline']) retrieved from /opt/airflow/dags/manga_model_monitoring_dag.py
[2025-10-03 16:37:08,582] {logging_mixin.py:115} INFO - [2025-10-03 16:37:08,581] {dag.py:2379} INFO - Sync 1 DAGs
[2025-10-03 16:37:08,606] {logging_mixin.py:115} INFO - [2025-10-03 16:37:08,606] {dag.py:2931} INFO - Setting next_dagrun for manga_model_monitoring_pipeline to 2025-10-03T00:00:00+00:00, run_after=2025-10-04T00:00:00+00:00
[2025-10-03 16:37:08,614] {processor.py:161} INFO - Processing /opt/airflow/dags/manga_model_monitoring_dag.py took 1.774 seconds
[2025-10-03 16:37:38,845] {processor.py:153} INFO - Started process (PID=789) to work on /opt/airflow/dags/manga_model_monitoring_dag.py
[2025-10-03 16:37:38,847] {processor.py:641} INFO - Processing file /opt/airflow/dags/manga_model_monitoring_dag.py for tasks to queue
[2025-10-03 16:37:38,848] {logging_mixin.py:115} INFO - [2025-10-03 16:37:38,848] {dagbag.py:507} INFO - Filling up the DagBag from /opt/airflow/dags/manga_model_monitoring_dag.py
[2025-10-03 16:37:39,700] {processor.py:651} INFO - DAG(s) dict_keys(['manga_model_monitoring_pipeline']) retrieved from /opt/airflow/dags/manga_model_monitoring_dag.py
[2025-10-03 16:37:39,709] {logging_mixin.py:115} INFO - [2025-10-03 16:37:39,709] {dag.py:2379} INFO - Sync 1 DAGs
[2025-10-03 16:37:39,717] {logging_mixin.py:115} INFO - [2025-10-03 16:37:39,717] {dag.py:2931} INFO - Setting next_dagrun for manga_model_monitoring_pipeline to 2025-10-03T00:00:00+00:00, run_after=2025-10-04T00:00:00+00:00
[2025-10-03 16:37:39,721] {processor.py:161} INFO - Processing /opt/airflow/dags/manga_model_monitoring_dag.py took 0.879 seconds
[2025-10-03 16:38:09,738] {processor.py:153} INFO - Started process (PID=803) to work on /opt/airflow/dags/manga_model_monitoring_dag.py
[2025-10-03 16:38:09,739] {processor.py:641} INFO - Processing file /opt/airflow/dags/manga_model_monitoring_dag.py for tasks to queue
[2025-10-03 16:38:09,739] {logging_mixin.py:115} INFO - [2025-10-03 16:38:09,739] {dagbag.py:507} INFO - Filling up the DagBag from /opt/airflow/dags/manga_model_monitoring_dag.py
[2025-10-03 16:38:10,414] {processor.py:651} INFO - DAG(s) dict_keys(['manga_model_monitoring_pipeline']) retrieved from /opt/airflow/dags/manga_model_monitoring_dag.py
[2025-10-03 16:38:10,421] {logging_mixin.py:115} INFO - [2025-10-03 16:38:10,421] {dag.py:2379} INFO - Sync 1 DAGs
[2025-10-03 16:38:10,428] {logging_mixin.py:115} INFO - [2025-10-03 16:38:10,428] {dag.py:2931} INFO - Setting next_dagrun for manga_model_monitoring_pipeline to 2025-10-03T00:00:00+00:00, run_after=2025-10-04T00:00:00+00:00
[2025-10-03 16:38:10,431] {processor.py:161} INFO - Processing /opt/airflow/dags/manga_model_monitoring_dag.py took 0.694 seconds
