[2025-09-25 10:54:04,098] {taskinstance.py:1159} INFO - Dependencies all met for <TaskInstance: manga_prediction_pipeline.data_ingestion manual__2025-09-25T10:54:00+00:00 [queued]>
[2025-09-25 10:54:04,101] {taskinstance.py:1159} INFO - Dependencies all met for <TaskInstance: manga_prediction_pipeline.data_ingestion manual__2025-09-25T10:54:00+00:00 [queued]>
[2025-09-25 10:54:04,101] {taskinstance.py:1356} INFO - 
--------------------------------------------------------------------------------
[2025-09-25 10:54:04,101] {taskinstance.py:1357} INFO - Starting attempt 1 of 1
[2025-09-25 10:54:04,101] {taskinstance.py:1358} INFO - 
--------------------------------------------------------------------------------
[2025-09-25 10:54:04,105] {taskinstance.py:1377} INFO - Executing <Task(PythonOperator): data_ingestion> on 2025-09-25 10:54:00+00:00
[2025-09-25 10:54:04,107] {standard_task_runner.py:52} INFO - Started process 1178 to run task
[2025-09-25 10:54:04,109] {standard_task_runner.py:79} INFO - Running: ['***', 'tasks', 'run', 'manga_prediction_pipeline', 'data_ingestion', 'manual__2025-09-25T10:54:00+00:00', '--job-id', '296', '--raw', '--subdir', 'DAGS_FOLDER/manga_prediction_pipeline.py', '--cfg-path', '/tmp/tmpqkpvnqp7', '--error-file', '/tmp/tmpqvflo3sh']
[2025-09-25 10:54:04,109] {standard_task_runner.py:80} INFO - Job 296: Subtask data_ingestion
[2025-09-25 10:54:04,125] {task_command.py:370} INFO - Running <TaskInstance: manga_prediction_pipeline.data_ingestion manual__2025-09-25T10:54:00+00:00 [running]> on host 19d9b7ffabd0
[2025-09-25 10:54:04,148] {taskinstance.py:1571} INFO - Exporting the following env vars:
AIRFLOW_CTX_DAG_OWNER=***
AIRFLOW_CTX_DAG_ID=manga_prediction_pipeline
AIRFLOW_CTX_TASK_ID=data_ingestion
AIRFLOW_CTX_EXECUTION_DATE=2025-09-25T10:54:00+00:00
AIRFLOW_CTX_TRY_NUMBER=1
AIRFLOW_CTX_DAG_RUN_ID=manual__2025-09-25T10:54:00+00:00
[2025-09-25 10:54:04,149] {logging_mixin.py:115} INFO - Reading data from /opt/***/data/manga.csv
[2025-09-25 10:54:04,474] {logging_mixin.py:115} INFO - Data read successfully. Shape: (66371, 26)
[2025-09-25 10:54:04,474] {logging_mixin.py:115} INFO - Attempting to connect to MariaDB at mariadb:3306/manga_db
[2025-09-25 10:54:04,498] {authentication.py:66} INFO - package: mysql.connector.plugins
[2025-09-25 10:54:04,498] {authentication.py:67} INFO - plugin_name: mysql_native_password
[2025-09-25 10:54:04,498] {authentication.py:71} INFO - AUTHENTICATION_PLUGIN_CLASS: MySQLNativePasswordAuthPlugin
[2025-09-25 10:54:04,501] {logging_mixin.py:115} INFO - Successfully connected to MariaDB.
[2025-09-25 10:54:04,501] {logging_mixin.py:115} INFO - Inserting into dim_manga_info...
[2025-09-25 10:54:32,354] {logging_mixin.py:115} INFO - dim_manga_info populated.
[2025-09-25 10:54:32,586] {logging_mixin.py:115} INFO - Inserting into dim_genres...
[2025-09-25 10:54:32,721] {logging_mixin.py:115} INFO - dim_genres populated.
[2025-09-25 10:54:32,722] {logging_mixin.py:115} INFO - Inserting into dim_authors...
[2025-09-25 10:54:32,814] {logging_mixin.py:115} INFO - dim_authors populated.
[2025-09-25 10:54:32,815] {logging_mixin.py:115} INFO - Inserting into dim_demographics...
[2025-09-25 10:54:32,926] {logging_mixin.py:115} INFO - dim_demographics populated.
[2025-09-25 10:54:32,927] {logging_mixin.py:115} INFO - Inserting into dim_serializations...
[2025-09-25 10:54:33,055] {logging_mixin.py:115} INFO - dim_serializations populated.
[2025-09-25 10:54:33,056] {logging_mixin.py:115} INFO - Inserting into fact_manga...
[2025-09-25 10:55:01,981] {logging_mixin.py:115} INFO - fact_manga populated.
[2025-09-25 10:55:01,981] {logging_mixin.py:115} INFO - Inserting into manga_secondary_genres...
[2025-09-25 10:55:03,002] {logging_mixin.py:115} INFO - manga_secondary_genres populated.
[2025-09-25 10:55:03,003] {logging_mixin.py:115} INFO - Data ingestion to MariaDB complete.
[2025-09-25 10:55:03,016] {python.py:173} INFO - Done. Returned value was: None
[2025-09-25 10:55:03,021] {taskinstance.py:1400} INFO - Marking task as SUCCESS. dag_id=manga_prediction_pipeline, task_id=data_ingestion, execution_date=20250925T105400, start_date=20250925T105404, end_date=20250925T105503
[2025-09-25 10:55:03,054] {local_task_job.py:156} INFO - Task exited with return code 0
[2025-09-25 10:55:03,066] {local_task_job.py:273} INFO - 1 downstream tasks scheduled from follow-on schedule check
