[2025-10-04 08:41:59,460] {taskinstance.py:1159} INFO - Dependencies all met for <TaskInstance: manga_prediction_pipeline.update_deployed_model_id manual__2025-10-04T08:40:43.661752+00:00 [queued]>
[2025-10-04 08:41:59,463] {taskinstance.py:1159} INFO - Dependencies all met for <TaskInstance: manga_prediction_pipeline.update_deployed_model_id manual__2025-10-04T08:40:43.661752+00:00 [queued]>
[2025-10-04 08:41:59,464] {taskinstance.py:1356} INFO - 
--------------------------------------------------------------------------------
[2025-10-04 08:41:59,464] {taskinstance.py:1357} INFO - Starting attempt 1 of 1
[2025-10-04 08:41:59,464] {taskinstance.py:1358} INFO - 
--------------------------------------------------------------------------------
[2025-10-04 08:41:59,468] {taskinstance.py:1377} INFO - Executing <Task(PythonOperator): update_deployed_model_id> on 2025-10-04 08:40:43.661752+00:00
[2025-10-04 08:41:59,471] {standard_task_runner.py:52} INFO - Started process 520 to run task
[2025-10-04 08:41:59,473] {standard_task_runner.py:79} INFO - Running: ['***', 'tasks', 'run', 'manga_prediction_pipeline', 'update_deployed_model_id', 'manual__2025-10-04T08:40:43.661752+00:00', '--job-id', '866', '--raw', '--subdir', 'DAGS_FOLDER/manga_prediction_pipeline.py', '--cfg-path', '/tmp/tmpaz8si2v6', '--error-file', '/tmp/tmpq5fhmxai']
[2025-10-04 08:41:59,473] {standard_task_runner.py:80} INFO - Job 866: Subtask update_deployed_model_id
[2025-10-04 08:41:59,492] {task_command.py:370} INFO - Running <TaskInstance: manga_prediction_pipeline.update_deployed_model_id manual__2025-10-04T08:40:43.661752+00:00 [running]> on host 43bde2c75940
[2025-10-04 08:41:59,516] {taskinstance.py:1571} INFO - Exporting the following env vars:
AIRFLOW_CTX_DAG_OWNER=***
AIRFLOW_CTX_DAG_ID=manga_prediction_pipeline
AIRFLOW_CTX_TASK_ID=update_deployed_model_id
AIRFLOW_CTX_EXECUTION_DATE=2025-10-04T08:40:43.661752+00:00
AIRFLOW_CTX_TRY_NUMBER=1
AIRFLOW_CTX_DAG_RUN_ID=manual__2025-10-04T08:40:43.661752+00:00
[2025-10-04 08:41:59,521] {logging_mixin.py:115} INFO - Updated latest_run_id.txt with run_id: 854d24b6b2c2420eb61a3fea06ef9fa3
[2025-10-04 08:41:59,521] {python.py:173} INFO - Done. Returned value was: None
[2025-10-04 08:41:59,525] {taskinstance.py:1400} INFO - Marking task as SUCCESS. dag_id=manga_prediction_pipeline, task_id=update_deployed_model_id, execution_date=20251004T084043, start_date=20251004T084159, end_date=20251004T084159
[2025-10-04 08:41:59,571] {local_task_job.py:156} INFO - Task exited with return code 0
[2025-10-04 08:41:59,586] {local_task_job.py:273} INFO - 1 downstream tasks scheduled from follow-on schedule check
