[2025-10-02 02:52:34,065] {taskinstance.py:1159} INFO - Dependencies all met for <TaskInstance: manga_prediction_pipeline.data_preprocessing manual__2025-10-02T02:51:33.170859+00:00 [queued]>
[2025-10-02 02:52:34,068] {taskinstance.py:1159} INFO - Dependencies all met for <TaskInstance: manga_prediction_pipeline.data_preprocessing manual__2025-10-02T02:51:33.170859+00:00 [queued]>
[2025-10-02 02:52:34,068] {taskinstance.py:1356} INFO - 
--------------------------------------------------------------------------------
[2025-10-02 02:52:34,068] {taskinstance.py:1357} INFO - Starting attempt 1 of 1
[2025-10-02 02:52:34,068] {taskinstance.py:1358} INFO - 
--------------------------------------------------------------------------------
[2025-10-02 02:52:34,073] {taskinstance.py:1377} INFO - Executing <Task(PythonOperator): data_preprocessing> on 2025-10-02 02:51:33.170859+00:00
[2025-10-02 02:52:34,075] {standard_task_runner.py:52} INFO - Started process 223 to run task
[2025-10-02 02:52:34,077] {standard_task_runner.py:79} INFO - Running: ['***', 'tasks', 'run', 'manga_prediction_pipeline', 'data_preprocessing', 'manual__2025-10-02T02:51:33.170859+00:00', '--job-id', '572', '--raw', '--subdir', 'DAGS_FOLDER/manga_prediction_pipeline.py', '--cfg-path', '/tmp/tmp0uml2s_n', '--error-file', '/tmp/tmpap_0_66s']
[2025-10-02 02:52:34,077] {standard_task_runner.py:80} INFO - Job 572: Subtask data_preprocessing
[2025-10-02 02:52:34,098] {task_command.py:370} INFO - Running <TaskInstance: manga_prediction_pipeline.data_preprocessing manual__2025-10-02T02:51:33.170859+00:00 [running]> on host 1166204b357a
[2025-10-02 02:52:34,122] {taskinstance.py:1571} INFO - Exporting the following env vars:
AIRFLOW_CTX_DAG_OWNER=***
AIRFLOW_CTX_DAG_ID=manga_prediction_pipeline
AIRFLOW_CTX_TASK_ID=data_preprocessing
AIRFLOW_CTX_EXECUTION_DATE=2025-10-02T02:51:33.170859+00:00
AIRFLOW_CTX_TRY_NUMBER=1
AIRFLOW_CTX_DAG_RUN_ID=manual__2025-10-02T02:51:33.170859+00:00
[2025-10-02 02:52:34,123] {logging_mixin.py:115} INFO - Connecting to MariaDB to read data...
[2025-10-02 02:52:34,123] {logging_mixin.py:115} INFO - Attempting to connect to MariaDB at mariadb:3306/manga_db
[2025-10-02 02:52:34,149] {authentication.py:66} INFO - package: mysql.connector.plugins
[2025-10-02 02:52:34,150] {authentication.py:67} INFO - plugin_name: mysql_native_password
[2025-10-02 02:52:34,150] {authentication.py:71} INFO - AUTHENTICATION_PLUGIN_CLASS: MySQLNativePasswordAuthPlugin
[2025-10-02 02:52:34,153] {logging_mixin.py:115} INFO - Successfully connected to MariaDB.
[2025-10-02 02:52:35,221] {logging_mixin.py:115} INFO - Data read successfully from MariaDB. Shape: (66371, 28)
[2025-10-02 02:52:35,242] {logging_mixin.py:115} INFO - Rows after dropping mal_id duplicates: (66371, 28)
[2025-10-02 02:52:35,242] {logging_mixin.py:115} INFO - Converting 'score' to numeric and dropping NaNs. Original rows: 66371
[2025-10-02 02:52:35,254] {logging_mixin.py:115} INFO - Rows after dropping missing scores: 21795
[2025-10-02 02:52:35,255] {logging_mixin.py:115} INFO - Data preprocessing complete.
[2025-10-02 02:52:35,256] {logging_mixin.py:115} INFO - Saving processed data to /opt/***/data/processed/manga_processed.parquet
[2025-10-02 02:52:35,343] {logging_mixin.py:115} INFO - Processed data saved successfully.
[2025-10-02 02:52:35,347] {python.py:173} INFO - Done. Returned value was: None
[2025-10-02 02:52:35,353] {taskinstance.py:1400} INFO - Marking task as SUCCESS. dag_id=manga_prediction_pipeline, task_id=data_preprocessing, execution_date=20251002T025133, start_date=20251002T025234, end_date=20251002T025235
[2025-10-02 02:52:35,392] {local_task_job.py:156} INFO - Task exited with return code 0
[2025-10-02 02:52:35,409] {local_task_job.py:273} INFO - 1 downstream tasks scheduled from follow-on schedule check
