[2025-10-05 01:59:16,825] {taskinstance.py:1159} INFO - Dependencies all met for <TaskInstance: manga_prediction_pipeline.restart_model_serving_service manual__2025-10-05T01:57:56.817078+00:00 [queued]>
[2025-10-05 01:59:16,828] {taskinstance.py:1159} INFO - Dependencies all met for <TaskInstance: manga_prediction_pipeline.restart_model_serving_service manual__2025-10-05T01:57:56.817078+00:00 [queued]>
[2025-10-05 01:59:16,829] {taskinstance.py:1356} INFO - 
--------------------------------------------------------------------------------
[2025-10-05 01:59:16,829] {taskinstance.py:1357} INFO - Starting attempt 1 of 1
[2025-10-05 01:59:16,829] {taskinstance.py:1358} INFO - 
--------------------------------------------------------------------------------
[2025-10-05 01:59:16,833] {taskinstance.py:1377} INFO - Executing <Task(PythonOperator): restart_model_serving_service> on 2025-10-05 01:57:56.817078+00:00
[2025-10-05 01:59:16,836] {standard_task_runner.py:52} INFO - Started process 312 to run task
[2025-10-05 01:59:16,838] {standard_task_runner.py:79} INFO - Running: ['***', 'tasks', 'run', 'manga_prediction_pipeline', 'restart_model_serving_service', 'manual__2025-10-05T01:57:56.817078+00:00', '--job-id', '940', '--raw', '--subdir', 'DAGS_FOLDER/manga_prediction_pipeline.py', '--cfg-path', '/tmp/tmp6bsu4bwg', '--error-file', '/tmp/tmp6rpon354']
[2025-10-05 01:59:16,839] {standard_task_runner.py:80} INFO - Job 940: Subtask restart_model_serving_service
[2025-10-05 01:59:16,859] {task_command.py:370} INFO - Running <TaskInstance: manga_prediction_pipeline.restart_model_serving_service manual__2025-10-05T01:57:56.817078+00:00 [running]> on host c93e58329bcf
[2025-10-05 01:59:16,883] {taskinstance.py:1571} INFO - Exporting the following env vars:
AIRFLOW_CTX_DAG_OWNER=***
AIRFLOW_CTX_DAG_ID=manga_prediction_pipeline
AIRFLOW_CTX_TASK_ID=restart_model_serving_service
AIRFLOW_CTX_EXECUTION_DATE=2025-10-05T01:57:56.817078+00:00
AIRFLOW_CTX_TRY_NUMBER=1
AIRFLOW_CTX_DAG_RUN_ID=manual__2025-10-05T01:57:56.817078+00:00
[2025-10-05 01:59:17,510] {logging_mixin.py:115} INFO - FastAPI app container restarted successfully.
[2025-10-05 01:59:17,511] {python.py:173} INFO - Done. Returned value was: None
[2025-10-05 01:59:17,519] {taskinstance.py:1400} INFO - Marking task as SUCCESS. dag_id=manga_prediction_pipeline, task_id=restart_model_serving_service, execution_date=20251005T015756, start_date=20251005T015916, end_date=20251005T015917
[2025-10-05 01:59:17,562] {local_task_job.py:156} INFO - Task exited with return code 0
[2025-10-05 01:59:17,584] {local_task_job.py:273} INFO - 1 downstream tasks scheduled from follow-on schedule check
