[2025-10-06 14:11:34,107] {taskinstance.py:1159} INFO - Dependencies all met for <TaskInstance: manga_prediction_pipeline.start_pipeline manual__2025-10-06T14:11:31+00:00 [queued]>
[2025-10-06 14:11:34,111] {taskinstance.py:1159} INFO - Dependencies all met for <TaskInstance: manga_prediction_pipeline.start_pipeline manual__2025-10-06T14:11:31+00:00 [queued]>
[2025-10-06 14:11:34,111] {taskinstance.py:1356} INFO - 
--------------------------------------------------------------------------------
[2025-10-06 14:11:34,111] {taskinstance.py:1357} INFO - Starting attempt 1 of 1
[2025-10-06 14:11:34,111] {taskinstance.py:1358} INFO - 
--------------------------------------------------------------------------------
[2025-10-06 14:11:34,116] {taskinstance.py:1377} INFO - Executing <Task(PythonOperator): start_pipeline> on 2025-10-06 14:11:31+00:00
[2025-10-06 14:11:34,122] {standard_task_runner.py:52} INFO - Started process 180 to run task
[2025-10-06 14:11:34,128] {standard_task_runner.py:79} INFO - Running: ['***', 'tasks', 'run', 'manga_prediction_pipeline', 'start_pipeline', 'manual__2025-10-06T14:11:31+00:00', '--job-id', '944', '--raw', '--subdir', 'DAGS_FOLDER/manga_prediction_pipeline.py', '--cfg-path', '/tmp/tmpe9g83fpf', '--error-file', '/tmp/tmpxf5fv9tq']
[2025-10-06 14:11:34,129] {standard_task_runner.py:80} INFO - Job 944: Subtask start_pipeline
[2025-10-06 14:11:34,182] {task_command.py:370} INFO - Running <TaskInstance: manga_prediction_pipeline.start_pipeline manual__2025-10-06T14:11:31+00:00 [running]> on host 0e51c00ae6d4
[2025-10-06 14:11:34,226] {taskinstance.py:1571} INFO - Exporting the following env vars:
AIRFLOW_CTX_DAG_OWNER=***
AIRFLOW_CTX_DAG_ID=manga_prediction_pipeline
AIRFLOW_CTX_TASK_ID=start_pipeline
AIRFLOW_CTX_EXECUTION_DATE=2025-10-06T14:11:31+00:00
AIRFLOW_CTX_TRY_NUMBER=1
AIRFLOW_CTX_DAG_RUN_ID=manual__2025-10-06T14:11:31+00:00
[2025-10-06 14:11:34,228] {logging_mixin.py:115} INFO - Pipeline started!
[2025-10-06 14:11:34,228] {python.py:173} INFO - Done. Returned value was: None
[2025-10-06 14:11:34,233] {taskinstance.py:1400} INFO - Marking task as SUCCESS. dag_id=manga_prediction_pipeline, task_id=start_pipeline, execution_date=20251006T141131, start_date=20251006T141134, end_date=20251006T141134
[2025-10-06 14:11:34,269] {local_task_job.py:156} INFO - Task exited with return code 0
[2025-10-06 14:11:34,318] {local_task_job.py:273} INFO - 1 downstream tasks scheduled from follow-on schedule check
