[2025-09-25 08:06:59,972] {taskinstance.py:1159} INFO - Dependencies all met for <TaskInstance: manga_prediction_pipeline.end_pipeline manual__2025-09-25T08:06:48.459957+00:00 [queued]>
[2025-09-25 08:06:59,975] {taskinstance.py:1159} INFO - Dependencies all met for <TaskInstance: manga_prediction_pipeline.end_pipeline manual__2025-09-25T08:06:48.459957+00:00 [queued]>
[2025-09-25 08:06:59,975] {taskinstance.py:1356} INFO - 
--------------------------------------------------------------------------------
[2025-09-25 08:06:59,975] {taskinstance.py:1357} INFO - Starting attempt 1 of 1
[2025-09-25 08:06:59,975] {taskinstance.py:1358} INFO - 
--------------------------------------------------------------------------------
[2025-09-25 08:06:59,980] {taskinstance.py:1377} INFO - Executing <Task(PythonOperator): end_pipeline> on 2025-09-25 08:06:48.459957+00:00
[2025-09-25 08:06:59,983] {standard_task_runner.py:52} INFO - Started process 992 to run task
[2025-09-25 08:06:59,984] {standard_task_runner.py:79} INFO - Running: ['***', 'tasks', 'run', 'manga_prediction_pipeline', 'end_pipeline', 'manual__2025-09-25T08:06:48.459957+00:00', '--job-id', '158', '--raw', '--subdir', 'DAGS_FOLDER/manga_prediction_pipeline.py', '--cfg-path', '/tmp/tmpe37ombu9', '--error-file', '/tmp/tmpfhjskvy8']
[2025-09-25 08:06:59,985] {standard_task_runner.py:80} INFO - Job 158: Subtask end_pipeline
[2025-09-25 08:07:00,003] {task_command.py:370} INFO - Running <TaskInstance: manga_prediction_pipeline.end_pipeline manual__2025-09-25T08:06:48.459957+00:00 [running]> on host 240518fe472e
[2025-09-25 08:07:00,028] {taskinstance.py:1571} INFO - Exporting the following env vars:
AIRFLOW_CTX_DAG_OWNER=***
AIRFLOW_CTX_DAG_ID=manga_prediction_pipeline
AIRFLOW_CTX_TASK_ID=end_pipeline
AIRFLOW_CTX_EXECUTION_DATE=2025-09-25T08:06:48.459957+00:00
AIRFLOW_CTX_TRY_NUMBER=1
AIRFLOW_CTX_DAG_RUN_ID=manual__2025-09-25T08:06:48.459957+00:00
[2025-09-25 08:07:00,029] {logging_mixin.py:115} INFO - Pipeline finished!
[2025-09-25 08:07:00,029] {python.py:173} INFO - Done. Returned value was: None
[2025-09-25 08:07:00,032] {taskinstance.py:1400} INFO - Marking task as SUCCESS. dag_id=manga_prediction_pipeline, task_id=end_pipeline, execution_date=20250925T080648, start_date=20250925T080659, end_date=20250925T080700
[2025-09-25 08:07:00,042] {local_task_job.py:156} INFO - Task exited with return code 0
[2025-09-25 08:07:00,058] {local_task_job.py:273} INFO - 0 downstream tasks scheduled from follow-on schedule check
