[2025-10-03 18:31:09,737] {taskinstance.py:1159} INFO - Dependencies all met for <TaskInstance: manga_prediction_pipeline.restart_fastapi_app manual__2025-10-03T18:29:52.793050+00:00 [queued]>
[2025-10-03 18:31:09,740] {taskinstance.py:1159} INFO - Dependencies all met for <TaskInstance: manga_prediction_pipeline.restart_fastapi_app manual__2025-10-03T18:29:52.793050+00:00 [queued]>
[2025-10-03 18:31:09,741] {taskinstance.py:1356} INFO - 
--------------------------------------------------------------------------------
[2025-10-03 18:31:09,741] {taskinstance.py:1357} INFO - Starting attempt 1 of 1
[2025-10-03 18:31:09,741] {taskinstance.py:1358} INFO - 
--------------------------------------------------------------------------------
[2025-10-03 18:31:09,745] {taskinstance.py:1377} INFO - Executing <Task(BashOperator): restart_fastapi_app> on 2025-10-03 18:29:52.793050+00:00
[2025-10-03 18:31:09,748] {standard_task_runner.py:52} INFO - Started process 314 to run task
[2025-10-03 18:31:09,750] {standard_task_runner.py:79} INFO - Running: ['***', 'tasks', 'run', 'manga_prediction_pipeline', 'restart_fastapi_app', 'manual__2025-10-03T18:29:52.793050+00:00', '--job-id', '789', '--raw', '--subdir', 'DAGS_FOLDER/manga_prediction_pipeline.py', '--cfg-path', '/tmp/tmpm_av2g7a', '--error-file', '/tmp/tmpg66jn9t5']
[2025-10-03 18:31:09,750] {standard_task_runner.py:80} INFO - Job 789: Subtask restart_fastapi_app
[2025-10-03 18:31:09,771] {task_command.py:370} INFO - Running <TaskInstance: manga_prediction_pipeline.restart_fastapi_app manual__2025-10-03T18:29:52.793050+00:00 [running]> on host 225c49a38666
[2025-10-03 18:31:09,795] {taskinstance.py:1571} INFO - Exporting the following env vars:
AIRFLOW_CTX_DAG_OWNER=***
AIRFLOW_CTX_DAG_ID=manga_prediction_pipeline
AIRFLOW_CTX_TASK_ID=restart_fastapi_app
AIRFLOW_CTX_EXECUTION_DATE=2025-10-03T18:29:52.793050+00:00
AIRFLOW_CTX_TRY_NUMBER=1
AIRFLOW_CTX_DAG_RUN_ID=manual__2025-10-03T18:29:52.793050+00:00
[2025-10-03 18:31:09,796] {subprocess.py:62} INFO - Tmp dir root location: 
 /tmp
[2025-10-03 18:31:09,796] {subprocess.py:74} INFO - Running command: ['bash', '-c', 'docker-compose -f /opt/***/docker-compose.yml restart fastapi_app']
[2025-10-03 18:31:09,801] {subprocess.py:85} INFO - Output:
[2025-10-03 18:31:09,806] {subprocess.py:92} INFO - bash: line 1: docker-compose: command not found
[2025-10-03 18:31:09,806] {subprocess.py:96} INFO - Command exited with return code 127
[2025-10-03 18:31:09,812] {taskinstance.py:1889} ERROR - Task failed with exception
Traceback (most recent call last):
  File "/home/airflow/.local/lib/python3.7/site-packages/airflow/operators/bash.py", line 195, in execute
    f'Bash command failed. The command returned a non-zero exit code {result.exit_code}.'
airflow.exceptions.AirflowException: Bash command failed. The command returned a non-zero exit code 127.
[2025-10-03 18:31:09,813] {taskinstance.py:1400} INFO - Marking task as FAILED. dag_id=manga_prediction_pipeline, task_id=restart_fastapi_app, execution_date=20251003T182952, start_date=20251003T183109, end_date=20251003T183109
[2025-10-03 18:31:09,818] {standard_task_runner.py:97} ERROR - Failed to execute job 789 for task restart_fastapi_app (Bash command failed. The command returned a non-zero exit code 127.; 314)
[2025-10-03 18:31:09,850] {local_task_job.py:156} INFO - Task exited with return code 1
[2025-10-03 18:31:09,865] {local_task_job.py:273} INFO - 0 downstream tasks scheduled from follow-on schedule check
