[2025-09-25 03:24:41,868] {taskinstance.py:1159} INFO - Dependencies all met for <TaskInstance: manga_prediction_pipeline.model_training manual__2025-09-25T03:20:27.892288+00:00 [queued]>
[2025-09-25 03:24:41,872] {taskinstance.py:1159} INFO - Dependencies all met for <TaskInstance: manga_prediction_pipeline.model_training manual__2025-09-25T03:20:27.892288+00:00 [queued]>
[2025-09-25 03:24:41,872] {taskinstance.py:1356} INFO - 
--------------------------------------------------------------------------------
[2025-09-25 03:24:41,872] {taskinstance.py:1357} INFO - Starting attempt 3 of 3
[2025-09-25 03:24:41,872] {taskinstance.py:1358} INFO - 
--------------------------------------------------------------------------------
[2025-09-25 03:24:41,876] {taskinstance.py:1377} INFO - Executing <Task(PythonOperator): model_training> on 2025-09-25 03:20:27.892288+00:00
[2025-09-25 03:24:41,878] {standard_task_runner.py:52} INFO - Started process 623 to run task
[2025-09-25 03:24:41,880] {standard_task_runner.py:79} INFO - Running: ['***', 'tasks', 'run', 'manga_prediction_pipeline', 'model_training', 'manual__2025-09-25T03:20:27.892288+00:00', '--job-id', '102', '--raw', '--subdir', 'DAGS_FOLDER/manga_prediction_pipeline.py', '--cfg-path', '/tmp/tmpokqo68r7', '--error-file', '/tmp/tmpmbucgzse']
[2025-09-25 03:24:41,880] {standard_task_runner.py:80} INFO - Job 102: Subtask model_training
[2025-09-25 03:24:41,897] {task_command.py:370} INFO - Running <TaskInstance: manga_prediction_pipeline.model_training manual__2025-09-25T03:20:27.892288+00:00 [running]> on host ecdfdfa377e2
[2025-09-25 03:24:41,918] {taskinstance.py:1571} INFO - Exporting the following env vars:
AIRFLOW_CTX_DAG_OWNER=***
AIRFLOW_CTX_DAG_ID=manga_prediction_pipeline
AIRFLOW_CTX_TASK_ID=model_training
AIRFLOW_CTX_EXECUTION_DATE=2025-09-25T03:20:27.892288+00:00
AIRFLOW_CTX_TRY_NUMBER=3
AIRFLOW_CTX_DAG_RUN_ID=manual__2025-09-25T03:20:27.892288+00:00
[2025-09-25 03:24:41,919] {logging_mixin.py:115} INFO - Reading feature-engineered data from /opt/***/data/features/manga_features.parquet
[2025-09-25 03:24:41,952] {logging_mixin.py:115} INFO - Feature-engineered data read successfully. Shape: (15636, 30)
[2025-09-25 03:24:41,953] {logging_mixin.py:115} INFO - Splitting data into training and testing sets...
[2025-09-25 03:24:41,954] {logging_mixin.py:115} INFO - X_train shape: (12508, 11), X_test shape: (3128, 11)
[2025-09-25 03:24:41,971] {logging_mixin.py:115} WARNING - 2025/09/25 03:24:41 WARNING mlflow.utils.git_utils: Failed to import Git (the Git executable is probably not on your PATH), so Git SHA is not available. Error: Failed to initialize: Bad git executable.
The git executable must be specified in one of the following ways:
    - be included in your $PATH
    - be set via $GIT_PYTHON_GIT_EXECUTABLE
    - explicitly set via git.refresh(<full-path-to-git-executable>)

All git commands will error until this is rectified.

This initial message can be silenced or aggravated in the future by setting the
$GIT_PYTHON_REFRESH environment variable. Use one of the following values:
    - quiet|q|silence|s|silent|none|n|0: for no message or exception
    - warn|w|warning|log|l|1: for a warning message (logging level CRITICAL, displayed by default)
    - error|e|exception|raise|r|2: for a raised exception

Example:
    export GIT_PYTHON_REFRESH=quiet
[2025-09-25 03:24:42,001] {logging_mixin.py:115} INFO - Training Random Forest Regressor model...
[2025-09-25 03:24:44,427] {logging_mixin.py:115} INFO - Model training complete.
[2025-09-25 03:24:44,467] {logging_mixin.py:115} INFO - MAE: 0.2501
[2025-09-25 03:24:44,467] {logging_mixin.py:115} INFO - MSE: 0.1081
[2025-09-25 03:24:44,467] {logging_mixin.py:115} INFO - RMSE: 0.3288
[2025-09-25 03:24:44,467] {logging_mixin.py:115} INFO - R2 Score: 0.5307
[2025-09-25 03:24:45,412] {taskinstance.py:1889} ERROR - Task failed with exception
Traceback (most recent call last):
  File "/home/airflow/.local/lib/python3.7/site-packages/airflow/operators/python.py", line 171, in execute
    return_value = self.execute_callable()
  File "/home/airflow/.local/lib/python3.7/site-packages/airflow/operators/python.py", line 189, in execute_callable
    return self.python_callable(*self.op_args, **self.op_kwargs)
  File "/opt/airflow/src/model_training.py", line 72, in model_training
    mlflow.sklearn.log_model(model, "random_forest_model")
  File "/home/airflow/.local/lib/python3.7/site-packages/mlflow/sklearn/__init__.py", line 420, in log_model
    pyfunc_predict_fn=pyfunc_predict_fn,
  File "/home/airflow/.local/lib/python3.7/site-packages/mlflow/models/model.py", line 374, in log
    mlflow.tracking.fluent.log_artifacts(local_path, mlflow_model.artifact_path)
  File "/home/airflow/.local/lib/python3.7/site-packages/mlflow/tracking/fluent.py", line 813, in log_artifacts
    MlflowClient().log_artifacts(run_id, local_dir, artifact_path)
  File "/home/airflow/.local/lib/python3.7/site-packages/mlflow/tracking/client.py", line 1182, in log_artifacts
    self._tracking_client.log_artifacts(run_id, local_dir, artifact_path)
  File "/home/airflow/.local/lib/python3.7/site-packages/mlflow/tracking/_tracking_service/client.py", line 469, in log_artifacts
    self._get_artifact_repo(run_id).log_artifacts(local_dir, artifact_path)
  File "/home/airflow/.local/lib/python3.7/site-packages/mlflow/store/artifact/local_artifact_repo.py", line 57, in log_artifacts
    mkdir(artifact_dir)
  File "/home/airflow/.local/lib/python3.7/site-packages/mlflow/utils/file_utils.py", line 121, in mkdir
    raise e
  File "/home/airflow/.local/lib/python3.7/site-packages/mlflow/utils/file_utils.py", line 118, in mkdir
    os.makedirs(target)
  File "/usr/local/lib/python3.7/os.py", line 213, in makedirs
    makedirs(head, exist_ok=exist_ok)
  File "/usr/local/lib/python3.7/os.py", line 213, in makedirs
    makedirs(head, exist_ok=exist_ok)
  File "/usr/local/lib/python3.7/os.py", line 213, in makedirs
    makedirs(head, exist_ok=exist_ok)
  [Previous line repeated 2 more times]
  File "/usr/local/lib/python3.7/os.py", line 223, in makedirs
    mkdir(name, mode)
PermissionError: [Errno 13] Permission denied: '/mlflow_data'
[2025-09-25 03:24:45,416] {taskinstance.py:1400} INFO - Marking task as FAILED. dag_id=manga_prediction_pipeline, task_id=model_training, execution_date=20250925T032027, start_date=20250925T032441, end_date=20250925T032445
[2025-09-25 03:24:45,420] {standard_task_runner.py:97} ERROR - Failed to execute job 102 for task model_training ([Errno 13] Permission denied: '/mlflow_data'; 623)
[2025-09-25 03:24:45,470] {local_task_job.py:156} INFO - Task exited with return code 1
[2025-09-25 03:24:45,485] {local_task_job.py:273} INFO - 0 downstream tasks scheduled from follow-on schedule check
