[2025-10-03 17:32:45,139] {taskinstance.py:1159} INFO - Dependencies all met for <TaskInstance: manga_prediction_pipeline.model_monitoring manual__2025-10-03T17:31:30.193156+00:00 [queued]>
[2025-10-03 17:32:45,142] {taskinstance.py:1159} INFO - Dependencies all met for <TaskInstance: manga_prediction_pipeline.model_monitoring manual__2025-10-03T17:31:30.193156+00:00 [queued]>
[2025-10-03 17:32:45,142] {taskinstance.py:1356} INFO - 
--------------------------------------------------------------------------------
[2025-10-03 17:32:45,142] {taskinstance.py:1357} INFO - Starting attempt 1 of 1
[2025-10-03 17:32:45,142] {taskinstance.py:1358} INFO - 
--------------------------------------------------------------------------------
[2025-10-03 17:32:45,147] {taskinstance.py:1377} INFO - Executing <Task(PythonOperator): model_monitoring> on 2025-10-03 17:31:30.193156+00:00
[2025-10-03 17:32:45,150] {standard_task_runner.py:52} INFO - Started process 322 to run task
[2025-10-03 17:32:45,152] {standard_task_runner.py:79} INFO - Running: ['***', 'tasks', 'run', 'manga_prediction_pipeline', 'model_monitoring', 'manual__2025-10-03T17:31:30.193156+00:00', '--job-id', '694', '--raw', '--subdir', 'DAGS_FOLDER/manga_prediction_pipeline.py', '--cfg-path', '/tmp/tmpqvj_xa62', '--error-file', '/tmp/tmps97ldmy4']
[2025-10-03 17:32:45,152] {standard_task_runner.py:80} INFO - Job 694: Subtask model_monitoring
[2025-10-03 17:32:45,180] {task_command.py:370} INFO - Running <TaskInstance: manga_prediction_pipeline.model_monitoring manual__2025-10-03T17:31:30.193156+00:00 [running]> on host cf83575c274c
[2025-10-03 17:32:45,205] {taskinstance.py:1571} INFO - Exporting the following env vars:
AIRFLOW_CTX_DAG_OWNER=***
AIRFLOW_CTX_DAG_ID=manga_prediction_pipeline
AIRFLOW_CTX_TASK_ID=model_monitoring
AIRFLOW_CTX_EXECUTION_DATE=2025-10-03T17:31:30.193156+00:00
AIRFLOW_CTX_TRY_NUMBER=1
AIRFLOW_CTX_DAG_RUN_ID=manual__2025-10-03T17:31:30.193156+00:00
[2025-10-03 17:32:45,205] {model_monitoring.py:26} INFO - Loading processed data from /opt/***/data/processed/manga_processed.parquet for monitoring.
[2025-10-03 17:32:45,254] {model_monitoring.py:28} INFO - Processed data loaded. Shape: (21795, 28)
[2025-10-03 17:32:45,279] {model_monitoring.py:49} INFO - NaNs in production_data['score'] before prediction: 0
[2025-10-03 17:32:45,279] {model_monitoring.py:50} INFO - Shape of production_data before prediction: (10897, 28)
[2025-10-03 17:34:04,421] {model_monitoring.py:64} INFO - Data Drift Report saved to /opt/***/data/monitoring_reports/data_drift_report.html
[2025-10-03 17:34:04,422] {model_monitoring.py:68} INFO - Fetching predictions from FastAPI app...
[2025-10-03 17:34:34,051] {taskinstance.py:1889} ERROR - Task failed with exception
Traceback (most recent call last):
  File "/home/airflow/.local/lib/python3.7/site-packages/airflow/operators/python.py", line 171, in execute
    return_value = self.execute_callable()
  File "/home/airflow/.local/lib/python3.7/site-packages/airflow/operators/python.py", line 189, in execute_callable
    return self.python_callable(*self.op_args, **self.op_kwargs)
  File "/opt/airflow/dags/manga_prediction_pipeline.py", line 41, in _run_model_monitoring
    run_model_monitoring()
  File "/opt/airflow/src/model_monitoring.py", line 127, in run_model_monitoring
    column_mapping=regression_column_mapping)
  File "/home/airflow/.local/lib/python3.7/site-packages/evidently/report/report.py", line 99, in run
    column_mapping,
  File "/home/airflow/.local/lib/python3.7/site-packages/evidently/calculation_engine/python_engine.py", line 45, in get_data_definition
    return create_data_definition(reference_data, current_data, column_mapping)
  File "/home/airflow/.local/lib/python3.7/site-packages/evidently/utils/data_preprocessing.py", line 331, in create_data_definition
    mapping,
  File "/home/airflow/.local/lib/python3.7/site-packages/evidently/utils/data_preprocessing.py", line 199, in _prediction_column
    raise ValueError(f"Prediction column ({prediction}) is partially present in data")
ValueError: Prediction column (prediction) is partially present in data
[2025-10-03 17:34:34,058] {taskinstance.py:1400} INFO - Marking task as FAILED. dag_id=manga_prediction_pipeline, task_id=model_monitoring, execution_date=20251003T173130, start_date=20251003T173245, end_date=20251003T173434
[2025-10-03 17:34:34,063] {standard_task_runner.py:97} ERROR - Failed to execute job 694 for task model_monitoring (Prediction column (prediction) is partially present in data; 322)
[2025-10-03 17:34:34,112] {local_task_job.py:156} INFO - Task exited with return code 1
[2025-10-03 17:34:34,129] {local_task_job.py:273} INFO - 0 downstream tasks scheduled from follow-on schedule check
