[2025-10-06 14:15:58,827] {taskinstance.py:1159} INFO - Dependencies all met for <TaskInstance: manga_prediction_pipeline.model_monitoring manual__2025-10-06T14:14:39+00:00 [queued]>
[2025-10-06 14:15:58,831] {taskinstance.py:1159} INFO - Dependencies all met for <TaskInstance: manga_prediction_pipeline.model_monitoring manual__2025-10-06T14:14:39+00:00 [queued]>
[2025-10-06 14:15:58,831] {taskinstance.py:1356} INFO - 
--------------------------------------------------------------------------------
[2025-10-06 14:15:58,831] {taskinstance.py:1357} INFO - Starting attempt 1 of 1
[2025-10-06 14:15:58,831] {taskinstance.py:1358} INFO - 
--------------------------------------------------------------------------------
[2025-10-06 14:15:58,836] {taskinstance.py:1377} INFO - Executing <Task(PythonOperator): model_monitoring> on 2025-10-06 14:14:39+00:00
[2025-10-06 14:15:58,842] {standard_task_runner.py:52} INFO - Started process 477 to run task
[2025-10-06 14:15:58,846] {standard_task_runner.py:79} INFO - Running: ['***', 'tasks', 'run', 'manga_prediction_pipeline', 'model_monitoring', 'manual__2025-10-06T14:14:39+00:00', '--job-id', '966', '--raw', '--subdir', 'DAGS_FOLDER/manga_prediction_pipeline.py', '--cfg-path', '/tmp/tmpa4jyxged', '--error-file', '/tmp/tmpox1276c1']
[2025-10-06 14:15:58,847] {standard_task_runner.py:80} INFO - Job 966: Subtask model_monitoring
[2025-10-06 14:15:58,869] {task_command.py:370} INFO - Running <TaskInstance: manga_prediction_pipeline.model_monitoring manual__2025-10-06T14:14:39+00:00 [running]> on host 0e51c00ae6d4
[2025-10-06 14:15:58,896] {taskinstance.py:1571} INFO - Exporting the following env vars:
AIRFLOW_CTX_DAG_OWNER=***
AIRFLOW_CTX_DAG_ID=manga_prediction_pipeline
AIRFLOW_CTX_TASK_ID=model_monitoring
AIRFLOW_CTX_EXECUTION_DATE=2025-10-06T14:14:39+00:00
AIRFLOW_CTX_TRY_NUMBER=1
AIRFLOW_CTX_DAG_RUN_ID=manual__2025-10-06T14:14:39+00:00
[2025-10-06 14:15:58,897] {model_monitoring.py:26} INFO - Loading processed data from /opt/***/data/processed/manga_processed.parquet for monitoring.
[2025-10-06 14:15:58,967] {model_monitoring.py:28} INFO - Processed data loaded. Shape: (21795, 28)
[2025-10-06 14:15:58,998] {model_monitoring.py:49} INFO - NaNs in production_data['score'] before prediction: 0
[2025-10-06 14:15:58,998] {model_monitoring.py:50} INFO - Shape of production_data before prediction: (10897, 28)
[2025-10-06 14:15:59,001] {model_monitoring.py:61} INFO - Running data drift report...
[2025-10-06 14:17:15,939] {model_monitoring.py:63} INFO - Data drift report run complete.
[2025-10-06 14:17:18,026] {model_monitoring.py:66} INFO - Data Drift Report saved to /opt/***/data/monitoring_reports/data_drift_report.html
[2025-10-06 14:17:18,029] {python.py:173} INFO - Done. Returned value was: None
[2025-10-06 14:17:18,053] {taskinstance.py:1400} INFO - Marking task as SUCCESS. dag_id=manga_prediction_pipeline, task_id=model_monitoring, execution_date=20251006T141439, start_date=20251006T141558, end_date=20251006T141718
[2025-10-06 14:17:18,099] {local_task_job.py:156} INFO - Task exited with return code 0
[2025-10-06 14:17:18,122] {local_task_job.py:273} INFO - 1 downstream tasks scheduled from follow-on schedule check
