[2025-10-04 07:53:08,683] {taskinstance.py:1159} INFO - Dependencies all met for <TaskInstance: manga_prediction_pipeline.data_ingestion manual__2025-10-04T07:53:05.406743+00:00 [queued]>
[2025-10-04 07:53:08,686] {taskinstance.py:1159} INFO - Dependencies all met for <TaskInstance: manga_prediction_pipeline.data_ingestion manual__2025-10-04T07:53:05.406743+00:00 [queued]>
[2025-10-04 07:53:08,686] {taskinstance.py:1356} INFO - 
--------------------------------------------------------------------------------
[2025-10-04 07:53:08,686] {taskinstance.py:1357} INFO - Starting attempt 1 of 1
[2025-10-04 07:53:08,686] {taskinstance.py:1358} INFO - 
--------------------------------------------------------------------------------
[2025-10-04 07:53:08,690] {taskinstance.py:1377} INFO - Executing <Task(PythonOperator): data_ingestion> on 2025-10-04 07:53:05.406743+00:00
[2025-10-04 07:53:08,694] {standard_task_runner.py:52} INFO - Started process 186 to run task
[2025-10-04 07:53:08,695] {standard_task_runner.py:79} INFO - Running: ['***', 'tasks', 'run', 'manga_prediction_pipeline', 'data_ingestion', 'manual__2025-10-04T07:53:05.406743+00:00', '--job-id', '848', '--raw', '--subdir', 'DAGS_FOLDER/manga_prediction_pipeline.py', '--cfg-path', '/tmp/tmpmpoo7x69', '--error-file', '/tmp/tmp_5qov1x6']
[2025-10-04 07:53:08,696] {standard_task_runner.py:80} INFO - Job 848: Subtask data_ingestion
[2025-10-04 07:53:08,726] {task_command.py:370} INFO - Running <TaskInstance: manga_prediction_pipeline.data_ingestion manual__2025-10-04T07:53:05.406743+00:00 [running]> on host 43bde2c75940
[2025-10-04 07:53:08,761] {taskinstance.py:1571} INFO - Exporting the following env vars:
AIRFLOW_CTX_DAG_OWNER=***
AIRFLOW_CTX_DAG_ID=manga_prediction_pipeline
AIRFLOW_CTX_TASK_ID=data_ingestion
AIRFLOW_CTX_EXECUTION_DATE=2025-10-04T07:53:05.406743+00:00
AIRFLOW_CTX_TRY_NUMBER=1
AIRFLOW_CTX_DAG_RUN_ID=manual__2025-10-04T07:53:05.406743+00:00
[2025-10-04 07:53:08,762] {logging_mixin.py:115} INFO - Reading data from /opt/***/data/manga.csv
[2025-10-04 07:53:09,171] {logging_mixin.py:115} INFO - Data read successfully. Shape: (66371, 26)
[2025-10-04 07:53:09,172] {logging_mixin.py:115} INFO - Attempting to connect to MariaDB at mariadb:3306/manga_db
[2025-10-04 07:53:09,196] {authentication.py:66} INFO - package: mysql.connector.plugins
[2025-10-04 07:53:09,196] {authentication.py:67} INFO - plugin_name: mysql_native_password
[2025-10-04 07:53:09,196] {authentication.py:71} INFO - AUTHENTICATION_PLUGIN_CLASS: MySQLNativePasswordAuthPlugin
[2025-10-04 07:53:09,199] {logging_mixin.py:115} INFO - Successfully connected to MariaDB.
[2025-10-04 07:53:09,199] {logging_mixin.py:115} INFO - Inserting into dim_manga_info...
[2025-10-04 07:53:37,462] {logging_mixin.py:115} INFO - dim_manga_info populated.
[2025-10-04 07:53:37,695] {logging_mixin.py:115} INFO - Inserting into dim_genres...
[2025-10-04 07:53:37,841] {logging_mixin.py:115} INFO - dim_genres populated.
[2025-10-04 07:53:37,843] {logging_mixin.py:115} INFO - Inserting into dim_authors...
[2025-10-04 07:53:37,934] {logging_mixin.py:115} INFO - dim_authors populated.
[2025-10-04 07:53:37,935] {logging_mixin.py:115} INFO - Inserting into dim_demographics...
[2025-10-04 07:53:38,059] {logging_mixin.py:115} INFO - dim_demographics populated.
[2025-10-04 07:53:38,061] {logging_mixin.py:115} INFO - Inserting into dim_serializations...
[2025-10-04 07:53:38,147] {logging_mixin.py:115} INFO - dim_serializations populated.
[2025-10-04 07:53:38,147] {logging_mixin.py:115} INFO - Inserting into fact_manga...
[2025-10-04 07:54:03,762] {logging_mixin.py:115} INFO - fact_manga populated.
[2025-10-04 07:54:03,763] {logging_mixin.py:115} INFO - Inserting into manga_secondary_genres...
[2025-10-04 07:54:04,795] {logging_mixin.py:115} INFO - manga_secondary_genres populated.
[2025-10-04 07:54:04,795] {logging_mixin.py:115} INFO - Data ingestion to MariaDB complete.
[2025-10-04 07:54:04,809] {python.py:173} INFO - Done. Returned value was: None
[2025-10-04 07:54:04,814] {taskinstance.py:1400} INFO - Marking task as SUCCESS. dag_id=manga_prediction_pipeline, task_id=data_ingestion, execution_date=20251004T075305, start_date=20251004T075308, end_date=20251004T075404
[2025-10-04 07:54:04,837] {local_task_job.py:156} INFO - Task exited with return code 0
[2025-10-04 07:54:04,850] {local_task_job.py:273} INFO - 1 downstream tasks scheduled from follow-on schedule check
