[2025-10-01 18:58:33,370] {taskinstance.py:1159} INFO - Dependencies all met for <TaskInstance: manga_prediction_pipeline.data_ingestion manual__2025-10-01T18:58:29.301737+00:00 [queued]>
[2025-10-01 18:58:33,373] {taskinstance.py:1159} INFO - Dependencies all met for <TaskInstance: manga_prediction_pipeline.data_ingestion manual__2025-10-01T18:58:29.301737+00:00 [queued]>
[2025-10-01 18:58:33,373] {taskinstance.py:1356} INFO - 
--------------------------------------------------------------------------------
[2025-10-01 18:58:33,373] {taskinstance.py:1357} INFO - Starting attempt 1 of 1
[2025-10-01 18:58:33,373] {taskinstance.py:1358} INFO - 
--------------------------------------------------------------------------------
[2025-10-01 18:58:33,377] {taskinstance.py:1377} INFO - Executing <Task(PythonOperator): data_ingestion> on 2025-10-01 18:58:29.301737+00:00
[2025-10-01 18:58:33,381] {standard_task_runner.py:52} INFO - Started process 231 to run task
[2025-10-01 18:58:33,382] {standard_task_runner.py:79} INFO - Running: ['***', 'tasks', 'run', 'manga_prediction_pipeline', 'data_ingestion', 'manual__2025-10-01T18:58:29.301737+00:00', '--job-id', '452', '--raw', '--subdir', 'DAGS_FOLDER/manga_prediction_pipeline.py', '--cfg-path', '/tmp/tmpf5x9ketg', '--error-file', '/tmp/tmppu6gpa35']
[2025-10-01 18:58:33,383] {standard_task_runner.py:80} INFO - Job 452: Subtask data_ingestion
[2025-10-01 18:58:33,403] {task_command.py:370} INFO - Running <TaskInstance: manga_prediction_pipeline.data_ingestion manual__2025-10-01T18:58:29.301737+00:00 [running]> on host 02a4c4e58a83
[2025-10-01 18:58:33,427] {taskinstance.py:1571} INFO - Exporting the following env vars:
AIRFLOW_CTX_DAG_OWNER=***
AIRFLOW_CTX_DAG_ID=manga_prediction_pipeline
AIRFLOW_CTX_TASK_ID=data_ingestion
AIRFLOW_CTX_EXECUTION_DATE=2025-10-01T18:58:29.301737+00:00
AIRFLOW_CTX_TRY_NUMBER=1
AIRFLOW_CTX_DAG_RUN_ID=manual__2025-10-01T18:58:29.301737+00:00
[2025-10-01 18:58:33,427] {logging_mixin.py:115} INFO - Reading data from /opt/***/data/manga.csv
[2025-10-01 18:58:33,818] {logging_mixin.py:115} INFO - Data read successfully. Shape: (66371, 26)
[2025-10-01 18:58:33,819] {logging_mixin.py:115} INFO - Attempting to connect to MariaDB at mariadb:3306/manga_db
[2025-10-01 18:58:33,845] {authentication.py:66} INFO - package: mysql.connector.plugins
[2025-10-01 18:58:33,845] {authentication.py:67} INFO - plugin_name: mysql_native_password
[2025-10-01 18:58:33,845] {authentication.py:71} INFO - AUTHENTICATION_PLUGIN_CLASS: MySQLNativePasswordAuthPlugin
[2025-10-01 18:58:33,848] {logging_mixin.py:115} INFO - Successfully connected to MariaDB.
[2025-10-01 18:58:33,848] {logging_mixin.py:115} INFO - Inserting into dim_manga_info...
[2025-10-01 18:59:02,176] {logging_mixin.py:115} INFO - dim_manga_info populated.
[2025-10-01 18:59:02,411] {logging_mixin.py:115} INFO - Inserting into dim_genres...
[2025-10-01 18:59:02,503] {logging_mixin.py:115} INFO - dim_genres populated.
[2025-10-01 18:59:02,505] {logging_mixin.py:115} INFO - Inserting into dim_authors...
[2025-10-01 18:59:02,666] {logging_mixin.py:115} INFO - dim_authors populated.
[2025-10-01 18:59:02,667] {logging_mixin.py:115} INFO - Inserting into dim_demographics...
[2025-10-01 18:59:02,790] {logging_mixin.py:115} INFO - dim_demographics populated.
[2025-10-01 18:59:02,791] {logging_mixin.py:115} INFO - Inserting into dim_serializations...
[2025-10-01 18:59:02,877] {logging_mixin.py:115} INFO - dim_serializations populated.
[2025-10-01 18:59:02,878] {logging_mixin.py:115} INFO - Inserting into fact_manga...
[2025-10-01 18:59:29,352] {logging_mixin.py:115} INFO - fact_manga populated.
[2025-10-01 18:59:29,353] {logging_mixin.py:115} INFO - Inserting into manga_secondary_genres...
[2025-10-01 18:59:30,397] {logging_mixin.py:115} INFO - manga_secondary_genres populated.
[2025-10-01 18:59:30,397] {logging_mixin.py:115} INFO - Data ingestion to MariaDB complete.
[2025-10-01 18:59:30,414] {python.py:173} INFO - Done. Returned value was: None
[2025-10-01 18:59:30,424] {taskinstance.py:1400} INFO - Marking task as SUCCESS. dag_id=manga_prediction_pipeline, task_id=data_ingestion, execution_date=20251001T185829, start_date=20251001T185833, end_date=20251001T185930
[2025-10-01 18:59:30,444] {local_task_job.py:156} INFO - Task exited with return code 0
[2025-10-01 18:59:30,461] {local_task_job.py:273} INFO - 1 downstream tasks scheduled from follow-on schedule check
