[2025-10-05 01:45:45,416] {taskinstance.py:1159} INFO - Dependencies all met for <TaskInstance: manga_prediction_pipeline.start_pipeline manual__2025-10-05T01:45:43.641396+00:00 [queued]>
[2025-10-05 01:45:45,419] {taskinstance.py:1159} INFO - Dependencies all met for <TaskInstance: manga_prediction_pipeline.start_pipeline manual__2025-10-05T01:45:43.641396+00:00 [queued]>
[2025-10-05 01:45:45,419] {taskinstance.py:1356} INFO - 
--------------------------------------------------------------------------------
[2025-10-05 01:45:45,419] {taskinstance.py:1357} INFO - Starting attempt 1 of 1
[2025-10-05 01:45:45,419] {taskinstance.py:1358} INFO - 
--------------------------------------------------------------------------------
[2025-10-05 01:45:45,424] {taskinstance.py:1377} INFO - Executing <Task(PythonOperator): start_pipeline> on 2025-10-05 01:45:43.641396+00:00
[2025-10-05 01:45:45,428] {standard_task_runner.py:52} INFO - Started process 218 to run task
[2025-10-05 01:45:45,429] {standard_task_runner.py:79} INFO - Running: ['***', 'tasks', 'run', 'manga_prediction_pipeline', 'start_pipeline', 'manual__2025-10-05T01:45:43.641396+00:00', '--job-id', '904', '--raw', '--subdir', 'DAGS_FOLDER/manga_prediction_pipeline.py', '--cfg-path', '/tmp/tmpf07anl2g', '--error-file', '/tmp/tmp4qytip95']
[2025-10-05 01:45:45,429] {standard_task_runner.py:80} INFO - Job 904: Subtask start_pipeline
[2025-10-05 01:45:45,459] {task_command.py:370} INFO - Running <TaskInstance: manga_prediction_pipeline.start_pipeline manual__2025-10-05T01:45:43.641396+00:00 [running]> on host b4121d8a0a4d
[2025-10-05 01:45:45,495] {taskinstance.py:1571} INFO - Exporting the following env vars:
AIRFLOW_CTX_DAG_OWNER=***
AIRFLOW_CTX_DAG_ID=manga_prediction_pipeline
AIRFLOW_CTX_TASK_ID=start_pipeline
AIRFLOW_CTX_EXECUTION_DATE=2025-10-05T01:45:43.641396+00:00
AIRFLOW_CTX_TRY_NUMBER=1
AIRFLOW_CTX_DAG_RUN_ID=manual__2025-10-05T01:45:43.641396+00:00
[2025-10-05 01:45:45,497] {logging_mixin.py:115} INFO - Pipeline started!
[2025-10-05 01:45:45,497] {python.py:173} INFO - Done. Returned value was: None
[2025-10-05 01:45:45,501] {taskinstance.py:1400} INFO - Marking task as SUCCESS. dag_id=manga_prediction_pipeline, task_id=start_pipeline, execution_date=20251005T014543, start_date=20251005T014545, end_date=20251005T014545
[2025-10-05 01:45:45,527] {local_task_job.py:156} INFO - Task exited with return code 0
[2025-10-05 01:45:45,544] {local_task_job.py:273} INFO - 0 downstream tasks scheduled from follow-on schedule check
