[2025-09-25 01:46:45,999] {taskinstance.py:1159} INFO - Dependencies all met for <TaskInstance: manga_prediction_pipeline.data_ingestion manual__2025-09-25T01:46:43.631328+00:00 [queued]>
[2025-09-25 01:46:46,002] {taskinstance.py:1159} INFO - Dependencies all met for <TaskInstance: manga_prediction_pipeline.data_ingestion manual__2025-09-25T01:46:43.631328+00:00 [queued]>
[2025-09-25 01:46:46,002] {taskinstance.py:1356} INFO - 
--------------------------------------------------------------------------------
[2025-09-25 01:46:46,002] {taskinstance.py:1357} INFO - Starting attempt 1 of 1
[2025-09-25 01:46:46,002] {taskinstance.py:1358} INFO - 
--------------------------------------------------------------------------------
[2025-09-25 01:46:46,006] {taskinstance.py:1377} INFO - Executing <Task(PythonOperator): data_ingestion> on 2025-09-25 01:46:43.631328+00:00
[2025-09-25 01:46:46,008] {standard_task_runner.py:52} INFO - Started process 213 to run task
[2025-09-25 01:46:46,010] {standard_task_runner.py:79} INFO - Running: ['***', 'tasks', 'run', 'manga_prediction_pipeline', 'data_ingestion', 'manual__2025-09-25T01:46:43.631328+00:00', '--job-id', '46', '--raw', '--subdir', 'DAGS_FOLDER/manga_prediction_pipeline.py', '--cfg-path', '/tmp/tmp4rk6f25g', '--error-file', '/tmp/tmpcgi4dh3e']
[2025-09-25 01:46:46,010] {standard_task_runner.py:80} INFO - Job 46: Subtask data_ingestion
[2025-09-25 01:46:46,029] {task_command.py:370} INFO - Running <TaskInstance: manga_prediction_pipeline.data_ingestion manual__2025-09-25T01:46:43.631328+00:00 [running]> on host 4819ab75fc4e
[2025-09-25 01:46:46,051] {taskinstance.py:1571} INFO - Exporting the following env vars:
AIRFLOW_CTX_DAG_OWNER=***
AIRFLOW_CTX_DAG_ID=manga_prediction_pipeline
AIRFLOW_CTX_TASK_ID=data_ingestion
AIRFLOW_CTX_EXECUTION_DATE=2025-09-25T01:46:43.631328+00:00
AIRFLOW_CTX_TRY_NUMBER=1
AIRFLOW_CTX_DAG_RUN_ID=manual__2025-09-25T01:46:43.631328+00:00
[2025-09-25 01:46:46,052] {logging_mixin.py:115} INFO - Reading data from /opt/***/data/manga.csv
[2025-09-25 01:46:46,383] {logging_mixin.py:115} INFO - Data ingested successfully. Shape: (66371, 26)
[2025-09-25 01:46:46,383] {logging_mixin.py:115} INFO - Saving data to /opt/***/data/staged/manga.parquet
[2025-09-25 01:46:46,604] {logging_mixin.py:115} INFO - Data saved successfully to staging area.
[2025-09-25 01:46:46,611] {python.py:173} INFO - Done. Returned value was: None
[2025-09-25 01:46:46,616] {taskinstance.py:1400} INFO - Marking task as SUCCESS. dag_id=manga_prediction_pipeline, task_id=data_ingestion, execution_date=20250925T014643, start_date=20250925T014645, end_date=20250925T014646
[2025-09-25 01:46:46,659] {local_task_job.py:156} INFO - Task exited with return code 0
[2025-09-25 01:46:46,674] {local_task_job.py:273} INFO - 1 downstream tasks scheduled from follow-on schedule check
