[2025-10-06 14:12:52,456] {taskinstance.py:1159} INFO - Dependencies all met for <TaskInstance: manga_prediction_pipeline.restart_model_serving_service manual__2025-10-06T14:11:31+00:00 [queued]>
[2025-10-06 14:12:52,459] {taskinstance.py:1159} INFO - Dependencies all met for <TaskInstance: manga_prediction_pipeline.restart_model_serving_service manual__2025-10-06T14:11:31+00:00 [queued]>
[2025-10-06 14:12:52,459] {taskinstance.py:1356} INFO - 
--------------------------------------------------------------------------------
[2025-10-06 14:12:52,459] {taskinstance.py:1357} INFO - Starting attempt 1 of 1
[2025-10-06 14:12:52,459] {taskinstance.py:1358} INFO - 
--------------------------------------------------------------------------------
[2025-10-06 14:12:52,464] {taskinstance.py:1377} INFO - Executing <Task(PythonOperator): restart_model_serving_service> on 2025-10-06 14:11:31+00:00
[2025-10-06 14:12:52,467] {standard_task_runner.py:52} INFO - Started process 308 to run task
[2025-10-06 14:12:52,468] {standard_task_runner.py:79} INFO - Running: ['***', 'tasks', 'run', 'manga_prediction_pipeline', 'restart_model_serving_service', 'manual__2025-10-06T14:11:31+00:00', '--job-id', '953', '--raw', '--subdir', 'DAGS_FOLDER/manga_prediction_pipeline.py', '--cfg-path', '/tmp/tmpvdi_412g', '--error-file', '/tmp/tmpc_ufin0w']
[2025-10-06 14:12:52,469] {standard_task_runner.py:80} INFO - Job 953: Subtask restart_model_serving_service
[2025-10-06 14:12:52,488] {task_command.py:370} INFO - Running <TaskInstance: manga_prediction_pipeline.restart_model_serving_service manual__2025-10-06T14:11:31+00:00 [running]> on host 0e51c00ae6d4
[2025-10-06 14:12:52,512] {taskinstance.py:1571} INFO - Exporting the following env vars:
AIRFLOW_CTX_DAG_OWNER=***
AIRFLOW_CTX_DAG_ID=manga_prediction_pipeline
AIRFLOW_CTX_TASK_ID=restart_model_serving_service
AIRFLOW_CTX_EXECUTION_DATE=2025-10-06T14:11:31+00:00
AIRFLOW_CTX_TRY_NUMBER=1
AIRFLOW_CTX_DAG_RUN_ID=manual__2025-10-06T14:11:31+00:00
[2025-10-06 14:12:53,161] {logging_mixin.py:115} INFO - FastAPI app container restarted successfully.
[2025-10-06 14:12:53,162] {python.py:173} INFO - Done. Returned value was: None
[2025-10-06 14:12:53,179] {taskinstance.py:1400} INFO - Marking task as SUCCESS. dag_id=manga_prediction_pipeline, task_id=restart_model_serving_service, execution_date=20251006T141131, start_date=20251006T141252, end_date=20251006T141253
[2025-10-06 14:12:53,226] {local_task_job.py:156} INFO - Task exited with return code 0
[2025-10-06 14:12:53,262] {local_task_job.py:273} INFO - 0 downstream tasks scheduled from follow-on schedule check
