[2025-10-03 18:59:14,113] {taskinstance.py:1159} INFO - Dependencies all met for <TaskInstance: manga_prediction_pipeline.data_ingestion manual__2025-10-03T18:59:09.172211+00:00 [queued]>
[2025-10-03 18:59:14,116] {taskinstance.py:1159} INFO - Dependencies all met for <TaskInstance: manga_prediction_pipeline.data_ingestion manual__2025-10-03T18:59:09.172211+00:00 [queued]>
[2025-10-03 18:59:14,116] {taskinstance.py:1356} INFO - 
--------------------------------------------------------------------------------
[2025-10-03 18:59:14,116] {taskinstance.py:1357} INFO - Starting attempt 1 of 1
[2025-10-03 18:59:14,116] {taskinstance.py:1358} INFO - 
--------------------------------------------------------------------------------
[2025-10-03 18:59:14,120] {taskinstance.py:1377} INFO - Executing <Task(PythonOperator): data_ingestion> on 2025-10-03 18:59:09.172211+00:00
[2025-10-03 18:59:14,122] {standard_task_runner.py:52} INFO - Started process 193 to run task
[2025-10-03 18:59:14,124] {standard_task_runner.py:79} INFO - Running: ['***', 'tasks', 'run', 'manga_prediction_pipeline', 'data_ingestion', 'manual__2025-10-03T18:59:09.172211+00:00', '--job-id', '826', '--raw', '--subdir', 'DAGS_FOLDER/manga_prediction_pipeline.py', '--cfg-path', '/tmp/tmpa4_bik95', '--error-file', '/tmp/tmpxoxyx288']
[2025-10-03 18:59:14,124] {standard_task_runner.py:80} INFO - Job 826: Subtask data_ingestion
[2025-10-03 18:59:14,143] {task_command.py:370} INFO - Running <TaskInstance: manga_prediction_pipeline.data_ingestion manual__2025-10-03T18:59:09.172211+00:00 [running]> on host 13bf0fcbea70
[2025-10-03 18:59:14,168] {taskinstance.py:1571} INFO - Exporting the following env vars:
AIRFLOW_CTX_DAG_OWNER=***
AIRFLOW_CTX_DAG_ID=manga_prediction_pipeline
AIRFLOW_CTX_TASK_ID=data_ingestion
AIRFLOW_CTX_EXECUTION_DATE=2025-10-03T18:59:09.172211+00:00
AIRFLOW_CTX_TRY_NUMBER=1
AIRFLOW_CTX_DAG_RUN_ID=manual__2025-10-03T18:59:09.172211+00:00
[2025-10-03 18:59:14,169] {logging_mixin.py:115} INFO - Reading data from /opt/***/data/manga.csv
[2025-10-03 18:59:14,530] {logging_mixin.py:115} INFO - Data read successfully. Shape: (66371, 26)
[2025-10-03 18:59:14,530] {logging_mixin.py:115} INFO - Attempting to connect to MariaDB at mariadb:3306/manga_db
[2025-10-03 18:59:14,553] {authentication.py:66} INFO - package: mysql.connector.plugins
[2025-10-03 18:59:14,553] {authentication.py:67} INFO - plugin_name: mysql_native_password
[2025-10-03 18:59:14,554] {authentication.py:71} INFO - AUTHENTICATION_PLUGIN_CLASS: MySQLNativePasswordAuthPlugin
[2025-10-03 18:59:14,556] {logging_mixin.py:115} INFO - Successfully connected to MariaDB.
[2025-10-03 18:59:14,556] {logging_mixin.py:115} INFO - Inserting into dim_manga_info...
[2025-10-03 18:59:41,555] {logging_mixin.py:115} INFO - dim_manga_info populated.
[2025-10-03 18:59:41,788] {logging_mixin.py:115} INFO - Inserting into dim_genres...
[2025-10-03 18:59:41,947] {logging_mixin.py:115} INFO - dim_genres populated.
[2025-10-03 18:59:41,949] {logging_mixin.py:115} INFO - Inserting into dim_authors...
[2025-10-03 18:59:42,040] {logging_mixin.py:115} INFO - dim_authors populated.
[2025-10-03 18:59:42,041] {logging_mixin.py:115} INFO - Inserting into dim_demographics...
[2025-10-03 18:59:42,165] {logging_mixin.py:115} INFO - dim_demographics populated.
[2025-10-03 18:59:42,166] {logging_mixin.py:115} INFO - Inserting into dim_serializations...
[2025-10-03 18:59:42,254] {logging_mixin.py:115} INFO - dim_serializations populated.
[2025-10-03 18:59:42,255] {logging_mixin.py:115} INFO - Inserting into fact_manga...
[2025-10-03 19:00:07,549] {logging_mixin.py:115} INFO - fact_manga populated.
[2025-10-03 19:00:07,550] {logging_mixin.py:115} INFO - Inserting into manga_secondary_genres...
[2025-10-03 19:00:08,583] {logging_mixin.py:115} INFO - manga_secondary_genres populated.
[2025-10-03 19:00:08,584] {logging_mixin.py:115} INFO - Data ingestion to MariaDB complete.
[2025-10-03 19:00:08,597] {python.py:173} INFO - Done. Returned value was: None
[2025-10-03 19:00:08,603] {taskinstance.py:1400} INFO - Marking task as SUCCESS. dag_id=manga_prediction_pipeline, task_id=data_ingestion, execution_date=20251003T185909, start_date=20251003T185914, end_date=20251003T190008
[2025-10-03 19:00:08,613] {local_task_job.py:156} INFO - Task exited with return code 0
[2025-10-03 19:00:08,626] {local_task_job.py:273} INFO - 1 downstream tasks scheduled from follow-on schedule check
