[2025-10-01 19:21:25,531] {taskinstance.py:1159} INFO - Dependencies all met for <TaskInstance: manga_prediction_pipeline.model_training manual__2025-10-01T19:20:16.640405+00:00 [queued]>
[2025-10-01 19:21:25,534] {taskinstance.py:1159} INFO - Dependencies all met for <TaskInstance: manga_prediction_pipeline.model_training manual__2025-10-01T19:20:16.640405+00:00 [queued]>
[2025-10-01 19:21:25,534] {taskinstance.py:1356} INFO - 
--------------------------------------------------------------------------------
[2025-10-01 19:21:25,534] {taskinstance.py:1357} INFO - Starting attempt 1 of 1
[2025-10-01 19:21:25,534] {taskinstance.py:1358} INFO - 
--------------------------------------------------------------------------------
[2025-10-01 19:21:25,539] {taskinstance.py:1377} INFO - Executing <Task(PythonOperator): model_training> on 2025-10-01 19:20:16.640405+00:00
[2025-10-01 19:21:25,542] {standard_task_runner.py:52} INFO - Started process 267 to run task
[2025-10-01 19:21:25,543] {standard_task_runner.py:79} INFO - Running: ['***', 'tasks', 'run', 'manga_prediction_pipeline', 'model_training', 'manual__2025-10-01T19:20:16.640405+00:00', '--job-id', '474', '--raw', '--subdir', 'DAGS_FOLDER/manga_prediction_pipeline.py', '--cfg-path', '/tmp/tmpwu93dqxy', '--error-file', '/tmp/tmp9i4tiwuz']
[2025-10-01 19:21:25,544] {standard_task_runner.py:80} INFO - Job 474: Subtask model_training
[2025-10-01 19:21:25,563] {task_command.py:370} INFO - Running <TaskInstance: manga_prediction_pipeline.model_training manual__2025-10-01T19:20:16.640405+00:00 [running]> on host cc93eeee5f61
[2025-10-01 19:21:25,588] {taskinstance.py:1571} INFO - Exporting the following env vars:
AIRFLOW_CTX_DAG_OWNER=***
AIRFLOW_CTX_DAG_ID=manga_prediction_pipeline
AIRFLOW_CTX_TASK_ID=model_training
AIRFLOW_CTX_EXECUTION_DATE=2025-10-01T19:20:16.640405+00:00
AIRFLOW_CTX_TRY_NUMBER=1
AIRFLOW_CTX_DAG_RUN_ID=manual__2025-10-01T19:20:16.640405+00:00
[2025-10-01 19:21:25,589] {logging_mixin.py:115} INFO - Reading feature-engineered data from /opt/***/data/processed/manga_processed.parquet
[2025-10-01 19:21:25,631] {logging_mixin.py:115} INFO - Feature-engineered data read successfully. Shape: (21795, 28)
[2025-10-01 19:21:25,635] {logging_mixin.py:115} INFO - Splitting data into training and testing sets...
[2025-10-01 19:21:25,637] {logging_mixin.py:115} INFO - X_train shape: (17436, 9), X_test shape: (4359, 9)
[2025-10-01 19:21:25,706] {logging_mixin.py:115} WARNING - 2025/10/01 19:21:25 WARNING mlflow.utils.git_utils: Failed to import Git (the Git executable is probably not on your PATH), so Git SHA is not available. Error: Failed to initialize: Bad git executable.
The git executable must be specified in one of the following ways:
    - be included in your $PATH
    - be set via $GIT_PYTHON_GIT_EXECUTABLE
    - explicitly set via git.refresh(<full-path-to-git-executable>)

All git commands will error until this is rectified.

This initial message can be silenced or aggravated in the future by setting the
$GIT_PYTHON_REFRESH environment variable. Use one of the following values:
    - quiet|q|silence|s|silent|none|n|0: for no message or exception
    - warn|w|warning|log|l|1: for a warning message (logging level CRITICAL, displayed by default)
    - error|e|exception|raise|r|2: for a raised exception

Example:
    export GIT_PYTHON_REFRESH=quiet
[2025-10-01 19:21:25,730] {logging_mixin.py:115} INFO - Training Random Forest Regressor model...
[2025-10-01 19:21:29,234] {logging_mixin.py:115} INFO - Model training complete.
[2025-10-01 19:21:29,297] {logging_mixin.py:115} INFO - MAE: 0.0108
[2025-10-01 19:21:29,297] {logging_mixin.py:115} INFO - MSE: 0.0020
[2025-10-01 19:21:29,298] {logging_mixin.py:115} INFO - RMSE: 0.0445
[2025-10-01 19:21:29,298] {logging_mixin.py:115} INFO - R2 Score: 0.9923
[2025-10-01 19:21:31,462] {logging_mixin.py:115} INFO - Model and metrics logged to MLflow.
[2025-10-01 19:21:31,472] {python.py:173} INFO - Done. Returned value was: ae68a3e3143b496099d056e8eb65d927
[2025-10-01 19:21:31,497] {taskinstance.py:1400} INFO - Marking task as SUCCESS. dag_id=manga_prediction_pipeline, task_id=model_training, execution_date=20251001T192016, start_date=20251001T192125, end_date=20251001T192131
[2025-10-01 19:21:31,532] {local_task_job.py:156} INFO - Task exited with return code 0
[2025-10-01 19:21:31,554] {local_task_job.py:273} INFO - 1 downstream tasks scheduled from follow-on schedule check
