[2025-09-25 08:06:18,673] {taskinstance.py:1159} INFO - Dependencies all met for <TaskInstance: manga_prediction_pipeline.end_pipeline manual__2025-09-25T01:46:43.631328+00:00 [queued]>
[2025-09-25 08:06:18,677] {taskinstance.py:1159} INFO - Dependencies all met for <TaskInstance: manga_prediction_pipeline.end_pipeline manual__2025-09-25T01:46:43.631328+00:00 [queued]>
[2025-09-25 08:06:18,677] {taskinstance.py:1356} INFO - 
--------------------------------------------------------------------------------
[2025-09-25 08:06:18,677] {taskinstance.py:1357} INFO - Starting attempt 1 of 1
[2025-09-25 08:06:18,678] {taskinstance.py:1358} INFO - 
--------------------------------------------------------------------------------
[2025-09-25 08:06:18,684] {taskinstance.py:1377} INFO - Executing <Task(PythonOperator): end_pipeline> on 2025-09-25 01:46:43.631328+00:00
[2025-09-25 08:06:18,686] {standard_task_runner.py:52} INFO - Started process 561 to run task
[2025-09-25 08:06:18,688] {standard_task_runner.py:79} INFO - Running: ['***', 'tasks', 'run', 'manga_prediction_pipeline', 'end_pipeline', 'manual__2025-09-25T01:46:43.631328+00:00', '--job-id', '133', '--raw', '--subdir', 'DAGS_FOLDER/manga_prediction_pipeline.py', '--cfg-path', '/tmp/tmp8i5ic4iw', '--error-file', '/tmp/tmprlwxkh19']
[2025-09-25 08:06:18,688] {standard_task_runner.py:80} INFO - Job 133: Subtask end_pipeline
[2025-09-25 08:06:18,707] {task_command.py:370} INFO - Running <TaskInstance: manga_prediction_pipeline.end_pipeline manual__2025-09-25T01:46:43.631328+00:00 [running]> on host 240518fe472e
[2025-09-25 08:06:18,732] {taskinstance.py:1571} INFO - Exporting the following env vars:
AIRFLOW_CTX_DAG_OWNER=***
AIRFLOW_CTX_DAG_ID=manga_prediction_pipeline
AIRFLOW_CTX_TASK_ID=end_pipeline
AIRFLOW_CTX_EXECUTION_DATE=2025-09-25T01:46:43.631328+00:00
AIRFLOW_CTX_TRY_NUMBER=1
AIRFLOW_CTX_DAG_RUN_ID=manual__2025-09-25T01:46:43.631328+00:00
[2025-09-25 08:06:18,732] {logging_mixin.py:115} INFO - Pipeline finished!
[2025-09-25 08:06:18,733] {python.py:173} INFO - Done. Returned value was: None
[2025-09-25 08:06:18,741] {taskinstance.py:1400} INFO - Marking task as SUCCESS. dag_id=manga_prediction_pipeline, task_id=end_pipeline, execution_date=20250925T014643, start_date=20250925T080618, end_date=20250925T080618
[2025-09-25 08:06:18,788] {local_task_job.py:156} INFO - Task exited with return code 0
[2025-09-25 08:06:18,800] {local_task_job.py:273} INFO - 0 downstream tasks scheduled from follow-on schedule check
