[2025-10-01 06:58:23,646] {taskinstance.py:1159} INFO - Dependencies all met for <TaskInstance: manga_prediction_pipeline.data_ingestion manual__2025-10-01T06:58:20+00:00 [queued]>
[2025-10-01 06:58:23,649] {taskinstance.py:1159} INFO - Dependencies all met for <TaskInstance: manga_prediction_pipeline.data_ingestion manual__2025-10-01T06:58:20+00:00 [queued]>
[2025-10-01 06:58:23,649] {taskinstance.py:1356} INFO - 
--------------------------------------------------------------------------------
[2025-10-01 06:58:23,649] {taskinstance.py:1357} INFO - Starting attempt 1 of 1
[2025-10-01 06:58:23,649] {taskinstance.py:1358} INFO - 
--------------------------------------------------------------------------------
[2025-10-01 06:58:23,654] {taskinstance.py:1377} INFO - Executing <Task(PythonOperator): data_ingestion> on 2025-10-01 06:58:20+00:00
[2025-10-01 06:58:23,656] {standard_task_runner.py:52} INFO - Started process 1106 to run task
[2025-10-01 06:58:23,658] {standard_task_runner.py:79} INFO - Running: ['***', 'tasks', 'run', 'manga_prediction_pipeline', 'data_ingestion', 'manual__2025-10-01T06:58:20+00:00', '--job-id', '345', '--raw', '--subdir', 'DAGS_FOLDER/manga_prediction_pipeline.py', '--cfg-path', '/tmp/tmppfgtq22z', '--error-file', '/tmp/tmpmt6dlmum']
[2025-10-01 06:58:23,658] {standard_task_runner.py:80} INFO - Job 345: Subtask data_ingestion
[2025-10-01 06:58:23,675] {task_command.py:370} INFO - Running <TaskInstance: manga_prediction_pipeline.data_ingestion manual__2025-10-01T06:58:20+00:00 [running]> on host 50f4d56b51ab
[2025-10-01 06:58:23,698] {taskinstance.py:1571} INFO - Exporting the following env vars:
AIRFLOW_CTX_DAG_OWNER=***
AIRFLOW_CTX_DAG_ID=manga_prediction_pipeline
AIRFLOW_CTX_TASK_ID=data_ingestion
AIRFLOW_CTX_EXECUTION_DATE=2025-10-01T06:58:20+00:00
AIRFLOW_CTX_TRY_NUMBER=1
AIRFLOW_CTX_DAG_RUN_ID=manual__2025-10-01T06:58:20+00:00
[2025-10-01 06:58:23,698] {logging_mixin.py:115} INFO - Reading data from /opt/***/data/manga.csv
[2025-10-01 06:58:24,069] {logging_mixin.py:115} INFO - Data read successfully. Shape: (66371, 26)
[2025-10-01 06:58:24,069] {logging_mixin.py:115} INFO - Attempting to connect to MariaDB at mariadb:3306/manga_db
[2025-10-01 06:58:24,095] {authentication.py:66} INFO - package: mysql.connector.plugins
[2025-10-01 06:58:24,095] {authentication.py:67} INFO - plugin_name: mysql_native_password
[2025-10-01 06:58:24,096] {authentication.py:71} INFO - AUTHENTICATION_PLUGIN_CLASS: MySQLNativePasswordAuthPlugin
[2025-10-01 06:58:24,099] {logging_mixin.py:115} INFO - Successfully connected to MariaDB.
[2025-10-01 06:58:24,099] {logging_mixin.py:115} INFO - Inserting into dim_manga_info...
[2025-10-01 06:58:52,554] {logging_mixin.py:115} INFO - dim_manga_info populated.
[2025-10-01 06:58:52,793] {logging_mixin.py:115} INFO - Inserting into dim_genres...
[2025-10-01 06:58:52,940] {logging_mixin.py:115} INFO - dim_genres populated.
[2025-10-01 06:58:52,941] {logging_mixin.py:115} INFO - Inserting into dim_authors...
[2025-10-01 06:58:53,034] {logging_mixin.py:115} INFO - dim_authors populated.
[2025-10-01 06:58:53,035] {logging_mixin.py:115} INFO - Inserting into dim_demographics...
[2025-10-01 06:58:53,146] {logging_mixin.py:115} INFO - dim_demographics populated.
[2025-10-01 06:58:53,147] {logging_mixin.py:115} INFO - Inserting into dim_serializations...
[2025-10-01 06:58:53,276] {logging_mixin.py:115} INFO - dim_serializations populated.
[2025-10-01 06:58:53,277] {logging_mixin.py:115} INFO - Inserting into fact_manga...
[2025-10-01 06:59:19,628] {logging_mixin.py:115} INFO - fact_manga populated.
[2025-10-01 06:59:19,628] {logging_mixin.py:115} INFO - Inserting into manga_secondary_genres...
[2025-10-01 06:59:20,662] {logging_mixin.py:115} INFO - manga_secondary_genres populated.
[2025-10-01 06:59:20,662] {logging_mixin.py:115} INFO - Data ingestion to MariaDB complete.
[2025-10-01 06:59:20,678] {python.py:173} INFO - Done. Returned value was: None
[2025-10-01 06:59:20,686] {taskinstance.py:1400} INFO - Marking task as SUCCESS. dag_id=manga_prediction_pipeline, task_id=data_ingestion, execution_date=20251001T065820, start_date=20251001T065823, end_date=20251001T065920
[2025-10-01 06:59:20,721] {local_task_job.py:156} INFO - Task exited with return code 0
[2025-10-01 06:59:20,738] {local_task_job.py:273} INFO - 0 downstream tasks scheduled from follow-on schedule check
