[2025-09-25 08:08:02,249] {taskinstance.py:1159} INFO - Dependencies all met for <TaskInstance: manga_prediction_pipeline.data_ingestion manual__2025-09-24T18:49:36.702357+00:00 [queued]>
[2025-09-25 08:08:02,252] {taskinstance.py:1159} INFO - Dependencies all met for <TaskInstance: manga_prediction_pipeline.data_ingestion manual__2025-09-24T18:49:36.702357+00:00 [queued]>
[2025-09-25 08:08:02,252] {taskinstance.py:1356} INFO - 
--------------------------------------------------------------------------------
[2025-09-25 08:08:02,253] {taskinstance.py:1357} INFO - Starting attempt 2 of 2
[2025-09-25 08:08:02,253] {taskinstance.py:1358} INFO - 
--------------------------------------------------------------------------------
[2025-09-25 08:08:02,258] {taskinstance.py:1377} INFO - Executing <Task(PythonOperator): data_ingestion> on 2025-09-24 18:49:36.702357+00:00
[2025-09-25 08:08:02,260] {standard_task_runner.py:52} INFO - Started process 1459 to run task
[2025-09-25 08:08:02,261] {standard_task_runner.py:79} INFO - Running: ['***', 'tasks', 'run', 'manga_prediction_pipeline', 'data_ingestion', 'manual__2025-09-24T18:49:36.702357+00:00', '--job-id', '188', '--raw', '--subdir', 'DAGS_FOLDER/manga_prediction_pipeline.py', '--cfg-path', '/tmp/tmpf430tc96', '--error-file', '/tmp/tmpmw00dwpo']
[2025-09-25 08:08:02,262] {standard_task_runner.py:80} INFO - Job 188: Subtask data_ingestion
[2025-09-25 08:08:02,280] {task_command.py:370} INFO - Running <TaskInstance: manga_prediction_pipeline.data_ingestion manual__2025-09-24T18:49:36.702357+00:00 [running]> on host 240518fe472e
[2025-09-25 08:08:02,304] {taskinstance.py:1571} INFO - Exporting the following env vars:
AIRFLOW_CTX_DAG_OWNER=***
AIRFLOW_CTX_DAG_ID=manga_prediction_pipeline
AIRFLOW_CTX_TASK_ID=data_ingestion
AIRFLOW_CTX_EXECUTION_DATE=2025-09-24T18:49:36.702357+00:00
AIRFLOW_CTX_TRY_NUMBER=2
AIRFLOW_CTX_DAG_RUN_ID=manual__2025-09-24T18:49:36.702357+00:00
[2025-09-25 08:08:02,305] {logging_mixin.py:115} INFO - Reading data from /opt/***/data/manga.csv
[2025-09-25 08:08:02,690] {logging_mixin.py:115} INFO - Data ingested successfully. Shape: (66371, 26)
[2025-09-25 08:08:02,690] {logging_mixin.py:115} INFO - Saving data to /opt/***/data/staged/manga.parquet
[2025-09-25 08:08:02,854] {logging_mixin.py:115} INFO - Data saved successfully to staging area.
[2025-09-25 08:08:02,862] {python.py:173} INFO - Done. Returned value was: None
[2025-09-25 08:08:02,873] {taskinstance.py:1400} INFO - Marking task as SUCCESS. dag_id=manga_prediction_pipeline, task_id=data_ingestion, execution_date=20250924T184936, start_date=20250925T080802, end_date=20250925T080802
[2025-09-25 08:08:02,912] {local_task_job.py:156} INFO - Task exited with return code 0
[2025-09-25 08:08:02,936] {local_task_job.py:273} INFO - 0 downstream tasks scheduled from follow-on schedule check
