[2025-10-06 14:14:41,094] {taskinstance.py:1159} INFO - Dependencies all met for <TaskInstance: manga_prediction_pipeline.start_pipeline manual__2025-10-06T14:14:39+00:00 [queued]>
[2025-10-06 14:14:41,096] {taskinstance.py:1159} INFO - Dependencies all met for <TaskInstance: manga_prediction_pipeline.start_pipeline manual__2025-10-06T14:14:39+00:00 [queued]>
[2025-10-06 14:14:41,097] {taskinstance.py:1356} INFO - 
--------------------------------------------------------------------------------
[2025-10-06 14:14:41,097] {taskinstance.py:1357} INFO - Starting attempt 1 of 1
[2025-10-06 14:14:41,097] {taskinstance.py:1358} INFO - 
--------------------------------------------------------------------------------
[2025-10-06 14:14:41,101] {taskinstance.py:1377} INFO - Executing <Task(PythonOperator): start_pipeline> on 2025-10-06 14:14:39+00:00
[2025-10-06 14:14:41,104] {standard_task_runner.py:52} INFO - Started process 346 to run task
[2025-10-06 14:14:41,106] {standard_task_runner.py:79} INFO - Running: ['***', 'tasks', 'run', 'manga_prediction_pipeline', 'start_pipeline', 'manual__2025-10-06T14:14:39+00:00', '--job-id', '956', '--raw', '--subdir', 'DAGS_FOLDER/manga_prediction_pipeline.py', '--cfg-path', '/tmp/tmpmkpxfkbv', '--error-file', '/tmp/tmp60y8y7uj']
[2025-10-06 14:14:41,106] {standard_task_runner.py:80} INFO - Job 956: Subtask start_pipeline
[2025-10-06 14:14:41,127] {task_command.py:370} INFO - Running <TaskInstance: manga_prediction_pipeline.start_pipeline manual__2025-10-06T14:14:39+00:00 [running]> on host 0e51c00ae6d4
[2025-10-06 14:14:41,164] {taskinstance.py:1571} INFO - Exporting the following env vars:
AIRFLOW_CTX_DAG_OWNER=***
AIRFLOW_CTX_DAG_ID=manga_prediction_pipeline
AIRFLOW_CTX_TASK_ID=start_pipeline
AIRFLOW_CTX_EXECUTION_DATE=2025-10-06T14:14:39+00:00
AIRFLOW_CTX_TRY_NUMBER=1
AIRFLOW_CTX_DAG_RUN_ID=manual__2025-10-06T14:14:39+00:00
[2025-10-06 14:14:41,165] {logging_mixin.py:115} INFO - Pipeline started!
[2025-10-06 14:14:41,167] {python.py:173} INFO - Done. Returned value was: None
[2025-10-06 14:14:41,174] {taskinstance.py:1400} INFO - Marking task as SUCCESS. dag_id=manga_prediction_pipeline, task_id=start_pipeline, execution_date=20251006T141439, start_date=20251006T141441, end_date=20251006T141441
[2025-10-06 14:14:41,204] {local_task_job.py:156} INFO - Task exited with return code 0
[2025-10-06 14:14:41,221] {local_task_job.py:273} INFO - 1 downstream tasks scheduled from follow-on schedule check
