[2025-09-25 03:20:08,407] {taskinstance.py:1159} INFO - Dependencies all met for <TaskInstance: manga_prediction_pipeline.feature_engineering manual__2025-09-25T02:38:06.874295+00:00 [queued]>
[2025-09-25 03:20:08,409] {taskinstance.py:1159} INFO - Dependencies all met for <TaskInstance: manga_prediction_pipeline.feature_engineering manual__2025-09-25T02:38:06.874295+00:00 [queued]>
[2025-09-25 03:20:08,410] {taskinstance.py:1356} INFO - 
--------------------------------------------------------------------------------
[2025-09-25 03:20:08,410] {taskinstance.py:1357} INFO - Starting attempt 2 of 2
[2025-09-25 03:20:08,410] {taskinstance.py:1358} INFO - 
--------------------------------------------------------------------------------
[2025-09-25 03:20:08,414] {taskinstance.py:1377} INFO - Executing <Task(PythonOperator): feature_engineering> on 2025-09-25 02:38:06.874295+00:00
[2025-09-25 03:20:08,416] {standard_task_runner.py:52} INFO - Started process 330 to run task
[2025-09-25 03:20:08,418] {standard_task_runner.py:79} INFO - Running: ['***', 'tasks', 'run', 'manga_prediction_pipeline', 'feature_engineering', 'manual__2025-09-25T02:38:06.874295+00:00', '--job-id', '90', '--raw', '--subdir', 'DAGS_FOLDER/manga_prediction_pipeline.py', '--cfg-path', '/tmp/tmpvylo1sql', '--error-file', '/tmp/tmpwk6rnav6']
[2025-09-25 03:20:08,418] {standard_task_runner.py:80} INFO - Job 90: Subtask feature_engineering
[2025-09-25 03:20:08,435] {task_command.py:370} INFO - Running <TaskInstance: manga_prediction_pipeline.feature_engineering manual__2025-09-25T02:38:06.874295+00:00 [running]> on host ecdfdfa377e2
[2025-09-25 03:20:08,457] {taskinstance.py:1571} INFO - Exporting the following env vars:
AIRFLOW_CTX_DAG_OWNER=***
AIRFLOW_CTX_DAG_ID=manga_prediction_pipeline
AIRFLOW_CTX_TASK_ID=feature_engineering
AIRFLOW_CTX_EXECUTION_DATE=2025-09-25T02:38:06.874295+00:00
AIRFLOW_CTX_TRY_NUMBER=2
AIRFLOW_CTX_DAG_RUN_ID=manual__2025-09-25T02:38:06.874295+00:00
[2025-09-25 03:20:08,457] {logging_mixin.py:115} INFO - Reading processed data from /opt/***/data/processed/manga_processed.parquet
[2025-09-25 03:20:08,499] {logging_mixin.py:115} INFO - Processed data read successfully. Shape: (21795, 26)
[2025-09-25 03:20:08,504] {logging_mixin.py:115} INFO - Scaling numerical columns: ['members', 'favorites', 'scored_by', 'volumes', 'chapters']
[2025-09-25 03:20:08,506] {logging_mixin.py:115} INFO - One-hot encoding categorical columns: ['type']
[2025-09-25 03:20:08,511] {logging_mixin.py:115} INFO - Feature engineering complete.
[2025-09-25 03:20:08,511] {logging_mixin.py:115} INFO - Saving features to /opt/***/data/features/manga_features.parquet
[2025-09-25 03:20:08,563] {logging_mixin.py:115} INFO - Features saved successfully.
[2025-09-25 03:20:08,566] {python.py:173} INFO - Done. Returned value was: None
[2025-09-25 03:20:08,570] {taskinstance.py:1400} INFO - Marking task as SUCCESS. dag_id=manga_prediction_pipeline, task_id=feature_engineering, execution_date=20250925T023806, start_date=20250925T032008, end_date=20250925T032008
[2025-09-25 03:20:08,599] {local_task_job.py:156} INFO - Task exited with return code 0
[2025-09-25 03:20:08,614] {local_task_job.py:273} INFO - 1 downstream tasks scheduled from follow-on schedule check
