[2025-09-25 02:38:11,311] {taskinstance.py:1159} INFO - Dependencies all met for <TaskInstance: manga_prediction_pipeline.feature_engineering manual__2025-09-25T02:38:06.874295+00:00 [queued]>
[2025-09-25 02:38:11,314] {taskinstance.py:1159} INFO - Dependencies all met for <TaskInstance: manga_prediction_pipeline.feature_engineering manual__2025-09-25T02:38:06.874295+00:00 [queued]>
[2025-09-25 02:38:11,314] {taskinstance.py:1356} INFO - 
--------------------------------------------------------------------------------
[2025-09-25 02:38:11,314] {taskinstance.py:1357} INFO - Starting attempt 1 of 1
[2025-09-25 02:38:11,314] {taskinstance.py:1358} INFO - 
--------------------------------------------------------------------------------
[2025-09-25 02:38:11,318] {taskinstance.py:1377} INFO - Executing <Task(PythonOperator): feature_engineering> on 2025-09-25 02:38:06.874295+00:00
[2025-09-25 02:38:11,321] {standard_task_runner.py:52} INFO - Started process 674 to run task
[2025-09-25 02:38:11,322] {standard_task_runner.py:79} INFO - Running: ['***', 'tasks', 'run', 'manga_prediction_pipeline', 'feature_engineering', 'manual__2025-09-25T02:38:06.874295+00:00', '--job-id', '68', '--raw', '--subdir', 'DAGS_FOLDER/manga_prediction_pipeline.py', '--cfg-path', '/tmp/tmp3hj31v0k', '--error-file', '/tmp/tmpdfeo1sfr']
[2025-09-25 02:38:11,322] {standard_task_runner.py:80} INFO - Job 68: Subtask feature_engineering
[2025-09-25 02:38:11,340] {task_command.py:370} INFO - Running <TaskInstance: manga_prediction_pipeline.feature_engineering manual__2025-09-25T02:38:06.874295+00:00 [running]> on host 6afc1fdecefc
[2025-09-25 02:38:11,362] {taskinstance.py:1571} INFO - Exporting the following env vars:
AIRFLOW_CTX_DAG_OWNER=***
AIRFLOW_CTX_DAG_ID=manga_prediction_pipeline
AIRFLOW_CTX_TASK_ID=feature_engineering
AIRFLOW_CTX_EXECUTION_DATE=2025-09-25T02:38:06.874295+00:00
AIRFLOW_CTX_TRY_NUMBER=1
AIRFLOW_CTX_DAG_RUN_ID=manual__2025-09-25T02:38:06.874295+00:00
[2025-09-25 02:38:11,363] {logging_mixin.py:115} INFO - Reading processed data from /opt/***/data/processed/manga_processed.parquet
[2025-09-25 02:38:11,408] {logging_mixin.py:115} INFO - Processed data read successfully. Shape: (21795, 26)
[2025-09-25 02:38:11,413] {logging_mixin.py:115} INFO - Scaling numerical columns: ['members', 'favorites', 'scored_by', 'volumes', 'chapters']
[2025-09-25 02:38:11,415] {logging_mixin.py:115} INFO - One-hot encoding categorical columns: ['type']
[2025-09-25 02:38:11,420] {logging_mixin.py:115} INFO - Feature engineering complete.
[2025-09-25 02:38:11,420] {logging_mixin.py:115} INFO - Saving features to /opt/***/data/features/manga_features.parquet
[2025-09-25 02:38:11,478] {logging_mixin.py:115} INFO - Features saved successfully.
[2025-09-25 02:38:11,480] {python.py:173} INFO - Done. Returned value was: None
[2025-09-25 02:38:11,485] {taskinstance.py:1400} INFO - Marking task as SUCCESS. dag_id=manga_prediction_pipeline, task_id=feature_engineering, execution_date=20250925T023806, start_date=20250925T023811, end_date=20250925T023811
[2025-09-25 02:38:11,501] {local_task_job.py:156} INFO - Task exited with return code 0
[2025-09-25 02:38:11,515] {local_task_job.py:273} INFO - 1 downstream tasks scheduled from follow-on schedule check
