[2025-10-04 07:54:06,105] {taskinstance.py:1159} INFO - Dependencies all met for <TaskInstance: manga_prediction_pipeline.data_preprocessing manual__2025-10-04T07:53:05.406743+00:00 [queued]>
[2025-10-04 07:54:06,108] {taskinstance.py:1159} INFO - Dependencies all met for <TaskInstance: manga_prediction_pipeline.data_preprocessing manual__2025-10-04T07:53:05.406743+00:00 [queued]>
[2025-10-04 07:54:06,108] {taskinstance.py:1356} INFO - 
--------------------------------------------------------------------------------
[2025-10-04 07:54:06,108] {taskinstance.py:1357} INFO - Starting attempt 1 of 1
[2025-10-04 07:54:06,108] {taskinstance.py:1358} INFO - 
--------------------------------------------------------------------------------
[2025-10-04 07:54:06,112] {taskinstance.py:1377} INFO - Executing <Task(PythonOperator): data_preprocessing> on 2025-10-04 07:53:05.406743+00:00
[2025-10-04 07:54:06,115] {standard_task_runner.py:52} INFO - Started process 202 to run task
[2025-10-04 07:54:06,116] {standard_task_runner.py:79} INFO - Running: ['***', 'tasks', 'run', 'manga_prediction_pipeline', 'data_preprocessing', 'manual__2025-10-04T07:53:05.406743+00:00', '--job-id', '849', '--raw', '--subdir', 'DAGS_FOLDER/manga_prediction_pipeline.py', '--cfg-path', '/tmp/tmpiknb8hy9', '--error-file', '/tmp/tmpn387ty51']
[2025-10-04 07:54:06,117] {standard_task_runner.py:80} INFO - Job 849: Subtask data_preprocessing
[2025-10-04 07:54:06,135] {task_command.py:370} INFO - Running <TaskInstance: manga_prediction_pipeline.data_preprocessing manual__2025-10-04T07:53:05.406743+00:00 [running]> on host 43bde2c75940
[2025-10-04 07:54:06,159] {taskinstance.py:1571} INFO - Exporting the following env vars:
AIRFLOW_CTX_DAG_OWNER=***
AIRFLOW_CTX_DAG_ID=manga_prediction_pipeline
AIRFLOW_CTX_TASK_ID=data_preprocessing
AIRFLOW_CTX_EXECUTION_DATE=2025-10-04T07:53:05.406743+00:00
AIRFLOW_CTX_TRY_NUMBER=1
AIRFLOW_CTX_DAG_RUN_ID=manual__2025-10-04T07:53:05.406743+00:00
[2025-10-04 07:54:06,160] {logging_mixin.py:115} INFO - Connecting to MariaDB to read data...
[2025-10-04 07:54:06,160] {logging_mixin.py:115} INFO - Attempting to connect to MariaDB at mariadb:3306/manga_db
[2025-10-04 07:54:06,184] {authentication.py:66} INFO - package: mysql.connector.plugins
[2025-10-04 07:54:06,184] {authentication.py:67} INFO - plugin_name: mysql_native_password
[2025-10-04 07:54:06,184] {authentication.py:71} INFO - AUTHENTICATION_PLUGIN_CLASS: MySQLNativePasswordAuthPlugin
[2025-10-04 07:54:06,187] {logging_mixin.py:115} INFO - Successfully connected to MariaDB.
[2025-10-04 07:54:07,217] {logging_mixin.py:115} INFO - Data read successfully from MariaDB. Shape: (66371, 28)
[2025-10-04 07:54:07,233] {logging_mixin.py:115} INFO - Rows after dropping mal_id duplicates: (66371, 28)
[2025-10-04 07:54:07,233] {logging_mixin.py:115} INFO - Converting 'score' to numeric and dropping NaNs. Original rows: 66371
[2025-10-04 07:54:07,259] {logging_mixin.py:115} INFO - Rows after dropping missing scores: 21795
[2025-10-04 07:54:07,260] {logging_mixin.py:115} INFO - Data preprocessing complete.
[2025-10-04 07:54:07,260] {logging_mixin.py:115} INFO - Saving processed data to /opt/***/data/processed/manga_processed.parquet
[2025-10-04 07:54:07,348] {logging_mixin.py:115} INFO - Processed data saved successfully.
[2025-10-04 07:54:07,352] {python.py:173} INFO - Done. Returned value was: None
[2025-10-04 07:54:07,358] {taskinstance.py:1400} INFO - Marking task as SUCCESS. dag_id=manga_prediction_pipeline, task_id=data_preprocessing, execution_date=20251004T075305, start_date=20251004T075406, end_date=20251004T075407
[2025-10-04 07:54:07,379] {local_task_job.py:156} INFO - Task exited with return code 0
[2025-10-04 07:54:07,394] {local_task_job.py:273} INFO - 1 downstream tasks scheduled from follow-on schedule check
