[2025-10-04 08:41:50,782] {taskinstance.py:1159} INFO - Dependencies all met for <TaskInstance: manga_prediction_pipeline.model_training manual__2025-10-04T08:40:43.661752+00:00 [queued]>
[2025-10-04 08:41:50,785] {taskinstance.py:1159} INFO - Dependencies all met for <TaskInstance: manga_prediction_pipeline.model_training manual__2025-10-04T08:40:43.661752+00:00 [queued]>
[2025-10-04 08:41:50,785] {taskinstance.py:1356} INFO - 
--------------------------------------------------------------------------------
[2025-10-04 08:41:50,785] {taskinstance.py:1357} INFO - Starting attempt 1 of 1
[2025-10-04 08:41:50,785] {taskinstance.py:1358} INFO - 
--------------------------------------------------------------------------------
[2025-10-04 08:41:50,789] {taskinstance.py:1377} INFO - Executing <Task(PythonOperator): model_training> on 2025-10-04 08:40:43.661752+00:00
[2025-10-04 08:41:50,792] {standard_task_runner.py:52} INFO - Started process 470 to run task
[2025-10-04 08:41:50,794] {standard_task_runner.py:79} INFO - Running: ['***', 'tasks', 'run', 'manga_prediction_pipeline', 'model_training', 'manual__2025-10-04T08:40:43.661752+00:00', '--job-id', '864', '--raw', '--subdir', 'DAGS_FOLDER/manga_prediction_pipeline.py', '--cfg-path', '/tmp/tmpyosgqv5i', '--error-file', '/tmp/tmp2rrefzne']
[2025-10-04 08:41:50,794] {standard_task_runner.py:80} INFO - Job 864: Subtask model_training
[2025-10-04 08:41:50,812] {task_command.py:370} INFO - Running <TaskInstance: manga_prediction_pipeline.model_training manual__2025-10-04T08:40:43.661752+00:00 [running]> on host 43bde2c75940
[2025-10-04 08:41:50,837] {taskinstance.py:1571} INFO - Exporting the following env vars:
AIRFLOW_CTX_DAG_OWNER=***
AIRFLOW_CTX_DAG_ID=manga_prediction_pipeline
AIRFLOW_CTX_TASK_ID=model_training
AIRFLOW_CTX_EXECUTION_DATE=2025-10-04T08:40:43.661752+00:00
AIRFLOW_CTX_TRY_NUMBER=1
AIRFLOW_CTX_DAG_RUN_ID=manual__2025-10-04T08:40:43.661752+00:00
[2025-10-04 08:41:50,838] {logging_mixin.py:115} INFO - Reading feature-engineered data from /opt/***/data/processed/manga_processed.parquet
[2025-10-04 08:41:50,881] {logging_mixin.py:115} INFO - Feature-engineered data read successfully. Shape: (21795, 28)
[2025-10-04 08:41:50,885] {logging_mixin.py:115} INFO - Splitting data into training and testing sets...
[2025-10-04 08:41:50,886] {logging_mixin.py:115} INFO - X_train shape: (17436, 9), X_test shape: (4359, 9)
[2025-10-04 08:41:50,955] {logging_mixin.py:115} WARNING - 2025/10/04 08:41:50 WARNING mlflow.utils.git_utils: Failed to import Git (the Git executable is probably not on your PATH), so Git SHA is not available. Error: Failed to initialize: Bad git executable.
The git executable must be specified in one of the following ways:
    - be included in your $PATH
    - be set via $GIT_PYTHON_GIT_EXECUTABLE
    - explicitly set via git.refresh(<full-path-to-git-executable>)

All git commands will error until this is rectified.

This initial message can be silenced or aggravated in the future by setting the
$GIT_PYTHON_REFRESH environment variable. Use one of the following values:
    - quiet|q|silence|s|silent|none|n|0: for no message or exception
    - warn|w|warning|log|l|1: for a warning message (logging level CRITICAL, displayed by default)
    - error|e|exception|raise|r|2: for a raised exception

Example:
    export GIT_PYTHON_REFRESH=quiet
[2025-10-04 08:41:50,984] {logging_mixin.py:115} INFO - Training Random Forest Regressor model...
[2025-10-04 08:41:54,423] {logging_mixin.py:115} INFO - Model training complete.
[2025-10-04 08:41:54,479] {logging_mixin.py:115} INFO - MAE: 0.0108
[2025-10-04 08:41:54,479] {logging_mixin.py:115} INFO - MSE: 0.0020
[2025-10-04 08:41:54,479] {logging_mixin.py:115} INFO - RMSE: 0.0445
[2025-10-04 08:41:54,479] {logging_mixin.py:115} INFO - R2 Score: 0.9923
[2025-10-04 08:41:55,994] {logging_mixin.py:115} INFO - Model and metrics logged to MLflow.
[2025-10-04 08:41:56,011] {python.py:173} INFO - Done. Returned value was: 854d24b6b2c2420eb61a3fea06ef9fa3
[2025-10-04 08:41:56,025] {taskinstance.py:1400} INFO - Marking task as SUCCESS. dag_id=manga_prediction_pipeline, task_id=model_training, execution_date=20251004T084043, start_date=20251004T084150, end_date=20251004T084156
[2025-10-04 08:41:56,066] {local_task_job.py:156} INFO - Task exited with return code 0
[2025-10-04 08:41:56,079] {local_task_job.py:273} INFO - 1 downstream tasks scheduled from follow-on schedule check
