[2025-09-25 08:32:50,720] {taskinstance.py:1159} INFO - Dependencies all met for <TaskInstance: manga_prediction_pipeline.data_preprocessing manual__2025-09-25T08:32:47.121827+00:00 [queued]>
[2025-09-25 08:32:50,723] {taskinstance.py:1159} INFO - Dependencies all met for <TaskInstance: manga_prediction_pipeline.data_preprocessing manual__2025-09-25T08:32:47.121827+00:00 [queued]>
[2025-09-25 08:32:50,723] {taskinstance.py:1356} INFO - 
--------------------------------------------------------------------------------
[2025-09-25 08:32:50,723] {taskinstance.py:1357} INFO - Starting attempt 1 of 1
[2025-09-25 08:32:50,723] {taskinstance.py:1358} INFO - 
--------------------------------------------------------------------------------
[2025-09-25 08:32:50,728] {taskinstance.py:1377} INFO - Executing <Task(PythonOperator): data_preprocessing> on 2025-09-25 08:32:47.121827+00:00
[2025-09-25 08:32:50,730] {standard_task_runner.py:52} INFO - Started process 214 to run task
[2025-09-25 08:32:50,731] {standard_task_runner.py:79} INFO - Running: ['***', 'tasks', 'run', 'manga_prediction_pipeline', 'data_preprocessing', 'manual__2025-09-25T08:32:47.121827+00:00', '--job-id', '204', '--raw', '--subdir', 'DAGS_FOLDER/manga_prediction_pipeline.py', '--cfg-path', '/tmp/tmpq2f_p1f3', '--error-file', '/tmp/tmp5_yx7zhh']
[2025-09-25 08:32:50,732] {standard_task_runner.py:80} INFO - Job 204: Subtask data_preprocessing
[2025-09-25 08:32:50,749] {task_command.py:370} INFO - Running <TaskInstance: manga_prediction_pipeline.data_preprocessing manual__2025-09-25T08:32:47.121827+00:00 [running]> on host f994edd6b260
[2025-09-25 08:32:50,772] {taskinstance.py:1571} INFO - Exporting the following env vars:
AIRFLOW_CTX_DAG_OWNER=***
AIRFLOW_CTX_DAG_ID=manga_prediction_pipeline
AIRFLOW_CTX_TASK_ID=data_preprocessing
AIRFLOW_CTX_EXECUTION_DATE=2025-09-25T08:32:47.121827+00:00
AIRFLOW_CTX_TRY_NUMBER=1
AIRFLOW_CTX_DAG_RUN_ID=manual__2025-09-25T08:32:47.121827+00:00
[2025-09-25 08:32:50,772] {logging_mixin.py:115} INFO - Reading staged data from /opt/***/data/staged/manga.parquet
[2025-09-25 08:32:50,892] {logging_mixin.py:115} INFO - Staged data read successfully. Shape: (66371, 26)
[2025-09-25 08:32:50,892] {logging_mixin.py:115} INFO - Dropping rows with missing scores. Original rows: 66371
[2025-09-25 08:32:50,901] {logging_mixin.py:115} INFO - Rows after dropping missing scores: 21795
[2025-09-25 08:32:50,901] {logging_mixin.py:115} INFO - Parsing 'genres' column...
[2025-09-25 08:32:50,969] {logging_mixin.py:115} INFO - Data preprocessing complete.
[2025-09-25 08:32:50,969] {logging_mixin.py:115} INFO - Saving processed data to /opt/***/data/processed/manga_processed.parquet
[2025-09-25 08:32:51,047] {logging_mixin.py:115} INFO - Processed data saved successfully.
[2025-09-25 08:32:51,050] {python.py:173} INFO - Done. Returned value was: None
[2025-09-25 08:32:51,056] {taskinstance.py:1400} INFO - Marking task as SUCCESS. dag_id=manga_prediction_pipeline, task_id=data_preprocessing, execution_date=20250925T083247, start_date=20250925T083250, end_date=20250925T083251
[2025-09-25 08:32:51,079] {local_task_job.py:156} INFO - Task exited with return code 0
[2025-09-25 08:32:51,093] {local_task_job.py:273} INFO - 1 downstream tasks scheduled from follow-on schedule check
