[2025-10-04 08:48:04,028] {taskinstance.py:1159} INFO - Dependencies all met for <TaskInstance: manga_prediction_pipeline.update_deployed_model_id manual__2025-10-04T08:46:47.833941+00:00 [queued]>
[2025-10-04 08:48:04,031] {taskinstance.py:1159} INFO - Dependencies all met for <TaskInstance: manga_prediction_pipeline.update_deployed_model_id manual__2025-10-04T08:46:47.833941+00:00 [queued]>
[2025-10-04 08:48:04,032] {taskinstance.py:1356} INFO - 
--------------------------------------------------------------------------------
[2025-10-04 08:48:04,032] {taskinstance.py:1357} INFO - Starting attempt 1 of 1
[2025-10-04 08:48:04,032] {taskinstance.py:1358} INFO - 
--------------------------------------------------------------------------------
[2025-10-04 08:48:04,036] {taskinstance.py:1377} INFO - Executing <Task(PythonOperator): update_deployed_model_id> on 2025-10-04 08:46:47.833941+00:00
[2025-10-04 08:48:04,039] {standard_task_runner.py:52} INFO - Started process 317 to run task
[2025-10-04 08:48:04,040] {standard_task_runner.py:79} INFO - Running: ['***', 'tasks', 'run', 'manga_prediction_pipeline', 'update_deployed_model_id', 'manual__2025-10-04T08:46:47.833941+00:00', '--job-id', '879', '--raw', '--subdir', 'DAGS_FOLDER/manga_prediction_pipeline.py', '--cfg-path', '/tmp/tmpcr_48kjl', '--error-file', '/tmp/tmp0rr1sxfz']
[2025-10-04 08:48:04,041] {standard_task_runner.py:80} INFO - Job 879: Subtask update_deployed_model_id
[2025-10-04 08:48:04,059] {task_command.py:370} INFO - Running <TaskInstance: manga_prediction_pipeline.update_deployed_model_id manual__2025-10-04T08:46:47.833941+00:00 [running]> on host c86500f2f485
[2025-10-04 08:48:04,082] {taskinstance.py:1571} INFO - Exporting the following env vars:
AIRFLOW_CTX_DAG_OWNER=***
AIRFLOW_CTX_DAG_ID=manga_prediction_pipeline
AIRFLOW_CTX_TASK_ID=update_deployed_model_id
AIRFLOW_CTX_EXECUTION_DATE=2025-10-04T08:46:47.833941+00:00
AIRFLOW_CTX_TRY_NUMBER=1
AIRFLOW_CTX_DAG_RUN_ID=manual__2025-10-04T08:46:47.833941+00:00
[2025-10-04 08:48:04,087] {logging_mixin.py:115} INFO - Updated latest_run_id.txt with run_id: 9fdfe448df8345b6a1c5a0bdff697961
[2025-10-04 08:48:04,087] {python.py:173} INFO - Done. Returned value was: None
[2025-10-04 08:48:04,090] {taskinstance.py:1400} INFO - Marking task as SUCCESS. dag_id=manga_prediction_pipeline, task_id=update_deployed_model_id, execution_date=20251004T084647, start_date=20251004T084804, end_date=20251004T084804
[2025-10-04 08:48:04,099] {local_task_job.py:156} INFO - Task exited with return code 0
[2025-10-04 08:48:04,113] {local_task_job.py:273} INFO - 1 downstream tasks scheduled from follow-on schedule check
