[2025-10-03 17:43:59,998] {taskinstance.py:1159} INFO - Dependencies all met for <TaskInstance: manga_prediction_pipeline.data_ingestion manual__2025-10-03T17:43:56.513242+00:00 [queued]>
[2025-10-03 17:44:00,001] {taskinstance.py:1159} INFO - Dependencies all met for <TaskInstance: manga_prediction_pipeline.data_ingestion manual__2025-10-03T17:43:56.513242+00:00 [queued]>
[2025-10-03 17:44:00,001] {taskinstance.py:1356} INFO - 
--------------------------------------------------------------------------------
[2025-10-03 17:44:00,001] {taskinstance.py:1357} INFO - Starting attempt 1 of 1
[2025-10-03 17:44:00,001] {taskinstance.py:1358} INFO - 
--------------------------------------------------------------------------------
[2025-10-03 17:44:00,008] {taskinstance.py:1377} INFO - Executing <Task(PythonOperator): data_ingestion> on 2025-10-03 17:43:56.513242+00:00
[2025-10-03 17:44:00,012] {standard_task_runner.py:52} INFO - Started process 193 to run task
[2025-10-03 17:44:00,014] {standard_task_runner.py:79} INFO - Running: ['***', 'tasks', 'run', 'manga_prediction_pipeline', 'data_ingestion', 'manual__2025-10-03T17:43:56.513242+00:00', '--job-id', '708', '--raw', '--subdir', 'DAGS_FOLDER/manga_prediction_pipeline.py', '--cfg-path', '/tmp/tmpkze8pjyg', '--error-file', '/tmp/tmpnxhbv6ln']
[2025-10-03 17:44:00,015] {standard_task_runner.py:80} INFO - Job 708: Subtask data_ingestion
[2025-10-03 17:44:00,038] {task_command.py:370} INFO - Running <TaskInstance: manga_prediction_pipeline.data_ingestion manual__2025-10-03T17:43:56.513242+00:00 [running]> on host 66a1195245b0
[2025-10-03 17:44:00,065] {taskinstance.py:1571} INFO - Exporting the following env vars:
AIRFLOW_CTX_DAG_OWNER=***
AIRFLOW_CTX_DAG_ID=manga_prediction_pipeline
AIRFLOW_CTX_TASK_ID=data_ingestion
AIRFLOW_CTX_EXECUTION_DATE=2025-10-03T17:43:56.513242+00:00
AIRFLOW_CTX_TRY_NUMBER=1
AIRFLOW_CTX_DAG_RUN_ID=manual__2025-10-03T17:43:56.513242+00:00
[2025-10-03 17:44:00,066] {logging_mixin.py:115} INFO - Reading data from /opt/***/data/manga.csv
[2025-10-03 17:44:00,465] {logging_mixin.py:115} INFO - Data read successfully. Shape: (66371, 26)
[2025-10-03 17:44:00,465] {logging_mixin.py:115} INFO - Attempting to connect to MariaDB at mariadb:3306/manga_db
[2025-10-03 17:44:00,492] {authentication.py:66} INFO - package: mysql.connector.plugins
[2025-10-03 17:44:00,492] {authentication.py:67} INFO - plugin_name: mysql_native_password
[2025-10-03 17:44:00,492] {authentication.py:71} INFO - AUTHENTICATION_PLUGIN_CLASS: MySQLNativePasswordAuthPlugin
[2025-10-03 17:44:00,495] {logging_mixin.py:115} INFO - Successfully connected to MariaDB.
[2025-10-03 17:44:00,495] {logging_mixin.py:115} INFO - Inserting into dim_manga_info...
[2025-10-03 17:44:28,077] {logging_mixin.py:115} INFO - dim_manga_info populated.
[2025-10-03 17:44:28,310] {logging_mixin.py:115} INFO - Inserting into dim_genres...
[2025-10-03 17:44:28,403] {logging_mixin.py:115} INFO - dim_genres populated.
[2025-10-03 17:44:28,404] {logging_mixin.py:115} INFO - Inserting into dim_authors...
[2025-10-03 17:44:28,549] {logging_mixin.py:115} INFO - dim_authors populated.
[2025-10-03 17:44:28,550] {logging_mixin.py:115} INFO - Inserting into dim_demographics...
[2025-10-03 17:44:28,673] {logging_mixin.py:115} INFO - dim_demographics populated.
[2025-10-03 17:44:28,674] {logging_mixin.py:115} INFO - Inserting into dim_serializations...
[2025-10-03 17:44:28,762] {logging_mixin.py:115} INFO - dim_serializations populated.
[2025-10-03 17:44:28,763] {logging_mixin.py:115} INFO - Inserting into fact_manga...
[2025-10-03 17:44:54,698] {logging_mixin.py:115} INFO - fact_manga populated.
[2025-10-03 17:44:54,699] {logging_mixin.py:115} INFO - Inserting into manga_secondary_genres...
[2025-10-03 17:44:55,758] {logging_mixin.py:115} INFO - manga_secondary_genres populated.
[2025-10-03 17:44:55,759] {logging_mixin.py:115} INFO - Data ingestion to MariaDB complete.
[2025-10-03 17:44:55,777] {python.py:173} INFO - Done. Returned value was: None
[2025-10-03 17:44:55,785] {taskinstance.py:1400} INFO - Marking task as SUCCESS. dag_id=manga_prediction_pipeline, task_id=data_ingestion, execution_date=20251003T174356, start_date=20251003T174359, end_date=20251003T174455
[2025-10-03 17:44:55,815] {local_task_job.py:156} INFO - Task exited with return code 0
[2025-10-03 17:44:55,832] {local_task_job.py:273} INFO - 1 downstream tasks scheduled from follow-on schedule check
