[2025-10-05 01:45:48,475] {taskinstance.py:1159} INFO - Dependencies all met for <TaskInstance: manga_prediction_pipeline.data_ingestion manual__2025-10-05T01:45:43.641396+00:00 [queued]>
[2025-10-05 01:45:48,478] {taskinstance.py:1159} INFO - Dependencies all met for <TaskInstance: manga_prediction_pipeline.data_ingestion manual__2025-10-05T01:45:43.641396+00:00 [queued]>
[2025-10-05 01:45:48,478] {taskinstance.py:1356} INFO - 
--------------------------------------------------------------------------------
[2025-10-05 01:45:48,478] {taskinstance.py:1357} INFO - Starting attempt 1 of 1
[2025-10-05 01:45:48,479] {taskinstance.py:1358} INFO - 
--------------------------------------------------------------------------------
[2025-10-05 01:45:48,483] {taskinstance.py:1377} INFO - Executing <Task(PythonOperator): data_ingestion> on 2025-10-05 01:45:43.641396+00:00
[2025-10-05 01:45:48,486] {standard_task_runner.py:52} INFO - Started process 225 to run task
[2025-10-05 01:45:48,488] {standard_task_runner.py:79} INFO - Running: ['***', 'tasks', 'run', 'manga_prediction_pipeline', 'data_ingestion', 'manual__2025-10-05T01:45:43.641396+00:00', '--job-id', '906', '--raw', '--subdir', 'DAGS_FOLDER/manga_prediction_pipeline.py', '--cfg-path', '/tmp/tmpiuay8137', '--error-file', '/tmp/tmpyqnq0vly']
[2025-10-05 01:45:48,488] {standard_task_runner.py:80} INFO - Job 906: Subtask data_ingestion
[2025-10-05 01:45:48,506] {task_command.py:370} INFO - Running <TaskInstance: manga_prediction_pipeline.data_ingestion manual__2025-10-05T01:45:43.641396+00:00 [running]> on host b4121d8a0a4d
[2025-10-05 01:45:48,532] {taskinstance.py:1571} INFO - Exporting the following env vars:
AIRFLOW_CTX_DAG_OWNER=***
AIRFLOW_CTX_DAG_ID=manga_prediction_pipeline
AIRFLOW_CTX_TASK_ID=data_ingestion
AIRFLOW_CTX_EXECUTION_DATE=2025-10-05T01:45:43.641396+00:00
AIRFLOW_CTX_TRY_NUMBER=1
AIRFLOW_CTX_DAG_RUN_ID=manual__2025-10-05T01:45:43.641396+00:00
[2025-10-05 01:45:48,533] {logging_mixin.py:115} INFO - Reading data from /opt/***/data/manga.csv
[2025-10-05 01:45:48,925] {logging_mixin.py:115} INFO - Data read successfully. Shape: (66371, 26)
[2025-10-05 01:45:48,925] {logging_mixin.py:115} INFO - Attempting to connect to MariaDB at mariadb:3306/manga_db
[2025-10-05 01:45:48,956] {authentication.py:66} INFO - package: mysql.connector.plugins
[2025-10-05 01:45:48,956] {authentication.py:67} INFO - plugin_name: mysql_native_password
[2025-10-05 01:45:48,957] {authentication.py:71} INFO - AUTHENTICATION_PLUGIN_CLASS: MySQLNativePasswordAuthPlugin
[2025-10-05 01:45:48,960] {logging_mixin.py:115} INFO - Successfully connected to MariaDB.
[2025-10-05 01:45:48,960] {logging_mixin.py:115} INFO - Inserting into dim_manga_info...
[2025-10-05 01:46:17,711] {logging_mixin.py:115} INFO - dim_manga_info populated.
[2025-10-05 01:46:17,960] {logging_mixin.py:115} INFO - Inserting into dim_genres...
[2025-10-05 01:46:18,127] {logging_mixin.py:115} INFO - dim_genres populated.
[2025-10-05 01:46:18,129] {logging_mixin.py:115} INFO - Inserting into dim_authors...
[2025-10-05 01:46:18,221] {logging_mixin.py:115} INFO - dim_authors populated.
[2025-10-05 01:46:18,222] {logging_mixin.py:115} INFO - Inserting into dim_demographics...
[2025-10-05 01:46:18,349] {logging_mixin.py:115} INFO - dim_demographics populated.
[2025-10-05 01:46:18,351] {logging_mixin.py:115} INFO - Inserting into dim_serializations...
[2025-10-05 01:46:18,441] {logging_mixin.py:115} INFO - dim_serializations populated.
[2025-10-05 01:46:18,442] {logging_mixin.py:115} INFO - Inserting into fact_manga...
[2025-10-05 01:46:44,678] {logging_mixin.py:115} INFO - fact_manga populated.
[2025-10-05 01:46:44,678] {logging_mixin.py:115} INFO - Inserting into manga_secondary_genres...
[2025-10-05 01:46:45,781] {logging_mixin.py:115} INFO - manga_secondary_genres populated.
[2025-10-05 01:46:45,782] {logging_mixin.py:115} INFO - Data ingestion to MariaDB complete.
[2025-10-05 01:46:45,799] {python.py:173} INFO - Done. Returned value was: None
[2025-10-05 01:46:45,808] {taskinstance.py:1400} INFO - Marking task as SUCCESS. dag_id=manga_prediction_pipeline, task_id=data_ingestion, execution_date=20251005T014543, start_date=20251005T014548, end_date=20251005T014645
[2025-10-05 01:46:45,823] {local_task_job.py:156} INFO - Task exited with return code 0
[2025-10-05 01:46:45,845] {local_task_job.py:273} INFO - 1 downstream tasks scheduled from follow-on schedule check
