[2025-10-03 18:23:40,433] {taskinstance.py:1159} INFO - Dependencies all met for <TaskInstance: manga_prediction_pipeline.feature_engineering manual__2025-10-03T18:22:28.485623+00:00 [queued]>
[2025-10-03 18:23:40,436] {taskinstance.py:1159} INFO - Dependencies all met for <TaskInstance: manga_prediction_pipeline.feature_engineering manual__2025-10-03T18:22:28.485623+00:00 [queued]>
[2025-10-03 18:23:40,436] {taskinstance.py:1356} INFO - 
--------------------------------------------------------------------------------
[2025-10-03 18:23:40,436] {taskinstance.py:1357} INFO - Starting attempt 1 of 1
[2025-10-03 18:23:40,436] {taskinstance.py:1358} INFO - 
--------------------------------------------------------------------------------
[2025-10-03 18:23:40,441] {taskinstance.py:1377} INFO - Executing <Task(PythonOperator): feature_engineering> on 2025-10-03 18:22:28.485623+00:00
[2025-10-03 18:23:40,444] {standard_task_runner.py:52} INFO - Started process 254 to run task
[2025-10-03 18:23:40,446] {standard_task_runner.py:79} INFO - Running: ['***', 'tasks', 'run', 'manga_prediction_pipeline', 'feature_engineering', 'manual__2025-10-03T18:22:28.485623+00:00', '--job-id', '774', '--raw', '--subdir', 'DAGS_FOLDER/manga_prediction_pipeline.py', '--cfg-path', '/tmp/tmpp_hdhxrz', '--error-file', '/tmp/tmpmvv8pti2']
[2025-10-03 18:23:40,446] {standard_task_runner.py:80} INFO - Job 774: Subtask feature_engineering
[2025-10-03 18:23:40,468] {task_command.py:370} INFO - Running <TaskInstance: manga_prediction_pipeline.feature_engineering manual__2025-10-03T18:22:28.485623+00:00 [running]> on host 5b14bb760d0c
[2025-10-03 18:23:40,493] {taskinstance.py:1571} INFO - Exporting the following env vars:
AIRFLOW_CTX_DAG_OWNER=***
AIRFLOW_CTX_DAG_ID=manga_prediction_pipeline
AIRFLOW_CTX_TASK_ID=feature_engineering
AIRFLOW_CTX_EXECUTION_DATE=2025-10-03T18:22:28.485623+00:00
AIRFLOW_CTX_TRY_NUMBER=1
AIRFLOW_CTX_DAG_RUN_ID=manual__2025-10-03T18:22:28.485623+00:00
[2025-10-03 18:23:40,493] {logging_mixin.py:115} INFO - Reading processed data from /opt/***/data/processed/manga_processed.parquet
[2025-10-03 18:23:40,541] {logging_mixin.py:115} INFO - Processed data read successfully. Shape: (21795, 28)
[2025-10-03 18:23:40,549] {logging_mixin.py:115} INFO - Scaling numerical columns: ['members', 'favorites', 'scored_by', 'volumes', 'chapters']
[2025-10-03 18:23:40,551] {logging_mixin.py:115} INFO - One-hot encoding categorical columns: ['type']
[2025-10-03 18:23:40,557] {logging_mixin.py:115} INFO - Feature engineering complete.
[2025-10-03 18:23:40,558] {logging_mixin.py:115} INFO - Saving features to /opt/***/data/features/manga_features.parquet
[2025-10-03 18:23:40,610] {logging_mixin.py:115} INFO - Features saved successfully.
[2025-10-03 18:23:40,612] {python.py:173} INFO - Done. Returned value was: None
[2025-10-03 18:23:40,617] {taskinstance.py:1400} INFO - Marking task as SUCCESS. dag_id=manga_prediction_pipeline, task_id=feature_engineering, execution_date=20251003T182228, start_date=20251003T182340, end_date=20251003T182340
[2025-10-03 18:23:40,667] {local_task_job.py:156} INFO - Task exited with return code 0
[2025-10-03 18:23:40,687] {local_task_job.py:273} INFO - 0 downstream tasks scheduled from follow-on schedule check
