[2025-10-01 19:24:55,032] {taskinstance.py:1159} INFO - Dependencies all met for <TaskInstance: manga_prediction_pipeline.data_preprocessing manual__2025-10-01T19:23:49.780114+00:00 [queued]>
[2025-10-01 19:24:55,035] {taskinstance.py:1159} INFO - Dependencies all met for <TaskInstance: manga_prediction_pipeline.data_preprocessing manual__2025-10-01T19:23:49.780114+00:00 [queued]>
[2025-10-01 19:24:55,035] {taskinstance.py:1356} INFO - 
--------------------------------------------------------------------------------
[2025-10-01 19:24:55,035] {taskinstance.py:1357} INFO - Starting attempt 1 of 1
[2025-10-01 19:24:55,035] {taskinstance.py:1358} INFO - 
--------------------------------------------------------------------------------
[2025-10-01 19:24:55,040] {taskinstance.py:1377} INFO - Executing <Task(PythonOperator): data_preprocessing> on 2025-10-01 19:23:49.780114+00:00
[2025-10-01 19:24:55,042] {standard_task_runner.py:52} INFO - Started process 203 to run task
[2025-10-01 19:24:55,044] {standard_task_runner.py:79} INFO - Running: ['***', 'tasks', 'run', 'manga_prediction_pipeline', 'data_preprocessing', 'manual__2025-10-01T19:23:49.780114+00:00', '--job-id', '481', '--raw', '--subdir', 'DAGS_FOLDER/manga_prediction_pipeline.py', '--cfg-path', '/tmp/tmp4s77v25z', '--error-file', '/tmp/tmp3924hymn']
[2025-10-01 19:24:55,044] {standard_task_runner.py:80} INFO - Job 481: Subtask data_preprocessing
[2025-10-01 19:24:55,064] {task_command.py:370} INFO - Running <TaskInstance: manga_prediction_pipeline.data_preprocessing manual__2025-10-01T19:23:49.780114+00:00 [running]> on host 49cbd92af88a
[2025-10-01 19:24:55,087] {taskinstance.py:1571} INFO - Exporting the following env vars:
AIRFLOW_CTX_DAG_OWNER=***
AIRFLOW_CTX_DAG_ID=manga_prediction_pipeline
AIRFLOW_CTX_TASK_ID=data_preprocessing
AIRFLOW_CTX_EXECUTION_DATE=2025-10-01T19:23:49.780114+00:00
AIRFLOW_CTX_TRY_NUMBER=1
AIRFLOW_CTX_DAG_RUN_ID=manual__2025-10-01T19:23:49.780114+00:00
[2025-10-01 19:24:55,088] {logging_mixin.py:115} INFO - Connecting to MariaDB to read data...
[2025-10-01 19:24:55,088] {logging_mixin.py:115} INFO - Attempting to connect to MariaDB at mariadb:3306/manga_db
[2025-10-01 19:24:55,111] {authentication.py:66} INFO - package: mysql.connector.plugins
[2025-10-01 19:24:55,111] {authentication.py:67} INFO - plugin_name: mysql_native_password
[2025-10-01 19:24:55,111] {authentication.py:71} INFO - AUTHENTICATION_PLUGIN_CLASS: MySQLNativePasswordAuthPlugin
[2025-10-01 19:24:55,114] {logging_mixin.py:115} INFO - Successfully connected to MariaDB.
[2025-10-01 19:24:56,134] {logging_mixin.py:115} INFO - Data read successfully from MariaDB. Shape: (66371, 28)
[2025-10-01 19:24:56,149] {logging_mixin.py:115} INFO - Rows after dropping mal_id duplicates: (66371, 28)
[2025-10-01 19:24:56,149] {logging_mixin.py:115} INFO - Converting 'score' to numeric and dropping NaNs. Original rows: 66371
[2025-10-01 19:24:56,161] {logging_mixin.py:115} INFO - Rows after dropping missing scores: 21795
[2025-10-01 19:24:56,161] {logging_mixin.py:115} INFO - Data preprocessing complete.
[2025-10-01 19:24:56,162] {logging_mixin.py:115} INFO - Saving processed data to /opt/***/data/processed/manga_processed.parquet
[2025-10-01 19:24:56,247] {logging_mixin.py:115} INFO - Processed data saved successfully.
[2025-10-01 19:24:56,252] {python.py:173} INFO - Done. Returned value was: None
[2025-10-01 19:24:56,257] {taskinstance.py:1400} INFO - Marking task as SUCCESS. dag_id=manga_prediction_pipeline, task_id=data_preprocessing, execution_date=20251001T192349, start_date=20251001T192455, end_date=20251001T192456
[2025-10-01 19:24:56,295] {local_task_job.py:156} INFO - Task exited with return code 0
[2025-10-01 19:24:56,311] {local_task_job.py:273} INFO - 0 downstream tasks scheduled from follow-on schedule check
