[2025-10-02 03:03:48,515] {taskinstance.py:1159} INFO - Dependencies all met for <TaskInstance: manga_prediction_pipeline.feature_engineering manual__2025-10-02T03:02:47.090292+00:00 [queued]>
[2025-10-02 03:03:48,519] {taskinstance.py:1159} INFO - Dependencies all met for <TaskInstance: manga_prediction_pipeline.feature_engineering manual__2025-10-02T03:02:47.090292+00:00 [queued]>
[2025-10-02 03:03:48,519] {taskinstance.py:1356} INFO - 
--------------------------------------------------------------------------------
[2025-10-02 03:03:48,519] {taskinstance.py:1357} INFO - Starting attempt 1 of 1
[2025-10-02 03:03:48,519] {taskinstance.py:1358} INFO - 
--------------------------------------------------------------------------------
[2025-10-02 03:03:48,523] {taskinstance.py:1377} INFO - Executing <Task(PythonOperator): feature_engineering> on 2025-10-02 03:02:47.090292+00:00
[2025-10-02 03:03:48,526] {standard_task_runner.py:52} INFO - Started process 231 to run task
[2025-10-02 03:03:48,531] {standard_task_runner.py:79} INFO - Running: ['***', 'tasks', 'run', 'manga_prediction_pipeline', 'feature_engineering', 'manual__2025-10-02T03:02:47.090292+00:00', '--job-id', '594', '--raw', '--subdir', 'DAGS_FOLDER/manga_prediction_pipeline.py', '--cfg-path', '/tmp/tmp6jnr6v9z', '--error-file', '/tmp/tmpf_101s99']
[2025-10-02 03:03:48,532] {standard_task_runner.py:80} INFO - Job 594: Subtask feature_engineering
[2025-10-02 03:03:48,552] {task_command.py:370} INFO - Running <TaskInstance: manga_prediction_pipeline.feature_engineering manual__2025-10-02T03:02:47.090292+00:00 [running]> on host 8cb94be35429
[2025-10-02 03:03:48,579] {taskinstance.py:1571} INFO - Exporting the following env vars:
AIRFLOW_CTX_DAG_OWNER=***
AIRFLOW_CTX_DAG_ID=manga_prediction_pipeline
AIRFLOW_CTX_TASK_ID=feature_engineering
AIRFLOW_CTX_EXECUTION_DATE=2025-10-02T03:02:47.090292+00:00
AIRFLOW_CTX_TRY_NUMBER=1
AIRFLOW_CTX_DAG_RUN_ID=manual__2025-10-02T03:02:47.090292+00:00
[2025-10-02 03:03:48,579] {logging_mixin.py:115} INFO - Reading processed data from /opt/***/data/processed/manga_processed.parquet
[2025-10-02 03:03:48,623] {logging_mixin.py:115} INFO - Processed data read successfully. Shape: (21795, 28)
[2025-10-02 03:03:48,630] {logging_mixin.py:115} INFO - Scaling numerical columns: ['members', 'favorites', 'scored_by', 'volumes', 'chapters']
[2025-10-02 03:03:48,632] {logging_mixin.py:115} INFO - One-hot encoding categorical columns: ['type']
[2025-10-02 03:03:48,637] {logging_mixin.py:115} INFO - Feature engineering complete.
[2025-10-02 03:03:48,638] {logging_mixin.py:115} INFO - Saving features to /opt/***/data/features/manga_features.parquet
[2025-10-02 03:03:48,690] {logging_mixin.py:115} INFO - Features saved successfully.
[2025-10-02 03:03:48,692] {python.py:173} INFO - Done. Returned value was: None
[2025-10-02 03:03:48,697] {taskinstance.py:1400} INFO - Marking task as SUCCESS. dag_id=manga_prediction_pipeline, task_id=feature_engineering, execution_date=20251002T030247, start_date=20251002T030348, end_date=20251002T030348
[2025-10-02 03:03:48,711] {local_task_job.py:156} INFO - Task exited with return code 0
[2025-10-02 03:03:48,727] {local_task_job.py:273} INFO - 0 downstream tasks scheduled from follow-on schedule check
