[2025-09-25 08:06:20,799] {taskinstance.py:1159} INFO - Dependencies all met for <TaskInstance: manga_prediction_pipeline.start_pipeline manual__2025-09-24T19:17:52.831820+00:00 [queued]>
[2025-09-25 08:06:20,803] {taskinstance.py:1159} INFO - Dependencies all met for <TaskInstance: manga_prediction_pipeline.start_pipeline manual__2025-09-24T19:17:52.831820+00:00 [queued]>
[2025-09-25 08:06:20,803] {taskinstance.py:1356} INFO - 
--------------------------------------------------------------------------------
[2025-09-25 08:06:20,803] {taskinstance.py:1357} INFO - Starting attempt 2 of 2
[2025-09-25 08:06:20,803] {taskinstance.py:1358} INFO - 
--------------------------------------------------------------------------------
[2025-09-25 08:06:20,809] {taskinstance.py:1377} INFO - Executing <Task(PythonOperator): start_pipeline> on 2025-09-24 19:17:52.831820+00:00
[2025-09-25 08:06:20,812] {standard_task_runner.py:52} INFO - Started process 611 to run task
[2025-09-25 08:06:20,814] {standard_task_runner.py:79} INFO - Running: ['***', 'tasks', 'run', 'manga_prediction_pipeline', 'start_pipeline', 'manual__2025-09-24T19:17:52.831820+00:00', '--job-id', '135', '--raw', '--subdir', 'DAGS_FOLDER/manga_prediction_pipeline.py', '--cfg-path', '/tmp/tmpdho5aq0d', '--error-file', '/tmp/tmpimsubr4q']
[2025-09-25 08:06:20,815] {standard_task_runner.py:80} INFO - Job 135: Subtask start_pipeline
[2025-09-25 08:06:20,834] {task_command.py:370} INFO - Running <TaskInstance: manga_prediction_pipeline.start_pipeline manual__2025-09-24T19:17:52.831820+00:00 [running]> on host 240518fe472e
[2025-09-25 08:06:20,860] {taskinstance.py:1571} INFO - Exporting the following env vars:
AIRFLOW_CTX_DAG_OWNER=***
AIRFLOW_CTX_DAG_ID=manga_prediction_pipeline
AIRFLOW_CTX_TASK_ID=start_pipeline
AIRFLOW_CTX_EXECUTION_DATE=2025-09-24T19:17:52.831820+00:00
AIRFLOW_CTX_TRY_NUMBER=2
AIRFLOW_CTX_DAG_RUN_ID=manual__2025-09-24T19:17:52.831820+00:00
[2025-09-25 08:06:20,860] {logging_mixin.py:115} INFO - Pipeline started!
[2025-09-25 08:06:20,860] {python.py:173} INFO - Done. Returned value was: None
[2025-09-25 08:06:20,865] {taskinstance.py:1400} INFO - Marking task as SUCCESS. dag_id=manga_prediction_pipeline, task_id=start_pipeline, execution_date=20250924T191752, start_date=20250925T080620, end_date=20250925T080620
[2025-09-25 08:06:20,873] {local_task_job.py:156} INFO - Task exited with return code 0
[2025-09-25 08:06:20,894] {local_task_job.py:273} INFO - 1 downstream tasks scheduled from follow-on schedule check
