[2025-10-01 13:59:25,156] {taskinstance.py:1159} INFO - Dependencies all met for <TaskInstance: manga_prediction_pipeline.data_ingestion manual__2025-10-01T13:59:21.570270+00:00 [queued]>
[2025-10-01 13:59:25,159] {taskinstance.py:1159} INFO - Dependencies all met for <TaskInstance: manga_prediction_pipeline.data_ingestion manual__2025-10-01T13:59:21.570270+00:00 [queued]>
[2025-10-01 13:59:25,159] {taskinstance.py:1356} INFO - 
--------------------------------------------------------------------------------
[2025-10-01 13:59:25,159] {taskinstance.py:1357} INFO - Starting attempt 1 of 1
[2025-10-01 13:59:25,159] {taskinstance.py:1358} INFO - 
--------------------------------------------------------------------------------
[2025-10-01 13:59:25,164] {taskinstance.py:1377} INFO - Executing <Task(PythonOperator): data_ingestion> on 2025-10-01 13:59:21.570270+00:00
[2025-10-01 13:59:25,167] {standard_task_runner.py:52} INFO - Started process 193 to run task
[2025-10-01 13:59:25,168] {standard_task_runner.py:79} INFO - Running: ['***', 'tasks', 'run', 'manga_prediction_pipeline', 'data_ingestion', 'manual__2025-10-01T13:59:21.570270+00:00', '--job-id', '361', '--raw', '--subdir', 'DAGS_FOLDER/manga_prediction_pipeline.py', '--cfg-path', '/tmp/tmpvnymvw_b', '--error-file', '/tmp/tmpa34nx0we']
[2025-10-01 13:59:25,169] {standard_task_runner.py:80} INFO - Job 361: Subtask data_ingestion
[2025-10-01 13:59:25,186] {task_command.py:370} INFO - Running <TaskInstance: manga_prediction_pipeline.data_ingestion manual__2025-10-01T13:59:21.570270+00:00 [running]> on host 61d50ce4b953
[2025-10-01 13:59:25,211] {taskinstance.py:1571} INFO - Exporting the following env vars:
AIRFLOW_CTX_DAG_OWNER=***
AIRFLOW_CTX_DAG_ID=manga_prediction_pipeline
AIRFLOW_CTX_TASK_ID=data_ingestion
AIRFLOW_CTX_EXECUTION_DATE=2025-10-01T13:59:21.570270+00:00
AIRFLOW_CTX_TRY_NUMBER=1
AIRFLOW_CTX_DAG_RUN_ID=manual__2025-10-01T13:59:21.570270+00:00
[2025-10-01 13:59:25,211] {logging_mixin.py:115} INFO - Reading data from /opt/***/data/manga.csv
[2025-10-01 13:59:25,635] {logging_mixin.py:115} INFO - Data read successfully. Shape: (66371, 26)
[2025-10-01 13:59:25,635] {logging_mixin.py:115} INFO - Attempting to connect to MariaDB at mariadb:3306/manga_db
[2025-10-01 13:59:25,662] {authentication.py:66} INFO - package: mysql.connector.plugins
[2025-10-01 13:59:25,663] {authentication.py:67} INFO - plugin_name: mysql_native_password
[2025-10-01 13:59:25,663] {authentication.py:71} INFO - AUTHENTICATION_PLUGIN_CLASS: MySQLNativePasswordAuthPlugin
[2025-10-01 13:59:25,666] {logging_mixin.py:115} INFO - Successfully connected to MariaDB.
[2025-10-01 13:59:25,666] {logging_mixin.py:115} INFO - Inserting into dim_manga_info...
[2025-10-01 13:59:53,634] {logging_mixin.py:115} INFO - dim_manga_info populated.
[2025-10-01 13:59:53,886] {logging_mixin.py:115} INFO - Inserting into dim_genres...
[2025-10-01 13:59:53,980] {logging_mixin.py:115} INFO - dim_genres populated.
[2025-10-01 13:59:53,981] {logging_mixin.py:115} INFO - Inserting into dim_authors...
[2025-10-01 13:59:54,139] {logging_mixin.py:115} INFO - dim_authors populated.
[2025-10-01 13:59:54,145] {logging_mixin.py:115} INFO - Inserting into dim_demographics...
[2025-10-01 13:59:54,271] {logging_mixin.py:115} INFO - dim_demographics populated.
[2025-10-01 13:59:54,273] {logging_mixin.py:115} INFO - Inserting into dim_serializations...
[2025-10-01 13:59:54,360] {logging_mixin.py:115} INFO - dim_serializations populated.
[2025-10-01 13:59:54,360] {logging_mixin.py:115} INFO - Inserting into fact_manga...
[2025-10-01 14:00:20,763] {logging_mixin.py:115} INFO - fact_manga populated.
[2025-10-01 14:00:20,763] {logging_mixin.py:115} INFO - Inserting into manga_secondary_genres...
[2025-10-01 14:00:21,779] {logging_mixin.py:115} INFO - manga_secondary_genres populated.
[2025-10-01 14:00:21,779] {logging_mixin.py:115} INFO - Data ingestion to MariaDB complete.
[2025-10-01 14:00:21,795] {python.py:173} INFO - Done. Returned value was: None
[2025-10-01 14:00:21,803] {taskinstance.py:1400} INFO - Marking task as SUCCESS. dag_id=manga_prediction_pipeline, task_id=data_ingestion, execution_date=20251001T135921, start_date=20251001T135925, end_date=20251001T140021
[2025-10-01 14:00:21,858] {local_task_job.py:156} INFO - Task exited with return code 0
[2025-10-01 14:00:21,878] {local_task_job.py:273} INFO - 1 downstream tasks scheduled from follow-on schedule check
