[2025-09-25 03:19:48,265] {taskinstance.py:1159} INFO - Dependencies all met for <TaskInstance: manga_prediction_pipeline.feature_engineering manual__2025-09-24T19:06:38.168788+00:00 [queued]>
[2025-09-25 03:19:48,268] {taskinstance.py:1159} INFO - Dependencies all met for <TaskInstance: manga_prediction_pipeline.feature_engineering manual__2025-09-24T19:06:38.168788+00:00 [queued]>
[2025-09-25 03:19:48,268] {taskinstance.py:1356} INFO - 
--------------------------------------------------------------------------------
[2025-09-25 03:19:48,268] {taskinstance.py:1357} INFO - Starting attempt 2 of 2
[2025-09-25 03:19:48,268] {taskinstance.py:1358} INFO - 
--------------------------------------------------------------------------------
[2025-09-25 03:19:48,272] {taskinstance.py:1377} INFO - Executing <Task(PythonOperator): feature_engineering> on 2025-09-24 19:06:38.168788+00:00
[2025-09-25 03:19:48,275] {standard_task_runner.py:52} INFO - Started process 231 to run task
[2025-09-25 03:19:48,276] {standard_task_runner.py:79} INFO - Running: ['***', 'tasks', 'run', 'manga_prediction_pipeline', 'feature_engineering', 'manual__2025-09-24T19:06:38.168788+00:00', '--job-id', '85', '--raw', '--subdir', 'DAGS_FOLDER/manga_prediction_pipeline.py', '--cfg-path', '/tmp/tmpe8waa1eu', '--error-file', '/tmp/tmplnm29lqg']
[2025-09-25 03:19:48,276] {standard_task_runner.py:80} INFO - Job 85: Subtask feature_engineering
[2025-09-25 03:19:48,292] {task_command.py:370} INFO - Running <TaskInstance: manga_prediction_pipeline.feature_engineering manual__2025-09-24T19:06:38.168788+00:00 [running]> on host ecdfdfa377e2
[2025-09-25 03:19:48,314] {taskinstance.py:1571} INFO - Exporting the following env vars:
AIRFLOW_CTX_DAG_OWNER=***
AIRFLOW_CTX_DAG_ID=manga_prediction_pipeline
AIRFLOW_CTX_TASK_ID=feature_engineering
AIRFLOW_CTX_EXECUTION_DATE=2025-09-24T19:06:38.168788+00:00
AIRFLOW_CTX_TRY_NUMBER=2
AIRFLOW_CTX_DAG_RUN_ID=manual__2025-09-24T19:06:38.168788+00:00
[2025-09-25 03:19:48,314] {logging_mixin.py:115} INFO - Reading processed data from /opt/***/data/processed/manga_processed.parquet
[2025-09-25 03:19:48,358] {logging_mixin.py:115} INFO - Processed data read successfully. Shape: (21795, 26)
[2025-09-25 03:19:48,363] {logging_mixin.py:115} INFO - Scaling numerical columns: ['members', 'favorites', 'scored_by', 'volumes', 'chapters']
[2025-09-25 03:19:48,365] {logging_mixin.py:115} INFO - One-hot encoding categorical columns: ['type']
[2025-09-25 03:19:48,370] {logging_mixin.py:115} INFO - Feature engineering complete.
[2025-09-25 03:19:48,371] {logging_mixin.py:115} INFO - Saving features to /opt/***/data/features/manga_features.parquet
[2025-09-25 03:19:48,423] {logging_mixin.py:115} INFO - Features saved successfully.
[2025-09-25 03:19:48,426] {python.py:173} INFO - Done. Returned value was: None
[2025-09-25 03:19:48,430] {taskinstance.py:1400} INFO - Marking task as SUCCESS. dag_id=manga_prediction_pipeline, task_id=feature_engineering, execution_date=20250924T190638, start_date=20250925T031948, end_date=20250925T031948
[2025-09-25 03:19:48,457] {local_task_job.py:156} INFO - Task exited with return code 0
[2025-09-25 03:19:48,470] {local_task_job.py:273} INFO - 1 downstream tasks scheduled from follow-on schedule check
