[2025-10-06 14:14:43,168] {taskinstance.py:1159} INFO - Dependencies all met for <TaskInstance: manga_prediction_pipeline.data_ingestion manual__2025-10-06T14:14:39+00:00 [queued]>
[2025-10-06 14:14:43,170] {taskinstance.py:1159} INFO - Dependencies all met for <TaskInstance: manga_prediction_pipeline.data_ingestion manual__2025-10-06T14:14:39+00:00 [queued]>
[2025-10-06 14:14:43,170] {taskinstance.py:1356} INFO - 
--------------------------------------------------------------------------------
[2025-10-06 14:14:43,171] {taskinstance.py:1357} INFO - Starting attempt 1 of 1
[2025-10-06 14:14:43,171] {taskinstance.py:1358} INFO - 
--------------------------------------------------------------------------------
[2025-10-06 14:14:43,175] {taskinstance.py:1377} INFO - Executing <Task(PythonOperator): data_ingestion> on 2025-10-06 14:14:39+00:00
[2025-10-06 14:14:43,178] {standard_task_runner.py:52} INFO - Started process 353 to run task
[2025-10-06 14:14:43,180] {standard_task_runner.py:79} INFO - Running: ['***', 'tasks', 'run', 'manga_prediction_pipeline', 'data_ingestion', 'manual__2025-10-06T14:14:39+00:00', '--job-id', '958', '--raw', '--subdir', 'DAGS_FOLDER/manga_prediction_pipeline.py', '--cfg-path', '/tmp/tmp969757ai', '--error-file', '/tmp/tmpp3bkoyz9']
[2025-10-06 14:14:43,180] {standard_task_runner.py:80} INFO - Job 958: Subtask data_ingestion
[2025-10-06 14:14:43,198] {task_command.py:370} INFO - Running <TaskInstance: manga_prediction_pipeline.data_ingestion manual__2025-10-06T14:14:39+00:00 [running]> on host 0e51c00ae6d4
[2025-10-06 14:14:43,226] {taskinstance.py:1571} INFO - Exporting the following env vars:
AIRFLOW_CTX_DAG_OWNER=***
AIRFLOW_CTX_DAG_ID=manga_prediction_pipeline
AIRFLOW_CTX_TASK_ID=data_ingestion
AIRFLOW_CTX_EXECUTION_DATE=2025-10-06T14:14:39+00:00
AIRFLOW_CTX_TRY_NUMBER=1
AIRFLOW_CTX_DAG_RUN_ID=manual__2025-10-06T14:14:39+00:00
[2025-10-06 14:14:43,227] {logging_mixin.py:115} INFO - Reading data from /opt/***/data/manga.csv
[2025-10-06 14:14:43,608] {logging_mixin.py:115} INFO - Data read successfully. Shape: (66371, 26)
[2025-10-06 14:14:43,608] {logging_mixin.py:115} INFO - Attempting to connect to MariaDB at mariadb:3306/manga_db
[2025-10-06 14:14:43,633] {authentication.py:66} INFO - package: mysql.connector.plugins
[2025-10-06 14:14:43,633] {authentication.py:67} INFO - plugin_name: mysql_native_password
[2025-10-06 14:14:43,634] {authentication.py:71} INFO - AUTHENTICATION_PLUGIN_CLASS: MySQLNativePasswordAuthPlugin
[2025-10-06 14:14:43,636] {logging_mixin.py:115} INFO - Successfully connected to MariaDB.
[2025-10-06 14:14:43,636] {logging_mixin.py:115} INFO - Inserting into dim_manga_info...
[2025-10-06 14:15:11,861] {logging_mixin.py:115} INFO - dim_manga_info populated.
[2025-10-06 14:15:12,149] {logging_mixin.py:115} INFO - Inserting into dim_genres...
[2025-10-06 14:15:12,394] {logging_mixin.py:115} INFO - dim_genres populated.
[2025-10-06 14:15:12,396] {logging_mixin.py:115} INFO - Inserting into dim_authors...
[2025-10-06 14:15:12,487] {logging_mixin.py:115} INFO - dim_authors populated.
[2025-10-06 14:15:12,489] {logging_mixin.py:115} INFO - Inserting into dim_demographics...
[2025-10-06 14:15:12,614] {logging_mixin.py:115} INFO - dim_demographics populated.
[2025-10-06 14:15:12,616] {logging_mixin.py:115} INFO - Inserting into dim_serializations...
[2025-10-06 14:15:12,703] {logging_mixin.py:115} INFO - dim_serializations populated.
[2025-10-06 14:15:12,704] {logging_mixin.py:115} INFO - Inserting into fact_manga...
[2025-10-06 14:15:39,173] {logging_mixin.py:115} INFO - fact_manga populated.
[2025-10-06 14:15:39,174] {logging_mixin.py:115} INFO - Inserting into manga_secondary_genres...
[2025-10-06 14:15:40,196] {logging_mixin.py:115} INFO - manga_secondary_genres populated.
[2025-10-06 14:15:40,196] {logging_mixin.py:115} INFO - Data ingestion to MariaDB complete.
[2025-10-06 14:15:40,213] {python.py:173} INFO - Done. Returned value was: None
[2025-10-06 14:15:40,220] {taskinstance.py:1400} INFO - Marking task as SUCCESS. dag_id=manga_prediction_pipeline, task_id=data_ingestion, execution_date=20251006T141439, start_date=20251006T141443, end_date=20251006T141540
[2025-10-06 14:15:40,238] {local_task_job.py:156} INFO - Task exited with return code 0
[2025-10-06 14:15:40,254] {local_task_job.py:273} INFO - 1 downstream tasks scheduled from follow-on schedule check
