[2025-09-25 02:34:23,139] {taskinstance.py:1159} INFO - Dependencies all met for <TaskInstance: manga_prediction_pipeline.data_ingestion manual__2025-09-25T02:34:21.021982+00:00 [queued]>
[2025-09-25 02:34:23,142] {taskinstance.py:1159} INFO - Dependencies all met for <TaskInstance: manga_prediction_pipeline.data_ingestion manual__2025-09-25T02:34:21.021982+00:00 [queued]>
[2025-09-25 02:34:23,142] {taskinstance.py:1356} INFO - 
--------------------------------------------------------------------------------
[2025-09-25 02:34:23,143] {taskinstance.py:1357} INFO - Starting attempt 1 of 1
[2025-09-25 02:34:23,143] {taskinstance.py:1358} INFO - 
--------------------------------------------------------------------------------
[2025-09-25 02:34:23,147] {taskinstance.py:1377} INFO - Executing <Task(PythonOperator): data_ingestion> on 2025-09-25 02:34:21.021982+00:00
[2025-09-25 02:34:23,149] {standard_task_runner.py:52} INFO - Started process 487 to run task
[2025-09-25 02:34:23,151] {standard_task_runner.py:79} INFO - Running: ['***', 'tasks', 'run', 'manga_prediction_pipeline', 'data_ingestion', 'manual__2025-09-25T02:34:21.021982+00:00', '--job-id', '60', '--raw', '--subdir', 'DAGS_FOLDER/manga_prediction_pipeline.py', '--cfg-path', '/tmp/tmp8v3spdb3', '--error-file', '/tmp/tmp0fdnpcq5']
[2025-09-25 02:34:23,151] {standard_task_runner.py:80} INFO - Job 60: Subtask data_ingestion
[2025-09-25 02:34:23,171] {task_command.py:370} INFO - Running <TaskInstance: manga_prediction_pipeline.data_ingestion manual__2025-09-25T02:34:21.021982+00:00 [running]> on host 6afc1fdecefc
[2025-09-25 02:34:23,196] {taskinstance.py:1571} INFO - Exporting the following env vars:
AIRFLOW_CTX_DAG_OWNER=***
AIRFLOW_CTX_DAG_ID=manga_prediction_pipeline
AIRFLOW_CTX_TASK_ID=data_ingestion
AIRFLOW_CTX_EXECUTION_DATE=2025-09-25T02:34:21.021982+00:00
AIRFLOW_CTX_TRY_NUMBER=1
AIRFLOW_CTX_DAG_RUN_ID=manual__2025-09-25T02:34:21.021982+00:00
[2025-09-25 02:34:23,197] {logging_mixin.py:115} INFO - Reading data from /opt/***/data/manga.csv
[2025-09-25 02:34:23,554] {logging_mixin.py:115} INFO - Data ingested successfully. Shape: (66371, 26)
[2025-09-25 02:34:23,554] {logging_mixin.py:115} INFO - Saving data to /opt/***/data/staged/manga.parquet
[2025-09-25 02:34:23,730] {logging_mixin.py:115} INFO - Data saved successfully to staging area.
[2025-09-25 02:34:23,737] {python.py:173} INFO - Done. Returned value was: None
[2025-09-25 02:34:23,743] {taskinstance.py:1400} INFO - Marking task as SUCCESS. dag_id=manga_prediction_pipeline, task_id=data_ingestion, execution_date=20250925T023421, start_date=20250925T023423, end_date=20250925T023423
[2025-09-25 02:34:23,786] {local_task_job.py:156} INFO - Task exited with return code 0
[2025-09-25 02:34:23,803] {local_task_job.py:273} INFO - 1 downstream tasks scheduled from follow-on schedule check
