[2025-09-25 03:24:26,778] {taskinstance.py:1159} INFO - Dependencies all met for <TaskInstance: manga_prediction_pipeline.feature_engineering manual__2025-09-25T03:20:27.892288+00:00 [queued]>
[2025-09-25 03:24:26,781] {taskinstance.py:1159} INFO - Dependencies all met for <TaskInstance: manga_prediction_pipeline.feature_engineering manual__2025-09-25T03:20:27.892288+00:00 [queued]>
[2025-09-25 03:24:26,781] {taskinstance.py:1356} INFO - 
--------------------------------------------------------------------------------
[2025-09-25 03:24:26,781] {taskinstance.py:1357} INFO - Starting attempt 2 of 2
[2025-09-25 03:24:26,781] {taskinstance.py:1358} INFO - 
--------------------------------------------------------------------------------
[2025-09-25 03:24:26,786] {taskinstance.py:1377} INFO - Executing <Task(PythonOperator): feature_engineering> on 2025-09-25 03:20:27.892288+00:00
[2025-09-25 03:24:26,788] {standard_task_runner.py:52} INFO - Started process 564 to run task
[2025-09-25 03:24:26,789] {standard_task_runner.py:79} INFO - Running: ['***', 'tasks', 'run', 'manga_prediction_pipeline', 'feature_engineering', 'manual__2025-09-25T03:20:27.892288+00:00', '--job-id', '100', '--raw', '--subdir', 'DAGS_FOLDER/manga_prediction_pipeline.py', '--cfg-path', '/tmp/tmpev1cp6v4', '--error-file', '/tmp/tmp8oyrk7um']
[2025-09-25 03:24:26,790] {standard_task_runner.py:80} INFO - Job 100: Subtask feature_engineering
[2025-09-25 03:24:26,806] {task_command.py:370} INFO - Running <TaskInstance: manga_prediction_pipeline.feature_engineering manual__2025-09-25T03:20:27.892288+00:00 [running]> on host ecdfdfa377e2
[2025-09-25 03:24:26,828] {taskinstance.py:1571} INFO - Exporting the following env vars:
AIRFLOW_CTX_DAG_OWNER=***
AIRFLOW_CTX_DAG_ID=manga_prediction_pipeline
AIRFLOW_CTX_TASK_ID=feature_engineering
AIRFLOW_CTX_EXECUTION_DATE=2025-09-25T03:20:27.892288+00:00
AIRFLOW_CTX_TRY_NUMBER=2
AIRFLOW_CTX_DAG_RUN_ID=manual__2025-09-25T03:20:27.892288+00:00
[2025-09-25 03:24:26,829] {logging_mixin.py:115} INFO - Reading processed data from /opt/***/data/processed/manga_processed.parquet
[2025-09-25 03:24:26,872] {logging_mixin.py:115} INFO - Processed data read successfully. Shape: (21795, 26)
[2025-09-25 03:24:26,877] {logging_mixin.py:115} INFO - Scaling numerical columns: ['members', 'favorites', 'scored_by', 'volumes', 'chapters']
[2025-09-25 03:24:26,879] {logging_mixin.py:115} INFO - One-hot encoding categorical columns: ['type']
[2025-09-25 03:24:26,884] {logging_mixin.py:115} INFO - Feature engineering complete.
[2025-09-25 03:24:26,884] {logging_mixin.py:115} INFO - Saving features to /opt/***/data/features/manga_features.parquet
[2025-09-25 03:24:26,939] {logging_mixin.py:115} INFO - Features saved successfully.
[2025-09-25 03:24:26,942] {python.py:173} INFO - Done. Returned value was: None
[2025-09-25 03:24:26,947] {taskinstance.py:1400} INFO - Marking task as SUCCESS. dag_id=manga_prediction_pipeline, task_id=feature_engineering, execution_date=20250925T032027, start_date=20250925T032426, end_date=20250925T032426
[2025-09-25 03:24:26,967] {local_task_job.py:156} INFO - Task exited with return code 0
[2025-09-25 03:24:26,981] {local_task_job.py:273} INFO - 1 downstream tasks scheduled from follow-on schedule check
