[2025-10-04 07:54:10,100] {taskinstance.py:1159} INFO - Dependencies all met for <TaskInstance: manga_prediction_pipeline.feature_engineering manual__2025-10-04T07:53:05.406743+00:00 [queued]>
[2025-10-04 07:54:10,103] {taskinstance.py:1159} INFO - Dependencies all met for <TaskInstance: manga_prediction_pipeline.feature_engineering manual__2025-10-04T07:53:05.406743+00:00 [queued]>
[2025-10-04 07:54:10,103] {taskinstance.py:1356} INFO - 
--------------------------------------------------------------------------------
[2025-10-04 07:54:10,104] {taskinstance.py:1357} INFO - Starting attempt 1 of 1
[2025-10-04 07:54:10,104] {taskinstance.py:1358} INFO - 
--------------------------------------------------------------------------------
[2025-10-04 07:54:10,108] {taskinstance.py:1377} INFO - Executing <Task(PythonOperator): feature_engineering> on 2025-10-04 07:53:05.406743+00:00
[2025-10-04 07:54:10,110] {standard_task_runner.py:52} INFO - Started process 230 to run task
[2025-10-04 07:54:10,112] {standard_task_runner.py:79} INFO - Running: ['***', 'tasks', 'run', 'manga_prediction_pipeline', 'feature_engineering', 'manual__2025-10-04T07:53:05.406743+00:00', '--job-id', '851', '--raw', '--subdir', 'DAGS_FOLDER/manga_prediction_pipeline.py', '--cfg-path', '/tmp/tmpihz8lbb7', '--error-file', '/tmp/tmp0gv4g1di']
[2025-10-04 07:54:10,112] {standard_task_runner.py:80} INFO - Job 851: Subtask feature_engineering
[2025-10-04 07:54:10,130] {task_command.py:370} INFO - Running <TaskInstance: manga_prediction_pipeline.feature_engineering manual__2025-10-04T07:53:05.406743+00:00 [running]> on host 43bde2c75940
[2025-10-04 07:54:10,153] {taskinstance.py:1571} INFO - Exporting the following env vars:
AIRFLOW_CTX_DAG_OWNER=***
AIRFLOW_CTX_DAG_ID=manga_prediction_pipeline
AIRFLOW_CTX_TASK_ID=feature_engineering
AIRFLOW_CTX_EXECUTION_DATE=2025-10-04T07:53:05.406743+00:00
AIRFLOW_CTX_TRY_NUMBER=1
AIRFLOW_CTX_DAG_RUN_ID=manual__2025-10-04T07:53:05.406743+00:00
[2025-10-04 07:54:10,154] {logging_mixin.py:115} INFO - Reading processed data from /opt/***/data/processed/manga_processed.parquet
[2025-10-04 07:54:10,195] {logging_mixin.py:115} INFO - Processed data read successfully. Shape: (21795, 28)
[2025-10-04 07:54:10,202] {logging_mixin.py:115} INFO - Scaling numerical columns: ['members', 'favorites', 'scored_by', 'volumes', 'chapters']
[2025-10-04 07:54:10,204] {logging_mixin.py:115} INFO - One-hot encoding categorical columns: ['type']
[2025-10-04 07:54:10,209] {logging_mixin.py:115} INFO - Feature engineering complete.
[2025-10-04 07:54:10,210] {logging_mixin.py:115} INFO - Saving features to /opt/***/data/features/manga_features.parquet
[2025-10-04 07:54:10,258] {logging_mixin.py:115} INFO - Features saved successfully.
[2025-10-04 07:54:10,260] {python.py:173} INFO - Done. Returned value was: None
[2025-10-04 07:54:10,264] {taskinstance.py:1400} INFO - Marking task as SUCCESS. dag_id=manga_prediction_pipeline, task_id=feature_engineering, execution_date=20251004T075305, start_date=20251004T075410, end_date=20251004T075410
[2025-10-04 07:54:10,294] {local_task_job.py:156} INFO - Task exited with return code 0
[2025-10-04 07:54:10,310] {local_task_job.py:273} INFO - 1 downstream tasks scheduled from follow-on schedule check
