[2025-10-02 02:27:12,178] {taskinstance.py:1159} INFO - Dependencies all met for <TaskInstance: manga_prediction_pipeline.feature_engineering manual__2025-10-02T02:26:06.133786+00:00 [queued]>
[2025-10-02 02:27:12,181] {taskinstance.py:1159} INFO - Dependencies all met for <TaskInstance: manga_prediction_pipeline.feature_engineering manual__2025-10-02T02:26:06.133786+00:00 [queued]>
[2025-10-02 02:27:12,182] {taskinstance.py:1356} INFO - 
--------------------------------------------------------------------------------
[2025-10-02 02:27:12,182] {taskinstance.py:1357} INFO - Starting attempt 1 of 1
[2025-10-02 02:27:12,182] {taskinstance.py:1358} INFO - 
--------------------------------------------------------------------------------
[2025-10-02 02:27:12,186] {taskinstance.py:1377} INFO - Executing <Task(PythonOperator): feature_engineering> on 2025-10-02 02:26:06.133786+00:00
[2025-10-02 02:27:12,189] {standard_task_runner.py:52} INFO - Started process 243 to run task
[2025-10-02 02:27:12,190] {standard_task_runner.py:79} INFO - Running: ['***', 'tasks', 'run', 'manga_prediction_pipeline', 'feature_engineering', 'manual__2025-10-02T02:26:06.133786+00:00', '--job-id', '553', '--raw', '--subdir', 'DAGS_FOLDER/manga_prediction_pipeline.py', '--cfg-path', '/tmp/tmpiilkkj93', '--error-file', '/tmp/tmpzhwypser']
[2025-10-02 02:27:12,190] {standard_task_runner.py:80} INFO - Job 553: Subtask feature_engineering
[2025-10-02 02:27:12,210] {task_command.py:370} INFO - Running <TaskInstance: manga_prediction_pipeline.feature_engineering manual__2025-10-02T02:26:06.133786+00:00 [running]> on host f06bc01779ad
[2025-10-02 02:27:12,233] {taskinstance.py:1571} INFO - Exporting the following env vars:
AIRFLOW_CTX_DAG_OWNER=***
AIRFLOW_CTX_DAG_ID=manga_prediction_pipeline
AIRFLOW_CTX_TASK_ID=feature_engineering
AIRFLOW_CTX_EXECUTION_DATE=2025-10-02T02:26:06.133786+00:00
AIRFLOW_CTX_TRY_NUMBER=1
AIRFLOW_CTX_DAG_RUN_ID=manual__2025-10-02T02:26:06.133786+00:00
[2025-10-02 02:27:12,233] {logging_mixin.py:115} INFO - Reading processed data from /opt/***/data/processed/manga_processed.parquet
[2025-10-02 02:27:12,276] {logging_mixin.py:115} INFO - Processed data read successfully. Shape: (21795, 28)
[2025-10-02 02:27:12,283] {logging_mixin.py:115} INFO - Scaling numerical columns: ['members', 'favorites', 'scored_by', 'volumes', 'chapters']
[2025-10-02 02:27:12,285] {logging_mixin.py:115} INFO - One-hot encoding categorical columns: ['type']
[2025-10-02 02:27:12,291] {logging_mixin.py:115} INFO - Feature engineering complete.
[2025-10-02 02:27:12,291] {logging_mixin.py:115} INFO - Saving features to /opt/***/data/features/manga_features.parquet
[2025-10-02 02:27:12,341] {logging_mixin.py:115} INFO - Features saved successfully.
[2025-10-02 02:27:12,343] {python.py:173} INFO - Done. Returned value was: None
[2025-10-02 02:27:12,348] {taskinstance.py:1400} INFO - Marking task as SUCCESS. dag_id=manga_prediction_pipeline, task_id=feature_engineering, execution_date=20251002T022606, start_date=20251002T022712, end_date=20251002T022712
[2025-10-02 02:27:12,371] {local_task_job.py:156} INFO - Task exited with return code 0
[2025-10-02 02:27:12,386] {local_task_job.py:273} INFO - 1 downstream tasks scheduled from follow-on schedule check
