[2025-10-01 17:33:41,675] {processor.py:153} INFO - Started process (PID=2261) to work on /opt/airflow/dags/main.py
[2025-10-01 17:33:41,675] {processor.py:641} INFO - Processing file /opt/airflow/dags/main.py for tasks to queue
[2025-10-01 17:33:41,675] {logging_mixin.py:115} INFO - [2025-10-01 17:33:41,675] {dagbag.py:507} INFO - Filling up the DagBag from /opt/airflow/dags/main.py
[2025-10-01 17:33:42,108] {logging_mixin.py:115} INFO - Error loading model on startup: [Errno 13] Permission denied: '/home/ashura'
[2025-10-01 17:33:42,110] {processor.py:653} WARNING - No viable dags retrieved from /opt/airflow/dags/main.py
[2025-10-01 17:33:42,116] {processor.py:161} INFO - Processing /opt/airflow/dags/main.py took 0.443 seconds
[2025-10-01 17:34:12,389] {processor.py:153} INFO - Started process (PID=2285) to work on /opt/airflow/dags/main.py
[2025-10-01 17:34:12,389] {processor.py:641} INFO - Processing file /opt/airflow/dags/main.py for tasks to queue
[2025-10-01 17:34:12,390] {logging_mixin.py:115} INFO - [2025-10-01 17:34:12,390] {dagbag.py:507} INFO - Filling up the DagBag from /opt/airflow/dags/main.py
[2025-10-01 17:34:12,694] {logging_mixin.py:115} INFO - Error loading model on startup: [Errno 13] Permission denied: '/home/ashura'
[2025-10-01 17:34:12,701] {processor.py:653} WARNING - No viable dags retrieved from /opt/airflow/dags/main.py
[2025-10-01 17:34:12,709] {processor.py:161} INFO - Processing /opt/airflow/dags/main.py took 0.322 seconds
[2025-10-01 17:34:42,977] {processor.py:153} INFO - Started process (PID=2307) to work on /opt/airflow/dags/main.py
[2025-10-01 17:34:42,977] {processor.py:641} INFO - Processing file /opt/airflow/dags/main.py for tasks to queue
[2025-10-01 17:34:42,978] {logging_mixin.py:115} INFO - [2025-10-01 17:34:42,978] {dagbag.py:507} INFO - Filling up the DagBag from /opt/airflow/dags/main.py
[2025-10-01 17:34:43,300] {logging_mixin.py:115} INFO - Error loading model on startup: [Errno 13] Permission denied: '/home/ashura'
[2025-10-01 17:34:43,304] {processor.py:653} WARNING - No viable dags retrieved from /opt/airflow/dags/main.py
[2025-10-01 17:34:43,309] {processor.py:161} INFO - Processing /opt/airflow/dags/main.py took 0.335 seconds
[2025-10-01 17:35:13,584] {processor.py:153} INFO - Started process (PID=2329) to work on /opt/airflow/dags/main.py
[2025-10-01 17:35:13,588] {processor.py:641} INFO - Processing file /opt/airflow/dags/main.py for tasks to queue
[2025-10-01 17:35:13,589] {logging_mixin.py:115} INFO - [2025-10-01 17:35:13,589] {dagbag.py:507} INFO - Filling up the DagBag from /opt/airflow/dags/main.py
[2025-10-01 17:35:13,905] {logging_mixin.py:115} INFO - Error loading model on startup: [Errno 13] Permission denied: '/home/ashura'
[2025-10-01 17:35:13,907] {processor.py:653} WARNING - No viable dags retrieved from /opt/airflow/dags/main.py
[2025-10-01 17:35:13,913] {processor.py:161} INFO - Processing /opt/airflow/dags/main.py took 0.332 seconds
[2025-10-01 17:35:44,210] {processor.py:153} INFO - Started process (PID=2351) to work on /opt/airflow/dags/main.py
[2025-10-01 17:35:44,210] {processor.py:641} INFO - Processing file /opt/airflow/dags/main.py for tasks to queue
[2025-10-01 17:35:44,211] {logging_mixin.py:115} INFO - [2025-10-01 17:35:44,211] {dagbag.py:507} INFO - Filling up the DagBag from /opt/airflow/dags/main.py
[2025-10-01 17:35:44,520] {logging_mixin.py:115} INFO - Error loading model on startup: [Errno 13] Permission denied: '/home/ashura'
[2025-10-01 17:35:44,521] {processor.py:653} WARNING - No viable dags retrieved from /opt/airflow/dags/main.py
[2025-10-01 17:35:44,526] {processor.py:161} INFO - Processing /opt/airflow/dags/main.py took 0.320 seconds
[2025-10-01 17:36:14,810] {processor.py:153} INFO - Started process (PID=2373) to work on /opt/airflow/dags/main.py
[2025-10-01 17:36:14,810] {processor.py:641} INFO - Processing file /opt/airflow/dags/main.py for tasks to queue
[2025-10-01 17:36:14,811] {logging_mixin.py:115} INFO - [2025-10-01 17:36:14,811] {dagbag.py:507} INFO - Filling up the DagBag from /opt/airflow/dags/main.py
[2025-10-01 17:36:15,116] {logging_mixin.py:115} INFO - Error loading model on startup: [Errno 13] Permission denied: '/home/ashura'
[2025-10-01 17:36:15,118] {processor.py:653} WARNING - No viable dags retrieved from /opt/airflow/dags/main.py
[2025-10-01 17:36:15,123] {processor.py:161} INFO - Processing /opt/airflow/dags/main.py took 0.317 seconds
[2025-10-01 17:36:45,386] {processor.py:153} INFO - Started process (PID=2395) to work on /opt/airflow/dags/main.py
[2025-10-01 17:36:45,390] {processor.py:641} INFO - Processing file /opt/airflow/dags/main.py for tasks to queue
[2025-10-01 17:36:45,391] {logging_mixin.py:115} INFO - [2025-10-01 17:36:45,391] {dagbag.py:507} INFO - Filling up the DagBag from /opt/airflow/dags/main.py
[2025-10-01 17:36:45,696] {logging_mixin.py:115} INFO - Error loading model on startup: [Errno 13] Permission denied: '/home/ashura'
[2025-10-01 17:36:45,698] {processor.py:653} WARNING - No viable dags retrieved from /opt/airflow/dags/main.py
[2025-10-01 17:36:45,704] {processor.py:161} INFO - Processing /opt/airflow/dags/main.py took 0.321 seconds
[2025-10-01 17:37:15,963] {processor.py:153} INFO - Started process (PID=2434) to work on /opt/airflow/dags/main.py
[2025-10-01 17:37:15,963] {processor.py:641} INFO - Processing file /opt/airflow/dags/main.py for tasks to queue
[2025-10-01 17:37:15,964] {logging_mixin.py:115} INFO - [2025-10-01 17:37:15,964] {dagbag.py:507} INFO - Filling up the DagBag from /opt/airflow/dags/main.py
[2025-10-01 17:37:16,326] {logging_mixin.py:115} INFO - Error loading model on startup: [Errno 13] Permission denied: '/home/ashura'
[2025-10-01 17:37:16,327] {processor.py:653} WARNING - No viable dags retrieved from /opt/airflow/dags/main.py
[2025-10-01 17:37:16,332] {processor.py:161} INFO - Processing /opt/airflow/dags/main.py took 0.372 seconds
[2025-10-01 17:37:46,596] {processor.py:153} INFO - Started process (PID=2456) to work on /opt/airflow/dags/main.py
[2025-10-01 17:37:46,600] {processor.py:641} INFO - Processing file /opt/airflow/dags/main.py for tasks to queue
[2025-10-01 17:37:46,601] {logging_mixin.py:115} INFO - [2025-10-01 17:37:46,601] {dagbag.py:507} INFO - Filling up the DagBag from /opt/airflow/dags/main.py
[2025-10-01 17:37:46,905] {logging_mixin.py:115} INFO - Error loading model on startup: [Errno 13] Permission denied: '/home/ashura'
[2025-10-01 17:37:46,906] {processor.py:653} WARNING - No viable dags retrieved from /opt/airflow/dags/main.py
[2025-10-01 17:37:46,911] {processor.py:161} INFO - Processing /opt/airflow/dags/main.py took 0.318 seconds
[2025-10-01 17:38:17,189] {processor.py:153} INFO - Started process (PID=2478) to work on /opt/airflow/dags/main.py
[2025-10-01 17:38:17,195] {processor.py:641} INFO - Processing file /opt/airflow/dags/main.py for tasks to queue
[2025-10-01 17:38:17,197] {logging_mixin.py:115} INFO - [2025-10-01 17:38:17,197] {dagbag.py:507} INFO - Filling up the DagBag from /opt/airflow/dags/main.py
[2025-10-01 17:38:17,493] {logging_mixin.py:115} INFO - Error loading model on startup: [Errno 13] Permission denied: '/home/ashura'
[2025-10-01 17:38:17,495] {processor.py:653} WARNING - No viable dags retrieved from /opt/airflow/dags/main.py
[2025-10-01 17:38:17,500] {processor.py:161} INFO - Processing /opt/airflow/dags/main.py took 0.314 seconds
[2025-10-01 17:38:47,875] {processor.py:153} INFO - Started process (PID=2500) to work on /opt/airflow/dags/main.py
[2025-10-01 17:38:47,875] {processor.py:641} INFO - Processing file /opt/airflow/dags/main.py for tasks to queue
[2025-10-01 17:38:47,876] {logging_mixin.py:115} INFO - [2025-10-01 17:38:47,876] {dagbag.py:507} INFO - Filling up the DagBag from /opt/airflow/dags/main.py
[2025-10-01 17:38:48,184] {logging_mixin.py:115} INFO - Error loading model on startup: [Errno 13] Permission denied: '/home/ashura'
[2025-10-01 17:38:48,186] {processor.py:653} WARNING - No viable dags retrieved from /opt/airflow/dags/main.py
[2025-10-01 17:38:48,193] {processor.py:161} INFO - Processing /opt/airflow/dags/main.py took 0.321 seconds
[2025-10-01 17:39:18,491] {processor.py:153} INFO - Started process (PID=2521) to work on /opt/airflow/dags/main.py
[2025-10-01 17:39:18,491] {processor.py:641} INFO - Processing file /opt/airflow/dags/main.py for tasks to queue
[2025-10-01 17:39:18,492] {logging_mixin.py:115} INFO - [2025-10-01 17:39:18,492] {dagbag.py:507} INFO - Filling up the DagBag from /opt/airflow/dags/main.py
[2025-10-01 17:39:18,802] {logging_mixin.py:115} INFO - Error loading model on startup: [Errno 13] Permission denied: '/home/ashura'
[2025-10-01 17:39:18,807] {processor.py:653} WARNING - No viable dags retrieved from /opt/airflow/dags/main.py
[2025-10-01 17:39:18,811] {processor.py:161} INFO - Processing /opt/airflow/dags/main.py took 0.323 seconds
[2025-10-01 17:39:49,073] {processor.py:153} INFO - Started process (PID=2543) to work on /opt/airflow/dags/main.py
[2025-10-01 17:39:49,073] {processor.py:641} INFO - Processing file /opt/airflow/dags/main.py for tasks to queue
[2025-10-01 17:39:49,074] {logging_mixin.py:115} INFO - [2025-10-01 17:39:49,074] {dagbag.py:507} INFO - Filling up the DagBag from /opt/airflow/dags/main.py
[2025-10-01 17:39:49,384] {logging_mixin.py:115} INFO - Error loading model on startup: [Errno 13] Permission denied: '/home/ashura'
[2025-10-01 17:39:49,389] {processor.py:653} WARNING - No viable dags retrieved from /opt/airflow/dags/main.py
[2025-10-01 17:39:49,395] {processor.py:161} INFO - Processing /opt/airflow/dags/main.py took 0.324 seconds
[2025-10-01 17:40:19,708] {processor.py:153} INFO - Started process (PID=2566) to work on /opt/airflow/dags/main.py
[2025-10-01 17:40:19,708] {processor.py:641} INFO - Processing file /opt/airflow/dags/main.py for tasks to queue
[2025-10-01 17:40:19,709] {logging_mixin.py:115} INFO - [2025-10-01 17:40:19,709] {dagbag.py:507} INFO - Filling up the DagBag from /opt/airflow/dags/main.py
[2025-10-01 17:40:20,019] {logging_mixin.py:115} INFO - Error loading model on startup: [Errno 13] Permission denied: '/home/ashura'
[2025-10-01 17:40:20,023] {processor.py:653} WARNING - No viable dags retrieved from /opt/airflow/dags/main.py
[2025-10-01 17:40:20,029] {processor.py:161} INFO - Processing /opt/airflow/dags/main.py took 0.322 seconds
[2025-10-01 17:40:50,281] {processor.py:153} INFO - Started process (PID=2588) to work on /opt/airflow/dags/main.py
[2025-10-01 17:40:50,281] {processor.py:641} INFO - Processing file /opt/airflow/dags/main.py for tasks to queue
[2025-10-01 17:40:50,282] {logging_mixin.py:115} INFO - [2025-10-01 17:40:50,282] {dagbag.py:507} INFO - Filling up the DagBag from /opt/airflow/dags/main.py
[2025-10-01 17:40:50,617] {logging_mixin.py:115} INFO - Error loading model on startup: [Errno 13] Permission denied: '/home/ashura'
[2025-10-01 17:40:50,618] {processor.py:653} WARNING - No viable dags retrieved from /opt/airflow/dags/main.py
[2025-10-01 17:40:50,623] {processor.py:161} INFO - Processing /opt/airflow/dags/main.py took 0.345 seconds
[2025-10-01 17:41:20,903] {processor.py:153} INFO - Started process (PID=2610) to work on /opt/airflow/dags/main.py
[2025-10-01 17:41:20,907] {processor.py:641} INFO - Processing file /opt/airflow/dags/main.py for tasks to queue
[2025-10-01 17:41:20,907] {logging_mixin.py:115} INFO - [2025-10-01 17:41:20,907] {dagbag.py:507} INFO - Filling up the DagBag from /opt/airflow/dags/main.py
[2025-10-01 17:41:21,235] {logging_mixin.py:115} INFO - Error loading model on startup: [Errno 13] Permission denied: '/home/ashura'
[2025-10-01 17:41:21,236] {processor.py:653} WARNING - No viable dags retrieved from /opt/airflow/dags/main.py
[2025-10-01 17:41:21,242] {processor.py:161} INFO - Processing /opt/airflow/dags/main.py took 0.342 seconds
[2025-10-01 17:41:51,495] {processor.py:153} INFO - Started process (PID=2632) to work on /opt/airflow/dags/main.py
[2025-10-01 17:41:51,495] {processor.py:641} INFO - Processing file /opt/airflow/dags/main.py for tasks to queue
[2025-10-01 17:41:51,496] {logging_mixin.py:115} INFO - [2025-10-01 17:41:51,496] {dagbag.py:507} INFO - Filling up the DagBag from /opt/airflow/dags/main.py
[2025-10-01 17:41:51,815] {logging_mixin.py:115} INFO - Error loading model on startup: [Errno 13] Permission denied: '/home/ashura'
[2025-10-01 17:41:51,816] {processor.py:653} WARNING - No viable dags retrieved from /opt/airflow/dags/main.py
[2025-10-01 17:41:51,821] {processor.py:161} INFO - Processing /opt/airflow/dags/main.py took 0.331 seconds
[2025-10-01 17:42:22,061] {processor.py:153} INFO - Started process (PID=2654) to work on /opt/airflow/dags/main.py
[2025-10-01 17:42:22,061] {processor.py:641} INFO - Processing file /opt/airflow/dags/main.py for tasks to queue
[2025-10-01 17:42:22,062] {logging_mixin.py:115} INFO - [2025-10-01 17:42:22,062] {dagbag.py:507} INFO - Filling up the DagBag from /opt/airflow/dags/main.py
[2025-10-01 17:42:22,369] {logging_mixin.py:115} INFO - Error loading model on startup: [Errno 13] Permission denied: '/home/ashura'
[2025-10-01 17:42:22,370] {processor.py:653} WARNING - No viable dags retrieved from /opt/airflow/dags/main.py
[2025-10-01 17:42:22,375] {processor.py:161} INFO - Processing /opt/airflow/dags/main.py took 0.317 seconds
[2025-10-01 17:42:52,625] {processor.py:153} INFO - Started process (PID=2676) to work on /opt/airflow/dags/main.py
[2025-10-01 17:42:52,625] {processor.py:641} INFO - Processing file /opt/airflow/dags/main.py for tasks to queue
[2025-10-01 17:42:52,626] {logging_mixin.py:115} INFO - [2025-10-01 17:42:52,626] {dagbag.py:507} INFO - Filling up the DagBag from /opt/airflow/dags/main.py
[2025-10-01 17:42:52,928] {logging_mixin.py:115} INFO - Error loading model on startup: [Errno 13] Permission denied: '/home/ashura'
[2025-10-01 17:42:52,929] {processor.py:653} WARNING - No viable dags retrieved from /opt/airflow/dags/main.py
[2025-10-01 17:42:52,934] {processor.py:161} INFO - Processing /opt/airflow/dags/main.py took 0.312 seconds
[2025-10-01 17:43:23,210] {processor.py:153} INFO - Started process (PID=2698) to work on /opt/airflow/dags/main.py
[2025-10-01 17:43:23,210] {processor.py:641} INFO - Processing file /opt/airflow/dags/main.py for tasks to queue
[2025-10-01 17:43:23,211] {logging_mixin.py:115} INFO - [2025-10-01 17:43:23,211] {dagbag.py:507} INFO - Filling up the DagBag from /opt/airflow/dags/main.py
[2025-10-01 17:43:23,513] {logging_mixin.py:115} INFO - Error loading model on startup: [Errno 13] Permission denied: '/home/ashura'
[2025-10-01 17:43:23,514] {processor.py:653} WARNING - No viable dags retrieved from /opt/airflow/dags/main.py
[2025-10-01 17:43:23,519] {processor.py:161} INFO - Processing /opt/airflow/dags/main.py took 0.312 seconds
[2025-10-01 17:43:53,843] {processor.py:153} INFO - Started process (PID=2720) to work on /opt/airflow/dags/main.py
[2025-10-01 17:43:53,843] {processor.py:641} INFO - Processing file /opt/airflow/dags/main.py for tasks to queue
[2025-10-01 17:43:53,843] {logging_mixin.py:115} INFO - [2025-10-01 17:43:53,843] {dagbag.py:507} INFO - Filling up the DagBag from /opt/airflow/dags/main.py
[2025-10-01 17:43:54,188] {logging_mixin.py:115} INFO - Error loading model on startup: [Errno 13] Permission denied: '/home/ashura'
[2025-10-01 17:43:54,189] {processor.py:653} WARNING - No viable dags retrieved from /opt/airflow/dags/main.py
[2025-10-01 17:43:54,194] {processor.py:161} INFO - Processing /opt/airflow/dags/main.py took 0.353 seconds
[2025-10-01 17:44:25,100] {processor.py:153} INFO - Started process (PID=2748) to work on /opt/airflow/dags/main.py
[2025-10-01 17:44:25,101] {processor.py:641} INFO - Processing file /opt/airflow/dags/main.py for tasks to queue
[2025-10-01 17:44:25,101] {logging_mixin.py:115} INFO - [2025-10-01 17:44:25,101] {dagbag.py:507} INFO - Filling up the DagBag from /opt/airflow/dags/main.py
[2025-10-01 17:44:25,396] {logging_mixin.py:115} INFO - Error loading model on startup: [Errno 13] Permission denied: '/home/ashura'
[2025-10-01 17:44:25,396] {processor.py:653} WARNING - No viable dags retrieved from /opt/airflow/dags/main.py
[2025-10-01 17:44:25,401] {processor.py:161} INFO - Processing /opt/airflow/dags/main.py took 0.304 seconds
[2025-10-01 17:44:56,308] {processor.py:153} INFO - Started process (PID=2759) to work on /opt/airflow/dags/main.py
[2025-10-01 17:44:56,308] {processor.py:641} INFO - Processing file /opt/airflow/dags/main.py for tasks to queue
[2025-10-01 17:44:56,309] {logging_mixin.py:115} INFO - [2025-10-01 17:44:56,309] {dagbag.py:507} INFO - Filling up the DagBag from /opt/airflow/dags/main.py
[2025-10-01 17:44:56,589] {logging_mixin.py:115} INFO - Error loading model on startup: [Errno 13] Permission denied: '/home/ashura'
[2025-10-01 17:44:56,590] {processor.py:653} WARNING - No viable dags retrieved from /opt/airflow/dags/main.py
[2025-10-01 17:44:56,594] {processor.py:161} INFO - Processing /opt/airflow/dags/main.py took 0.289 seconds
[2025-10-01 17:45:26,815] {processor.py:153} INFO - Started process (PID=2770) to work on /opt/airflow/dags/main.py
[2025-10-01 17:45:26,815] {processor.py:641} INFO - Processing file /opt/airflow/dags/main.py for tasks to queue
[2025-10-01 17:45:26,816] {logging_mixin.py:115} INFO - [2025-10-01 17:45:26,815] {dagbag.py:507} INFO - Filling up the DagBag from /opt/airflow/dags/main.py
[2025-10-01 17:45:27,135] {logging_mixin.py:115} INFO - Error loading model on startup: [Errno 13] Permission denied: '/home/ashura'
[2025-10-01 17:45:27,136] {processor.py:653} WARNING - No viable dags retrieved from /opt/airflow/dags/main.py
[2025-10-01 17:45:27,141] {processor.py:161} INFO - Processing /opt/airflow/dags/main.py took 0.331 seconds
[2025-10-01 17:45:58,124] {processor.py:153} INFO - Started process (PID=2781) to work on /opt/airflow/dags/main.py
[2025-10-01 17:45:58,125] {processor.py:641} INFO - Processing file /opt/airflow/dags/main.py for tasks to queue
[2025-10-01 17:45:58,125] {logging_mixin.py:115} INFO - [2025-10-01 17:45:58,125] {dagbag.py:507} INFO - Filling up the DagBag from /opt/airflow/dags/main.py
[2025-10-01 17:45:58,435] {logging_mixin.py:115} INFO - Error loading model on startup: [Errno 13] Permission denied: '/home/ashura'
[2025-10-01 17:45:58,435] {processor.py:653} WARNING - No viable dags retrieved from /opt/airflow/dags/main.py
[2025-10-01 17:45:58,440] {processor.py:161} INFO - Processing /opt/airflow/dags/main.py took 0.319 seconds
[2025-10-01 17:46:29,350] {processor.py:153} INFO - Started process (PID=2792) to work on /opt/airflow/dags/main.py
[2025-10-01 17:46:29,350] {processor.py:641} INFO - Processing file /opt/airflow/dags/main.py for tasks to queue
[2025-10-01 17:46:29,351] {logging_mixin.py:115} INFO - [2025-10-01 17:46:29,350] {dagbag.py:507} INFO - Filling up the DagBag from /opt/airflow/dags/main.py
[2025-10-01 17:46:29,632] {logging_mixin.py:115} INFO - Error loading model on startup: [Errno 13] Permission denied: '/home/ashura'
[2025-10-01 17:46:29,633] {processor.py:653} WARNING - No viable dags retrieved from /opt/airflow/dags/main.py
[2025-10-01 17:46:29,637] {processor.py:161} INFO - Processing /opt/airflow/dags/main.py took 0.289 seconds
[2025-10-01 17:47:00,525] {processor.py:153} INFO - Started process (PID=2803) to work on /opt/airflow/dags/main.py
[2025-10-01 17:47:00,525] {processor.py:641} INFO - Processing file /opt/airflow/dags/main.py for tasks to queue
[2025-10-01 17:47:00,526] {logging_mixin.py:115} INFO - [2025-10-01 17:47:00,526] {dagbag.py:507} INFO - Filling up the DagBag from /opt/airflow/dags/main.py
[2025-10-01 17:47:00,829] {logging_mixin.py:115} INFO - Error loading model on startup: [Errno 13] Permission denied: '/home/ashura'
[2025-10-01 17:47:00,830] {processor.py:653} WARNING - No viable dags retrieved from /opt/airflow/dags/main.py
[2025-10-01 17:47:00,835] {processor.py:161} INFO - Processing /opt/airflow/dags/main.py took 0.314 seconds
[2025-10-01 17:47:31,781] {processor.py:153} INFO - Started process (PID=2814) to work on /opt/airflow/dags/main.py
[2025-10-01 17:47:31,782] {processor.py:641} INFO - Processing file /opt/airflow/dags/main.py for tasks to queue
[2025-10-01 17:47:31,783] {logging_mixin.py:115} INFO - [2025-10-01 17:47:31,783] {dagbag.py:507} INFO - Filling up the DagBag from /opt/airflow/dags/main.py
[2025-10-01 17:47:32,087] {logging_mixin.py:115} INFO - Error loading model on startup: [Errno 13] Permission denied: '/home/ashura'
[2025-10-01 17:47:32,088] {processor.py:653} WARNING - No viable dags retrieved from /opt/airflow/dags/main.py
[2025-10-01 17:47:32,092] {processor.py:161} INFO - Processing /opt/airflow/dags/main.py took 0.315 seconds
[2025-10-01 17:48:02,995] {processor.py:153} INFO - Started process (PID=2825) to work on /opt/airflow/dags/main.py
[2025-10-01 17:48:02,995] {processor.py:641} INFO - Processing file /opt/airflow/dags/main.py for tasks to queue
[2025-10-01 17:48:02,996] {logging_mixin.py:115} INFO - [2025-10-01 17:48:02,996] {dagbag.py:507} INFO - Filling up the DagBag from /opt/airflow/dags/main.py
[2025-10-01 17:48:03,281] {logging_mixin.py:115} INFO - Error loading model on startup: [Errno 13] Permission denied: '/home/ashura'
[2025-10-01 17:48:03,282] {processor.py:653} WARNING - No viable dags retrieved from /opt/airflow/dags/main.py
[2025-10-01 17:48:03,286] {processor.py:161} INFO - Processing /opt/airflow/dags/main.py took 0.295 seconds
[2025-10-01 17:48:34,179] {processor.py:153} INFO - Started process (PID=2836) to work on /opt/airflow/dags/main.py
[2025-10-01 17:48:34,179] {processor.py:641} INFO - Processing file /opt/airflow/dags/main.py for tasks to queue
[2025-10-01 17:48:34,180] {logging_mixin.py:115} INFO - [2025-10-01 17:48:34,180] {dagbag.py:507} INFO - Filling up the DagBag from /opt/airflow/dags/main.py
[2025-10-01 17:48:34,469] {logging_mixin.py:115} INFO - Error loading model on startup: [Errno 13] Permission denied: '/home/ashura'
[2025-10-01 17:48:34,470] {processor.py:653} WARNING - No viable dags retrieved from /opt/airflow/dags/main.py
[2025-10-01 17:48:34,475] {processor.py:161} INFO - Processing /opt/airflow/dags/main.py took 0.298 seconds
[2025-10-01 17:49:04,501] {processor.py:153} INFO - Started process (PID=2847) to work on /opt/airflow/dags/main.py
[2025-10-01 17:49:04,502] {processor.py:641} INFO - Processing file /opt/airflow/dags/main.py for tasks to queue
[2025-10-01 17:49:04,502] {logging_mixin.py:115} INFO - [2025-10-01 17:49:04,502] {dagbag.py:507} INFO - Filling up the DagBag from /opt/airflow/dags/main.py
[2025-10-01 17:49:04,835] {logging_mixin.py:115} INFO - Error loading model on startup: [Errno 13] Permission denied: '/home/ashura'
[2025-10-01 17:49:04,836] {processor.py:653} WARNING - No viable dags retrieved from /opt/airflow/dags/main.py
[2025-10-01 17:49:04,841] {processor.py:161} INFO - Processing /opt/airflow/dags/main.py took 0.343 seconds
[2025-10-01 17:49:35,739] {processor.py:153} INFO - Started process (PID=2858) to work on /opt/airflow/dags/main.py
[2025-10-01 17:49:35,739] {processor.py:641} INFO - Processing file /opt/airflow/dags/main.py for tasks to queue
[2025-10-01 17:49:35,740] {logging_mixin.py:115} INFO - [2025-10-01 17:49:35,740] {dagbag.py:507} INFO - Filling up the DagBag from /opt/airflow/dags/main.py
[2025-10-01 17:49:36,040] {logging_mixin.py:115} INFO - Error loading model on startup: [Errno 13] Permission denied: '/home/ashura'
[2025-10-01 17:49:36,041] {processor.py:653} WARNING - No viable dags retrieved from /opt/airflow/dags/main.py
[2025-10-01 17:49:36,045] {processor.py:161} INFO - Processing /opt/airflow/dags/main.py took 0.311 seconds
[2025-10-01 17:50:06,947] {processor.py:153} INFO - Started process (PID=2869) to work on /opt/airflow/dags/main.py
[2025-10-01 17:50:06,948] {processor.py:641} INFO - Processing file /opt/airflow/dags/main.py for tasks to queue
[2025-10-01 17:50:06,948] {logging_mixin.py:115} INFO - [2025-10-01 17:50:06,948] {dagbag.py:507} INFO - Filling up the DagBag from /opt/airflow/dags/main.py
[2025-10-01 17:50:07,237] {logging_mixin.py:115} INFO - Error loading model on startup: [Errno 13] Permission denied: '/home/ashura'
[2025-10-01 17:50:07,238] {processor.py:653} WARNING - No viable dags retrieved from /opt/airflow/dags/main.py
[2025-10-01 17:50:07,242] {processor.py:161} INFO - Processing /opt/airflow/dags/main.py took 0.298 seconds
[2025-10-01 17:50:38,195] {processor.py:153} INFO - Started process (PID=2880) to work on /opt/airflow/dags/main.py
[2025-10-01 17:50:38,195] {processor.py:641} INFO - Processing file /opt/airflow/dags/main.py for tasks to queue
[2025-10-01 17:50:38,196] {logging_mixin.py:115} INFO - [2025-10-01 17:50:38,196] {dagbag.py:507} INFO - Filling up the DagBag from /opt/airflow/dags/main.py
[2025-10-01 17:50:38,553] {logging_mixin.py:115} INFO - Error loading model on startup: [Errno 13] Permission denied: '/home/ashura'
[2025-10-01 17:50:38,554] {processor.py:653} WARNING - No viable dags retrieved from /opt/airflow/dags/main.py
[2025-10-01 17:50:38,562] {processor.py:161} INFO - Processing /opt/airflow/dags/main.py took 0.370 seconds
[2025-10-01 17:51:09,395] {processor.py:153} INFO - Started process (PID=2891) to work on /opt/airflow/dags/main.py
[2025-10-01 17:51:09,396] {processor.py:641} INFO - Processing file /opt/airflow/dags/main.py for tasks to queue
[2025-10-01 17:51:09,396] {logging_mixin.py:115} INFO - [2025-10-01 17:51:09,396] {dagbag.py:507} INFO - Filling up the DagBag from /opt/airflow/dags/main.py
[2025-10-01 17:51:09,687] {logging_mixin.py:115} INFO - Error loading model on startup: [Errno 13] Permission denied: '/home/ashura'
[2025-10-01 17:51:09,688] {processor.py:653} WARNING - No viable dags retrieved from /opt/airflow/dags/main.py
[2025-10-01 17:51:09,692] {processor.py:161} INFO - Processing /opt/airflow/dags/main.py took 0.301 seconds
[2025-10-01 17:51:40,595] {processor.py:153} INFO - Started process (PID=2902) to work on /opt/airflow/dags/main.py
[2025-10-01 17:51:40,595] {processor.py:641} INFO - Processing file /opt/airflow/dags/main.py for tasks to queue
[2025-10-01 17:51:40,596] {logging_mixin.py:115} INFO - [2025-10-01 17:51:40,596] {dagbag.py:507} INFO - Filling up the DagBag from /opt/airflow/dags/main.py
[2025-10-01 17:51:40,887] {logging_mixin.py:115} INFO - Error loading model on startup: [Errno 13] Permission denied: '/home/ashura'
[2025-10-01 17:51:40,888] {processor.py:653} WARNING - No viable dags retrieved from /opt/airflow/dags/main.py
[2025-10-01 17:51:40,892] {processor.py:161} INFO - Processing /opt/airflow/dags/main.py took 0.301 seconds
[2025-10-01 17:52:11,792] {processor.py:153} INFO - Started process (PID=2913) to work on /opt/airflow/dags/main.py
[2025-10-01 17:52:11,793] {processor.py:641} INFO - Processing file /opt/airflow/dags/main.py for tasks to queue
[2025-10-01 17:52:11,793] {logging_mixin.py:115} INFO - [2025-10-01 17:52:11,793] {dagbag.py:507} INFO - Filling up the DagBag from /opt/airflow/dags/main.py
[2025-10-01 17:52:12,080] {logging_mixin.py:115} INFO - Error loading model on startup: [Errno 13] Permission denied: '/home/ashura'
[2025-10-01 17:52:12,081] {processor.py:653} WARNING - No viable dags retrieved from /opt/airflow/dags/main.py
[2025-10-01 17:52:12,086] {processor.py:161} INFO - Processing /opt/airflow/dags/main.py took 0.298 seconds
[2025-10-01 17:52:43,025] {processor.py:153} INFO - Started process (PID=2924) to work on /opt/airflow/dags/main.py
[2025-10-01 17:52:43,025] {processor.py:641} INFO - Processing file /opt/airflow/dags/main.py for tasks to queue
[2025-10-01 17:52:43,026] {logging_mixin.py:115} INFO - [2025-10-01 17:52:43,026] {dagbag.py:507} INFO - Filling up the DagBag from /opt/airflow/dags/main.py
[2025-10-01 17:52:43,326] {logging_mixin.py:115} INFO - Error loading model on startup: [Errno 13] Permission denied: '/home/ashura'
[2025-10-01 17:52:43,327] {processor.py:653} WARNING - No viable dags retrieved from /opt/airflow/dags/main.py
[2025-10-01 17:52:43,331] {processor.py:161} INFO - Processing /opt/airflow/dags/main.py took 0.310 seconds
[2025-10-01 17:53:14,223] {processor.py:153} INFO - Started process (PID=2935) to work on /opt/airflow/dags/main.py
[2025-10-01 17:53:14,224] {processor.py:641} INFO - Processing file /opt/airflow/dags/main.py for tasks to queue
[2025-10-01 17:53:14,224] {logging_mixin.py:115} INFO - [2025-10-01 17:53:14,224] {dagbag.py:507} INFO - Filling up the DagBag from /opt/airflow/dags/main.py
[2025-10-01 17:53:14,517] {logging_mixin.py:115} INFO - Error loading model on startup: [Errno 13] Permission denied: '/home/ashura'
[2025-10-01 17:53:14,518] {processor.py:653} WARNING - No viable dags retrieved from /opt/airflow/dags/main.py
[2025-10-01 17:53:14,522] {processor.py:161} INFO - Processing /opt/airflow/dags/main.py took 0.303 seconds
[2025-10-01 17:53:45,538] {processor.py:153} INFO - Started process (PID=2946) to work on /opt/airflow/dags/main.py
[2025-10-01 17:53:45,538] {processor.py:641} INFO - Processing file /opt/airflow/dags/main.py for tasks to queue
[2025-10-01 17:53:45,539] {logging_mixin.py:115} INFO - [2025-10-01 17:53:45,539] {dagbag.py:507} INFO - Filling up the DagBag from /opt/airflow/dags/main.py
[2025-10-01 17:53:45,830] {logging_mixin.py:115} INFO - Error loading model on startup: [Errno 13] Permission denied: '/home/ashura'
[2025-10-01 17:53:45,831] {processor.py:653} WARNING - No viable dags retrieved from /opt/airflow/dags/main.py
[2025-10-01 17:53:45,835] {processor.py:161} INFO - Processing /opt/airflow/dags/main.py took 0.301 seconds
[2025-10-01 17:54:16,734] {processor.py:153} INFO - Started process (PID=2957) to work on /opt/airflow/dags/main.py
[2025-10-01 17:54:16,735] {processor.py:641} INFO - Processing file /opt/airflow/dags/main.py for tasks to queue
[2025-10-01 17:54:16,736] {logging_mixin.py:115} INFO - [2025-10-01 17:54:16,735] {dagbag.py:507} INFO - Filling up the DagBag from /opt/airflow/dags/main.py
[2025-10-01 17:54:17,038] {logging_mixin.py:115} INFO - Error loading model on startup: [Errno 13] Permission denied: '/home/ashura'
[2025-10-01 17:54:17,039] {processor.py:653} WARNING - No viable dags retrieved from /opt/airflow/dags/main.py
[2025-10-01 17:54:17,043] {processor.py:161} INFO - Processing /opt/airflow/dags/main.py took 0.313 seconds
[2025-10-01 17:54:47,882] {processor.py:153} INFO - Started process (PID=2968) to work on /opt/airflow/dags/main.py
[2025-10-01 17:54:47,883] {processor.py:641} INFO - Processing file /opt/airflow/dags/main.py for tasks to queue
[2025-10-01 17:54:47,883] {logging_mixin.py:115} INFO - [2025-10-01 17:54:47,883] {dagbag.py:507} INFO - Filling up the DagBag from /opt/airflow/dags/main.py
[2025-10-01 17:54:48,174] {logging_mixin.py:115} INFO - Error loading model on startup: [Errno 13] Permission denied: '/home/ashura'
[2025-10-01 17:54:48,175] {processor.py:653} WARNING - No viable dags retrieved from /opt/airflow/dags/main.py
[2025-10-01 17:54:48,179] {processor.py:161} INFO - Processing /opt/airflow/dags/main.py took 0.300 seconds
[2025-10-01 17:55:19,120] {processor.py:153} INFO - Started process (PID=2984) to work on /opt/airflow/dags/main.py
[2025-10-01 17:55:19,120] {processor.py:641} INFO - Processing file /opt/airflow/dags/main.py for tasks to queue
[2025-10-01 17:55:19,121] {logging_mixin.py:115} INFO - [2025-10-01 17:55:19,121] {dagbag.py:507} INFO - Filling up the DagBag from /opt/airflow/dags/main.py
[2025-10-01 17:55:19,422] {logging_mixin.py:115} INFO - Error loading model on startup: [Errno 13] Permission denied: '/home/ashura'
[2025-10-01 17:55:19,423] {processor.py:653} WARNING - No viable dags retrieved from /opt/airflow/dags/main.py
[2025-10-01 17:55:19,427] {processor.py:161} INFO - Processing /opt/airflow/dags/main.py took 0.311 seconds
[2025-10-01 17:55:50,335] {processor.py:153} INFO - Started process (PID=3000) to work on /opt/airflow/dags/main.py
[2025-10-01 17:55:50,336] {processor.py:641} INFO - Processing file /opt/airflow/dags/main.py for tasks to queue
[2025-10-01 17:55:50,337] {logging_mixin.py:115} INFO - [2025-10-01 17:55:50,337] {dagbag.py:507} INFO - Filling up the DagBag from /opt/airflow/dags/main.py
[2025-10-01 17:55:50,625] {logging_mixin.py:115} INFO - Error loading model on startup: [Errno 13] Permission denied: '/home/ashura'
[2025-10-01 17:55:50,626] {processor.py:653} WARNING - No viable dags retrieved from /opt/airflow/dags/main.py
[2025-10-01 17:55:50,629] {processor.py:161} INFO - Processing /opt/airflow/dags/main.py took 0.298 seconds
[2025-10-01 17:56:21,534] {processor.py:153} INFO - Started process (PID=3011) to work on /opt/airflow/dags/main.py
[2025-10-01 17:56:21,535] {processor.py:641} INFO - Processing file /opt/airflow/dags/main.py for tasks to queue
[2025-10-01 17:56:21,535] {logging_mixin.py:115} INFO - [2025-10-01 17:56:21,535] {dagbag.py:507} INFO - Filling up the DagBag from /opt/airflow/dags/main.py
[2025-10-01 17:56:21,824] {logging_mixin.py:115} INFO - Error loading model on startup: [Errno 13] Permission denied: '/home/ashura'
[2025-10-01 17:56:21,825] {processor.py:653} WARNING - No viable dags retrieved from /opt/airflow/dags/main.py
[2025-10-01 17:56:21,829] {processor.py:161} INFO - Processing /opt/airflow/dags/main.py took 0.299 seconds
[2025-10-01 17:56:52,735] {processor.py:153} INFO - Started process (PID=3022) to work on /opt/airflow/dags/main.py
[2025-10-01 17:56:52,736] {processor.py:641} INFO - Processing file /opt/airflow/dags/main.py for tasks to queue
[2025-10-01 17:56:52,736] {logging_mixin.py:115} INFO - [2025-10-01 17:56:52,736] {dagbag.py:507} INFO - Filling up the DagBag from /opt/airflow/dags/main.py
[2025-10-01 17:56:53,019] {logging_mixin.py:115} INFO - Error loading model on startup: [Errno 13] Permission denied: '/home/ashura'
[2025-10-01 17:56:53,020] {processor.py:653} WARNING - No viable dags retrieved from /opt/airflow/dags/main.py
[2025-10-01 17:56:53,023] {processor.py:161} INFO - Processing /opt/airflow/dags/main.py took 0.291 seconds
[2025-10-01 17:57:23,961] {processor.py:153} INFO - Started process (PID=3036) to work on /opt/airflow/dags/main.py
[2025-10-01 17:57:23,961] {processor.py:641} INFO - Processing file /opt/airflow/dags/main.py for tasks to queue
[2025-10-01 17:57:23,962] {logging_mixin.py:115} INFO - [2025-10-01 17:57:23,961] {dagbag.py:507} INFO - Filling up the DagBag from /opt/airflow/dags/main.py
[2025-10-01 17:57:24,277] {logging_mixin.py:115} INFO - Error loading model on startup: [Errno 13] Permission denied: '/home/ashura'
[2025-10-01 17:57:24,278] {processor.py:653} WARNING - No viable dags retrieved from /opt/airflow/dags/main.py
[2025-10-01 17:57:24,283] {processor.py:161} INFO - Processing /opt/airflow/dags/main.py took 0.326 seconds
[2025-10-01 17:57:55,142] {processor.py:153} INFO - Started process (PID=3047) to work on /opt/airflow/dags/main.py
[2025-10-01 17:57:55,142] {processor.py:641} INFO - Processing file /opt/airflow/dags/main.py for tasks to queue
[2025-10-01 17:57:55,142] {logging_mixin.py:115} INFO - [2025-10-01 17:57:55,142] {dagbag.py:507} INFO - Filling up the DagBag from /opt/airflow/dags/main.py
[2025-10-01 17:57:55,420] {logging_mixin.py:115} INFO - Error loading model on startup: [Errno 13] Permission denied: '/home/ashura'
[2025-10-01 17:57:55,421] {processor.py:653} WARNING - No viable dags retrieved from /opt/airflow/dags/main.py
[2025-10-01 17:57:55,425] {processor.py:161} INFO - Processing /opt/airflow/dags/main.py took 0.286 seconds
[2025-10-01 17:58:25,599] {processor.py:153} INFO - Started process (PID=3063) to work on /opt/airflow/dags/main.py
[2025-10-01 17:58:25,600] {processor.py:641} INFO - Processing file /opt/airflow/dags/main.py for tasks to queue
[2025-10-01 17:58:25,600] {logging_mixin.py:115} INFO - [2025-10-01 17:58:25,600] {dagbag.py:507} INFO - Filling up the DagBag from /opt/airflow/dags/main.py
[2025-10-01 17:58:25,887] {logging_mixin.py:115} INFO - Error loading model on startup: [Errno 13] Permission denied: '/home/ashura'
[2025-10-01 17:58:25,888] {processor.py:653} WARNING - No viable dags retrieved from /opt/airflow/dags/main.py
[2025-10-01 17:58:25,892] {processor.py:161} INFO - Processing /opt/airflow/dags/main.py took 0.297 seconds
[2025-10-01 17:58:55,967] {processor.py:153} INFO - Started process (PID=3087) to work on /opt/airflow/dags/main.py
[2025-10-01 17:58:55,967] {processor.py:641} INFO - Processing file /opt/airflow/dags/main.py for tasks to queue
[2025-10-01 17:58:55,968] {logging_mixin.py:115} INFO - [2025-10-01 17:58:55,968] {dagbag.py:507} INFO - Filling up the DagBag from /opt/airflow/dags/main.py
[2025-10-01 17:58:56,281] {logging_mixin.py:115} INFO - Error loading model on startup: [Errno 13] Permission denied: '/home/ashura'
[2025-10-01 17:58:56,282] {processor.py:653} WARNING - No viable dags retrieved from /opt/airflow/dags/main.py
[2025-10-01 17:58:56,286] {processor.py:161} INFO - Processing /opt/airflow/dags/main.py took 0.322 seconds
[2025-10-01 17:59:26,645] {processor.py:153} INFO - Started process (PID=3114) to work on /opt/airflow/dags/main.py
[2025-10-01 17:59:26,646] {processor.py:641} INFO - Processing file /opt/airflow/dags/main.py for tasks to queue
[2025-10-01 17:59:26,646] {logging_mixin.py:115} INFO - [2025-10-01 17:59:26,646] {dagbag.py:507} INFO - Filling up the DagBag from /opt/airflow/dags/main.py
[2025-10-01 17:59:26,943] {logging_mixin.py:115} INFO - Error loading model on startup: [Errno 13] Permission denied: '/home/ashura'
[2025-10-01 17:59:26,943] {processor.py:653} WARNING - No viable dags retrieved from /opt/airflow/dags/main.py
[2025-10-01 17:59:26,947] {processor.py:161} INFO - Processing /opt/airflow/dags/main.py took 0.306 seconds
[2025-10-01 17:59:57,210] {processor.py:153} INFO - Started process (PID=3136) to work on /opt/airflow/dags/main.py
[2025-10-01 17:59:57,211] {processor.py:641} INFO - Processing file /opt/airflow/dags/main.py for tasks to queue
[2025-10-01 17:59:57,211] {logging_mixin.py:115} INFO - [2025-10-01 17:59:57,211] {dagbag.py:507} INFO - Filling up the DagBag from /opt/airflow/dags/main.py
[2025-10-01 17:59:57,499] {logging_mixin.py:115} INFO - Error loading model on startup: [Errno 13] Permission denied: '/home/ashura'
[2025-10-01 17:59:57,500] {processor.py:653} WARNING - No viable dags retrieved from /opt/airflow/dags/main.py
[2025-10-01 17:59:57,504] {processor.py:161} INFO - Processing /opt/airflow/dags/main.py took 0.297 seconds
[2025-10-01 18:00:27,802] {processor.py:153} INFO - Started process (PID=3160) to work on /opt/airflow/dags/main.py
[2025-10-01 18:00:27,803] {processor.py:641} INFO - Processing file /opt/airflow/dags/main.py for tasks to queue
[2025-10-01 18:00:27,803] {logging_mixin.py:115} INFO - [2025-10-01 18:00:27,803] {dagbag.py:507} INFO - Filling up the DagBag from /opt/airflow/dags/main.py
[2025-10-01 18:00:28,092] {logging_mixin.py:115} INFO - Error loading model on startup: [Errno 13] Permission denied: '/home/ashura'
[2025-10-01 18:00:28,092] {processor.py:653} WARNING - No viable dags retrieved from /opt/airflow/dags/main.py
[2025-10-01 18:00:28,097] {processor.py:161} INFO - Processing /opt/airflow/dags/main.py took 0.298 seconds
[2025-10-01 18:00:58,349] {processor.py:153} INFO - Started process (PID=3182) to work on /opt/airflow/dags/main.py
[2025-10-01 18:00:58,349] {processor.py:641} INFO - Processing file /opt/airflow/dags/main.py for tasks to queue
[2025-10-01 18:00:58,350] {logging_mixin.py:115} INFO - [2025-10-01 18:00:58,350] {dagbag.py:507} INFO - Filling up the DagBag from /opt/airflow/dags/main.py
[2025-10-01 18:00:58,737] {logging_mixin.py:115} INFO - Error loading model on startup: [Errno 13] Permission denied: '/home/ashura'
[2025-10-01 18:00:58,740] {processor.py:653} WARNING - No viable dags retrieved from /opt/airflow/dags/main.py
[2025-10-01 18:00:58,755] {processor.py:161} INFO - Processing /opt/airflow/dags/main.py took 0.409 seconds
[2025-10-01 18:01:29,079] {processor.py:153} INFO - Started process (PID=3204) to work on /opt/airflow/dags/main.py
[2025-10-01 18:01:29,080] {processor.py:641} INFO - Processing file /opt/airflow/dags/main.py for tasks to queue
[2025-10-01 18:01:29,080] {logging_mixin.py:115} INFO - [2025-10-01 18:01:29,080] {dagbag.py:507} INFO - Filling up the DagBag from /opt/airflow/dags/main.py
[2025-10-01 18:01:29,417] {logging_mixin.py:115} INFO - Error loading model on startup: [Errno 13] Permission denied: '/home/ashura'
[2025-10-01 18:01:29,418] {processor.py:653} WARNING - No viable dags retrieved from /opt/airflow/dags/main.py
[2025-10-01 18:01:29,429] {processor.py:161} INFO - Processing /opt/airflow/dags/main.py took 0.356 seconds
[2025-10-01 18:01:59,648] {processor.py:153} INFO - Started process (PID=3228) to work on /opt/airflow/dags/main.py
[2025-10-01 18:01:59,649] {processor.py:641} INFO - Processing file /opt/airflow/dags/main.py for tasks to queue
[2025-10-01 18:01:59,649] {logging_mixin.py:115} INFO - [2025-10-01 18:01:59,649] {dagbag.py:507} INFO - Filling up the DagBag from /opt/airflow/dags/main.py
[2025-10-01 18:01:59,956] {logging_mixin.py:115} INFO - Error loading model on startup: [Errno 13] Permission denied: '/home/ashura'
[2025-10-01 18:01:59,957] {processor.py:653} WARNING - No viable dags retrieved from /opt/airflow/dags/main.py
[2025-10-01 18:01:59,963] {processor.py:161} INFO - Processing /opt/airflow/dags/main.py took 0.316 seconds
[2025-10-01 18:02:30,254] {processor.py:153} INFO - Started process (PID=3250) to work on /opt/airflow/dags/main.py
[2025-10-01 18:02:30,255] {processor.py:641} INFO - Processing file /opt/airflow/dags/main.py for tasks to queue
[2025-10-01 18:02:30,256] {logging_mixin.py:115} INFO - [2025-10-01 18:02:30,256] {dagbag.py:507} INFO - Filling up the DagBag from /opt/airflow/dags/main.py
[2025-10-01 18:02:30,590] {logging_mixin.py:115} INFO - Error loading model on startup: [Errno 13] Permission denied: '/home/ashura'
[2025-10-01 18:02:30,591] {processor.py:653} WARNING - No viable dags retrieved from /opt/airflow/dags/main.py
[2025-10-01 18:02:30,596] {processor.py:161} INFO - Processing /opt/airflow/dags/main.py took 0.348 seconds
[2025-10-01 18:03:00,860] {processor.py:153} INFO - Started process (PID=3272) to work on /opt/airflow/dags/main.py
[2025-10-01 18:03:00,860] {processor.py:641} INFO - Processing file /opt/airflow/dags/main.py for tasks to queue
[2025-10-01 18:03:00,861] {logging_mixin.py:115} INFO - [2025-10-01 18:03:00,861] {dagbag.py:507} INFO - Filling up the DagBag from /opt/airflow/dags/main.py
[2025-10-01 18:03:01,157] {logging_mixin.py:115} INFO - Error loading model on startup: [Errno 13] Permission denied: '/home/ashura'
[2025-10-01 18:03:01,158] {processor.py:653} WARNING - No viable dags retrieved from /opt/airflow/dags/main.py
[2025-10-01 18:03:01,163] {processor.py:161} INFO - Processing /opt/airflow/dags/main.py took 0.307 seconds
[2025-10-01 18:03:31,473] {processor.py:153} INFO - Started process (PID=3294) to work on /opt/airflow/dags/main.py
[2025-10-01 18:03:31,473] {processor.py:641} INFO - Processing file /opt/airflow/dags/main.py for tasks to queue
[2025-10-01 18:03:31,474] {logging_mixin.py:115} INFO - [2025-10-01 18:03:31,474] {dagbag.py:507} INFO - Filling up the DagBag from /opt/airflow/dags/main.py
[2025-10-01 18:03:31,796] {logging_mixin.py:115} INFO - Error loading model on startup: [Errno 13] Permission denied: '/home/ashura'
[2025-10-01 18:03:31,796] {processor.py:653} WARNING - No viable dags retrieved from /opt/airflow/dags/main.py
[2025-10-01 18:03:31,802] {processor.py:161} INFO - Processing /opt/airflow/dags/main.py took 0.334 seconds
[2025-10-01 18:04:02,087] {processor.py:153} INFO - Started process (PID=3319) to work on /opt/airflow/dags/main.py
[2025-10-01 18:04:02,088] {processor.py:641} INFO - Processing file /opt/airflow/dags/main.py for tasks to queue
[2025-10-01 18:04:02,088] {logging_mixin.py:115} INFO - [2025-10-01 18:04:02,088] {dagbag.py:507} INFO - Filling up the DagBag from /opt/airflow/dags/main.py
[2025-10-01 18:04:02,374] {logging_mixin.py:115} INFO - Error loading model on startup: [Errno 13] Permission denied: '/home/ashura'
[2025-10-01 18:04:02,374] {processor.py:653} WARNING - No viable dags retrieved from /opt/airflow/dags/main.py
[2025-10-01 18:04:02,379] {processor.py:161} INFO - Processing /opt/airflow/dags/main.py took 0.295 seconds
[2025-10-01 18:04:32,690] {processor.py:153} INFO - Started process (PID=3341) to work on /opt/airflow/dags/main.py
[2025-10-01 18:04:32,691] {processor.py:641} INFO - Processing file /opt/airflow/dags/main.py for tasks to queue
[2025-10-01 18:04:32,692] {logging_mixin.py:115} INFO - [2025-10-01 18:04:32,691] {dagbag.py:507} INFO - Filling up the DagBag from /opt/airflow/dags/main.py
[2025-10-01 18:04:32,993] {logging_mixin.py:115} INFO - Error loading model on startup: [Errno 13] Permission denied: '/home/ashura'
[2025-10-01 18:04:32,994] {processor.py:653} WARNING - No viable dags retrieved from /opt/airflow/dags/main.py
[2025-10-01 18:04:32,999] {processor.py:161} INFO - Processing /opt/airflow/dags/main.py took 0.314 seconds
[2025-10-01 18:05:03,290] {processor.py:153} INFO - Started process (PID=3363) to work on /opt/airflow/dags/main.py
[2025-10-01 18:05:03,290] {processor.py:641} INFO - Processing file /opt/airflow/dags/main.py for tasks to queue
[2025-10-01 18:05:03,291] {logging_mixin.py:115} INFO - [2025-10-01 18:05:03,291] {dagbag.py:507} INFO - Filling up the DagBag from /opt/airflow/dags/main.py
[2025-10-01 18:05:03,581] {logging_mixin.py:115} INFO - Error loading model on startup: [Errno 13] Permission denied: '/home/ashura'
[2025-10-01 18:05:03,582] {processor.py:653} WARNING - No viable dags retrieved from /opt/airflow/dags/main.py
[2025-10-01 18:05:03,586] {processor.py:161} INFO - Processing /opt/airflow/dags/main.py took 0.302 seconds
[2025-10-01 18:05:33,880] {processor.py:153} INFO - Started process (PID=3399) to work on /opt/airflow/dags/main.py
[2025-10-01 18:05:33,881] {processor.py:641} INFO - Processing file /opt/airflow/dags/main.py for tasks to queue
[2025-10-01 18:05:33,882] {logging_mixin.py:115} INFO - [2025-10-01 18:05:33,882] {dagbag.py:507} INFO - Filling up the DagBag from /opt/airflow/dags/main.py
[2025-10-01 18:05:34,209] {logging_mixin.py:115} INFO - Error loading model on startup: [Errno 13] Permission denied: '/home/ashura'
[2025-10-01 18:05:34,210] {processor.py:653} WARNING - No viable dags retrieved from /opt/airflow/dags/main.py
[2025-10-01 18:05:34,215] {processor.py:161} INFO - Processing /opt/airflow/dags/main.py took 0.338 seconds
[2025-10-01 18:06:04,504] {processor.py:153} INFO - Started process (PID=3421) to work on /opt/airflow/dags/main.py
[2025-10-01 18:06:04,505] {processor.py:641} INFO - Processing file /opt/airflow/dags/main.py for tasks to queue
[2025-10-01 18:06:04,506] {logging_mixin.py:115} INFO - [2025-10-01 18:06:04,506] {dagbag.py:507} INFO - Filling up the DagBag from /opt/airflow/dags/main.py
[2025-10-01 18:06:04,815] {logging_mixin.py:115} INFO - Error loading model on startup: [Errno 13] Permission denied: '/home/ashura'
[2025-10-01 18:06:04,816] {processor.py:653} WARNING - No viable dags retrieved from /opt/airflow/dags/main.py
[2025-10-01 18:06:04,820] {processor.py:161} INFO - Processing /opt/airflow/dags/main.py took 0.320 seconds
[2025-10-01 18:06:35,133] {processor.py:153} INFO - Started process (PID=3445) to work on /opt/airflow/dags/main.py
[2025-10-01 18:06:35,133] {processor.py:641} INFO - Processing file /opt/airflow/dags/main.py for tasks to queue
[2025-10-01 18:06:35,134] {logging_mixin.py:115} INFO - [2025-10-01 18:06:35,134] {dagbag.py:507} INFO - Filling up the DagBag from /opt/airflow/dags/main.py
[2025-10-01 18:06:35,469] {logging_mixin.py:115} INFO - Error loading model on startup: [Errno 13] Permission denied: '/home/ashura'
[2025-10-01 18:06:35,470] {processor.py:653} WARNING - No viable dags retrieved from /opt/airflow/dags/main.py
[2025-10-01 18:06:35,476] {processor.py:161} INFO - Processing /opt/airflow/dags/main.py took 0.349 seconds
[2025-10-01 18:07:05,734] {processor.py:153} INFO - Started process (PID=3467) to work on /opt/airflow/dags/main.py
[2025-10-01 18:07:05,735] {processor.py:641} INFO - Processing file /opt/airflow/dags/main.py for tasks to queue
[2025-10-01 18:07:05,735] {logging_mixin.py:115} INFO - [2025-10-01 18:07:05,735] {dagbag.py:507} INFO - Filling up the DagBag from /opt/airflow/dags/main.py
[2025-10-01 18:07:06,026] {logging_mixin.py:115} INFO - Error loading model on startup: [Errno 13] Permission denied: '/home/ashura'
[2025-10-01 18:07:06,027] {processor.py:653} WARNING - No viable dags retrieved from /opt/airflow/dags/main.py
[2025-10-01 18:07:06,032] {processor.py:161} INFO - Processing /opt/airflow/dags/main.py took 0.301 seconds
[2025-10-01 18:07:36,310] {processor.py:153} INFO - Started process (PID=3489) to work on /opt/airflow/dags/main.py
[2025-10-01 18:07:36,311] {processor.py:641} INFO - Processing file /opt/airflow/dags/main.py for tasks to queue
[2025-10-01 18:07:36,311] {logging_mixin.py:115} INFO - [2025-10-01 18:07:36,311] {dagbag.py:507} INFO - Filling up the DagBag from /opt/airflow/dags/main.py
[2025-10-01 18:07:36,595] {logging_mixin.py:115} INFO - Error loading model on startup: [Errno 13] Permission denied: '/home/ashura'
[2025-10-01 18:07:36,596] {processor.py:653} WARNING - No viable dags retrieved from /opt/airflow/dags/main.py
[2025-10-01 18:07:36,600] {processor.py:161} INFO - Processing /opt/airflow/dags/main.py took 0.294 seconds
[2025-10-01 18:08:06,915] {processor.py:153} INFO - Started process (PID=3511) to work on /opt/airflow/dags/main.py
[2025-10-01 18:08:06,916] {processor.py:641} INFO - Processing file /opt/airflow/dags/main.py for tasks to queue
[2025-10-01 18:08:06,916] {logging_mixin.py:115} INFO - [2025-10-01 18:08:06,916] {dagbag.py:507} INFO - Filling up the DagBag from /opt/airflow/dags/main.py
[2025-10-01 18:08:07,216] {logging_mixin.py:115} INFO - Error loading model on startup: [Errno 13] Permission denied: '/home/ashura'
[2025-10-01 18:08:07,217] {processor.py:653} WARNING - No viable dags retrieved from /opt/airflow/dags/main.py
[2025-10-01 18:08:07,220] {processor.py:161} INFO - Processing /opt/airflow/dags/main.py took 0.309 seconds
[2025-10-01 18:08:37,537] {processor.py:153} INFO - Started process (PID=3533) to work on /opt/airflow/dags/main.py
[2025-10-01 18:08:37,538] {processor.py:641} INFO - Processing file /opt/airflow/dags/main.py for tasks to queue
[2025-10-01 18:08:37,538] {logging_mixin.py:115} INFO - [2025-10-01 18:08:37,538] {dagbag.py:507} INFO - Filling up the DagBag from /opt/airflow/dags/main.py
[2025-10-01 18:08:37,888] {logging_mixin.py:115} INFO - Error loading model on startup: [Errno 13] Permission denied: '/home/ashura'
[2025-10-01 18:08:37,889] {processor.py:653} WARNING - No viable dags retrieved from /opt/airflow/dags/main.py
[2025-10-01 18:08:37,894] {processor.py:161} INFO - Processing /opt/airflow/dags/main.py took 0.359 seconds
[2025-10-01 18:09:08,394] {processor.py:153} INFO - Started process (PID=3555) to work on /opt/airflow/dags/main.py
[2025-10-01 18:09:08,397] {processor.py:641} INFO - Processing file /opt/airflow/dags/main.py for tasks to queue
[2025-10-01 18:09:08,397] {logging_mixin.py:115} INFO - [2025-10-01 18:09:08,397] {dagbag.py:507} INFO - Filling up the DagBag from /opt/airflow/dags/main.py
[2025-10-01 18:09:08,784] {logging_mixin.py:115} INFO - Error loading model on startup: [Errno 13] Permission denied: '/home/ashura'
[2025-10-01 18:09:08,785] {processor.py:653} WARNING - No viable dags retrieved from /opt/airflow/dags/main.py
[2025-10-01 18:09:08,792] {processor.py:161} INFO - Processing /opt/airflow/dags/main.py took 0.400 seconds
[2025-10-01 18:09:39,000] {processor.py:153} INFO - Started process (PID=3577) to work on /opt/airflow/dags/main.py
[2025-10-01 18:09:39,001] {processor.py:641} INFO - Processing file /opt/airflow/dags/main.py for tasks to queue
[2025-10-01 18:09:39,001] {logging_mixin.py:115} INFO - [2025-10-01 18:09:39,001] {dagbag.py:507} INFO - Filling up the DagBag from /opt/airflow/dags/main.py
[2025-10-01 18:09:39,633] {logging_mixin.py:115} INFO - Error loading model on startup: [Errno 13] Permission denied: '/home/ashura'
[2025-10-01 18:09:39,634] {processor.py:653} WARNING - No viable dags retrieved from /opt/airflow/dags/main.py
[2025-10-01 18:09:39,642] {processor.py:161} INFO - Processing /opt/airflow/dags/main.py took 0.652 seconds
[2025-10-01 18:10:09,738] {processor.py:153} INFO - Started process (PID=3599) to work on /opt/airflow/dags/main.py
[2025-10-01 18:10:09,739] {processor.py:641} INFO - Processing file /opt/airflow/dags/main.py for tasks to queue
[2025-10-01 18:10:09,739] {logging_mixin.py:115} INFO - [2025-10-01 18:10:09,739] {dagbag.py:507} INFO - Filling up the DagBag from /opt/airflow/dags/main.py
[2025-10-01 18:10:10,220] {logging_mixin.py:115} INFO - Error loading model on startup: [Errno 13] Permission denied: '/home/ashura'
[2025-10-01 18:10:10,221] {processor.py:653} WARNING - No viable dags retrieved from /opt/airflow/dags/main.py
[2025-10-01 18:10:10,227] {processor.py:161} INFO - Processing /opt/airflow/dags/main.py took 0.492 seconds
[2025-10-01 18:10:55,358] {processor.py:153} INFO - Started process (PID=186) to work on /opt/airflow/dags/main.py
[2025-10-01 18:10:55,358] {processor.py:641} INFO - Processing file /opt/airflow/dags/main.py for tasks to queue
[2025-10-01 18:10:55,359] {logging_mixin.py:115} INFO - [2025-10-01 18:10:55,359] {dagbag.py:507} INFO - Filling up the DagBag from /opt/airflow/dags/main.py
[2025-10-01 18:10:55,914] {logging_mixin.py:115} INFO - Error loading model on startup: [Errno 13] Permission denied: '/home/ashura'
[2025-10-01 18:10:55,915] {processor.py:653} WARNING - No viable dags retrieved from /opt/airflow/dags/main.py
[2025-10-01 18:10:55,926] {processor.py:161} INFO - Processing /opt/airflow/dags/main.py took 0.570 seconds
[2025-10-01 18:11:26,667] {processor.py:153} INFO - Started process (PID=209) to work on /opt/airflow/dags/main.py
[2025-10-01 18:11:26,671] {processor.py:641} INFO - Processing file /opt/airflow/dags/main.py for tasks to queue
[2025-10-01 18:11:26,675] {logging_mixin.py:115} INFO - [2025-10-01 18:11:26,674] {dagbag.py:507} INFO - Filling up the DagBag from /opt/airflow/dags/main.py
[2025-10-01 18:11:27,094] {logging_mixin.py:115} INFO - Error loading model on startup: [Errno 13] Permission denied: '/home/ashura'
[2025-10-01 18:11:27,099] {processor.py:653} WARNING - No viable dags retrieved from /opt/airflow/dags/main.py
[2025-10-01 18:11:27,128] {processor.py:161} INFO - Processing /opt/airflow/dags/main.py took 0.464 seconds
[2025-10-01 18:11:57,498] {processor.py:153} INFO - Started process (PID=230) to work on /opt/airflow/dags/main.py
[2025-10-01 18:11:57,499] {processor.py:641} INFO - Processing file /opt/airflow/dags/main.py for tasks to queue
[2025-10-01 18:11:57,499] {logging_mixin.py:115} INFO - [2025-10-01 18:11:57,499] {dagbag.py:507} INFO - Filling up the DagBag from /opt/airflow/dags/main.py
[2025-10-01 18:11:57,933] {logging_mixin.py:115} INFO - Error loading model on startup: [Errno 13] Permission denied: '/home/ashura'
[2025-10-01 18:11:57,941] {processor.py:653} WARNING - No viable dags retrieved from /opt/airflow/dags/main.py
[2025-10-01 18:11:57,956] {processor.py:161} INFO - Processing /opt/airflow/dags/main.py took 0.465 seconds
[2025-10-01 18:12:28,723] {processor.py:153} INFO - Started process (PID=255) to work on /opt/airflow/dags/main.py
[2025-10-01 18:12:28,727] {processor.py:641} INFO - Processing file /opt/airflow/dags/main.py for tasks to queue
[2025-10-01 18:12:28,727] {logging_mixin.py:115} INFO - [2025-10-01 18:12:28,727] {dagbag.py:507} INFO - Filling up the DagBag from /opt/airflow/dags/main.py
[2025-10-01 18:12:29,183] {logging_mixin.py:115} INFO - Error loading model on startup: [Errno 13] Permission denied: '/home/ashura'
[2025-10-01 18:12:29,184] {processor.py:653} WARNING - No viable dags retrieved from /opt/airflow/dags/main.py
[2025-10-01 18:12:29,192] {processor.py:161} INFO - Processing /opt/airflow/dags/main.py took 0.472 seconds
[2025-10-01 18:12:59,449] {processor.py:153} INFO - Started process (PID=274) to work on /opt/airflow/dags/main.py
[2025-10-01 18:12:59,450] {processor.py:641} INFO - Processing file /opt/airflow/dags/main.py for tasks to queue
[2025-10-01 18:12:59,450] {logging_mixin.py:115} INFO - [2025-10-01 18:12:59,450] {dagbag.py:507} INFO - Filling up the DagBag from /opt/airflow/dags/main.py
[2025-10-01 18:12:59,766] {logging_mixin.py:115} INFO - Error loading model on startup: [Errno 13] Permission denied: '/home/ashura'
[2025-10-01 18:12:59,768] {processor.py:653} WARNING - No viable dags retrieved from /opt/airflow/dags/main.py
[2025-10-01 18:12:59,777] {processor.py:161} INFO - Processing /opt/airflow/dags/main.py took 0.331 seconds
[2025-10-01 18:13:30,063] {processor.py:153} INFO - Started process (PID=296) to work on /opt/airflow/dags/main.py
[2025-10-01 18:13:30,064] {processor.py:641} INFO - Processing file /opt/airflow/dags/main.py for tasks to queue
[2025-10-01 18:13:30,064] {logging_mixin.py:115} INFO - [2025-10-01 18:13:30,064] {dagbag.py:507} INFO - Filling up the DagBag from /opt/airflow/dags/main.py
[2025-10-01 18:13:30,390] {logging_mixin.py:115} INFO - Error loading model on startup: [Errno 13] Permission denied: '/home/ashura'
[2025-10-01 18:13:30,392] {processor.py:653} WARNING - No viable dags retrieved from /opt/airflow/dags/main.py
[2025-10-01 18:13:30,399] {processor.py:161} INFO - Processing /opt/airflow/dags/main.py took 0.340 seconds
[2025-10-01 18:14:00,705] {processor.py:153} INFO - Started process (PID=321) to work on /opt/airflow/dags/main.py
[2025-10-01 18:14:00,709] {processor.py:641} INFO - Processing file /opt/airflow/dags/main.py for tasks to queue
[2025-10-01 18:14:00,710] {logging_mixin.py:115} INFO - [2025-10-01 18:14:00,710] {dagbag.py:507} INFO - Filling up the DagBag from /opt/airflow/dags/main.py
[2025-10-01 18:14:01,126] {logging_mixin.py:115} INFO - Error loading model on startup: [Errno 13] Permission denied: '/home/ashura'
[2025-10-01 18:14:01,127] {processor.py:653} WARNING - No viable dags retrieved from /opt/airflow/dags/main.py
[2025-10-01 18:14:01,143] {processor.py:161} INFO - Processing /opt/airflow/dags/main.py took 0.441 seconds
[2025-10-01 18:14:31,406] {processor.py:153} INFO - Started process (PID=340) to work on /opt/airflow/dags/main.py
[2025-10-01 18:14:31,407] {processor.py:641} INFO - Processing file /opt/airflow/dags/main.py for tasks to queue
[2025-10-01 18:14:31,407] {logging_mixin.py:115} INFO - [2025-10-01 18:14:31,407] {dagbag.py:507} INFO - Filling up the DagBag from /opt/airflow/dags/main.py
[2025-10-01 18:14:31,824] {logging_mixin.py:115} INFO - Error loading model on startup: [Errno 13] Permission denied: '/home/ashura'
[2025-10-01 18:14:31,827] {processor.py:653} WARNING - No viable dags retrieved from /opt/airflow/dags/main.py
[2025-10-01 18:14:31,833] {processor.py:161} INFO - Processing /opt/airflow/dags/main.py took 0.429 seconds
[2025-10-01 18:15:02,000] {processor.py:153} INFO - Started process (PID=362) to work on /opt/airflow/dags/main.py
[2025-10-01 18:15:02,001] {processor.py:641} INFO - Processing file /opt/airflow/dags/main.py for tasks to queue
[2025-10-01 18:15:02,001] {logging_mixin.py:115} INFO - [2025-10-01 18:15:02,001] {dagbag.py:507} INFO - Filling up the DagBag from /opt/airflow/dags/main.py
[2025-10-01 18:15:02,524] {logging_mixin.py:115} INFO - Error loading model on startup: [Errno 13] Permission denied: '/home/ashura'
[2025-10-01 18:15:02,530] {processor.py:653} WARNING - No viable dags retrieved from /opt/airflow/dags/main.py
[2025-10-01 18:15:02,537] {processor.py:161} INFO - Processing /opt/airflow/dags/main.py took 0.539 seconds
[2025-10-01 18:15:33,173] {processor.py:153} INFO - Started process (PID=386) to work on /opt/airflow/dags/main.py
[2025-10-01 18:15:33,176] {processor.py:641} INFO - Processing file /opt/airflow/dags/main.py for tasks to queue
[2025-10-01 18:15:33,181] {logging_mixin.py:115} INFO - [2025-10-01 18:15:33,181] {dagbag.py:507} INFO - Filling up the DagBag from /opt/airflow/dags/main.py
[2025-10-01 18:15:33,787] {logging_mixin.py:115} INFO - Error loading model on startup: [Errno 13] Permission denied: '/home/ashura'
[2025-10-01 18:15:33,789] {processor.py:653} WARNING - No viable dags retrieved from /opt/airflow/dags/main.py
[2025-10-01 18:15:33,797] {processor.py:161} INFO - Processing /opt/airflow/dags/main.py took 0.626 seconds
[2025-10-01 18:16:46,980] {processor.py:153} INFO - Started process (PID=186) to work on /opt/airflow/dags/main.py
[2025-10-01 18:16:46,981] {processor.py:641} INFO - Processing file /opt/airflow/dags/main.py for tasks to queue
[2025-10-01 18:16:46,982] {logging_mixin.py:115} INFO - [2025-10-01 18:16:46,982] {dagbag.py:507} INFO - Filling up the DagBag from /opt/airflow/dags/main.py
[2025-10-01 18:16:47,605] {logging_mixin.py:115} INFO - Error loading model on startup: [Errno 13] Permission denied: '/home/ashura'
[2025-10-01 18:16:47,610] {processor.py:653} WARNING - No viable dags retrieved from /opt/airflow/dags/main.py
[2025-10-01 18:16:47,617] {processor.py:161} INFO - Processing /opt/airflow/dags/main.py took 0.639 seconds
[2025-10-01 18:17:17,947] {processor.py:153} INFO - Started process (PID=204) to work on /opt/airflow/dags/main.py
[2025-10-01 18:17:17,949] {processor.py:641} INFO - Processing file /opt/airflow/dags/main.py for tasks to queue
[2025-10-01 18:17:17,949] {logging_mixin.py:115} INFO - [2025-10-01 18:17:17,949] {dagbag.py:507} INFO - Filling up the DagBag from /opt/airflow/dags/main.py
[2025-10-01 18:17:18,375] {logging_mixin.py:115} INFO - Error loading model on startup: [Errno 13] Permission denied: '/home/ashura'
[2025-10-01 18:17:18,376] {processor.py:653} WARNING - No viable dags retrieved from /opt/airflow/dags/main.py
[2025-10-01 18:17:18,386] {processor.py:161} INFO - Processing /opt/airflow/dags/main.py took 0.441 seconds
[2025-10-01 18:17:48,989] {processor.py:153} INFO - Started process (PID=226) to work on /opt/airflow/dags/main.py
[2025-10-01 18:17:48,989] {processor.py:641} INFO - Processing file /opt/airflow/dags/main.py for tasks to queue
[2025-10-01 18:17:48,993] {logging_mixin.py:115} INFO - [2025-10-01 18:17:48,993] {dagbag.py:507} INFO - Filling up the DagBag from /opt/airflow/dags/main.py
[2025-10-01 18:17:49,361] {logging_mixin.py:115} INFO - Error loading model on startup: [Errno 13] Permission denied: '/home/ashura'
[2025-10-01 18:17:49,362] {processor.py:653} WARNING - No viable dags retrieved from /opt/airflow/dags/main.py
[2025-10-01 18:17:49,369] {processor.py:161} INFO - Processing /opt/airflow/dags/main.py took 0.383 seconds
[2025-10-01 18:18:19,593] {processor.py:153} INFO - Started process (PID=248) to work on /opt/airflow/dags/main.py
[2025-10-01 18:18:19,596] {processor.py:641} INFO - Processing file /opt/airflow/dags/main.py for tasks to queue
[2025-10-01 18:18:19,597] {logging_mixin.py:115} INFO - [2025-10-01 18:18:19,597] {dagbag.py:507} INFO - Filling up the DagBag from /opt/airflow/dags/main.py
[2025-10-01 18:18:19,931] {logging_mixin.py:115} INFO - Error loading model on startup: [Errno 13] Permission denied: '/home/ashura'
[2025-10-01 18:18:19,932] {processor.py:653} WARNING - No viable dags retrieved from /opt/airflow/dags/main.py
[2025-10-01 18:18:19,936] {processor.py:161} INFO - Processing /opt/airflow/dags/main.py took 0.347 seconds
[2025-10-01 18:18:50,680] {processor.py:153} INFO - Started process (PID=269) to work on /opt/airflow/dags/main.py
[2025-10-01 18:18:50,680] {processor.py:641} INFO - Processing file /opt/airflow/dags/main.py for tasks to queue
[2025-10-01 18:18:50,681] {logging_mixin.py:115} INFO - [2025-10-01 18:18:50,681] {dagbag.py:507} INFO - Filling up the DagBag from /opt/airflow/dags/main.py
[2025-10-01 18:18:51,015] {logging_mixin.py:115} INFO - Error loading model on startup: [Errno 13] Permission denied: '/home/ashura'
[2025-10-01 18:18:51,016] {processor.py:653} WARNING - No viable dags retrieved from /opt/airflow/dags/main.py
[2025-10-01 18:18:51,020] {processor.py:161} INFO - Processing /opt/airflow/dags/main.py took 0.342 seconds
[2025-10-01 18:19:21,256] {processor.py:153} INFO - Started process (PID=296) to work on /opt/airflow/dags/main.py
[2025-10-01 18:19:21,259] {processor.py:641} INFO - Processing file /opt/airflow/dags/main.py for tasks to queue
[2025-10-01 18:19:21,263] {logging_mixin.py:115} INFO - [2025-10-01 18:19:21,263] {dagbag.py:507} INFO - Filling up the DagBag from /opt/airflow/dags/main.py
[2025-10-01 18:19:21,733] {logging_mixin.py:115} INFO - Error loading model on startup: [Errno 13] Permission denied: '/home/ashura'
[2025-10-01 18:19:21,734] {processor.py:653} WARNING - No viable dags retrieved from /opt/airflow/dags/main.py
[2025-10-01 18:19:21,739] {processor.py:161} INFO - Processing /opt/airflow/dags/main.py took 0.490 seconds
[2025-10-01 18:19:51,976] {processor.py:153} INFO - Started process (PID=319) to work on /opt/airflow/dags/main.py
[2025-10-01 18:19:51,978] {processor.py:641} INFO - Processing file /opt/airflow/dags/main.py for tasks to queue
[2025-10-01 18:19:51,979] {logging_mixin.py:115} INFO - [2025-10-01 18:19:51,979] {dagbag.py:507} INFO - Filling up the DagBag from /opt/airflow/dags/main.py
[2025-10-01 18:19:52,415] {logging_mixin.py:115} INFO - Error loading model on startup: [Errno 13] Permission denied: '/home/ashura'
[2025-10-01 18:19:52,416] {processor.py:653} WARNING - No viable dags retrieved from /opt/airflow/dags/main.py
[2025-10-01 18:19:52,421] {processor.py:161} INFO - Processing /opt/airflow/dags/main.py took 0.448 seconds
[2025-10-01 18:20:22,641] {processor.py:153} INFO - Started process (PID=341) to work on /opt/airflow/dags/main.py
[2025-10-01 18:20:22,647] {processor.py:641} INFO - Processing file /opt/airflow/dags/main.py for tasks to queue
[2025-10-01 18:20:22,651] {logging_mixin.py:115} INFO - [2025-10-01 18:20:22,651] {dagbag.py:507} INFO - Filling up the DagBag from /opt/airflow/dags/main.py
[2025-10-01 18:20:22,954] {logging_mixin.py:115} INFO - Error loading model on startup: [Errno 13] Permission denied: '/home/ashura'
[2025-10-01 18:20:22,955] {processor.py:653} WARNING - No viable dags retrieved from /opt/airflow/dags/main.py
[2025-10-01 18:20:22,959] {processor.py:161} INFO - Processing /opt/airflow/dags/main.py took 0.321 seconds
[2025-10-01 18:20:53,731] {processor.py:153} INFO - Started process (PID=363) to work on /opt/airflow/dags/main.py
[2025-10-01 18:20:53,737] {processor.py:641} INFO - Processing file /opt/airflow/dags/main.py for tasks to queue
[2025-10-01 18:20:53,739] {logging_mixin.py:115} INFO - [2025-10-01 18:20:53,739] {dagbag.py:507} INFO - Filling up the DagBag from /opt/airflow/dags/main.py
[2025-10-01 18:20:54,088] {logging_mixin.py:115} INFO - Error loading model on startup: [Errno 13] Permission denied: '/home/ashura'
[2025-10-01 18:20:54,089] {processor.py:653} WARNING - No viable dags retrieved from /opt/airflow/dags/main.py
[2025-10-01 18:20:54,094] {processor.py:161} INFO - Processing /opt/airflow/dags/main.py took 0.365 seconds
[2025-10-01 18:21:24,295] {processor.py:153} INFO - Started process (PID=385) to work on /opt/airflow/dags/main.py
[2025-10-01 18:21:24,296] {processor.py:641} INFO - Processing file /opt/airflow/dags/main.py for tasks to queue
[2025-10-01 18:21:24,296] {logging_mixin.py:115} INFO - [2025-10-01 18:21:24,296] {dagbag.py:507} INFO - Filling up the DagBag from /opt/airflow/dags/main.py
[2025-10-01 18:21:24,673] {logging_mixin.py:115} INFO - Error loading model on startup: [Errno 13] Permission denied: '/home/ashura'
[2025-10-01 18:21:24,674] {processor.py:653} WARNING - No viable dags retrieved from /opt/airflow/dags/main.py
[2025-10-01 18:21:24,678] {processor.py:161} INFO - Processing /opt/airflow/dags/main.py took 0.385 seconds
[2025-10-01 18:21:55,536] {processor.py:153} INFO - Started process (PID=409) to work on /opt/airflow/dags/main.py
[2025-10-01 18:21:55,536] {processor.py:641} INFO - Processing file /opt/airflow/dags/main.py for tasks to queue
[2025-10-01 18:21:55,537] {logging_mixin.py:115} INFO - [2025-10-01 18:21:55,537] {dagbag.py:507} INFO - Filling up the DagBag from /opt/airflow/dags/main.py
[2025-10-01 18:21:55,831] {logging_mixin.py:115} INFO - Error loading model on startup: [Errno 13] Permission denied: '/home/ashura'
[2025-10-01 18:21:55,832] {processor.py:653} WARNING - No viable dags retrieved from /opt/airflow/dags/main.py
[2025-10-01 18:21:55,836] {processor.py:161} INFO - Processing /opt/airflow/dags/main.py took 0.302 seconds
[2025-10-01 18:22:26,068] {processor.py:153} INFO - Started process (PID=431) to work on /opt/airflow/dags/main.py
[2025-10-01 18:22:26,069] {processor.py:641} INFO - Processing file /opt/airflow/dags/main.py for tasks to queue
[2025-10-01 18:22:26,069] {logging_mixin.py:115} INFO - [2025-10-01 18:22:26,069] {dagbag.py:507} INFO - Filling up the DagBag from /opt/airflow/dags/main.py
[2025-10-01 18:22:26,369] {logging_mixin.py:115} INFO - Error loading model on startup: [Errno 13] Permission denied: '/home/ashura'
[2025-10-01 18:22:26,370] {processor.py:653} WARNING - No viable dags retrieved from /opt/airflow/dags/main.py
[2025-10-01 18:22:26,374] {processor.py:161} INFO - Processing /opt/airflow/dags/main.py took 0.310 seconds
[2025-10-01 18:22:57,230] {processor.py:153} INFO - Started process (PID=453) to work on /opt/airflow/dags/main.py
[2025-10-01 18:22:57,231] {processor.py:641} INFO - Processing file /opt/airflow/dags/main.py for tasks to queue
[2025-10-01 18:22:57,231] {logging_mixin.py:115} INFO - [2025-10-01 18:22:57,231] {dagbag.py:507} INFO - Filling up the DagBag from /opt/airflow/dags/main.py
[2025-10-01 18:22:57,538] {logging_mixin.py:115} INFO - Error loading model on startup: [Errno 13] Permission denied: '/home/ashura'
[2025-10-01 18:22:57,538] {processor.py:653} WARNING - No viable dags retrieved from /opt/airflow/dags/main.py
[2025-10-01 18:22:57,543] {processor.py:161} INFO - Processing /opt/airflow/dags/main.py took 0.315 seconds
[2025-10-01 18:23:27,763] {processor.py:153} INFO - Started process (PID=475) to work on /opt/airflow/dags/main.py
[2025-10-01 18:23:27,763] {processor.py:641} INFO - Processing file /opt/airflow/dags/main.py for tasks to queue
[2025-10-01 18:23:27,763] {logging_mixin.py:115} INFO - [2025-10-01 18:23:27,763] {dagbag.py:507} INFO - Filling up the DagBag from /opt/airflow/dags/main.py
[2025-10-01 18:23:28,184] {logging_mixin.py:115} INFO - Error loading model on startup: [Errno 13] Permission denied: '/home/ashura'
[2025-10-01 18:23:28,186] {processor.py:653} WARNING - No viable dags retrieved from /opt/airflow/dags/main.py
[2025-10-01 18:23:28,197] {processor.py:161} INFO - Processing /opt/airflow/dags/main.py took 0.439 seconds
[2025-10-01 18:23:58,655] {processor.py:153} INFO - Started process (PID=500) to work on /opt/airflow/dags/main.py
[2025-10-01 18:23:58,656] {processor.py:641} INFO - Processing file /opt/airflow/dags/main.py for tasks to queue
[2025-10-01 18:23:58,656] {logging_mixin.py:115} INFO - [2025-10-01 18:23:58,656] {dagbag.py:507} INFO - Filling up the DagBag from /opt/airflow/dags/main.py
[2025-10-01 18:23:59,510] {logging_mixin.py:115} INFO - Error loading model on startup: [Errno 13] Permission denied: '/home/ashura'
[2025-10-01 18:23:59,512] {processor.py:653} WARNING - No viable dags retrieved from /opt/airflow/dags/main.py
[2025-10-01 18:23:59,520] {processor.py:161} INFO - Processing /opt/airflow/dags/main.py took 0.868 seconds
[2025-10-01 18:40:02,287] {processor.py:153} INFO - Started process (PID=528) to work on /opt/airflow/dags/main.py
[2025-10-01 18:40:02,287] {processor.py:641} INFO - Processing file /opt/airflow/dags/main.py for tasks to queue
[2025-10-01 18:40:02,288] {logging_mixin.py:115} INFO - [2025-10-01 18:40:02,288] {dagbag.py:507} INFO - Filling up the DagBag from /opt/airflow/dags/main.py
[2025-10-01 18:40:03,967] {logging_mixin.py:115} INFO - Error loading model on startup: [Errno 13] Permission denied: '/home/ashura'
[2025-10-01 18:40:03,984] {processor.py:653} WARNING - No viable dags retrieved from /opt/airflow/dags/main.py
[2025-10-01 18:40:04,023] {processor.py:161} INFO - Processing /opt/airflow/dags/main.py took 1.738 seconds
[2025-10-01 18:40:34,505] {processor.py:153} INFO - Started process (PID=546) to work on /opt/airflow/dags/main.py
[2025-10-01 18:40:34,506] {processor.py:641} INFO - Processing file /opt/airflow/dags/main.py for tasks to queue
[2025-10-01 18:40:34,506] {logging_mixin.py:115} INFO - [2025-10-01 18:40:34,506] {dagbag.py:507} INFO - Filling up the DagBag from /opt/airflow/dags/main.py
[2025-10-01 18:40:34,999] {logging_mixin.py:115} INFO - Error loading model on startup: [Errno 13] Permission denied: '/home/ashura'
[2025-10-01 18:40:35,002] {processor.py:653} WARNING - No viable dags retrieved from /opt/airflow/dags/main.py
[2025-10-01 18:40:35,009] {processor.py:161} INFO - Processing /opt/airflow/dags/main.py took 0.508 seconds
[2025-10-01 18:41:05,249] {processor.py:153} INFO - Started process (PID=568) to work on /opt/airflow/dags/main.py
[2025-10-01 18:41:05,249] {processor.py:641} INFO - Processing file /opt/airflow/dags/main.py for tasks to queue
[2025-10-01 18:41:05,250] {logging_mixin.py:115} INFO - [2025-10-01 18:41:05,250] {dagbag.py:507} INFO - Filling up the DagBag from /opt/airflow/dags/main.py
[2025-10-01 18:41:05,540] {logging_mixin.py:115} INFO - Error loading model on startup: [Errno 13] Permission denied: '/home/ashura'
[2025-10-01 18:41:05,541] {processor.py:653} WARNING - No viable dags retrieved from /opt/airflow/dags/main.py
[2025-10-01 18:41:05,545] {processor.py:161} INFO - Processing /opt/airflow/dags/main.py took 0.300 seconds
[2025-10-01 18:41:35,756] {processor.py:153} INFO - Started process (PID=590) to work on /opt/airflow/dags/main.py
[2025-10-01 18:41:35,757] {processor.py:641} INFO - Processing file /opt/airflow/dags/main.py for tasks to queue
[2025-10-01 18:41:35,757] {logging_mixin.py:115} INFO - [2025-10-01 18:41:35,757] {dagbag.py:507} INFO - Filling up the DagBag from /opt/airflow/dags/main.py
[2025-10-01 18:41:36,201] {logging_mixin.py:115} INFO - Error loading model on startup: [Errno 13] Permission denied: '/home/ashura'
[2025-10-01 18:41:36,202] {processor.py:653} WARNING - No viable dags retrieved from /opt/airflow/dags/main.py
[2025-10-01 18:41:36,208] {processor.py:161} INFO - Processing /opt/airflow/dags/main.py took 0.455 seconds
