[2025-10-01 17:33:42,198] {processor.py:153} INFO - Started process (PID=2275) to work on /opt/airflow/dags/ml_pipeline.py
[2025-10-01 17:33:42,198] {processor.py:641} INFO - Processing file /opt/airflow/dags/ml_pipeline.py for tasks to queue
[2025-10-01 17:33:42,198] {logging_mixin.py:115} INFO - [2025-10-01 17:33:42,198] {dagbag.py:507} INFO - Filling up the DagBag from /opt/airflow/dags/ml_pipeline.py
[2025-10-01 17:33:42,204] {processor.py:651} INFO - DAG(s) dict_keys(['ml_pipeline']) retrieved from /opt/airflow/dags/ml_pipeline.py
[2025-10-01 17:33:42,231] {logging_mixin.py:115} INFO - [2025-10-01 17:33:42,231] {manager.py:508} INFO - Created Permission View: can edit on DAG:ml_pipeline
[2025-10-01 17:33:42,233] {logging_mixin.py:115} INFO - [2025-10-01 17:33:42,233] {manager.py:508} INFO - Created Permission View: can read on DAG:ml_pipeline
[2025-10-01 17:33:42,235] {logging_mixin.py:115} INFO - [2025-10-01 17:33:42,235] {manager.py:508} INFO - Created Permission View: can delete on DAG:ml_pipeline
[2025-10-01 17:33:42,235] {logging_mixin.py:115} INFO - [2025-10-01 17:33:42,235] {dag.py:2379} INFO - Sync 1 DAGs
[2025-10-01 17:33:42,237] {logging_mixin.py:115} INFO - [2025-10-01 17:33:42,237] {dag.py:2398} INFO - Creating ORM DAG for ml_pipeline
[2025-10-01 17:33:42,240] {logging_mixin.py:115} INFO - [2025-10-01 17:33:42,240] {dag.py:2931} INFO - Setting next_dagrun for ml_pipeline to None, run_after=None
[2025-10-01 17:33:42,243] {processor.py:161} INFO - Processing /opt/airflow/dags/ml_pipeline.py took 0.047 seconds
[2025-10-01 17:34:12,759] {processor.py:153} INFO - Started process (PID=2297) to work on /opt/airflow/dags/ml_pipeline.py
[2025-10-01 17:34:12,759] {processor.py:641} INFO - Processing file /opt/airflow/dags/ml_pipeline.py for tasks to queue
[2025-10-01 17:34:12,760] {logging_mixin.py:115} INFO - [2025-10-01 17:34:12,760] {dagbag.py:507} INFO - Filling up the DagBag from /opt/airflow/dags/ml_pipeline.py
[2025-10-01 17:34:12,763] {processor.py:651} INFO - DAG(s) dict_keys(['ml_pipeline']) retrieved from /opt/airflow/dags/ml_pipeline.py
[2025-10-01 17:34:12,772] {logging_mixin.py:115} INFO - [2025-10-01 17:34:12,772] {dag.py:2379} INFO - Sync 1 DAGs
[2025-10-01 17:34:12,780] {logging_mixin.py:115} INFO - [2025-10-01 17:34:12,780] {dag.py:2931} INFO - Setting next_dagrun for ml_pipeline to None, run_after=None
[2025-10-01 17:34:12,784] {processor.py:161} INFO - Processing /opt/airflow/dags/ml_pipeline.py took 0.026 seconds
[2025-10-01 17:34:43,356] {processor.py:153} INFO - Started process (PID=2319) to work on /opt/airflow/dags/ml_pipeline.py
[2025-10-01 17:34:43,356] {processor.py:641} INFO - Processing file /opt/airflow/dags/ml_pipeline.py for tasks to queue
[2025-10-01 17:34:43,356] {logging_mixin.py:115} INFO - [2025-10-01 17:34:43,356] {dagbag.py:507} INFO - Filling up the DagBag from /opt/airflow/dags/ml_pipeline.py
[2025-10-01 17:34:43,359] {processor.py:651} INFO - DAG(s) dict_keys(['ml_pipeline']) retrieved from /opt/airflow/dags/ml_pipeline.py
[2025-10-01 17:34:43,369] {logging_mixin.py:115} INFO - [2025-10-01 17:34:43,369] {dag.py:2379} INFO - Sync 1 DAGs
[2025-10-01 17:34:43,378] {logging_mixin.py:115} INFO - [2025-10-01 17:34:43,378] {dag.py:2931} INFO - Setting next_dagrun for ml_pipeline to None, run_after=None
[2025-10-01 17:34:43,381] {processor.py:161} INFO - Processing /opt/airflow/dags/ml_pipeline.py took 0.026 seconds
[2025-10-01 17:35:13,957] {processor.py:153} INFO - Started process (PID=2341) to work on /opt/airflow/dags/ml_pipeline.py
[2025-10-01 17:35:13,957] {processor.py:641} INFO - Processing file /opt/airflow/dags/ml_pipeline.py for tasks to queue
[2025-10-01 17:35:13,957] {logging_mixin.py:115} INFO - [2025-10-01 17:35:13,957] {dagbag.py:507} INFO - Filling up the DagBag from /opt/airflow/dags/ml_pipeline.py
[2025-10-01 17:35:13,960] {processor.py:651} INFO - DAG(s) dict_keys(['ml_pipeline']) retrieved from /opt/airflow/dags/ml_pipeline.py
[2025-10-01 17:35:13,969] {logging_mixin.py:115} INFO - [2025-10-01 17:35:13,969] {dag.py:2379} INFO - Sync 1 DAGs
[2025-10-01 17:35:13,977] {logging_mixin.py:115} INFO - [2025-10-01 17:35:13,977] {dag.py:2931} INFO - Setting next_dagrun for ml_pipeline to None, run_after=None
[2025-10-01 17:35:13,980] {processor.py:161} INFO - Processing /opt/airflow/dags/ml_pipeline.py took 0.025 seconds
[2025-10-01 17:35:44,571] {processor.py:153} INFO - Started process (PID=2363) to work on /opt/airflow/dags/ml_pipeline.py
[2025-10-01 17:35:44,571] {processor.py:641} INFO - Processing file /opt/airflow/dags/ml_pipeline.py for tasks to queue
[2025-10-01 17:35:44,571] {logging_mixin.py:115} INFO - [2025-10-01 17:35:44,571] {dagbag.py:507} INFO - Filling up the DagBag from /opt/airflow/dags/ml_pipeline.py
[2025-10-01 17:35:44,574] {processor.py:651} INFO - DAG(s) dict_keys(['ml_pipeline']) retrieved from /opt/airflow/dags/ml_pipeline.py
[2025-10-01 17:35:44,583] {logging_mixin.py:115} INFO - [2025-10-01 17:35:44,583] {dag.py:2379} INFO - Sync 1 DAGs
[2025-10-01 17:35:44,590] {logging_mixin.py:115} INFO - [2025-10-01 17:35:44,590] {dag.py:2931} INFO - Setting next_dagrun for ml_pipeline to None, run_after=None
[2025-10-01 17:35:44,593] {processor.py:161} INFO - Processing /opt/airflow/dags/ml_pipeline.py took 0.024 seconds
[2025-10-01 17:36:15,167] {processor.py:153} INFO - Started process (PID=2385) to work on /opt/airflow/dags/ml_pipeline.py
[2025-10-01 17:36:15,167] {processor.py:641} INFO - Processing file /opt/airflow/dags/ml_pipeline.py for tasks to queue
[2025-10-01 17:36:15,167] {logging_mixin.py:115} INFO - [2025-10-01 17:36:15,167] {dagbag.py:507} INFO - Filling up the DagBag from /opt/airflow/dags/ml_pipeline.py
[2025-10-01 17:36:15,170] {processor.py:651} INFO - DAG(s) dict_keys(['ml_pipeline']) retrieved from /opt/airflow/dags/ml_pipeline.py
[2025-10-01 17:36:15,179] {logging_mixin.py:115} INFO - [2025-10-01 17:36:15,179] {dag.py:2379} INFO - Sync 1 DAGs
[2025-10-01 17:36:15,187] {logging_mixin.py:115} INFO - [2025-10-01 17:36:15,187] {dag.py:2931} INFO - Setting next_dagrun for ml_pipeline to None, run_after=None
[2025-10-01 17:36:15,190] {processor.py:161} INFO - Processing /opt/airflow/dags/ml_pipeline.py took 0.024 seconds
[2025-10-01 17:36:45,749] {processor.py:153} INFO - Started process (PID=2407) to work on /opt/airflow/dags/ml_pipeline.py
[2025-10-01 17:36:45,749] {processor.py:641} INFO - Processing file /opt/airflow/dags/ml_pipeline.py for tasks to queue
[2025-10-01 17:36:45,749] {logging_mixin.py:115} INFO - [2025-10-01 17:36:45,749] {dagbag.py:507} INFO - Filling up the DagBag from /opt/airflow/dags/ml_pipeline.py
[2025-10-01 17:36:45,752] {processor.py:651} INFO - DAG(s) dict_keys(['ml_pipeline']) retrieved from /opt/airflow/dags/ml_pipeline.py
[2025-10-01 17:36:45,761] {logging_mixin.py:115} INFO - [2025-10-01 17:36:45,761] {dag.py:2379} INFO - Sync 1 DAGs
[2025-10-01 17:36:45,769] {logging_mixin.py:115} INFO - [2025-10-01 17:36:45,768] {dag.py:2931} INFO - Setting next_dagrun for ml_pipeline to None, run_after=None
[2025-10-01 17:36:45,772] {processor.py:161} INFO - Processing /opt/airflow/dags/ml_pipeline.py took 0.024 seconds
[2025-10-01 17:37:16,377] {processor.py:153} INFO - Started process (PID=2446) to work on /opt/airflow/dags/ml_pipeline.py
[2025-10-01 17:37:16,377] {processor.py:641} INFO - Processing file /opt/airflow/dags/ml_pipeline.py for tasks to queue
[2025-10-01 17:37:16,377] {logging_mixin.py:115} INFO - [2025-10-01 17:37:16,377] {dagbag.py:507} INFO - Filling up the DagBag from /opt/airflow/dags/ml_pipeline.py
[2025-10-01 17:37:16,380] {processor.py:651} INFO - DAG(s) dict_keys(['ml_pipeline']) retrieved from /opt/airflow/dags/ml_pipeline.py
[2025-10-01 17:37:16,390] {logging_mixin.py:115} INFO - [2025-10-01 17:37:16,390] {dag.py:2379} INFO - Sync 1 DAGs
[2025-10-01 17:37:16,397] {logging_mixin.py:115} INFO - [2025-10-01 17:37:16,397] {dag.py:2931} INFO - Setting next_dagrun for ml_pipeline to None, run_after=None
[2025-10-01 17:37:16,400] {processor.py:161} INFO - Processing /opt/airflow/dags/ml_pipeline.py took 0.025 seconds
[2025-10-01 17:37:46,954] {processor.py:153} INFO - Started process (PID=2468) to work on /opt/airflow/dags/ml_pipeline.py
[2025-10-01 17:37:46,955] {processor.py:641} INFO - Processing file /opt/airflow/dags/ml_pipeline.py for tasks to queue
[2025-10-01 17:37:46,955] {logging_mixin.py:115} INFO - [2025-10-01 17:37:46,955] {dagbag.py:507} INFO - Filling up the DagBag from /opt/airflow/dags/ml_pipeline.py
[2025-10-01 17:37:46,958] {processor.py:651} INFO - DAG(s) dict_keys(['ml_pipeline']) retrieved from /opt/airflow/dags/ml_pipeline.py
[2025-10-01 17:37:46,967] {logging_mixin.py:115} INFO - [2025-10-01 17:37:46,967] {dag.py:2379} INFO - Sync 1 DAGs
[2025-10-01 17:37:46,974] {logging_mixin.py:115} INFO - [2025-10-01 17:37:46,974] {dag.py:2931} INFO - Setting next_dagrun for ml_pipeline to None, run_after=None
[2025-10-01 17:37:46,977] {processor.py:161} INFO - Processing /opt/airflow/dags/ml_pipeline.py took 0.024 seconds
[2025-10-01 17:38:17,542] {processor.py:153} INFO - Started process (PID=2490) to work on /opt/airflow/dags/ml_pipeline.py
[2025-10-01 17:38:17,543] {processor.py:641} INFO - Processing file /opt/airflow/dags/ml_pipeline.py for tasks to queue
[2025-10-01 17:38:17,543] {logging_mixin.py:115} INFO - [2025-10-01 17:38:17,543] {dagbag.py:507} INFO - Filling up the DagBag from /opt/airflow/dags/ml_pipeline.py
[2025-10-01 17:38:17,545] {processor.py:651} INFO - DAG(s) dict_keys(['ml_pipeline']) retrieved from /opt/airflow/dags/ml_pipeline.py
[2025-10-01 17:38:17,555] {logging_mixin.py:115} INFO - [2025-10-01 17:38:17,555] {dag.py:2379} INFO - Sync 1 DAGs
[2025-10-01 17:38:17,562] {logging_mixin.py:115} INFO - [2025-10-01 17:38:17,562] {dag.py:2931} INFO - Setting next_dagrun for ml_pipeline to None, run_after=None
[2025-10-01 17:38:17,565] {processor.py:161} INFO - Processing /opt/airflow/dags/ml_pipeline.py took 0.024 seconds
[2025-10-01 17:38:48,240] {processor.py:153} INFO - Started process (PID=2512) to work on /opt/airflow/dags/ml_pipeline.py
[2025-10-01 17:38:48,240] {processor.py:641} INFO - Processing file /opt/airflow/dags/ml_pipeline.py for tasks to queue
[2025-10-01 17:38:48,240] {logging_mixin.py:115} INFO - [2025-10-01 17:38:48,240] {dagbag.py:507} INFO - Filling up the DagBag from /opt/airflow/dags/ml_pipeline.py
[2025-10-01 17:38:48,243] {processor.py:651} INFO - DAG(s) dict_keys(['ml_pipeline']) retrieved from /opt/airflow/dags/ml_pipeline.py
[2025-10-01 17:38:48,253] {logging_mixin.py:115} INFO - [2025-10-01 17:38:48,253] {dag.py:2379} INFO - Sync 1 DAGs
[2025-10-01 17:38:48,260] {logging_mixin.py:115} INFO - [2025-10-01 17:38:48,260] {dag.py:2931} INFO - Setting next_dagrun for ml_pipeline to None, run_after=None
[2025-10-01 17:38:48,263] {processor.py:161} INFO - Processing /opt/airflow/dags/ml_pipeline.py took 0.025 seconds
[2025-10-01 17:39:18,867] {processor.py:153} INFO - Started process (PID=2534) to work on /opt/airflow/dags/ml_pipeline.py
[2025-10-01 17:39:18,867] {processor.py:641} INFO - Processing file /opt/airflow/dags/ml_pipeline.py for tasks to queue
[2025-10-01 17:39:18,867] {logging_mixin.py:115} INFO - [2025-10-01 17:39:18,867] {dagbag.py:507} INFO - Filling up the DagBag from /opt/airflow/dags/ml_pipeline.py
[2025-10-01 17:39:18,870] {processor.py:651} INFO - DAG(s) dict_keys(['ml_pipeline']) retrieved from /opt/airflow/dags/ml_pipeline.py
[2025-10-01 17:39:18,881] {logging_mixin.py:115} INFO - [2025-10-01 17:39:18,881] {dag.py:2379} INFO - Sync 1 DAGs
[2025-10-01 17:39:18,888] {logging_mixin.py:115} INFO - [2025-10-01 17:39:18,888] {dag.py:2931} INFO - Setting next_dagrun for ml_pipeline to None, run_after=None
[2025-10-01 17:39:18,891] {processor.py:161} INFO - Processing /opt/airflow/dags/ml_pipeline.py took 0.026 seconds
[2025-10-01 17:39:49,442] {processor.py:153} INFO - Started process (PID=2556) to work on /opt/airflow/dags/ml_pipeline.py
[2025-10-01 17:39:49,442] {processor.py:641} INFO - Processing file /opt/airflow/dags/ml_pipeline.py for tasks to queue
[2025-10-01 17:39:49,442] {logging_mixin.py:115} INFO - [2025-10-01 17:39:49,442] {dagbag.py:507} INFO - Filling up the DagBag from /opt/airflow/dags/ml_pipeline.py
[2025-10-01 17:39:49,445] {processor.py:651} INFO - DAG(s) dict_keys(['ml_pipeline']) retrieved from /opt/airflow/dags/ml_pipeline.py
[2025-10-01 17:39:49,454] {logging_mixin.py:115} INFO - [2025-10-01 17:39:49,454] {dag.py:2379} INFO - Sync 1 DAGs
[2025-10-01 17:39:49,461] {logging_mixin.py:115} INFO - [2025-10-01 17:39:49,461] {dag.py:2931} INFO - Setting next_dagrun for ml_pipeline to None, run_after=None
[2025-10-01 17:39:49,464] {processor.py:161} INFO - Processing /opt/airflow/dags/ml_pipeline.py took 0.024 seconds
[2025-10-01 17:40:20,072] {processor.py:153} INFO - Started process (PID=2578) to work on /opt/airflow/dags/ml_pipeline.py
[2025-10-01 17:40:20,072] {processor.py:641} INFO - Processing file /opt/airflow/dags/ml_pipeline.py for tasks to queue
[2025-10-01 17:40:20,073] {logging_mixin.py:115} INFO - [2025-10-01 17:40:20,072] {dagbag.py:507} INFO - Filling up the DagBag from /opt/airflow/dags/ml_pipeline.py
[2025-10-01 17:40:20,075] {processor.py:651} INFO - DAG(s) dict_keys(['ml_pipeline']) retrieved from /opt/airflow/dags/ml_pipeline.py
[2025-10-01 17:40:20,085] {logging_mixin.py:115} INFO - [2025-10-01 17:40:20,085] {dag.py:2379} INFO - Sync 1 DAGs
[2025-10-01 17:40:20,093] {logging_mixin.py:115} INFO - [2025-10-01 17:40:20,093] {dag.py:2931} INFO - Setting next_dagrun for ml_pipeline to None, run_after=None
[2025-10-01 17:40:20,095] {processor.py:161} INFO - Processing /opt/airflow/dags/ml_pipeline.py took 0.024 seconds
[2025-10-01 17:40:50,666] {processor.py:153} INFO - Started process (PID=2600) to work on /opt/airflow/dags/ml_pipeline.py
[2025-10-01 17:40:50,666] {processor.py:641} INFO - Processing file /opt/airflow/dags/ml_pipeline.py for tasks to queue
[2025-10-01 17:40:50,666] {logging_mixin.py:115} INFO - [2025-10-01 17:40:50,666] {dagbag.py:507} INFO - Filling up the DagBag from /opt/airflow/dags/ml_pipeline.py
[2025-10-01 17:40:50,669] {processor.py:651} INFO - DAG(s) dict_keys(['ml_pipeline']) retrieved from /opt/airflow/dags/ml_pipeline.py
[2025-10-01 17:40:50,680] {logging_mixin.py:115} INFO - [2025-10-01 17:40:50,679] {dag.py:2379} INFO - Sync 1 DAGs
[2025-10-01 17:40:50,687] {logging_mixin.py:115} INFO - [2025-10-01 17:40:50,687] {dag.py:2931} INFO - Setting next_dagrun for ml_pipeline to None, run_after=None
[2025-10-01 17:40:50,690] {processor.py:161} INFO - Processing /opt/airflow/dags/ml_pipeline.py took 0.026 seconds
[2025-10-01 17:41:21,283] {processor.py:153} INFO - Started process (PID=2622) to work on /opt/airflow/dags/ml_pipeline.py
[2025-10-01 17:41:21,284] {processor.py:641} INFO - Processing file /opt/airflow/dags/ml_pipeline.py for tasks to queue
[2025-10-01 17:41:21,284] {logging_mixin.py:115} INFO - [2025-10-01 17:41:21,284] {dagbag.py:507} INFO - Filling up the DagBag from /opt/airflow/dags/ml_pipeline.py
[2025-10-01 17:41:21,286] {processor.py:651} INFO - DAG(s) dict_keys(['ml_pipeline']) retrieved from /opt/airflow/dags/ml_pipeline.py
[2025-10-01 17:41:21,296] {logging_mixin.py:115} INFO - [2025-10-01 17:41:21,296] {dag.py:2379} INFO - Sync 1 DAGs
[2025-10-01 17:41:21,302] {logging_mixin.py:115} INFO - [2025-10-01 17:41:21,302] {dag.py:2931} INFO - Setting next_dagrun for ml_pipeline to None, run_after=None
[2025-10-01 17:41:21,306] {processor.py:161} INFO - Processing /opt/airflow/dags/ml_pipeline.py took 0.024 seconds
[2025-10-01 17:41:51,863] {processor.py:153} INFO - Started process (PID=2644) to work on /opt/airflow/dags/ml_pipeline.py
[2025-10-01 17:41:51,863] {processor.py:641} INFO - Processing file /opt/airflow/dags/ml_pipeline.py for tasks to queue
[2025-10-01 17:41:51,864] {logging_mixin.py:115} INFO - [2025-10-01 17:41:51,864] {dagbag.py:507} INFO - Filling up the DagBag from /opt/airflow/dags/ml_pipeline.py
[2025-10-01 17:41:51,866] {processor.py:651} INFO - DAG(s) dict_keys(['ml_pipeline']) retrieved from /opt/airflow/dags/ml_pipeline.py
[2025-10-01 17:41:51,876] {logging_mixin.py:115} INFO - [2025-10-01 17:41:51,876] {dag.py:2379} INFO - Sync 1 DAGs
[2025-10-01 17:41:51,882] {logging_mixin.py:115} INFO - [2025-10-01 17:41:51,882] {dag.py:2931} INFO - Setting next_dagrun for ml_pipeline to None, run_after=None
[2025-10-01 17:41:51,886] {processor.py:161} INFO - Processing /opt/airflow/dags/ml_pipeline.py took 0.024 seconds
[2025-10-01 17:42:22,417] {processor.py:153} INFO - Started process (PID=2666) to work on /opt/airflow/dags/ml_pipeline.py
[2025-10-01 17:42:22,417] {processor.py:641} INFO - Processing file /opt/airflow/dags/ml_pipeline.py for tasks to queue
[2025-10-01 17:42:22,417] {logging_mixin.py:115} INFO - [2025-10-01 17:42:22,417] {dagbag.py:507} INFO - Filling up the DagBag from /opt/airflow/dags/ml_pipeline.py
[2025-10-01 17:42:22,420] {processor.py:651} INFO - DAG(s) dict_keys(['ml_pipeline']) retrieved from /opt/airflow/dags/ml_pipeline.py
[2025-10-01 17:42:22,429] {logging_mixin.py:115} INFO - [2025-10-01 17:42:22,429] {dag.py:2379} INFO - Sync 1 DAGs
[2025-10-01 17:42:22,436] {logging_mixin.py:115} INFO - [2025-10-01 17:42:22,436] {dag.py:2931} INFO - Setting next_dagrun for ml_pipeline to None, run_after=None
[2025-10-01 17:42:22,439] {processor.py:161} INFO - Processing /opt/airflow/dags/ml_pipeline.py took 0.023 seconds
[2025-10-01 17:42:52,976] {processor.py:153} INFO - Started process (PID=2688) to work on /opt/airflow/dags/ml_pipeline.py
[2025-10-01 17:42:52,976] {processor.py:641} INFO - Processing file /opt/airflow/dags/ml_pipeline.py for tasks to queue
[2025-10-01 17:42:52,976] {logging_mixin.py:115} INFO - [2025-10-01 17:42:52,976] {dagbag.py:507} INFO - Filling up the DagBag from /opt/airflow/dags/ml_pipeline.py
[2025-10-01 17:42:52,979] {processor.py:651} INFO - DAG(s) dict_keys(['ml_pipeline']) retrieved from /opt/airflow/dags/ml_pipeline.py
[2025-10-01 17:42:52,988] {logging_mixin.py:115} INFO - [2025-10-01 17:42:52,988] {dag.py:2379} INFO - Sync 1 DAGs
[2025-10-01 17:42:52,995] {logging_mixin.py:115} INFO - [2025-10-01 17:42:52,995] {dag.py:2931} INFO - Setting next_dagrun for ml_pipeline to None, run_after=None
[2025-10-01 17:42:52,999] {processor.py:161} INFO - Processing /opt/airflow/dags/ml_pipeline.py took 0.024 seconds
[2025-10-01 17:58:43,812] {processor.py:153} INFO - Started process (PID=3079) to work on /opt/airflow/dags/ml_pipeline.py
[2025-10-01 17:58:43,812] {processor.py:641} INFO - Processing file /opt/airflow/dags/ml_pipeline.py for tasks to queue
[2025-10-01 17:58:43,813] {logging_mixin.py:115} INFO - [2025-10-01 17:58:43,813] {dagbag.py:507} INFO - Filling up the DagBag from /opt/airflow/dags/ml_pipeline.py
[2025-10-01 17:58:43,819] {processor.py:651} INFO - DAG(s) dict_keys(['ml_pipeline']) retrieved from /opt/airflow/dags/ml_pipeline.py
[2025-10-01 17:58:43,844] {logging_mixin.py:115} INFO - [2025-10-01 17:58:43,844] {dag.py:2379} INFO - Sync 1 DAGs
[2025-10-01 17:58:43,851] {logging_mixin.py:115} INFO - [2025-10-01 17:58:43,851] {dag.py:2931} INFO - Setting next_dagrun for ml_pipeline to None, run_after=None
[2025-10-01 17:58:43,860] {processor.py:161} INFO - Processing /opt/airflow/dags/ml_pipeline.py took 0.049 seconds
[2025-10-01 17:59:14,520] {processor.py:153} INFO - Started process (PID=3106) to work on /opt/airflow/dags/ml_pipeline.py
[2025-10-01 17:59:14,523] {processor.py:641} INFO - Processing file /opt/airflow/dags/ml_pipeline.py for tasks to queue
[2025-10-01 17:59:14,524] {logging_mixin.py:115} INFO - [2025-10-01 17:59:14,524] {dagbag.py:507} INFO - Filling up the DagBag from /opt/airflow/dags/ml_pipeline.py
[2025-10-01 17:59:14,531] {processor.py:651} INFO - DAG(s) dict_keys(['ml_pipeline']) retrieved from /opt/airflow/dags/ml_pipeline.py
[2025-10-01 17:59:14,544] {logging_mixin.py:115} INFO - [2025-10-01 17:59:14,544] {dag.py:2379} INFO - Sync 1 DAGs
[2025-10-01 17:59:14,553] {logging_mixin.py:115} INFO - [2025-10-01 17:59:14,553] {dag.py:2931} INFO - Setting next_dagrun for ml_pipeline to None, run_after=None
[2025-10-01 17:59:14,557] {processor.py:161} INFO - Processing /opt/airflow/dags/ml_pipeline.py took 0.039 seconds
[2025-10-01 17:59:44,764] {processor.py:153} INFO - Started process (PID=3125) to work on /opt/airflow/dags/ml_pipeline.py
[2025-10-01 17:59:44,764] {processor.py:641} INFO - Processing file /opt/airflow/dags/ml_pipeline.py for tasks to queue
[2025-10-01 17:59:44,765] {logging_mixin.py:115} INFO - [2025-10-01 17:59:44,765] {dagbag.py:507} INFO - Filling up the DagBag from /opt/airflow/dags/ml_pipeline.py
[2025-10-01 17:59:44,773] {processor.py:651} INFO - DAG(s) dict_keys(['ml_pipeline']) retrieved from /opt/airflow/dags/ml_pipeline.py
[2025-10-01 17:59:44,792] {logging_mixin.py:115} INFO - [2025-10-01 17:59:44,792] {dag.py:2379} INFO - Sync 1 DAGs
[2025-10-01 17:59:44,802] {logging_mixin.py:115} INFO - [2025-10-01 17:59:44,802] {dag.py:2931} INFO - Setting next_dagrun for ml_pipeline to None, run_after=None
[2025-10-01 17:59:44,806] {processor.py:161} INFO - Processing /opt/airflow/dags/ml_pipeline.py took 0.046 seconds
[2025-10-01 18:00:15,348] {processor.py:153} INFO - Started process (PID=3149) to work on /opt/airflow/dags/ml_pipeline.py
[2025-10-01 18:00:15,348] {processor.py:641} INFO - Processing file /opt/airflow/dags/ml_pipeline.py for tasks to queue
[2025-10-01 18:00:15,349] {logging_mixin.py:115} INFO - [2025-10-01 18:00:15,349] {dagbag.py:507} INFO - Filling up the DagBag from /opt/airflow/dags/ml_pipeline.py
[2025-10-01 18:00:15,356] {processor.py:651} INFO - DAG(s) dict_keys(['ml_pipeline']) retrieved from /opt/airflow/dags/ml_pipeline.py
[2025-10-01 18:00:15,375] {logging_mixin.py:115} INFO - [2025-10-01 18:00:15,375] {dag.py:2379} INFO - Sync 1 DAGs
[2025-10-01 18:00:15,384] {logging_mixin.py:115} INFO - [2025-10-01 18:00:15,384] {dag.py:2931} INFO - Setting next_dagrun for ml_pipeline to None, run_after=None
[2025-10-01 18:00:15,388] {processor.py:161} INFO - Processing /opt/airflow/dags/ml_pipeline.py took 0.044 seconds
[2025-10-01 18:00:45,919] {processor.py:153} INFO - Started process (PID=3171) to work on /opt/airflow/dags/ml_pipeline.py
[2025-10-01 18:00:45,919] {processor.py:641} INFO - Processing file /opt/airflow/dags/ml_pipeline.py for tasks to queue
[2025-10-01 18:00:45,920] {logging_mixin.py:115} INFO - [2025-10-01 18:00:45,920] {dagbag.py:507} INFO - Filling up the DagBag from /opt/airflow/dags/ml_pipeline.py
[2025-10-01 18:00:45,928] {processor.py:651} INFO - DAG(s) dict_keys(['ml_pipeline']) retrieved from /opt/airflow/dags/ml_pipeline.py
[2025-10-01 18:00:45,948] {logging_mixin.py:115} INFO - [2025-10-01 18:00:45,948] {dag.py:2379} INFO - Sync 1 DAGs
[2025-10-01 18:00:45,958] {logging_mixin.py:115} INFO - [2025-10-01 18:00:45,958] {dag.py:2931} INFO - Setting next_dagrun for ml_pipeline to None, run_after=None
[2025-10-01 18:00:45,961] {processor.py:161} INFO - Processing /opt/airflow/dags/ml_pipeline.py took 0.047 seconds
[2025-10-01 18:01:16,466] {processor.py:153} INFO - Started process (PID=3193) to work on /opt/airflow/dags/ml_pipeline.py
[2025-10-01 18:01:16,467] {processor.py:641} INFO - Processing file /opt/airflow/dags/ml_pipeline.py for tasks to queue
[2025-10-01 18:01:16,467] {logging_mixin.py:115} INFO - [2025-10-01 18:01:16,467] {dagbag.py:507} INFO - Filling up the DagBag from /opt/airflow/dags/ml_pipeline.py
[2025-10-01 18:01:16,473] {processor.py:651} INFO - DAG(s) dict_keys(['ml_pipeline']) retrieved from /opt/airflow/dags/ml_pipeline.py
[2025-10-01 18:01:16,490] {logging_mixin.py:115} INFO - [2025-10-01 18:01:16,490] {dag.py:2379} INFO - Sync 1 DAGs
[2025-10-01 18:01:16,500] {logging_mixin.py:115} INFO - [2025-10-01 18:01:16,500] {dag.py:2931} INFO - Setting next_dagrun for ml_pipeline to None, run_after=None
[2025-10-01 18:01:16,504] {processor.py:161} INFO - Processing /opt/airflow/dags/ml_pipeline.py took 0.041 seconds
[2025-10-01 18:01:47,179] {processor.py:153} INFO - Started process (PID=3216) to work on /opt/airflow/dags/ml_pipeline.py
[2025-10-01 18:01:47,180] {processor.py:641} INFO - Processing file /opt/airflow/dags/ml_pipeline.py for tasks to queue
[2025-10-01 18:01:47,180] {logging_mixin.py:115} INFO - [2025-10-01 18:01:47,180] {dagbag.py:507} INFO - Filling up the DagBag from /opt/airflow/dags/ml_pipeline.py
[2025-10-01 18:01:47,184] {processor.py:651} INFO - DAG(s) dict_keys(['ml_pipeline']) retrieved from /opt/airflow/dags/ml_pipeline.py
[2025-10-01 18:01:47,196] {logging_mixin.py:115} INFO - [2025-10-01 18:01:47,196] {dag.py:2379} INFO - Sync 1 DAGs
[2025-10-01 18:01:47,205] {logging_mixin.py:115} INFO - [2025-10-01 18:01:47,205] {dag.py:2931} INFO - Setting next_dagrun for ml_pipeline to None, run_after=None
[2025-10-01 18:01:47,210] {processor.py:161} INFO - Processing /opt/airflow/dags/ml_pipeline.py took 0.033 seconds
[2025-10-01 18:02:17,755] {processor.py:153} INFO - Started process (PID=3239) to work on /opt/airflow/dags/ml_pipeline.py
[2025-10-01 18:02:17,755] {processor.py:641} INFO - Processing file /opt/airflow/dags/ml_pipeline.py for tasks to queue
[2025-10-01 18:02:17,755] {logging_mixin.py:115} INFO - [2025-10-01 18:02:17,755] {dagbag.py:507} INFO - Filling up the DagBag from /opt/airflow/dags/ml_pipeline.py
[2025-10-01 18:02:17,759] {processor.py:651} INFO - DAG(s) dict_keys(['ml_pipeline']) retrieved from /opt/airflow/dags/ml_pipeline.py
[2025-10-01 18:02:17,771] {logging_mixin.py:115} INFO - [2025-10-01 18:02:17,771] {dag.py:2379} INFO - Sync 1 DAGs
[2025-10-01 18:02:17,779] {logging_mixin.py:115} INFO - [2025-10-01 18:02:17,778] {dag.py:2931} INFO - Setting next_dagrun for ml_pipeline to None, run_after=None
[2025-10-01 18:02:17,782] {processor.py:161} INFO - Processing /opt/airflow/dags/ml_pipeline.py took 0.029 seconds
[2025-10-01 18:02:48,383] {processor.py:153} INFO - Started process (PID=3261) to work on /opt/airflow/dags/ml_pipeline.py
[2025-10-01 18:02:48,384] {processor.py:641} INFO - Processing file /opt/airflow/dags/ml_pipeline.py for tasks to queue
[2025-10-01 18:02:48,384] {logging_mixin.py:115} INFO - [2025-10-01 18:02:48,384] {dagbag.py:507} INFO - Filling up the DagBag from /opt/airflow/dags/ml_pipeline.py
[2025-10-01 18:02:48,393] {processor.py:651} INFO - DAG(s) dict_keys(['ml_pipeline']) retrieved from /opt/airflow/dags/ml_pipeline.py
[2025-10-01 18:02:48,414] {logging_mixin.py:115} INFO - [2025-10-01 18:02:48,414] {dag.py:2379} INFO - Sync 1 DAGs
[2025-10-01 18:02:48,424] {logging_mixin.py:115} INFO - [2025-10-01 18:02:48,424] {dag.py:2931} INFO - Setting next_dagrun for ml_pipeline to None, run_after=None
[2025-10-01 18:02:48,428] {processor.py:161} INFO - Processing /opt/airflow/dags/ml_pipeline.py took 0.050 seconds
[2025-10-01 18:03:18,989] {processor.py:153} INFO - Started process (PID=3283) to work on /opt/airflow/dags/ml_pipeline.py
[2025-10-01 18:03:18,990] {processor.py:641} INFO - Processing file /opt/airflow/dags/ml_pipeline.py for tasks to queue
[2025-10-01 18:03:18,990] {logging_mixin.py:115} INFO - [2025-10-01 18:03:18,990] {dagbag.py:507} INFO - Filling up the DagBag from /opt/airflow/dags/ml_pipeline.py
[2025-10-01 18:03:18,997] {processor.py:651} INFO - DAG(s) dict_keys(['ml_pipeline']) retrieved from /opt/airflow/dags/ml_pipeline.py
[2025-10-01 18:03:19,016] {logging_mixin.py:115} INFO - [2025-10-01 18:03:19,016] {dag.py:2379} INFO - Sync 1 DAGs
[2025-10-01 18:03:19,026] {logging_mixin.py:115} INFO - [2025-10-01 18:03:19,026] {dag.py:2931} INFO - Setting next_dagrun for ml_pipeline to None, run_after=None
[2025-10-01 18:03:19,029] {processor.py:161} INFO - Processing /opt/airflow/dags/ml_pipeline.py took 0.044 seconds
[2025-10-01 18:03:49,581] {processor.py:153} INFO - Started process (PID=3308) to work on /opt/airflow/dags/ml_pipeline.py
[2025-10-01 18:03:49,582] {processor.py:641} INFO - Processing file /opt/airflow/dags/ml_pipeline.py for tasks to queue
[2025-10-01 18:03:49,582] {logging_mixin.py:115} INFO - [2025-10-01 18:03:49,582] {dagbag.py:507} INFO - Filling up the DagBag from /opt/airflow/dags/ml_pipeline.py
[2025-10-01 18:03:49,588] {processor.py:651} INFO - DAG(s) dict_keys(['ml_pipeline']) retrieved from /opt/airflow/dags/ml_pipeline.py
[2025-10-01 18:03:49,604] {logging_mixin.py:115} INFO - [2025-10-01 18:03:49,604] {dag.py:2379} INFO - Sync 1 DAGs
[2025-10-01 18:03:49,613] {logging_mixin.py:115} INFO - [2025-10-01 18:03:49,613] {dag.py:2931} INFO - Setting next_dagrun for ml_pipeline to None, run_after=None
[2025-10-01 18:03:49,617] {processor.py:161} INFO - Processing /opt/airflow/dags/ml_pipeline.py took 0.038 seconds
[2025-10-01 18:04:20,214] {processor.py:153} INFO - Started process (PID=3330) to work on /opt/airflow/dags/ml_pipeline.py
[2025-10-01 18:04:20,215] {processor.py:641} INFO - Processing file /opt/airflow/dags/ml_pipeline.py for tasks to queue
[2025-10-01 18:04:20,215] {logging_mixin.py:115} INFO - [2025-10-01 18:04:20,215] {dagbag.py:507} INFO - Filling up the DagBag from /opt/airflow/dags/ml_pipeline.py
[2025-10-01 18:04:20,222] {processor.py:651} INFO - DAG(s) dict_keys(['ml_pipeline']) retrieved from /opt/airflow/dags/ml_pipeline.py
[2025-10-01 18:04:20,239] {logging_mixin.py:115} INFO - [2025-10-01 18:04:20,239] {dag.py:2379} INFO - Sync 1 DAGs
[2025-10-01 18:04:20,248] {logging_mixin.py:115} INFO - [2025-10-01 18:04:20,248] {dag.py:2931} INFO - Setting next_dagrun for ml_pipeline to None, run_after=None
[2025-10-01 18:04:20,252] {processor.py:161} INFO - Processing /opt/airflow/dags/ml_pipeline.py took 0.041 seconds
[2025-10-01 18:04:50,809] {processor.py:153} INFO - Started process (PID=3352) to work on /opt/airflow/dags/ml_pipeline.py
[2025-10-01 18:04:50,810] {processor.py:641} INFO - Processing file /opt/airflow/dags/ml_pipeline.py for tasks to queue
[2025-10-01 18:04:50,810] {logging_mixin.py:115} INFO - [2025-10-01 18:04:50,810] {dagbag.py:507} INFO - Filling up the DagBag from /opt/airflow/dags/ml_pipeline.py
[2025-10-01 18:04:50,817] {processor.py:651} INFO - DAG(s) dict_keys(['ml_pipeline']) retrieved from /opt/airflow/dags/ml_pipeline.py
[2025-10-01 18:04:50,836] {logging_mixin.py:115} INFO - [2025-10-01 18:04:50,835] {dag.py:2379} INFO - Sync 1 DAGs
[2025-10-01 18:04:50,846] {logging_mixin.py:115} INFO - [2025-10-01 18:04:50,846] {dag.py:2931} INFO - Setting next_dagrun for ml_pipeline to None, run_after=None
[2025-10-01 18:04:50,850] {processor.py:161} INFO - Processing /opt/airflow/dags/ml_pipeline.py took 0.044 seconds
[2025-10-01 18:05:21,426] {processor.py:153} INFO - Started process (PID=3380) to work on /opt/airflow/dags/ml_pipeline.py
[2025-10-01 18:05:21,426] {processor.py:641} INFO - Processing file /opt/airflow/dags/ml_pipeline.py for tasks to queue
[2025-10-01 18:05:21,427] {logging_mixin.py:115} INFO - [2025-10-01 18:05:21,427] {dagbag.py:507} INFO - Filling up the DagBag from /opt/airflow/dags/ml_pipeline.py
[2025-10-01 18:05:21,433] {processor.py:651} INFO - DAG(s) dict_keys(['ml_pipeline']) retrieved from /opt/airflow/dags/ml_pipeline.py
[2025-10-01 18:05:21,453] {logging_mixin.py:115} INFO - [2025-10-01 18:05:21,453] {dag.py:2379} INFO - Sync 1 DAGs
[2025-10-01 18:05:21,462] {logging_mixin.py:115} INFO - [2025-10-01 18:05:21,462] {dag.py:2931} INFO - Setting next_dagrun for ml_pipeline to None, run_after=None
[2025-10-01 18:05:21,465] {processor.py:161} INFO - Processing /opt/airflow/dags/ml_pipeline.py took 0.043 seconds
[2025-10-01 18:05:52,005] {processor.py:153} INFO - Started process (PID=3410) to work on /opt/airflow/dags/ml_pipeline.py
[2025-10-01 18:05:52,006] {processor.py:641} INFO - Processing file /opt/airflow/dags/ml_pipeline.py for tasks to queue
[2025-10-01 18:05:52,006] {logging_mixin.py:115} INFO - [2025-10-01 18:05:52,006] {dagbag.py:507} INFO - Filling up the DagBag from /opt/airflow/dags/ml_pipeline.py
[2025-10-01 18:05:52,012] {processor.py:651} INFO - DAG(s) dict_keys(['ml_pipeline']) retrieved from /opt/airflow/dags/ml_pipeline.py
[2025-10-01 18:05:52,031] {logging_mixin.py:115} INFO - [2025-10-01 18:05:52,031] {dag.py:2379} INFO - Sync 1 DAGs
[2025-10-01 18:05:52,042] {logging_mixin.py:115} INFO - [2025-10-01 18:05:52,042] {dag.py:2931} INFO - Setting next_dagrun for ml_pipeline to None, run_after=None
[2025-10-01 18:05:52,046] {processor.py:161} INFO - Processing /opt/airflow/dags/ml_pipeline.py took 0.045 seconds
[2025-10-01 18:06:22,640] {processor.py:153} INFO - Started process (PID=3434) to work on /opt/airflow/dags/ml_pipeline.py
[2025-10-01 18:06:22,641] {processor.py:641} INFO - Processing file /opt/airflow/dags/ml_pipeline.py for tasks to queue
[2025-10-01 18:06:22,641] {logging_mixin.py:115} INFO - [2025-10-01 18:06:22,641] {dagbag.py:507} INFO - Filling up the DagBag from /opt/airflow/dags/ml_pipeline.py
[2025-10-01 18:06:22,647] {processor.py:651} INFO - DAG(s) dict_keys(['ml_pipeline']) retrieved from /opt/airflow/dags/ml_pipeline.py
[2025-10-01 18:06:22,664] {logging_mixin.py:115} INFO - [2025-10-01 18:06:22,664] {dag.py:2379} INFO - Sync 1 DAGs
[2025-10-01 18:06:22,673] {logging_mixin.py:115} INFO - [2025-10-01 18:06:22,673] {dag.py:2931} INFO - Setting next_dagrun for ml_pipeline to None, run_after=None
[2025-10-01 18:06:22,677] {processor.py:161} INFO - Processing /opt/airflow/dags/ml_pipeline.py took 0.040 seconds
[2025-10-01 18:06:53,233] {processor.py:153} INFO - Started process (PID=3456) to work on /opt/airflow/dags/ml_pipeline.py
[2025-10-01 18:06:53,233] {processor.py:641} INFO - Processing file /opt/airflow/dags/ml_pipeline.py for tasks to queue
[2025-10-01 18:06:53,234] {logging_mixin.py:115} INFO - [2025-10-01 18:06:53,234] {dagbag.py:507} INFO - Filling up the DagBag from /opt/airflow/dags/ml_pipeline.py
[2025-10-01 18:06:53,240] {processor.py:651} INFO - DAG(s) dict_keys(['ml_pipeline']) retrieved from /opt/airflow/dags/ml_pipeline.py
[2025-10-01 18:06:53,256] {logging_mixin.py:115} INFO - [2025-10-01 18:06:53,256] {dag.py:2379} INFO - Sync 1 DAGs
[2025-10-01 18:06:53,265] {logging_mixin.py:115} INFO - [2025-10-01 18:06:53,265] {dag.py:2931} INFO - Setting next_dagrun for ml_pipeline to None, run_after=None
[2025-10-01 18:06:53,269] {processor.py:161} INFO - Processing /opt/airflow/dags/ml_pipeline.py took 0.039 seconds
[2025-10-01 18:07:23,873] {processor.py:153} INFO - Started process (PID=3478) to work on /opt/airflow/dags/ml_pipeline.py
[2025-10-01 18:07:23,873] {processor.py:641} INFO - Processing file /opt/airflow/dags/ml_pipeline.py for tasks to queue
[2025-10-01 18:07:23,873] {logging_mixin.py:115} INFO - [2025-10-01 18:07:23,873] {dagbag.py:507} INFO - Filling up the DagBag from /opt/airflow/dags/ml_pipeline.py
[2025-10-01 18:07:23,879] {processor.py:651} INFO - DAG(s) dict_keys(['ml_pipeline']) retrieved from /opt/airflow/dags/ml_pipeline.py
[2025-10-01 18:07:23,896] {logging_mixin.py:115} INFO - [2025-10-01 18:07:23,896] {dag.py:2379} INFO - Sync 1 DAGs
[2025-10-01 18:07:23,905] {logging_mixin.py:115} INFO - [2025-10-01 18:07:23,904] {dag.py:2931} INFO - Setting next_dagrun for ml_pipeline to None, run_after=None
[2025-10-01 18:07:23,908] {processor.py:161} INFO - Processing /opt/airflow/dags/ml_pipeline.py took 0.038 seconds
[2025-10-01 18:07:54,456] {processor.py:153} INFO - Started process (PID=3500) to work on /opt/airflow/dags/ml_pipeline.py
[2025-10-01 18:07:54,457] {processor.py:641} INFO - Processing file /opt/airflow/dags/ml_pipeline.py for tasks to queue
[2025-10-01 18:07:54,458] {logging_mixin.py:115} INFO - [2025-10-01 18:07:54,458] {dagbag.py:507} INFO - Filling up the DagBag from /opt/airflow/dags/ml_pipeline.py
[2025-10-01 18:07:54,467] {processor.py:651} INFO - DAG(s) dict_keys(['ml_pipeline']) retrieved from /opt/airflow/dags/ml_pipeline.py
[2025-10-01 18:07:54,487] {logging_mixin.py:115} INFO - [2025-10-01 18:07:54,487] {dag.py:2379} INFO - Sync 1 DAGs
[2025-10-01 18:07:54,497] {logging_mixin.py:115} INFO - [2025-10-01 18:07:54,497] {dag.py:2931} INFO - Setting next_dagrun for ml_pipeline to None, run_after=None
[2025-10-01 18:07:54,501] {processor.py:161} INFO - Processing /opt/airflow/dags/ml_pipeline.py took 0.049 seconds
[2025-10-01 18:08:25,044] {processor.py:153} INFO - Started process (PID=3522) to work on /opt/airflow/dags/ml_pipeline.py
[2025-10-01 18:08:25,044] {processor.py:641} INFO - Processing file /opt/airflow/dags/ml_pipeline.py for tasks to queue
[2025-10-01 18:08:25,045] {logging_mixin.py:115} INFO - [2025-10-01 18:08:25,045] {dagbag.py:507} INFO - Filling up the DagBag from /opt/airflow/dags/ml_pipeline.py
[2025-10-01 18:08:25,055] {processor.py:651} INFO - DAG(s) dict_keys(['ml_pipeline']) retrieved from /opt/airflow/dags/ml_pipeline.py
[2025-10-01 18:08:25,084] {logging_mixin.py:115} INFO - [2025-10-01 18:08:25,084] {dag.py:2379} INFO - Sync 1 DAGs
[2025-10-01 18:08:25,098] {logging_mixin.py:115} INFO - [2025-10-01 18:08:25,098] {dag.py:2931} INFO - Setting next_dagrun for ml_pipeline to None, run_after=None
[2025-10-01 18:08:25,102] {processor.py:161} INFO - Processing /opt/airflow/dags/ml_pipeline.py took 0.063 seconds
[2025-10-01 18:08:55,606] {processor.py:153} INFO - Started process (PID=3544) to work on /opt/airflow/dags/ml_pipeline.py
[2025-10-01 18:08:55,606] {processor.py:641} INFO - Processing file /opt/airflow/dags/ml_pipeline.py for tasks to queue
[2025-10-01 18:08:55,607] {logging_mixin.py:115} INFO - [2025-10-01 18:08:55,607] {dagbag.py:507} INFO - Filling up the DagBag from /opt/airflow/dags/ml_pipeline.py
[2025-10-01 18:08:55,612] {processor.py:651} INFO - DAG(s) dict_keys(['ml_pipeline']) retrieved from /opt/airflow/dags/ml_pipeline.py
[2025-10-01 18:08:55,634] {logging_mixin.py:115} INFO - [2025-10-01 18:08:55,634] {dag.py:2379} INFO - Sync 1 DAGs
[2025-10-01 18:08:55,647] {logging_mixin.py:115} INFO - [2025-10-01 18:08:55,647] {dag.py:2931} INFO - Setting next_dagrun for ml_pipeline to None, run_after=None
[2025-10-01 18:08:55,651] {processor.py:161} INFO - Processing /opt/airflow/dags/ml_pipeline.py took 0.048 seconds
[2025-10-01 18:09:25,851] {processor.py:153} INFO - Started process (PID=3566) to work on /opt/airflow/dags/ml_pipeline.py
[2025-10-01 18:09:25,852] {processor.py:641} INFO - Processing file /opt/airflow/dags/ml_pipeline.py for tasks to queue
[2025-10-01 18:09:25,852] {logging_mixin.py:115} INFO - [2025-10-01 18:09:25,852] {dagbag.py:507} INFO - Filling up the DagBag from /opt/airflow/dags/ml_pipeline.py
[2025-10-01 18:09:25,862] {processor.py:651} INFO - DAG(s) dict_keys(['ml_pipeline']) retrieved from /opt/airflow/dags/ml_pipeline.py
[2025-10-01 18:09:25,892] {logging_mixin.py:115} INFO - [2025-10-01 18:09:25,892] {dag.py:2379} INFO - Sync 1 DAGs
[2025-10-01 18:09:25,911] {logging_mixin.py:115} INFO - [2025-10-01 18:09:25,911] {dag.py:2931} INFO - Setting next_dagrun for ml_pipeline to None, run_after=None
[2025-10-01 18:09:25,918] {processor.py:161} INFO - Processing /opt/airflow/dags/ml_pipeline.py took 0.070 seconds
[2025-10-01 18:09:55,952] {processor.py:153} INFO - Started process (PID=3588) to work on /opt/airflow/dags/ml_pipeline.py
[2025-10-01 18:09:55,953] {processor.py:641} INFO - Processing file /opt/airflow/dags/ml_pipeline.py for tasks to queue
[2025-10-01 18:09:55,953] {logging_mixin.py:115} INFO - [2025-10-01 18:09:55,953] {dagbag.py:507} INFO - Filling up the DagBag from /opt/airflow/dags/ml_pipeline.py
[2025-10-01 18:09:55,958] {processor.py:651} INFO - DAG(s) dict_keys(['ml_pipeline']) retrieved from /opt/airflow/dags/ml_pipeline.py
[2025-10-01 18:09:55,979] {logging_mixin.py:115} INFO - [2025-10-01 18:09:55,979] {dag.py:2379} INFO - Sync 1 DAGs
[2025-10-01 18:09:55,988] {logging_mixin.py:115} INFO - [2025-10-01 18:09:55,988] {dag.py:2931} INFO - Setting next_dagrun for ml_pipeline to None, run_after=None
[2025-10-01 18:09:55,992] {processor.py:161} INFO - Processing /opt/airflow/dags/ml_pipeline.py took 0.042 seconds
[2025-10-01 18:10:55,303] {processor.py:153} INFO - Started process (PID=181) to work on /opt/airflow/dags/ml_pipeline.py
[2025-10-01 18:10:55,305] {processor.py:641} INFO - Processing file /opt/airflow/dags/ml_pipeline.py for tasks to queue
[2025-10-01 18:10:55,305] {logging_mixin.py:115} INFO - [2025-10-01 18:10:55,305] {dagbag.py:507} INFO - Filling up the DagBag from /opt/airflow/dags/ml_pipeline.py
[2025-10-01 18:10:55,312] {processor.py:651} INFO - DAG(s) dict_keys(['ml_pipeline']) retrieved from /opt/airflow/dags/ml_pipeline.py
[2025-10-01 18:10:55,329] {logging_mixin.py:115} INFO - [2025-10-01 18:10:55,328] {dag.py:2379} INFO - Sync 1 DAGs
[2025-10-01 18:10:55,343] {logging_mixin.py:115} INFO - [2025-10-01 18:10:55,343] {dag.py:2931} INFO - Setting next_dagrun for ml_pipeline to None, run_after=None
[2025-10-01 18:10:55,347] {processor.py:161} INFO - Processing /opt/airflow/dags/ml_pipeline.py took 0.045 seconds
[2025-10-01 18:11:25,579] {processor.py:153} INFO - Started process (PID=198) to work on /opt/airflow/dags/ml_pipeline.py
[2025-10-01 18:11:25,580] {processor.py:641} INFO - Processing file /opt/airflow/dags/ml_pipeline.py for tasks to queue
[2025-10-01 18:11:25,580] {logging_mixin.py:115} INFO - [2025-10-01 18:11:25,580] {dagbag.py:507} INFO - Filling up the DagBag from /opt/airflow/dags/ml_pipeline.py
[2025-10-01 18:11:25,591] {processor.py:651} INFO - DAG(s) dict_keys(['ml_pipeline']) retrieved from /opt/airflow/dags/ml_pipeline.py
[2025-10-01 18:11:25,620] {logging_mixin.py:115} INFO - [2025-10-01 18:11:25,620] {dag.py:2379} INFO - Sync 1 DAGs
[2025-10-01 18:11:25,632] {logging_mixin.py:115} INFO - [2025-10-01 18:11:25,632] {dag.py:2931} INFO - Setting next_dagrun for ml_pipeline to None, run_after=None
[2025-10-01 18:11:25,636] {processor.py:161} INFO - Processing /opt/airflow/dags/ml_pipeline.py took 0.060 seconds
[2025-10-01 18:11:56,376] {processor.py:153} INFO - Started process (PID=222) to work on /opt/airflow/dags/ml_pipeline.py
[2025-10-01 18:11:56,379] {processor.py:641} INFO - Processing file /opt/airflow/dags/ml_pipeline.py for tasks to queue
[2025-10-01 18:11:56,382] {logging_mixin.py:115} INFO - [2025-10-01 18:11:56,381] {dagbag.py:507} INFO - Filling up the DagBag from /opt/airflow/dags/ml_pipeline.py
[2025-10-01 18:11:56,403] {processor.py:651} INFO - DAG(s) dict_keys(['ml_pipeline']) retrieved from /opt/airflow/dags/ml_pipeline.py
[2025-10-01 18:11:56,437] {logging_mixin.py:115} INFO - [2025-10-01 18:11:56,437] {dag.py:2379} INFO - Sync 1 DAGs
[2025-10-01 18:11:56,453] {logging_mixin.py:115} INFO - [2025-10-01 18:11:56,453] {dag.py:2931} INFO - Setting next_dagrun for ml_pipeline to None, run_after=None
[2025-10-01 18:11:56,460] {processor.py:161} INFO - Processing /opt/airflow/dags/ml_pipeline.py took 0.090 seconds
[2025-10-01 18:12:26,596] {processor.py:153} INFO - Started process (PID=242) to work on /opt/airflow/dags/ml_pipeline.py
[2025-10-01 18:12:26,597] {processor.py:641} INFO - Processing file /opt/airflow/dags/ml_pipeline.py for tasks to queue
[2025-10-01 18:12:26,597] {logging_mixin.py:115} INFO - [2025-10-01 18:12:26,597] {dagbag.py:507} INFO - Filling up the DagBag from /opt/airflow/dags/ml_pipeline.py
[2025-10-01 18:12:26,611] {processor.py:651} INFO - DAG(s) dict_keys(['ml_pipeline']) retrieved from /opt/airflow/dags/ml_pipeline.py
[2025-10-01 18:12:26,657] {logging_mixin.py:115} INFO - [2025-10-01 18:12:26,657] {dag.py:2379} INFO - Sync 1 DAGs
[2025-10-01 18:12:26,674] {logging_mixin.py:115} INFO - [2025-10-01 18:12:26,674] {dag.py:2931} INFO - Setting next_dagrun for ml_pipeline to None, run_after=None
[2025-10-01 18:12:26,682] {processor.py:161} INFO - Processing /opt/airflow/dags/ml_pipeline.py took 0.092 seconds
[2025-10-01 18:12:57,379] {processor.py:153} INFO - Started process (PID=267) to work on /opt/airflow/dags/ml_pipeline.py
[2025-10-01 18:12:57,380] {processor.py:641} INFO - Processing file /opt/airflow/dags/ml_pipeline.py for tasks to queue
[2025-10-01 18:12:57,380] {logging_mixin.py:115} INFO - [2025-10-01 18:12:57,380] {dagbag.py:507} INFO - Filling up the DagBag from /opt/airflow/dags/ml_pipeline.py
[2025-10-01 18:12:57,385] {processor.py:651} INFO - DAG(s) dict_keys(['ml_pipeline']) retrieved from /opt/airflow/dags/ml_pipeline.py
[2025-10-01 18:12:57,401] {logging_mixin.py:115} INFO - [2025-10-01 18:12:57,401] {dag.py:2379} INFO - Sync 1 DAGs
[2025-10-01 18:12:57,411] {logging_mixin.py:115} INFO - [2025-10-01 18:12:57,411] {dag.py:2931} INFO - Setting next_dagrun for ml_pipeline to None, run_after=None
[2025-10-01 18:12:57,415] {processor.py:161} INFO - Processing /opt/airflow/dags/ml_pipeline.py took 0.038 seconds
[2025-10-01 18:13:27,980] {processor.py:153} INFO - Started process (PID=289) to work on /opt/airflow/dags/ml_pipeline.py
[2025-10-01 18:13:27,983] {processor.py:641} INFO - Processing file /opt/airflow/dags/ml_pipeline.py for tasks to queue
[2025-10-01 18:13:27,984] {logging_mixin.py:115} INFO - [2025-10-01 18:13:27,984] {dagbag.py:507} INFO - Filling up the DagBag from /opt/airflow/dags/ml_pipeline.py
[2025-10-01 18:13:27,995] {processor.py:651} INFO - DAG(s) dict_keys(['ml_pipeline']) retrieved from /opt/airflow/dags/ml_pipeline.py
[2025-10-01 18:13:28,010] {logging_mixin.py:115} INFO - [2025-10-01 18:13:28,010] {dag.py:2379} INFO - Sync 1 DAGs
[2025-10-01 18:13:28,019] {logging_mixin.py:115} INFO - [2025-10-01 18:13:28,019] {dag.py:2931} INFO - Setting next_dagrun for ml_pipeline to None, run_after=None
[2025-10-01 18:13:28,023] {processor.py:161} INFO - Processing /opt/airflow/dags/ml_pipeline.py took 0.047 seconds
[2025-10-01 18:13:58,604] {processor.py:153} INFO - Started process (PID=311) to work on /opt/airflow/dags/ml_pipeline.py
[2025-10-01 18:13:58,605] {processor.py:641} INFO - Processing file /opt/airflow/dags/ml_pipeline.py for tasks to queue
[2025-10-01 18:13:58,607] {logging_mixin.py:115} INFO - [2025-10-01 18:13:58,607] {dagbag.py:507} INFO - Filling up the DagBag from /opt/airflow/dags/ml_pipeline.py
[2025-10-01 18:13:58,618] {processor.py:651} INFO - DAG(s) dict_keys(['ml_pipeline']) retrieved from /opt/airflow/dags/ml_pipeline.py
[2025-10-01 18:13:58,642] {logging_mixin.py:115} INFO - [2025-10-01 18:13:58,642] {dag.py:2379} INFO - Sync 1 DAGs
[2025-10-01 18:13:58,656] {logging_mixin.py:115} INFO - [2025-10-01 18:13:58,656] {dag.py:2931} INFO - Setting next_dagrun for ml_pipeline to None, run_after=None
[2025-10-01 18:13:58,661] {processor.py:161} INFO - Processing /opt/airflow/dags/ml_pipeline.py took 0.063 seconds
[2025-10-01 18:14:29,339] {processor.py:153} INFO - Started process (PID=332) to work on /opt/airflow/dags/ml_pipeline.py
[2025-10-01 18:14:29,343] {processor.py:641} INFO - Processing file /opt/airflow/dags/ml_pipeline.py for tasks to queue
[2025-10-01 18:14:29,344] {logging_mixin.py:115} INFO - [2025-10-01 18:14:29,344] {dagbag.py:507} INFO - Filling up the DagBag from /opt/airflow/dags/ml_pipeline.py
[2025-10-01 18:14:29,351] {processor.py:651} INFO - DAG(s) dict_keys(['ml_pipeline']) retrieved from /opt/airflow/dags/ml_pipeline.py
[2025-10-01 18:14:29,373] {logging_mixin.py:115} INFO - [2025-10-01 18:14:29,373] {dag.py:2379} INFO - Sync 1 DAGs
[2025-10-01 18:14:29,385] {logging_mixin.py:115} INFO - [2025-10-01 18:14:29,385] {dag.py:2931} INFO - Setting next_dagrun for ml_pipeline to None, run_after=None
[2025-10-01 18:14:29,390] {processor.py:161} INFO - Processing /opt/airflow/dags/ml_pipeline.py took 0.057 seconds
[2025-10-01 18:14:59,933] {processor.py:153} INFO - Started process (PID=353) to work on /opt/airflow/dags/ml_pipeline.py
[2025-10-01 18:14:59,934] {processor.py:641} INFO - Processing file /opt/airflow/dags/ml_pipeline.py for tasks to queue
[2025-10-01 18:14:59,934] {logging_mixin.py:115} INFO - [2025-10-01 18:14:59,934] {dagbag.py:507} INFO - Filling up the DagBag from /opt/airflow/dags/ml_pipeline.py
[2025-10-01 18:14:59,940] {processor.py:651} INFO - DAG(s) dict_keys(['ml_pipeline']) retrieved from /opt/airflow/dags/ml_pipeline.py
[2025-10-01 18:14:59,967] {logging_mixin.py:115} INFO - [2025-10-01 18:14:59,967] {dag.py:2379} INFO - Sync 1 DAGs
[2025-10-01 18:14:59,980] {logging_mixin.py:115} INFO - [2025-10-01 18:14:59,980] {dag.py:2931} INFO - Setting next_dagrun for ml_pipeline to None, run_after=None
[2025-10-01 18:14:59,985] {processor.py:161} INFO - Processing /opt/airflow/dags/ml_pipeline.py took 0.055 seconds
[2025-10-01 18:15:30,052] {processor.py:153} INFO - Started process (PID=374) to work on /opt/airflow/dags/ml_pipeline.py
[2025-10-01 18:15:30,053] {processor.py:641} INFO - Processing file /opt/airflow/dags/ml_pipeline.py for tasks to queue
[2025-10-01 18:15:30,054] {logging_mixin.py:115} INFO - [2025-10-01 18:15:30,054] {dagbag.py:507} INFO - Filling up the DagBag from /opt/airflow/dags/ml_pipeline.py
[2025-10-01 18:15:30,067] {processor.py:651} INFO - DAG(s) dict_keys(['ml_pipeline']) retrieved from /opt/airflow/dags/ml_pipeline.py
[2025-10-01 18:15:30,116] {logging_mixin.py:115} INFO - [2025-10-01 18:15:30,116] {dag.py:2379} INFO - Sync 1 DAGs
[2025-10-01 18:15:30,144] {logging_mixin.py:115} INFO - [2025-10-01 18:15:30,144] {dag.py:2931} INFO - Setting next_dagrun for ml_pipeline to None, run_after=None
[2025-10-01 18:15:30,155] {processor.py:161} INFO - Processing /opt/airflow/dags/ml_pipeline.py took 0.106 seconds
[2025-10-01 18:16:00,447] {processor.py:153} INFO - Started process (PID=438) to work on /opt/airflow/dags/ml_pipeline.py
[2025-10-01 18:16:00,450] {processor.py:641} INFO - Processing file /opt/airflow/dags/ml_pipeline.py for tasks to queue
[2025-10-01 18:16:00,453] {logging_mixin.py:115} INFO - [2025-10-01 18:16:00,453] {dagbag.py:507} INFO - Filling up the DagBag from /opt/airflow/dags/ml_pipeline.py
[2025-10-01 18:16:00,481] {processor.py:651} INFO - DAG(s) dict_keys(['ml_pipeline']) retrieved from /opt/airflow/dags/ml_pipeline.py
[2025-10-01 18:16:00,558] {logging_mixin.py:115} INFO - [2025-10-01 18:16:00,558] {dag.py:2379} INFO - Sync 1 DAGs
[2025-10-01 18:16:00,618] {logging_mixin.py:115} INFO - [2025-10-01 18:16:00,617] {dag.py:2931} INFO - Setting next_dagrun for ml_pipeline to None, run_after=None
[2025-10-01 18:16:00,635] {processor.py:161} INFO - Processing /opt/airflow/dags/ml_pipeline.py took 0.198 seconds
[2025-10-01 18:16:46,935] {processor.py:153} INFO - Started process (PID=181) to work on /opt/airflow/dags/ml_pipeline.py
[2025-10-01 18:16:46,936] {processor.py:641} INFO - Processing file /opt/airflow/dags/ml_pipeline.py for tasks to queue
[2025-10-01 18:16:46,937] {logging_mixin.py:115} INFO - [2025-10-01 18:16:46,937] {dagbag.py:507} INFO - Filling up the DagBag from /opt/airflow/dags/ml_pipeline.py
[2025-10-01 18:16:46,943] {processor.py:651} INFO - DAG(s) dict_keys(['ml_pipeline']) retrieved from /opt/airflow/dags/ml_pipeline.py
[2025-10-01 18:16:46,956] {logging_mixin.py:115} INFO - [2025-10-01 18:16:46,956] {dag.py:2379} INFO - Sync 1 DAGs
[2025-10-01 18:16:46,965] {logging_mixin.py:115} INFO - [2025-10-01 18:16:46,965] {dag.py:2931} INFO - Setting next_dagrun for ml_pipeline to None, run_after=None
[2025-10-01 18:16:46,968] {processor.py:161} INFO - Processing /opt/airflow/dags/ml_pipeline.py took 0.034 seconds
[2025-10-01 18:17:17,848] {processor.py:153} INFO - Started process (PID=198) to work on /opt/airflow/dags/ml_pipeline.py
[2025-10-01 18:17:17,848] {processor.py:641} INFO - Processing file /opt/airflow/dags/ml_pipeline.py for tasks to queue
[2025-10-01 18:17:17,849] {logging_mixin.py:115} INFO - [2025-10-01 18:17:17,849] {dagbag.py:507} INFO - Filling up the DagBag from /opt/airflow/dags/ml_pipeline.py
[2025-10-01 18:17:17,863] {processor.py:651} INFO - DAG(s) dict_keys(['ml_pipeline']) retrieved from /opt/airflow/dags/ml_pipeline.py
[2025-10-01 18:17:17,894] {logging_mixin.py:115} INFO - [2025-10-01 18:17:17,894] {dag.py:2379} INFO - Sync 1 DAGs
[2025-10-01 18:17:17,917] {logging_mixin.py:115} INFO - [2025-10-01 18:17:17,917] {dag.py:2931} INFO - Setting next_dagrun for ml_pipeline to None, run_after=None
[2025-10-01 18:17:17,927] {processor.py:161} INFO - Processing /opt/airflow/dags/ml_pipeline.py took 0.083 seconds
[2025-10-01 18:17:47,966] {processor.py:153} INFO - Started process (PID=218) to work on /opt/airflow/dags/ml_pipeline.py
[2025-10-01 18:17:47,967] {processor.py:641} INFO - Processing file /opt/airflow/dags/ml_pipeline.py for tasks to queue
[2025-10-01 18:17:47,967] {logging_mixin.py:115} INFO - [2025-10-01 18:17:47,967] {dagbag.py:507} INFO - Filling up the DagBag from /opt/airflow/dags/ml_pipeline.py
[2025-10-01 18:17:47,974] {processor.py:651} INFO - DAG(s) dict_keys(['ml_pipeline']) retrieved from /opt/airflow/dags/ml_pipeline.py
[2025-10-01 18:17:47,996] {logging_mixin.py:115} INFO - [2025-10-01 18:17:47,996] {dag.py:2379} INFO - Sync 1 DAGs
[2025-10-01 18:17:48,005] {logging_mixin.py:115} INFO - [2025-10-01 18:17:48,005] {dag.py:2931} INFO - Setting next_dagrun for ml_pipeline to None, run_after=None
[2025-10-01 18:17:48,010] {processor.py:161} INFO - Processing /opt/airflow/dags/ml_pipeline.py took 0.047 seconds
[2025-10-01 18:18:18,571] {processor.py:153} INFO - Started process (PID=240) to work on /opt/airflow/dags/ml_pipeline.py
[2025-10-01 18:18:18,571] {processor.py:641} INFO - Processing file /opt/airflow/dags/ml_pipeline.py for tasks to queue
[2025-10-01 18:18:18,572] {logging_mixin.py:115} INFO - [2025-10-01 18:18:18,572] {dagbag.py:507} INFO - Filling up the DagBag from /opt/airflow/dags/ml_pipeline.py
[2025-10-01 18:18:18,578] {processor.py:651} INFO - DAG(s) dict_keys(['ml_pipeline']) retrieved from /opt/airflow/dags/ml_pipeline.py
[2025-10-01 18:18:18,602] {logging_mixin.py:115} INFO - [2025-10-01 18:18:18,602] {dag.py:2379} INFO - Sync 1 DAGs
[2025-10-01 18:18:18,612] {logging_mixin.py:115} INFO - [2025-10-01 18:18:18,612] {dag.py:2931} INFO - Setting next_dagrun for ml_pipeline to None, run_after=None
[2025-10-01 18:18:18,616] {processor.py:161} INFO - Processing /opt/airflow/dags/ml_pipeline.py took 0.050 seconds
[2025-10-01 18:18:48,665] {processor.py:153} INFO - Started process (PID=262) to work on /opt/airflow/dags/ml_pipeline.py
[2025-10-01 18:18:48,665] {processor.py:641} INFO - Processing file /opt/airflow/dags/ml_pipeline.py for tasks to queue
[2025-10-01 18:18:48,666] {logging_mixin.py:115} INFO - [2025-10-01 18:18:48,666] {dagbag.py:507} INFO - Filling up the DagBag from /opt/airflow/dags/ml_pipeline.py
[2025-10-01 18:18:48,672] {processor.py:651} INFO - DAG(s) dict_keys(['ml_pipeline']) retrieved from /opt/airflow/dags/ml_pipeline.py
[2025-10-01 18:18:48,697] {logging_mixin.py:115} INFO - [2025-10-01 18:18:48,697] {dag.py:2379} INFO - Sync 1 DAGs
[2025-10-01 18:18:48,709] {logging_mixin.py:115} INFO - [2025-10-01 18:18:48,709] {dag.py:2931} INFO - Setting next_dagrun for ml_pipeline to None, run_after=None
[2025-10-01 18:18:48,714] {processor.py:161} INFO - Processing /opt/airflow/dags/ml_pipeline.py took 0.052 seconds
[2025-10-01 18:19:19,210] {processor.py:153} INFO - Started process (PID=289) to work on /opt/airflow/dags/ml_pipeline.py
[2025-10-01 18:19:19,211] {processor.py:641} INFO - Processing file /opt/airflow/dags/ml_pipeline.py for tasks to queue
[2025-10-01 18:19:19,211] {logging_mixin.py:115} INFO - [2025-10-01 18:19:19,211] {dagbag.py:507} INFO - Filling up the DagBag from /opt/airflow/dags/ml_pipeline.py
[2025-10-01 18:19:19,216] {processor.py:651} INFO - DAG(s) dict_keys(['ml_pipeline']) retrieved from /opt/airflow/dags/ml_pipeline.py
[2025-10-01 18:19:19,230] {logging_mixin.py:115} INFO - [2025-10-01 18:19:19,230] {dag.py:2379} INFO - Sync 1 DAGs
[2025-10-01 18:19:19,238] {logging_mixin.py:115} INFO - [2025-10-01 18:19:19,238] {dag.py:2931} INFO - Setting next_dagrun for ml_pipeline to None, run_after=None
[2025-10-01 18:19:19,241] {processor.py:161} INFO - Processing /opt/airflow/dags/ml_pipeline.py took 0.034 seconds
[2025-10-01 18:19:49,956] {processor.py:153} INFO - Started process (PID=311) to work on /opt/airflow/dags/ml_pipeline.py
[2025-10-01 18:19:49,957] {processor.py:641} INFO - Processing file /opt/airflow/dags/ml_pipeline.py for tasks to queue
[2025-10-01 18:19:49,958] {logging_mixin.py:115} INFO - [2025-10-01 18:19:49,958] {dagbag.py:507} INFO - Filling up the DagBag from /opt/airflow/dags/ml_pipeline.py
[2025-10-01 18:19:49,973] {processor.py:651} INFO - DAG(s) dict_keys(['ml_pipeline']) retrieved from /opt/airflow/dags/ml_pipeline.py
[2025-10-01 18:19:50,024] {logging_mixin.py:115} INFO - [2025-10-01 18:19:50,024] {dag.py:2379} INFO - Sync 1 DAGs
[2025-10-01 18:19:50,036] {logging_mixin.py:115} INFO - [2025-10-01 18:19:50,036] {dag.py:2931} INFO - Setting next_dagrun for ml_pipeline to None, run_after=None
[2025-10-01 18:19:50,041] {processor.py:161} INFO - Processing /opt/airflow/dags/ml_pipeline.py took 0.090 seconds
[2025-10-01 18:20:20,613] {processor.py:153} INFO - Started process (PID=333) to work on /opt/airflow/dags/ml_pipeline.py
[2025-10-01 18:20:20,613] {processor.py:641} INFO - Processing file /opt/airflow/dags/ml_pipeline.py for tasks to queue
[2025-10-01 18:20:20,614] {logging_mixin.py:115} INFO - [2025-10-01 18:20:20,614] {dagbag.py:507} INFO - Filling up the DagBag from /opt/airflow/dags/ml_pipeline.py
[2025-10-01 18:20:20,618] {processor.py:651} INFO - DAG(s) dict_keys(['ml_pipeline']) retrieved from /opt/airflow/dags/ml_pipeline.py
[2025-10-01 18:20:20,634] {logging_mixin.py:115} INFO - [2025-10-01 18:20:20,634] {dag.py:2379} INFO - Sync 1 DAGs
[2025-10-01 18:20:20,644] {logging_mixin.py:115} INFO - [2025-10-01 18:20:20,644] {dag.py:2931} INFO - Setting next_dagrun for ml_pipeline to None, run_after=None
[2025-10-01 18:20:20,648] {processor.py:161} INFO - Processing /opt/airflow/dags/ml_pipeline.py took 0.037 seconds
[2025-10-01 18:20:50,695] {processor.py:153} INFO - Started process (PID=355) to work on /opt/airflow/dags/ml_pipeline.py
[2025-10-01 18:20:50,695] {processor.py:641} INFO - Processing file /opt/airflow/dags/ml_pipeline.py for tasks to queue
[2025-10-01 18:20:50,696] {logging_mixin.py:115} INFO - [2025-10-01 18:20:50,696] {dagbag.py:507} INFO - Filling up the DagBag from /opt/airflow/dags/ml_pipeline.py
[2025-10-01 18:20:50,703] {processor.py:651} INFO - DAG(s) dict_keys(['ml_pipeline']) retrieved from /opt/airflow/dags/ml_pipeline.py
[2025-10-01 18:20:50,727] {logging_mixin.py:115} INFO - [2025-10-01 18:20:50,727] {dag.py:2379} INFO - Sync 1 DAGs
[2025-10-01 18:20:50,738] {logging_mixin.py:115} INFO - [2025-10-01 18:20:50,738] {dag.py:2931} INFO - Setting next_dagrun for ml_pipeline to None, run_after=None
[2025-10-01 18:20:50,742] {processor.py:161} INFO - Processing /opt/airflow/dags/ml_pipeline.py took 0.051 seconds
[2025-10-01 18:21:21,265] {processor.py:153} INFO - Started process (PID=377) to work on /opt/airflow/dags/ml_pipeline.py
[2025-10-01 18:21:21,266] {processor.py:641} INFO - Processing file /opt/airflow/dags/ml_pipeline.py for tasks to queue
[2025-10-01 18:21:21,266] {logging_mixin.py:115} INFO - [2025-10-01 18:21:21,266] {dagbag.py:507} INFO - Filling up the DagBag from /opt/airflow/dags/ml_pipeline.py
[2025-10-01 18:21:21,275] {processor.py:651} INFO - DAG(s) dict_keys(['ml_pipeline']) retrieved from /opt/airflow/dags/ml_pipeline.py
[2025-10-01 18:21:21,301] {logging_mixin.py:115} INFO - [2025-10-01 18:21:21,301] {dag.py:2379} INFO - Sync 1 DAGs
[2025-10-01 18:21:21,310] {logging_mixin.py:115} INFO - [2025-10-01 18:21:21,310] {dag.py:2931} INFO - Setting next_dagrun for ml_pipeline to None, run_after=None
[2025-10-01 18:21:21,315] {processor.py:161} INFO - Processing /opt/airflow/dags/ml_pipeline.py took 0.053 seconds
[2025-10-01 18:21:51,464] {processor.py:153} INFO - Started process (PID=401) to work on /opt/airflow/dags/ml_pipeline.py
[2025-10-01 18:21:51,464] {processor.py:641} INFO - Processing file /opt/airflow/dags/ml_pipeline.py for tasks to queue
[2025-10-01 18:21:51,465] {logging_mixin.py:115} INFO - [2025-10-01 18:21:51,464] {dagbag.py:507} INFO - Filling up the DagBag from /opt/airflow/dags/ml_pipeline.py
[2025-10-01 18:21:51,470] {processor.py:651} INFO - DAG(s) dict_keys(['ml_pipeline']) retrieved from /opt/airflow/dags/ml_pipeline.py
[2025-10-01 18:21:51,486] {logging_mixin.py:115} INFO - [2025-10-01 18:21:51,486] {dag.py:2379} INFO - Sync 1 DAGs
[2025-10-01 18:21:51,498] {logging_mixin.py:115} INFO - [2025-10-01 18:21:51,498] {dag.py:2931} INFO - Setting next_dagrun for ml_pipeline to None, run_after=None
[2025-10-01 18:21:51,503] {processor.py:161} INFO - Processing /opt/airflow/dags/ml_pipeline.py took 0.042 seconds
[2025-10-01 18:22:22,028] {processor.py:153} INFO - Started process (PID=424) to work on /opt/airflow/dags/ml_pipeline.py
[2025-10-01 18:22:22,029] {processor.py:641} INFO - Processing file /opt/airflow/dags/ml_pipeline.py for tasks to queue
[2025-10-01 18:22:22,029] {logging_mixin.py:115} INFO - [2025-10-01 18:22:22,029] {dagbag.py:507} INFO - Filling up the DagBag from /opt/airflow/dags/ml_pipeline.py
[2025-10-01 18:22:22,039] {processor.py:651} INFO - DAG(s) dict_keys(['ml_pipeline']) retrieved from /opt/airflow/dags/ml_pipeline.py
[2025-10-01 18:22:22,059] {logging_mixin.py:115} INFO - [2025-10-01 18:22:22,059] {dag.py:2379} INFO - Sync 1 DAGs
[2025-10-01 18:22:22,068] {logging_mixin.py:115} INFO - [2025-10-01 18:22:22,068] {dag.py:2931} INFO - Setting next_dagrun for ml_pipeline to None, run_after=None
[2025-10-01 18:22:22,072] {processor.py:161} INFO - Processing /opt/airflow/dags/ml_pipeline.py took 0.047 seconds
[2025-10-01 18:22:52,136] {processor.py:153} INFO - Started process (PID=446) to work on /opt/airflow/dags/ml_pipeline.py
[2025-10-01 18:22:52,137] {processor.py:641} INFO - Processing file /opt/airflow/dags/ml_pipeline.py for tasks to queue
[2025-10-01 18:22:52,138] {logging_mixin.py:115} INFO - [2025-10-01 18:22:52,138] {dagbag.py:507} INFO - Filling up the DagBag from /opt/airflow/dags/ml_pipeline.py
[2025-10-01 18:22:52,143] {processor.py:651} INFO - DAG(s) dict_keys(['ml_pipeline']) retrieved from /opt/airflow/dags/ml_pipeline.py
[2025-10-01 18:22:52,161] {logging_mixin.py:115} INFO - [2025-10-01 18:22:52,161] {dag.py:2379} INFO - Sync 1 DAGs
[2025-10-01 18:22:52,174] {logging_mixin.py:115} INFO - [2025-10-01 18:22:52,174] {dag.py:2931} INFO - Setting next_dagrun for ml_pipeline to None, run_after=None
[2025-10-01 18:22:52,178] {processor.py:161} INFO - Processing /opt/airflow/dags/ml_pipeline.py took 0.045 seconds
[2025-10-01 18:23:22,737] {processor.py:153} INFO - Started process (PID=468) to work on /opt/airflow/dags/ml_pipeline.py
[2025-10-01 18:23:22,739] {processor.py:641} INFO - Processing file /opt/airflow/dags/ml_pipeline.py for tasks to queue
[2025-10-01 18:23:22,740] {logging_mixin.py:115} INFO - [2025-10-01 18:23:22,740] {dagbag.py:507} INFO - Filling up the DagBag from /opt/airflow/dags/ml_pipeline.py
[2025-10-01 18:23:22,748] {processor.py:651} INFO - DAG(s) dict_keys(['ml_pipeline']) retrieved from /opt/airflow/dags/ml_pipeline.py
[2025-10-01 18:23:22,765] {logging_mixin.py:115} INFO - [2025-10-01 18:23:22,765] {dag.py:2379} INFO - Sync 1 DAGs
[2025-10-01 18:23:22,776] {logging_mixin.py:115} INFO - [2025-10-01 18:23:22,776] {dag.py:2931} INFO - Setting next_dagrun for ml_pipeline to None, run_after=None
[2025-10-01 18:23:22,781] {processor.py:161} INFO - Processing /opt/airflow/dags/ml_pipeline.py took 0.048 seconds
[2025-10-01 18:23:53,420] {processor.py:153} INFO - Started process (PID=492) to work on /opt/airflow/dags/ml_pipeline.py
[2025-10-01 18:23:53,421] {processor.py:641} INFO - Processing file /opt/airflow/dags/ml_pipeline.py for tasks to queue
[2025-10-01 18:23:53,422] {logging_mixin.py:115} INFO - [2025-10-01 18:23:53,422] {dagbag.py:507} INFO - Filling up the DagBag from /opt/airflow/dags/ml_pipeline.py
[2025-10-01 18:23:53,519] {processor.py:651} INFO - DAG(s) dict_keys(['ml_pipeline']) retrieved from /opt/airflow/dags/ml_pipeline.py
[2025-10-01 18:23:53,563] {logging_mixin.py:115} INFO - [2025-10-01 18:23:53,563] {dag.py:2379} INFO - Sync 1 DAGs
[2025-10-01 18:23:53,598] {logging_mixin.py:115} INFO - [2025-10-01 18:23:53,598] {dag.py:2931} INFO - Setting next_dagrun for ml_pipeline to None, run_after=None
[2025-10-01 18:23:53,607] {processor.py:161} INFO - Processing /opt/airflow/dags/ml_pipeline.py took 0.191 seconds
[2025-10-01 18:40:02,193] {processor.py:153} INFO - Started process (PID=521) to work on /opt/airflow/dags/ml_pipeline.py
[2025-10-01 18:40:02,193] {processor.py:641} INFO - Processing file /opt/airflow/dags/ml_pipeline.py for tasks to queue
[2025-10-01 18:40:02,195] {logging_mixin.py:115} INFO - [2025-10-01 18:40:02,195] {dagbag.py:507} INFO - Filling up the DagBag from /opt/airflow/dags/ml_pipeline.py
[2025-10-01 18:40:02,212] {processor.py:651} INFO - DAG(s) dict_keys(['ml_pipeline']) retrieved from /opt/airflow/dags/ml_pipeline.py
[2025-10-01 18:40:02,238] {logging_mixin.py:115} INFO - [2025-10-01 18:40:02,238] {dag.py:2379} INFO - Sync 1 DAGs
[2025-10-01 18:40:02,257] {logging_mixin.py:115} INFO - [2025-10-01 18:40:02,257] {dag.py:2931} INFO - Setting next_dagrun for ml_pipeline to None, run_after=None
[2025-10-01 18:40:02,270] {processor.py:161} INFO - Processing /opt/airflow/dags/ml_pipeline.py took 0.081 seconds
[2025-10-01 18:40:32,491] {processor.py:153} INFO - Started process (PID=538) to work on /opt/airflow/dags/ml_pipeline.py
[2025-10-01 18:40:32,492] {processor.py:641} INFO - Processing file /opt/airflow/dags/ml_pipeline.py for tasks to queue
[2025-10-01 18:40:32,493] {logging_mixin.py:115} INFO - [2025-10-01 18:40:32,493] {dagbag.py:507} INFO - Filling up the DagBag from /opt/airflow/dags/ml_pipeline.py
[2025-10-01 18:40:32,509] {processor.py:651} INFO - DAG(s) dict_keys(['ml_pipeline']) retrieved from /opt/airflow/dags/ml_pipeline.py
[2025-10-01 18:40:32,531] {logging_mixin.py:115} INFO - [2025-10-01 18:40:32,531] {dag.py:2379} INFO - Sync 1 DAGs
[2025-10-01 18:40:32,544] {logging_mixin.py:115} INFO - [2025-10-01 18:40:32,544] {dag.py:2931} INFO - Setting next_dagrun for ml_pipeline to None, run_after=None
[2025-10-01 18:40:32,551] {processor.py:161} INFO - Processing /opt/airflow/dags/ml_pipeline.py took 0.067 seconds
[2025-10-01 18:41:03,237] {processor.py:153} INFO - Started process (PID=561) to work on /opt/airflow/dags/ml_pipeline.py
[2025-10-01 18:41:03,240] {processor.py:641} INFO - Processing file /opt/airflow/dags/ml_pipeline.py for tasks to queue
[2025-10-01 18:41:03,240] {logging_mixin.py:115} INFO - [2025-10-01 18:41:03,240] {dagbag.py:507} INFO - Filling up the DagBag from /opt/airflow/dags/ml_pipeline.py
[2025-10-01 18:41:03,248] {processor.py:651} INFO - DAG(s) dict_keys(['ml_pipeline']) retrieved from /opt/airflow/dags/ml_pipeline.py
[2025-10-01 18:41:03,263] {logging_mixin.py:115} INFO - [2025-10-01 18:41:03,263] {dag.py:2379} INFO - Sync 1 DAGs
[2025-10-01 18:41:03,273] {logging_mixin.py:115} INFO - [2025-10-01 18:41:03,273] {dag.py:2931} INFO - Setting next_dagrun for ml_pipeline to None, run_after=None
[2025-10-01 18:41:03,277] {processor.py:161} INFO - Processing /opt/airflow/dags/ml_pipeline.py took 0.044 seconds
[2025-10-01 18:41:33,732] {processor.py:153} INFO - Started process (PID=583) to work on /opt/airflow/dags/ml_pipeline.py
[2025-10-01 18:41:33,733] {processor.py:641} INFO - Processing file /opt/airflow/dags/ml_pipeline.py for tasks to queue
[2025-10-01 18:41:33,735] {logging_mixin.py:115} INFO - [2025-10-01 18:41:33,735] {dagbag.py:507} INFO - Filling up the DagBag from /opt/airflow/dags/ml_pipeline.py
[2025-10-01 18:41:33,746] {processor.py:651} INFO - DAG(s) dict_keys(['ml_pipeline']) retrieved from /opt/airflow/dags/ml_pipeline.py
[2025-10-01 18:41:33,772] {logging_mixin.py:115} INFO - [2025-10-01 18:41:33,772] {dag.py:2379} INFO - Sync 1 DAGs
[2025-10-01 18:41:33,783] {logging_mixin.py:115} INFO - [2025-10-01 18:41:33,783] {dag.py:2931} INFO - Setting next_dagrun for ml_pipeline to None, run_after=None
[2025-10-01 18:41:33,787] {processor.py:161} INFO - Processing /opt/airflow/dags/ml_pipeline.py took 0.058 seconds
