[2025-10-01 17:33:41,675] {processor.py:153} INFO - Started process (PID=2260) to work on /opt/airflow/dags/train.py
[2025-10-01 17:33:41,675] {processor.py:641} INFO - Processing file /opt/airflow/dags/train.py for tasks to queue
[2025-10-01 17:33:41,676] {logging_mixin.py:115} INFO - [2025-10-01 17:33:41,676] {dagbag.py:507} INFO - Filling up the DagBag from /opt/airflow/dags/train.py
[2025-10-01 17:33:42,175] {logging_mixin.py:115} INFO - [2025-10-01 17:33:42,173] {dagbag.py:320} ERROR - Failed to import: /opt/airflow/dags/train.py
Traceback (most recent call last):
  File "/home/airflow/.local/lib/python3.7/site-packages/airflow/models/dagbag.py", line 317, in parse
    loader.exec_module(new_module)
  File "<frozen importlib._bootstrap_external>", line 728, in exec_module
  File "<frozen importlib._bootstrap>", line 219, in _call_with_frames_removed
  File "/opt/airflow/dags/train.py", line 11, in <module>
    import matplotlib.pyplot as plt
ModuleNotFoundError: No module named 'matplotlib'
[2025-10-01 17:33:42,175] {processor.py:653} WARNING - No viable dags retrieved from /opt/airflow/dags/train.py
[2025-10-01 17:33:42,183] {processor.py:161} INFO - Processing /opt/airflow/dags/train.py took 0.509 seconds
[2025-10-01 17:34:12,388] {processor.py:153} INFO - Started process (PID=2282) to work on /opt/airflow/dags/train.py
[2025-10-01 17:34:12,389] {processor.py:641} INFO - Processing file /opt/airflow/dags/train.py for tasks to queue
[2025-10-01 17:34:12,390] {logging_mixin.py:115} INFO - [2025-10-01 17:34:12,389] {dagbag.py:507} INFO - Filling up the DagBag from /opt/airflow/dags/train.py
[2025-10-01 17:34:12,772] {logging_mixin.py:115} INFO - [2025-10-01 17:34:12,770] {dagbag.py:320} ERROR - Failed to import: /opt/airflow/dags/train.py
Traceback (most recent call last):
  File "/home/airflow/.local/lib/python3.7/site-packages/airflow/models/dagbag.py", line 317, in parse
    loader.exec_module(new_module)
  File "<frozen importlib._bootstrap_external>", line 728, in exec_module
  File "<frozen importlib._bootstrap>", line 219, in _call_with_frames_removed
  File "/opt/airflow/dags/train.py", line 11, in <module>
    import matplotlib.pyplot as plt
ModuleNotFoundError: No module named 'matplotlib'
[2025-10-01 17:34:12,775] {processor.py:653} WARNING - No viable dags retrieved from /opt/airflow/dags/train.py
[2025-10-01 17:34:12,783] {processor.py:161} INFO - Processing /opt/airflow/dags/train.py took 0.398 seconds
[2025-10-01 17:34:42,975] {processor.py:153} INFO - Started process (PID=2304) to work on /opt/airflow/dags/train.py
[2025-10-01 17:34:42,976] {processor.py:641} INFO - Processing file /opt/airflow/dags/train.py for tasks to queue
[2025-10-01 17:34:42,976] {logging_mixin.py:115} INFO - [2025-10-01 17:34:42,976] {dagbag.py:507} INFO - Filling up the DagBag from /opt/airflow/dags/train.py
[2025-10-01 17:34:43,368] {logging_mixin.py:115} INFO - [2025-10-01 17:34:43,365] {dagbag.py:320} ERROR - Failed to import: /opt/airflow/dags/train.py
Traceback (most recent call last):
  File "/home/airflow/.local/lib/python3.7/site-packages/airflow/models/dagbag.py", line 317, in parse
    loader.exec_module(new_module)
  File "<frozen importlib._bootstrap_external>", line 728, in exec_module
  File "<frozen importlib._bootstrap>", line 219, in _call_with_frames_removed
  File "/opt/airflow/dags/train.py", line 11, in <module>
    import matplotlib.pyplot as plt
ModuleNotFoundError: No module named 'matplotlib'
[2025-10-01 17:34:43,369] {processor.py:653} WARNING - No viable dags retrieved from /opt/airflow/dags/train.py
[2025-10-01 17:34:43,375] {processor.py:161} INFO - Processing /opt/airflow/dags/train.py took 0.403 seconds
[2025-10-01 17:35:13,580] {processor.py:153} INFO - Started process (PID=2326) to work on /opt/airflow/dags/train.py
[2025-10-01 17:35:13,581] {processor.py:641} INFO - Processing file /opt/airflow/dags/train.py for tasks to queue
[2025-10-01 17:35:13,581] {logging_mixin.py:115} INFO - [2025-10-01 17:35:13,581] {dagbag.py:507} INFO - Filling up the DagBag from /opt/airflow/dags/train.py
[2025-10-01 17:35:13,975] {logging_mixin.py:115} INFO - [2025-10-01 17:35:13,973] {dagbag.py:320} ERROR - Failed to import: /opt/airflow/dags/train.py
Traceback (most recent call last):
  File "/home/airflow/.local/lib/python3.7/site-packages/airflow/models/dagbag.py", line 317, in parse
    loader.exec_module(new_module)
  File "<frozen importlib._bootstrap_external>", line 728, in exec_module
  File "<frozen importlib._bootstrap>", line 219, in _call_with_frames_removed
  File "/opt/airflow/dags/train.py", line 11, in <module>
    import matplotlib.pyplot as plt
ModuleNotFoundError: No module named 'matplotlib'
[2025-10-01 17:35:13,977] {processor.py:653} WARNING - No viable dags retrieved from /opt/airflow/dags/train.py
[2025-10-01 17:35:13,982] {processor.py:161} INFO - Processing /opt/airflow/dags/train.py took 0.406 seconds
[2025-10-01 17:35:44,208] {processor.py:153} INFO - Started process (PID=2348) to work on /opt/airflow/dags/train.py
[2025-10-01 17:35:44,209] {processor.py:641} INFO - Processing file /opt/airflow/dags/train.py for tasks to queue
[2025-10-01 17:35:44,210] {logging_mixin.py:115} INFO - [2025-10-01 17:35:44,209] {dagbag.py:507} INFO - Filling up the DagBag from /opt/airflow/dags/train.py
[2025-10-01 17:35:44,596] {logging_mixin.py:115} INFO - [2025-10-01 17:35:44,595] {dagbag.py:320} ERROR - Failed to import: /opt/airflow/dags/train.py
Traceback (most recent call last):
  File "/home/airflow/.local/lib/python3.7/site-packages/airflow/models/dagbag.py", line 317, in parse
    loader.exec_module(new_module)
  File "<frozen importlib._bootstrap_external>", line 728, in exec_module
  File "<frozen importlib._bootstrap>", line 219, in _call_with_frames_removed
  File "/opt/airflow/dags/train.py", line 11, in <module>
    import matplotlib.pyplot as plt
ModuleNotFoundError: No module named 'matplotlib'
[2025-10-01 17:35:44,596] {processor.py:653} WARNING - No viable dags retrieved from /opt/airflow/dags/train.py
[2025-10-01 17:35:44,601] {processor.py:161} INFO - Processing /opt/airflow/dags/train.py took 0.398 seconds
[2025-10-01 17:36:14,807] {processor.py:153} INFO - Started process (PID=2370) to work on /opt/airflow/dags/train.py
[2025-10-01 17:36:14,808] {processor.py:641} INFO - Processing file /opt/airflow/dags/train.py for tasks to queue
[2025-10-01 17:36:14,808] {logging_mixin.py:115} INFO - [2025-10-01 17:36:14,808] {dagbag.py:507} INFO - Filling up the DagBag from /opt/airflow/dags/train.py
[2025-10-01 17:36:15,187] {logging_mixin.py:115} INFO - [2025-10-01 17:36:15,186] {dagbag.py:320} ERROR - Failed to import: /opt/airflow/dags/train.py
Traceback (most recent call last):
  File "/home/airflow/.local/lib/python3.7/site-packages/airflow/models/dagbag.py", line 317, in parse
    loader.exec_module(new_module)
  File "<frozen importlib._bootstrap_external>", line 728, in exec_module
  File "<frozen importlib._bootstrap>", line 219, in _call_with_frames_removed
  File "/opt/airflow/dags/train.py", line 11, in <module>
    import matplotlib.pyplot as plt
ModuleNotFoundError: No module named 'matplotlib'
[2025-10-01 17:36:15,187] {processor.py:653} WARNING - No viable dags retrieved from /opt/airflow/dags/train.py
[2025-10-01 17:36:15,193] {processor.py:161} INFO - Processing /opt/airflow/dags/train.py took 0.390 seconds
[2025-10-01 17:36:45,383] {processor.py:153} INFO - Started process (PID=2392) to work on /opt/airflow/dags/train.py
[2025-10-01 17:36:45,384] {processor.py:641} INFO - Processing file /opt/airflow/dags/train.py for tasks to queue
[2025-10-01 17:36:45,384] {logging_mixin.py:115} INFO - [2025-10-01 17:36:45,384] {dagbag.py:507} INFO - Filling up the DagBag from /opt/airflow/dags/train.py
[2025-10-01 17:36:45,774] {logging_mixin.py:115} INFO - [2025-10-01 17:36:45,773] {dagbag.py:320} ERROR - Failed to import: /opt/airflow/dags/train.py
Traceback (most recent call last):
  File "/home/airflow/.local/lib/python3.7/site-packages/airflow/models/dagbag.py", line 317, in parse
    loader.exec_module(new_module)
  File "<frozen importlib._bootstrap_external>", line 728, in exec_module
  File "<frozen importlib._bootstrap>", line 219, in _call_with_frames_removed
  File "/opt/airflow/dags/train.py", line 11, in <module>
    import matplotlib.pyplot as plt
ModuleNotFoundError: No module named 'matplotlib'
[2025-10-01 17:36:45,774] {processor.py:653} WARNING - No viable dags retrieved from /opt/airflow/dags/train.py
[2025-10-01 17:36:45,779] {processor.py:161} INFO - Processing /opt/airflow/dags/train.py took 0.400 seconds
[2025-10-01 17:37:15,963] {processor.py:153} INFO - Started process (PID=2431) to work on /opt/airflow/dags/train.py
[2025-10-01 17:37:15,963] {processor.py:641} INFO - Processing file /opt/airflow/dags/train.py for tasks to queue
[2025-10-01 17:37:15,964] {logging_mixin.py:115} INFO - [2025-10-01 17:37:15,964] {dagbag.py:507} INFO - Filling up the DagBag from /opt/airflow/dags/train.py
[2025-10-01 17:37:16,403] {logging_mixin.py:115} INFO - [2025-10-01 17:37:16,402] {dagbag.py:320} ERROR - Failed to import: /opt/airflow/dags/train.py
Traceback (most recent call last):
  File "/home/airflow/.local/lib/python3.7/site-packages/airflow/models/dagbag.py", line 317, in parse
    loader.exec_module(new_module)
  File "<frozen importlib._bootstrap_external>", line 728, in exec_module
  File "<frozen importlib._bootstrap>", line 219, in _call_with_frames_removed
  File "/opt/airflow/dags/train.py", line 11, in <module>
    import matplotlib.pyplot as plt
ModuleNotFoundError: No module named 'matplotlib'
[2025-10-01 17:37:16,403] {processor.py:653} WARNING - No viable dags retrieved from /opt/airflow/dags/train.py
[2025-10-01 17:37:16,408] {processor.py:161} INFO - Processing /opt/airflow/dags/train.py took 0.450 seconds
[2025-10-01 17:37:46,592] {processor.py:153} INFO - Started process (PID=2453) to work on /opt/airflow/dags/train.py
[2025-10-01 17:37:46,593] {processor.py:641} INFO - Processing file /opt/airflow/dags/train.py for tasks to queue
[2025-10-01 17:37:46,594] {logging_mixin.py:115} INFO - [2025-10-01 17:37:46,593] {dagbag.py:507} INFO - Filling up the DagBag from /opt/airflow/dags/train.py
[2025-10-01 17:37:46,980] {logging_mixin.py:115} INFO - [2025-10-01 17:37:46,979] {dagbag.py:320} ERROR - Failed to import: /opt/airflow/dags/train.py
Traceback (most recent call last):
  File "/home/airflow/.local/lib/python3.7/site-packages/airflow/models/dagbag.py", line 317, in parse
    loader.exec_module(new_module)
  File "<frozen importlib._bootstrap_external>", line 728, in exec_module
  File "<frozen importlib._bootstrap>", line 219, in _call_with_frames_removed
  File "/opt/airflow/dags/train.py", line 11, in <module>
    import matplotlib.pyplot as plt
ModuleNotFoundError: No module named 'matplotlib'
[2025-10-01 17:37:46,980] {processor.py:653} WARNING - No viable dags retrieved from /opt/airflow/dags/train.py
[2025-10-01 17:37:46,985] {processor.py:161} INFO - Processing /opt/airflow/dags/train.py took 0.396 seconds
[2025-10-01 17:38:17,186] {processor.py:153} INFO - Started process (PID=2475) to work on /opt/airflow/dags/train.py
[2025-10-01 17:38:17,186] {processor.py:641} INFO - Processing file /opt/airflow/dags/train.py for tasks to queue
[2025-10-01 17:38:17,187] {logging_mixin.py:115} INFO - [2025-10-01 17:38:17,187] {dagbag.py:507} INFO - Filling up the DagBag from /opt/airflow/dags/train.py
[2025-10-01 17:38:17,564] {logging_mixin.py:115} INFO - [2025-10-01 17:38:17,563] {dagbag.py:320} ERROR - Failed to import: /opt/airflow/dags/train.py
Traceback (most recent call last):
  File "/home/airflow/.local/lib/python3.7/site-packages/airflow/models/dagbag.py", line 317, in parse
    loader.exec_module(new_module)
  File "<frozen importlib._bootstrap_external>", line 728, in exec_module
  File "<frozen importlib._bootstrap>", line 219, in _call_with_frames_removed
  File "/opt/airflow/dags/train.py", line 11, in <module>
    import matplotlib.pyplot as plt
ModuleNotFoundError: No module named 'matplotlib'
[2025-10-01 17:38:17,564] {processor.py:653} WARNING - No viable dags retrieved from /opt/airflow/dags/train.py
[2025-10-01 17:38:17,570] {processor.py:161} INFO - Processing /opt/airflow/dags/train.py took 0.388 seconds
[2025-10-01 17:38:47,873] {processor.py:153} INFO - Started process (PID=2497) to work on /opt/airflow/dags/train.py
[2025-10-01 17:38:47,874] {processor.py:641} INFO - Processing file /opt/airflow/dags/train.py for tasks to queue
[2025-10-01 17:38:47,874] {logging_mixin.py:115} INFO - [2025-10-01 17:38:47,874] {dagbag.py:507} INFO - Filling up the DagBag from /opt/airflow/dags/train.py
[2025-10-01 17:38:48,245] {logging_mixin.py:115} INFO - [2025-10-01 17:38:48,243] {dagbag.py:320} ERROR - Failed to import: /opt/airflow/dags/train.py
Traceback (most recent call last):
  File "/home/airflow/.local/lib/python3.7/site-packages/airflow/models/dagbag.py", line 317, in parse
    loader.exec_module(new_module)
  File "<frozen importlib._bootstrap_external>", line 728, in exec_module
  File "<frozen importlib._bootstrap>", line 219, in _call_with_frames_removed
  File "/opt/airflow/dags/train.py", line 11, in <module>
    import matplotlib.pyplot as plt
ModuleNotFoundError: No module named 'matplotlib'
[2025-10-01 17:38:48,245] {processor.py:653} WARNING - No viable dags retrieved from /opt/airflow/dags/train.py
[2025-10-01 17:38:48,251] {processor.py:161} INFO - Processing /opt/airflow/dags/train.py took 0.380 seconds
[2025-10-01 17:39:18,490] {processor.py:153} INFO - Started process (PID=2519) to work on /opt/airflow/dags/train.py
[2025-10-01 17:39:18,490] {processor.py:641} INFO - Processing file /opt/airflow/dags/train.py for tasks to queue
[2025-10-01 17:39:18,491] {logging_mixin.py:115} INFO - [2025-10-01 17:39:18,491] {dagbag.py:507} INFO - Filling up the DagBag from /opt/airflow/dags/train.py
[2025-10-01 17:39:18,872] {logging_mixin.py:115} INFO - [2025-10-01 17:39:18,870] {dagbag.py:320} ERROR - Failed to import: /opt/airflow/dags/train.py
Traceback (most recent call last):
  File "/home/airflow/.local/lib/python3.7/site-packages/airflow/models/dagbag.py", line 317, in parse
    loader.exec_module(new_module)
  File "<frozen importlib._bootstrap_external>", line 728, in exec_module
  File "<frozen importlib._bootstrap>", line 219, in _call_with_frames_removed
  File "/opt/airflow/dags/train.py", line 11, in <module>
    import matplotlib.pyplot as plt
ModuleNotFoundError: No module named 'matplotlib'
[2025-10-01 17:39:18,872] {processor.py:653} WARNING - No viable dags retrieved from /opt/airflow/dags/train.py
[2025-10-01 17:39:18,878] {processor.py:161} INFO - Processing /opt/airflow/dags/train.py took 0.391 seconds
[2025-10-01 17:39:49,072] {processor.py:153} INFO - Started process (PID=2541) to work on /opt/airflow/dags/train.py
[2025-10-01 17:39:49,072] {processor.py:641} INFO - Processing file /opt/airflow/dags/train.py for tasks to queue
[2025-10-01 17:39:49,072] {logging_mixin.py:115} INFO - [2025-10-01 17:39:49,072] {dagbag.py:507} INFO - Filling up the DagBag from /opt/airflow/dags/train.py
[2025-10-01 17:39:49,461] {logging_mixin.py:115} INFO - [2025-10-01 17:39:49,459] {dagbag.py:320} ERROR - Failed to import: /opt/airflow/dags/train.py
Traceback (most recent call last):
  File "/home/airflow/.local/lib/python3.7/site-packages/airflow/models/dagbag.py", line 317, in parse
    loader.exec_module(new_module)
  File "<frozen importlib._bootstrap_external>", line 728, in exec_module
  File "<frozen importlib._bootstrap>", line 219, in _call_with_frames_removed
  File "/opt/airflow/dags/train.py", line 11, in <module>
    import matplotlib.pyplot as plt
ModuleNotFoundError: No module named 'matplotlib'
[2025-10-01 17:39:49,462] {processor.py:653} WARNING - No viable dags retrieved from /opt/airflow/dags/train.py
[2025-10-01 17:39:49,469] {processor.py:161} INFO - Processing /opt/airflow/dags/train.py took 0.400 seconds
[2025-10-01 17:40:19,707] {processor.py:153} INFO - Started process (PID=2563) to work on /opt/airflow/dags/train.py
[2025-10-01 17:40:19,707] {processor.py:641} INFO - Processing file /opt/airflow/dags/train.py for tasks to queue
[2025-10-01 17:40:19,708] {logging_mixin.py:115} INFO - [2025-10-01 17:40:19,708] {dagbag.py:507} INFO - Filling up the DagBag from /opt/airflow/dags/train.py
[2025-10-01 17:40:20,079] {logging_mixin.py:115} INFO - [2025-10-01 17:40:20,078] {dagbag.py:320} ERROR - Failed to import: /opt/airflow/dags/train.py
Traceback (most recent call last):
  File "/home/airflow/.local/lib/python3.7/site-packages/airflow/models/dagbag.py", line 317, in parse
    loader.exec_module(new_module)
  File "<frozen importlib._bootstrap_external>", line 728, in exec_module
  File "<frozen importlib._bootstrap>", line 219, in _call_with_frames_removed
  File "/opt/airflow/dags/train.py", line 11, in <module>
    import matplotlib.pyplot as plt
ModuleNotFoundError: No module named 'matplotlib'
[2025-10-01 17:40:20,079] {processor.py:653} WARNING - No viable dags retrieved from /opt/airflow/dags/train.py
[2025-10-01 17:40:20,085] {processor.py:161} INFO - Processing /opt/airflow/dags/train.py took 0.380 seconds
[2025-10-01 17:40:50,279] {processor.py:153} INFO - Started process (PID=2585) to work on /opt/airflow/dags/train.py
[2025-10-01 17:40:50,280] {processor.py:641} INFO - Processing file /opt/airflow/dags/train.py for tasks to queue
[2025-10-01 17:40:50,281] {logging_mixin.py:115} INFO - [2025-10-01 17:40:50,280] {dagbag.py:507} INFO - Filling up the DagBag from /opt/airflow/dags/train.py
[2025-10-01 17:40:50,693] {logging_mixin.py:115} INFO - [2025-10-01 17:40:50,691] {dagbag.py:320} ERROR - Failed to import: /opt/airflow/dags/train.py
Traceback (most recent call last):
  File "/home/airflow/.local/lib/python3.7/site-packages/airflow/models/dagbag.py", line 317, in parse
    loader.exec_module(new_module)
  File "<frozen importlib._bootstrap_external>", line 728, in exec_module
  File "<frozen importlib._bootstrap>", line 219, in _call_with_frames_removed
  File "/opt/airflow/dags/train.py", line 11, in <module>
    import matplotlib.pyplot as plt
ModuleNotFoundError: No module named 'matplotlib'
[2025-10-01 17:40:50,693] {processor.py:653} WARNING - No viable dags retrieved from /opt/airflow/dags/train.py
[2025-10-01 17:40:50,698] {processor.py:161} INFO - Processing /opt/airflow/dags/train.py took 0.422 seconds
[2025-10-01 17:41:20,900] {processor.py:153} INFO - Started process (PID=2607) to work on /opt/airflow/dags/train.py
[2025-10-01 17:41:20,900] {processor.py:641} INFO - Processing file /opt/airflow/dags/train.py for tasks to queue
[2025-10-01 17:41:20,901] {logging_mixin.py:115} INFO - [2025-10-01 17:41:20,901] {dagbag.py:507} INFO - Filling up the DagBag from /opt/airflow/dags/train.py
[2025-10-01 17:41:21,301] {logging_mixin.py:115} INFO - [2025-10-01 17:41:21,299] {dagbag.py:320} ERROR - Failed to import: /opt/airflow/dags/train.py
Traceback (most recent call last):
  File "/home/airflow/.local/lib/python3.7/site-packages/airflow/models/dagbag.py", line 317, in parse
    loader.exec_module(new_module)
  File "<frozen importlib._bootstrap_external>", line 728, in exec_module
  File "<frozen importlib._bootstrap>", line 219, in _call_with_frames_removed
  File "/opt/airflow/dags/train.py", line 11, in <module>
    import matplotlib.pyplot as plt
ModuleNotFoundError: No module named 'matplotlib'
[2025-10-01 17:41:21,301] {processor.py:653} WARNING - No viable dags retrieved from /opt/airflow/dags/train.py
[2025-10-01 17:41:21,307] {processor.py:161} INFO - Processing /opt/airflow/dags/train.py took 0.411 seconds
[2025-10-01 17:41:51,491] {processor.py:153} INFO - Started process (PID=2629) to work on /opt/airflow/dags/train.py
[2025-10-01 17:41:51,492] {processor.py:641} INFO - Processing file /opt/airflow/dags/train.py for tasks to queue
[2025-10-01 17:41:51,493] {logging_mixin.py:115} INFO - [2025-10-01 17:41:51,493] {dagbag.py:507} INFO - Filling up the DagBag from /opt/airflow/dags/train.py
[2025-10-01 17:41:51,892] {logging_mixin.py:115} INFO - [2025-10-01 17:41:51,891] {dagbag.py:320} ERROR - Failed to import: /opt/airflow/dags/train.py
Traceback (most recent call last):
  File "/home/airflow/.local/lib/python3.7/site-packages/airflow/models/dagbag.py", line 317, in parse
    loader.exec_module(new_module)
  File "<frozen importlib._bootstrap_external>", line 728, in exec_module
  File "<frozen importlib._bootstrap>", line 219, in _call_with_frames_removed
  File "/opt/airflow/dags/train.py", line 11, in <module>
    import matplotlib.pyplot as plt
ModuleNotFoundError: No module named 'matplotlib'
[2025-10-01 17:41:51,892] {processor.py:653} WARNING - No viable dags retrieved from /opt/airflow/dags/train.py
[2025-10-01 17:41:51,897] {processor.py:161} INFO - Processing /opt/airflow/dags/train.py took 0.410 seconds
[2025-10-01 17:42:22,059] {processor.py:153} INFO - Started process (PID=2651) to work on /opt/airflow/dags/train.py
[2025-10-01 17:42:22,060] {processor.py:641} INFO - Processing file /opt/airflow/dags/train.py for tasks to queue
[2025-10-01 17:42:22,060] {logging_mixin.py:115} INFO - [2025-10-01 17:42:22,060] {dagbag.py:507} INFO - Filling up the DagBag from /opt/airflow/dags/train.py
[2025-10-01 17:42:22,447] {logging_mixin.py:115} INFO - [2025-10-01 17:42:22,447] {dagbag.py:320} ERROR - Failed to import: /opt/airflow/dags/train.py
Traceback (most recent call last):
  File "/home/airflow/.local/lib/python3.7/site-packages/airflow/models/dagbag.py", line 317, in parse
    loader.exec_module(new_module)
  File "<frozen importlib._bootstrap_external>", line 728, in exec_module
  File "<frozen importlib._bootstrap>", line 219, in _call_with_frames_removed
  File "/opt/airflow/dags/train.py", line 11, in <module>
    import matplotlib.pyplot as plt
ModuleNotFoundError: No module named 'matplotlib'
[2025-10-01 17:42:22,447] {processor.py:653} WARNING - No viable dags retrieved from /opt/airflow/dags/train.py
[2025-10-01 17:42:22,452] {processor.py:161} INFO - Processing /opt/airflow/dags/train.py took 0.397 seconds
[2025-10-01 17:42:52,623] {processor.py:153} INFO - Started process (PID=2673) to work on /opt/airflow/dags/train.py
[2025-10-01 17:42:52,625] {processor.py:641} INFO - Processing file /opt/airflow/dags/train.py for tasks to queue
[2025-10-01 17:42:52,626] {logging_mixin.py:115} INFO - [2025-10-01 17:42:52,626] {dagbag.py:507} INFO - Filling up the DagBag from /opt/airflow/dags/train.py
[2025-10-01 17:42:52,997] {logging_mixin.py:115} INFO - [2025-10-01 17:42:52,996] {dagbag.py:320} ERROR - Failed to import: /opt/airflow/dags/train.py
Traceback (most recent call last):
  File "/home/airflow/.local/lib/python3.7/site-packages/airflow/models/dagbag.py", line 317, in parse
    loader.exec_module(new_module)
  File "<frozen importlib._bootstrap_external>", line 728, in exec_module
  File "<frozen importlib._bootstrap>", line 219, in _call_with_frames_removed
  File "/opt/airflow/dags/train.py", line 11, in <module>
    import matplotlib.pyplot as plt
ModuleNotFoundError: No module named 'matplotlib'
[2025-10-01 17:42:52,997] {processor.py:653} WARNING - No viable dags retrieved from /opt/airflow/dags/train.py
[2025-10-01 17:42:53,003] {processor.py:161} INFO - Processing /opt/airflow/dags/train.py took 0.384 seconds
[2025-10-01 17:43:23,208] {processor.py:153} INFO - Started process (PID=2695) to work on /opt/airflow/dags/train.py
[2025-10-01 17:43:23,208] {processor.py:641} INFO - Processing file /opt/airflow/dags/train.py for tasks to queue
[2025-10-01 17:43:23,209] {logging_mixin.py:115} INFO - [2025-10-01 17:43:23,209] {dagbag.py:507} INFO - Filling up the DagBag from /opt/airflow/dags/train.py
[2025-10-01 17:43:23,582] {logging_mixin.py:115} INFO - [2025-10-01 17:43:23,581] {dagbag.py:320} ERROR - Failed to import: /opt/airflow/dags/train.py
Traceback (most recent call last):
  File "/home/airflow/.local/lib/python3.7/site-packages/airflow/models/dagbag.py", line 317, in parse
    loader.exec_module(new_module)
  File "<frozen importlib._bootstrap_external>", line 728, in exec_module
  File "<frozen importlib._bootstrap>", line 219, in _call_with_frames_removed
  File "/opt/airflow/dags/train.py", line 11, in <module>
    import matplotlib.pyplot as plt
ModuleNotFoundError: No module named 'matplotlib'
[2025-10-01 17:43:23,582] {processor.py:653} WARNING - No viable dags retrieved from /opt/airflow/dags/train.py
[2025-10-01 17:43:23,587] {processor.py:161} INFO - Processing /opt/airflow/dags/train.py took 0.382 seconds
[2025-10-01 17:58:43,811] {processor.py:153} INFO - Started process (PID=3076) to work on /opt/airflow/dags/train.py
[2025-10-01 17:58:43,811] {processor.py:641} INFO - Processing file /opt/airflow/dags/train.py for tasks to queue
[2025-10-01 17:58:43,811] {logging_mixin.py:115} INFO - [2025-10-01 17:58:43,811] {dagbag.py:507} INFO - Filling up the DagBag from /opt/airflow/dags/train.py
[2025-10-01 17:58:44,188] {logging_mixin.py:115} INFO - [2025-10-01 17:58:44,187] {dagbag.py:320} ERROR - Failed to import: /opt/airflow/dags/train.py
Traceback (most recent call last):
  File "/home/airflow/.local/lib/python3.7/site-packages/airflow/models/dagbag.py", line 317, in parse
    loader.exec_module(new_module)
  File "<frozen importlib._bootstrap_external>", line 728, in exec_module
  File "<frozen importlib._bootstrap>", line 219, in _call_with_frames_removed
  File "/opt/airflow/dags/train.py", line 11, in <module>
    import matplotlib.pyplot as plt
ModuleNotFoundError: No module named 'matplotlib'
[2025-10-01 17:58:44,188] {processor.py:653} WARNING - No viable dags retrieved from /opt/airflow/dags/train.py
[2025-10-01 17:58:44,194] {processor.py:161} INFO - Processing /opt/airflow/dags/train.py took 0.385 seconds
[2025-10-01 17:59:14,517] {processor.py:153} INFO - Started process (PID=3103) to work on /opt/airflow/dags/train.py
[2025-10-01 17:59:14,518] {processor.py:641} INFO - Processing file /opt/airflow/dags/train.py for tasks to queue
[2025-10-01 17:59:14,518] {logging_mixin.py:115} INFO - [2025-10-01 17:59:14,518] {dagbag.py:507} INFO - Filling up the DagBag from /opt/airflow/dags/train.py
[2025-10-01 17:59:14,909] {logging_mixin.py:115} INFO - [2025-10-01 17:59:14,908] {dagbag.py:320} ERROR - Failed to import: /opt/airflow/dags/train.py
Traceback (most recent call last):
  File "/home/airflow/.local/lib/python3.7/site-packages/airflow/models/dagbag.py", line 317, in parse
    loader.exec_module(new_module)
  File "<frozen importlib._bootstrap_external>", line 728, in exec_module
  File "<frozen importlib._bootstrap>", line 219, in _call_with_frames_removed
  File "/opt/airflow/dags/train.py", line 11, in <module>
    import matplotlib.pyplot as plt
ModuleNotFoundError: No module named 'matplotlib'
[2025-10-01 17:59:14,910] {processor.py:653} WARNING - No viable dags retrieved from /opt/airflow/dags/train.py
[2025-10-01 17:59:14,916] {processor.py:161} INFO - Processing /opt/airflow/dags/train.py took 0.401 seconds
[2025-10-01 17:59:45,768] {processor.py:153} INFO - Started process (PID=3130) to work on /opt/airflow/dags/train.py
[2025-10-01 17:59:45,768] {processor.py:641} INFO - Processing file /opt/airflow/dags/train.py for tasks to queue
[2025-10-01 17:59:45,768] {logging_mixin.py:115} INFO - [2025-10-01 17:59:45,768] {dagbag.py:507} INFO - Filling up the DagBag from /opt/airflow/dags/train.py
[2025-10-01 17:59:46,122] {logging_mixin.py:115} INFO - [2025-10-01 17:59:46,122] {dagbag.py:320} ERROR - Failed to import: /opt/airflow/dags/train.py
Traceback (most recent call last):
  File "/home/airflow/.local/lib/python3.7/site-packages/airflow/models/dagbag.py", line 317, in parse
    loader.exec_module(new_module)
  File "<frozen importlib._bootstrap_external>", line 728, in exec_module
  File "<frozen importlib._bootstrap>", line 219, in _call_with_frames_removed
  File "/opt/airflow/dags/train.py", line 11, in <module>
    import matplotlib.pyplot as plt
ModuleNotFoundError: No module named 'matplotlib'
[2025-10-01 17:59:46,123] {processor.py:653} WARNING - No viable dags retrieved from /opt/airflow/dags/train.py
[2025-10-01 17:59:46,128] {processor.py:161} INFO - Processing /opt/airflow/dags/train.py took 0.363 seconds
[2025-10-01 18:00:16,359] {processor.py:153} INFO - Started process (PID=3154) to work on /opt/airflow/dags/train.py
[2025-10-01 18:00:16,359] {processor.py:641} INFO - Processing file /opt/airflow/dags/train.py for tasks to queue
[2025-10-01 18:00:16,360] {logging_mixin.py:115} INFO - [2025-10-01 18:00:16,360] {dagbag.py:507} INFO - Filling up the DagBag from /opt/airflow/dags/train.py
[2025-10-01 18:00:16,700] {logging_mixin.py:115} INFO - [2025-10-01 18:00:16,700] {dagbag.py:320} ERROR - Failed to import: /opt/airflow/dags/train.py
Traceback (most recent call last):
  File "/home/airflow/.local/lib/python3.7/site-packages/airflow/models/dagbag.py", line 317, in parse
    loader.exec_module(new_module)
  File "<frozen importlib._bootstrap_external>", line 728, in exec_module
  File "<frozen importlib._bootstrap>", line 219, in _call_with_frames_removed
  File "/opt/airflow/dags/train.py", line 11, in <module>
    import matplotlib.pyplot as plt
ModuleNotFoundError: No module named 'matplotlib'
[2025-10-01 18:00:16,701] {processor.py:653} WARNING - No viable dags retrieved from /opt/airflow/dags/train.py
[2025-10-01 18:00:16,706] {processor.py:161} INFO - Processing /opt/airflow/dags/train.py took 0.351 seconds
[2025-10-01 18:00:46,924] {processor.py:153} INFO - Started process (PID=3176) to work on /opt/airflow/dags/train.py
[2025-10-01 18:00:46,925] {processor.py:641} INFO - Processing file /opt/airflow/dags/train.py for tasks to queue
[2025-10-01 18:00:46,925] {logging_mixin.py:115} INFO - [2025-10-01 18:00:46,925] {dagbag.py:507} INFO - Filling up the DagBag from /opt/airflow/dags/train.py
[2025-10-01 18:00:47,273] {logging_mixin.py:115} INFO - [2025-10-01 18:00:47,272] {dagbag.py:320} ERROR - Failed to import: /opt/airflow/dags/train.py
Traceback (most recent call last):
  File "/home/airflow/.local/lib/python3.7/site-packages/airflow/models/dagbag.py", line 317, in parse
    loader.exec_module(new_module)
  File "<frozen importlib._bootstrap_external>", line 728, in exec_module
  File "<frozen importlib._bootstrap>", line 219, in _call_with_frames_removed
  File "/opt/airflow/dags/train.py", line 11, in <module>
    import matplotlib.pyplot as plt
ModuleNotFoundError: No module named 'matplotlib'
[2025-10-01 18:00:47,273] {processor.py:653} WARNING - No viable dags retrieved from /opt/airflow/dags/train.py
[2025-10-01 18:00:47,278] {processor.py:161} INFO - Processing /opt/airflow/dags/train.py took 0.357 seconds
[2025-10-01 18:01:17,489] {processor.py:153} INFO - Started process (PID=3198) to work on /opt/airflow/dags/train.py
[2025-10-01 18:01:17,490] {processor.py:641} INFO - Processing file /opt/airflow/dags/train.py for tasks to queue
[2025-10-01 18:01:17,491] {logging_mixin.py:115} INFO - [2025-10-01 18:01:17,490] {dagbag.py:507} INFO - Filling up the DagBag from /opt/airflow/dags/train.py
[2025-10-01 18:01:17,967] {logging_mixin.py:115} INFO - [2025-10-01 18:01:17,966] {dagbag.py:320} ERROR - Failed to import: /opt/airflow/dags/train.py
Traceback (most recent call last):
  File "/home/airflow/.local/lib/python3.7/site-packages/airflow/models/dagbag.py", line 317, in parse
    loader.exec_module(new_module)
  File "<frozen importlib._bootstrap_external>", line 728, in exec_module
  File "<frozen importlib._bootstrap>", line 219, in _call_with_frames_removed
  File "/opt/airflow/dags/train.py", line 11, in <module>
    import matplotlib.pyplot as plt
ModuleNotFoundError: No module named 'matplotlib'
[2025-10-01 18:01:17,967] {processor.py:653} WARNING - No viable dags retrieved from /opt/airflow/dags/train.py
[2025-10-01 18:01:17,977] {processor.py:161} INFO - Processing /opt/airflow/dags/train.py took 0.492 seconds
[2025-10-01 18:01:48,188] {processor.py:153} INFO - Started process (PID=3222) to work on /opt/airflow/dags/train.py
[2025-10-01 18:01:48,189] {processor.py:641} INFO - Processing file /opt/airflow/dags/train.py for tasks to queue
[2025-10-01 18:01:48,189] {logging_mixin.py:115} INFO - [2025-10-01 18:01:48,189] {dagbag.py:507} INFO - Filling up the DagBag from /opt/airflow/dags/train.py
[2025-10-01 18:01:48,572] {logging_mixin.py:115} INFO - [2025-10-01 18:01:48,571] {dagbag.py:320} ERROR - Failed to import: /opt/airflow/dags/train.py
Traceback (most recent call last):
  File "/home/airflow/.local/lib/python3.7/site-packages/airflow/models/dagbag.py", line 317, in parse
    loader.exec_module(new_module)
  File "<frozen importlib._bootstrap_external>", line 728, in exec_module
  File "<frozen importlib._bootstrap>", line 219, in _call_with_frames_removed
  File "/opt/airflow/dags/train.py", line 11, in <module>
    import matplotlib.pyplot as plt
ModuleNotFoundError: No module named 'matplotlib'
[2025-10-01 18:01:48,573] {processor.py:653} WARNING - No viable dags retrieved from /opt/airflow/dags/train.py
[2025-10-01 18:01:48,581] {processor.py:161} INFO - Processing /opt/airflow/dags/train.py took 0.395 seconds
[2025-10-01 18:02:18,779] {processor.py:153} INFO - Started process (PID=3244) to work on /opt/airflow/dags/train.py
[2025-10-01 18:02:18,779] {processor.py:641} INFO - Processing file /opt/airflow/dags/train.py for tasks to queue
[2025-10-01 18:02:18,780] {logging_mixin.py:115} INFO - [2025-10-01 18:02:18,780] {dagbag.py:507} INFO - Filling up the DagBag from /opt/airflow/dags/train.py
[2025-10-01 18:02:19,164] {logging_mixin.py:115} INFO - [2025-10-01 18:02:19,164] {dagbag.py:320} ERROR - Failed to import: /opt/airflow/dags/train.py
Traceback (most recent call last):
  File "/home/airflow/.local/lib/python3.7/site-packages/airflow/models/dagbag.py", line 317, in parse
    loader.exec_module(new_module)
  File "<frozen importlib._bootstrap_external>", line 728, in exec_module
  File "<frozen importlib._bootstrap>", line 219, in _call_with_frames_removed
  File "/opt/airflow/dags/train.py", line 11, in <module>
    import matplotlib.pyplot as plt
ModuleNotFoundError: No module named 'matplotlib'
[2025-10-01 18:02:19,165] {processor.py:653} WARNING - No viable dags retrieved from /opt/airflow/dags/train.py
[2025-10-01 18:02:19,171] {processor.py:161} INFO - Processing /opt/airflow/dags/train.py took 0.398 seconds
[2025-10-01 18:02:49,381] {processor.py:153} INFO - Started process (PID=3266) to work on /opt/airflow/dags/train.py
[2025-10-01 18:02:49,381] {processor.py:641} INFO - Processing file /opt/airflow/dags/train.py for tasks to queue
[2025-10-01 18:02:49,381] {logging_mixin.py:115} INFO - [2025-10-01 18:02:49,381] {dagbag.py:507} INFO - Filling up the DagBag from /opt/airflow/dags/train.py
[2025-10-01 18:02:49,773] {logging_mixin.py:115} INFO - [2025-10-01 18:02:49,773] {dagbag.py:320} ERROR - Failed to import: /opt/airflow/dags/train.py
Traceback (most recent call last):
  File "/home/airflow/.local/lib/python3.7/site-packages/airflow/models/dagbag.py", line 317, in parse
    loader.exec_module(new_module)
  File "<frozen importlib._bootstrap_external>", line 728, in exec_module
  File "<frozen importlib._bootstrap>", line 219, in _call_with_frames_removed
  File "/opt/airflow/dags/train.py", line 11, in <module>
    import matplotlib.pyplot as plt
ModuleNotFoundError: No module named 'matplotlib'
[2025-10-01 18:02:49,774] {processor.py:653} WARNING - No viable dags retrieved from /opt/airflow/dags/train.py
[2025-10-01 18:02:49,780] {processor.py:161} INFO - Processing /opt/airflow/dags/train.py took 0.402 seconds
[2025-10-01 18:03:20,005] {processor.py:153} INFO - Started process (PID=3288) to work on /opt/airflow/dags/train.py
[2025-10-01 18:03:20,005] {processor.py:641} INFO - Processing file /opt/airflow/dags/train.py for tasks to queue
[2025-10-01 18:03:20,006] {logging_mixin.py:115} INFO - [2025-10-01 18:03:20,006] {dagbag.py:507} INFO - Filling up the DagBag from /opt/airflow/dags/train.py
[2025-10-01 18:03:20,392] {logging_mixin.py:115} INFO - [2025-10-01 18:03:20,391] {dagbag.py:320} ERROR - Failed to import: /opt/airflow/dags/train.py
Traceback (most recent call last):
  File "/home/airflow/.local/lib/python3.7/site-packages/airflow/models/dagbag.py", line 317, in parse
    loader.exec_module(new_module)
  File "<frozen importlib._bootstrap_external>", line 728, in exec_module
  File "<frozen importlib._bootstrap>", line 219, in _call_with_frames_removed
  File "/opt/airflow/dags/train.py", line 11, in <module>
    import matplotlib.pyplot as plt
ModuleNotFoundError: No module named 'matplotlib'
[2025-10-01 18:03:20,392] {processor.py:653} WARNING - No viable dags retrieved from /opt/airflow/dags/train.py
[2025-10-01 18:03:20,398] {processor.py:161} INFO - Processing /opt/airflow/dags/train.py took 0.397 seconds
[2025-10-01 18:03:50,590] {processor.py:153} INFO - Started process (PID=3313) to work on /opt/airflow/dags/train.py
[2025-10-01 18:03:50,591] {processor.py:641} INFO - Processing file /opt/airflow/dags/train.py for tasks to queue
[2025-10-01 18:03:50,591] {logging_mixin.py:115} INFO - [2025-10-01 18:03:50,591] {dagbag.py:507} INFO - Filling up the DagBag from /opt/airflow/dags/train.py
[2025-10-01 18:03:51,001] {logging_mixin.py:115} INFO - [2025-10-01 18:03:51,001] {dagbag.py:320} ERROR - Failed to import: /opt/airflow/dags/train.py
Traceback (most recent call last):
  File "/home/airflow/.local/lib/python3.7/site-packages/airflow/models/dagbag.py", line 317, in parse
    loader.exec_module(new_module)
  File "<frozen importlib._bootstrap_external>", line 728, in exec_module
  File "<frozen importlib._bootstrap>", line 219, in _call_with_frames_removed
  File "/opt/airflow/dags/train.py", line 11, in <module>
    import matplotlib.pyplot as plt
ModuleNotFoundError: No module named 'matplotlib'
[2025-10-01 18:03:51,002] {processor.py:653} WARNING - No viable dags retrieved from /opt/airflow/dags/train.py
[2025-10-01 18:03:51,008] {processor.py:161} INFO - Processing /opt/airflow/dags/train.py took 0.421 seconds
[2025-10-01 18:04:21,233] {processor.py:153} INFO - Started process (PID=3335) to work on /opt/airflow/dags/train.py
[2025-10-01 18:04:21,233] {processor.py:641} INFO - Processing file /opt/airflow/dags/train.py for tasks to queue
[2025-10-01 18:04:21,234] {logging_mixin.py:115} INFO - [2025-10-01 18:04:21,234] {dagbag.py:507} INFO - Filling up the DagBag from /opt/airflow/dags/train.py
[2025-10-01 18:04:21,580] {logging_mixin.py:115} INFO - [2025-10-01 18:04:21,580] {dagbag.py:320} ERROR - Failed to import: /opt/airflow/dags/train.py
Traceback (most recent call last):
  File "/home/airflow/.local/lib/python3.7/site-packages/airflow/models/dagbag.py", line 317, in parse
    loader.exec_module(new_module)
  File "<frozen importlib._bootstrap_external>", line 728, in exec_module
  File "<frozen importlib._bootstrap>", line 219, in _call_with_frames_removed
  File "/opt/airflow/dags/train.py", line 11, in <module>
    import matplotlib.pyplot as plt
ModuleNotFoundError: No module named 'matplotlib'
[2025-10-01 18:04:21,580] {processor.py:653} WARNING - No viable dags retrieved from /opt/airflow/dags/train.py
[2025-10-01 18:04:21,586] {processor.py:161} INFO - Processing /opt/airflow/dags/train.py took 0.358 seconds
[2025-10-01 18:04:51,825] {processor.py:153} INFO - Started process (PID=3357) to work on /opt/airflow/dags/train.py
[2025-10-01 18:04:51,825] {processor.py:641} INFO - Processing file /opt/airflow/dags/train.py for tasks to queue
[2025-10-01 18:04:51,826] {logging_mixin.py:115} INFO - [2025-10-01 18:04:51,826] {dagbag.py:507} INFO - Filling up the DagBag from /opt/airflow/dags/train.py
[2025-10-01 18:04:52,187] {logging_mixin.py:115} INFO - [2025-10-01 18:04:52,187] {dagbag.py:320} ERROR - Failed to import: /opt/airflow/dags/train.py
Traceback (most recent call last):
  File "/home/airflow/.local/lib/python3.7/site-packages/airflow/models/dagbag.py", line 317, in parse
    loader.exec_module(new_module)
  File "<frozen importlib._bootstrap_external>", line 728, in exec_module
  File "<frozen importlib._bootstrap>", line 219, in _call_with_frames_removed
  File "/opt/airflow/dags/train.py", line 11, in <module>
    import matplotlib.pyplot as plt
ModuleNotFoundError: No module named 'matplotlib'
[2025-10-01 18:04:52,188] {processor.py:653} WARNING - No viable dags retrieved from /opt/airflow/dags/train.py
[2025-10-01 18:04:52,194] {processor.py:161} INFO - Processing /opt/airflow/dags/train.py took 0.372 seconds
[2025-10-01 18:05:22,439] {processor.py:153} INFO - Started process (PID=3385) to work on /opt/airflow/dags/train.py
[2025-10-01 18:05:22,439] {processor.py:641} INFO - Processing file /opt/airflow/dags/train.py for tasks to queue
[2025-10-01 18:05:22,440] {logging_mixin.py:115} INFO - [2025-10-01 18:05:22,440] {dagbag.py:507} INFO - Filling up the DagBag from /opt/airflow/dags/train.py
[2025-10-01 18:05:22,787] {logging_mixin.py:115} INFO - [2025-10-01 18:05:22,787] {dagbag.py:320} ERROR - Failed to import: /opt/airflow/dags/train.py
Traceback (most recent call last):
  File "/home/airflow/.local/lib/python3.7/site-packages/airflow/models/dagbag.py", line 317, in parse
    loader.exec_module(new_module)
  File "<frozen importlib._bootstrap_external>", line 728, in exec_module
  File "<frozen importlib._bootstrap>", line 219, in _call_with_frames_removed
  File "/opt/airflow/dags/train.py", line 11, in <module>
    import matplotlib.pyplot as plt
ModuleNotFoundError: No module named 'matplotlib'
[2025-10-01 18:05:22,788] {processor.py:653} WARNING - No viable dags retrieved from /opt/airflow/dags/train.py
[2025-10-01 18:05:22,793] {processor.py:161} INFO - Processing /opt/airflow/dags/train.py took 0.358 seconds
[2025-10-01 18:05:53,021] {processor.py:153} INFO - Started process (PID=3415) to work on /opt/airflow/dags/train.py
[2025-10-01 18:05:53,022] {processor.py:641} INFO - Processing file /opt/airflow/dags/train.py for tasks to queue
[2025-10-01 18:05:53,023] {logging_mixin.py:115} INFO - [2025-10-01 18:05:53,023] {dagbag.py:507} INFO - Filling up the DagBag from /opt/airflow/dags/train.py
[2025-10-01 18:05:53,412] {logging_mixin.py:115} INFO - [2025-10-01 18:05:53,411] {dagbag.py:320} ERROR - Failed to import: /opt/airflow/dags/train.py
Traceback (most recent call last):
  File "/home/airflow/.local/lib/python3.7/site-packages/airflow/models/dagbag.py", line 317, in parse
    loader.exec_module(new_module)
  File "<frozen importlib._bootstrap_external>", line 728, in exec_module
  File "<frozen importlib._bootstrap>", line 219, in _call_with_frames_removed
  File "/opt/airflow/dags/train.py", line 11, in <module>
    import matplotlib.pyplot as plt
ModuleNotFoundError: No module named 'matplotlib'
[2025-10-01 18:05:53,412] {processor.py:653} WARNING - No viable dags retrieved from /opt/airflow/dags/train.py
[2025-10-01 18:05:53,418] {processor.py:161} INFO - Processing /opt/airflow/dags/train.py took 0.401 seconds
[2025-10-01 18:06:23,654] {processor.py:153} INFO - Started process (PID=3439) to work on /opt/airflow/dags/train.py
[2025-10-01 18:06:23,655] {processor.py:641} INFO - Processing file /opt/airflow/dags/train.py for tasks to queue
[2025-10-01 18:06:23,655] {logging_mixin.py:115} INFO - [2025-10-01 18:06:23,655] {dagbag.py:507} INFO - Filling up the DagBag from /opt/airflow/dags/train.py
[2025-10-01 18:06:24,048] {logging_mixin.py:115} INFO - [2025-10-01 18:06:24,047] {dagbag.py:320} ERROR - Failed to import: /opt/airflow/dags/train.py
Traceback (most recent call last):
  File "/home/airflow/.local/lib/python3.7/site-packages/airflow/models/dagbag.py", line 317, in parse
    loader.exec_module(new_module)
  File "<frozen importlib._bootstrap_external>", line 728, in exec_module
  File "<frozen importlib._bootstrap>", line 219, in _call_with_frames_removed
  File "/opt/airflow/dags/train.py", line 11, in <module>
    import matplotlib.pyplot as plt
ModuleNotFoundError: No module named 'matplotlib'
[2025-10-01 18:06:24,048] {processor.py:653} WARNING - No viable dags retrieved from /opt/airflow/dags/train.py
[2025-10-01 18:06:24,054] {processor.py:161} INFO - Processing /opt/airflow/dags/train.py took 0.403 seconds
[2025-10-01 18:06:54,250] {processor.py:153} INFO - Started process (PID=3461) to work on /opt/airflow/dags/train.py
[2025-10-01 18:06:54,250] {processor.py:641} INFO - Processing file /opt/airflow/dags/train.py for tasks to queue
[2025-10-01 18:06:54,251] {logging_mixin.py:115} INFO - [2025-10-01 18:06:54,251] {dagbag.py:507} INFO - Filling up the DagBag from /opt/airflow/dags/train.py
[2025-10-01 18:06:54,640] {logging_mixin.py:115} INFO - [2025-10-01 18:06:54,639] {dagbag.py:320} ERROR - Failed to import: /opt/airflow/dags/train.py
Traceback (most recent call last):
  File "/home/airflow/.local/lib/python3.7/site-packages/airflow/models/dagbag.py", line 317, in parse
    loader.exec_module(new_module)
  File "<frozen importlib._bootstrap_external>", line 728, in exec_module
  File "<frozen importlib._bootstrap>", line 219, in _call_with_frames_removed
  File "/opt/airflow/dags/train.py", line 11, in <module>
    import matplotlib.pyplot as plt
ModuleNotFoundError: No module named 'matplotlib'
[2025-10-01 18:06:54,640] {processor.py:653} WARNING - No viable dags retrieved from /opt/airflow/dags/train.py
[2025-10-01 18:06:54,646] {processor.py:161} INFO - Processing /opt/airflow/dags/train.py took 0.400 seconds
[2025-10-01 18:07:24,879] {processor.py:153} INFO - Started process (PID=3483) to work on /opt/airflow/dags/train.py
[2025-10-01 18:07:24,880] {processor.py:641} INFO - Processing file /opt/airflow/dags/train.py for tasks to queue
[2025-10-01 18:07:24,880] {logging_mixin.py:115} INFO - [2025-10-01 18:07:24,880] {dagbag.py:507} INFO - Filling up the DagBag from /opt/airflow/dags/train.py
[2025-10-01 18:07:25,213] {logging_mixin.py:115} INFO - [2025-10-01 18:07:25,213] {dagbag.py:320} ERROR - Failed to import: /opt/airflow/dags/train.py
Traceback (most recent call last):
  File "/home/airflow/.local/lib/python3.7/site-packages/airflow/models/dagbag.py", line 317, in parse
    loader.exec_module(new_module)
  File "<frozen importlib._bootstrap_external>", line 728, in exec_module
  File "<frozen importlib._bootstrap>", line 219, in _call_with_frames_removed
  File "/opt/airflow/dags/train.py", line 11, in <module>
    import matplotlib.pyplot as plt
ModuleNotFoundError: No module named 'matplotlib'
[2025-10-01 18:07:25,214] {processor.py:653} WARNING - No viable dags retrieved from /opt/airflow/dags/train.py
[2025-10-01 18:07:25,220] {processor.py:161} INFO - Processing /opt/airflow/dags/train.py took 0.343 seconds
[2025-10-01 18:07:55,472] {processor.py:153} INFO - Started process (PID=3505) to work on /opt/airflow/dags/train.py
[2025-10-01 18:07:55,473] {processor.py:641} INFO - Processing file /opt/airflow/dags/train.py for tasks to queue
[2025-10-01 18:07:55,473] {logging_mixin.py:115} INFO - [2025-10-01 18:07:55,473] {dagbag.py:507} INFO - Filling up the DagBag from /opt/airflow/dags/train.py
[2025-10-01 18:07:55,826] {logging_mixin.py:115} INFO - [2025-10-01 18:07:55,826] {dagbag.py:320} ERROR - Failed to import: /opt/airflow/dags/train.py
Traceback (most recent call last):
  File "/home/airflow/.local/lib/python3.7/site-packages/airflow/models/dagbag.py", line 317, in parse
    loader.exec_module(new_module)
  File "<frozen importlib._bootstrap_external>", line 728, in exec_module
  File "<frozen importlib._bootstrap>", line 219, in _call_with_frames_removed
  File "/opt/airflow/dags/train.py", line 11, in <module>
    import matplotlib.pyplot as plt
ModuleNotFoundError: No module named 'matplotlib'
[2025-10-01 18:07:55,827] {processor.py:653} WARNING - No viable dags retrieved from /opt/airflow/dags/train.py
[2025-10-01 18:07:55,832] {processor.py:161} INFO - Processing /opt/airflow/dags/train.py took 0.364 seconds
[2025-10-01 18:08:26,060] {processor.py:153} INFO - Started process (PID=3527) to work on /opt/airflow/dags/train.py
[2025-10-01 18:08:26,061] {processor.py:641} INFO - Processing file /opt/airflow/dags/train.py for tasks to queue
[2025-10-01 18:08:26,062] {logging_mixin.py:115} INFO - [2025-10-01 18:08:26,062] {dagbag.py:507} INFO - Filling up the DagBag from /opt/airflow/dags/train.py
[2025-10-01 18:08:26,477] {logging_mixin.py:115} INFO - [2025-10-01 18:08:26,476] {dagbag.py:320} ERROR - Failed to import: /opt/airflow/dags/train.py
Traceback (most recent call last):
  File "/home/airflow/.local/lib/python3.7/site-packages/airflow/models/dagbag.py", line 317, in parse
    loader.exec_module(new_module)
  File "<frozen importlib._bootstrap_external>", line 728, in exec_module
  File "<frozen importlib._bootstrap>", line 219, in _call_with_frames_removed
  File "/opt/airflow/dags/train.py", line 11, in <module>
    import matplotlib.pyplot as plt
ModuleNotFoundError: No module named 'matplotlib'
[2025-10-01 18:08:26,477] {processor.py:653} WARNING - No viable dags retrieved from /opt/airflow/dags/train.py
[2025-10-01 18:08:26,484] {processor.py:161} INFO - Processing /opt/airflow/dags/train.py took 0.428 seconds
[2025-10-01 18:08:56,625] {processor.py:153} INFO - Started process (PID=3549) to work on /opt/airflow/dags/train.py
[2025-10-01 18:08:56,626] {processor.py:641} INFO - Processing file /opt/airflow/dags/train.py for tasks to queue
[2025-10-01 18:08:56,627] {logging_mixin.py:115} INFO - [2025-10-01 18:08:56,627] {dagbag.py:507} INFO - Filling up the DagBag from /opt/airflow/dags/train.py
[2025-10-01 18:08:57,336] {logging_mixin.py:115} INFO - [2025-10-01 18:08:57,335] {dagbag.py:320} ERROR - Failed to import: /opt/airflow/dags/train.py
Traceback (most recent call last):
  File "/home/airflow/.local/lib/python3.7/site-packages/airflow/models/dagbag.py", line 317, in parse
    loader.exec_module(new_module)
  File "<frozen importlib._bootstrap_external>", line 728, in exec_module
  File "<frozen importlib._bootstrap>", line 219, in _call_with_frames_removed
  File "/opt/airflow/dags/train.py", line 11, in <module>
    import matplotlib.pyplot as plt
ModuleNotFoundError: No module named 'matplotlib'
[2025-10-01 18:08:57,336] {processor.py:653} WARNING - No viable dags retrieved from /opt/airflow/dags/train.py
[2025-10-01 18:08:57,346] {processor.py:161} INFO - Processing /opt/airflow/dags/train.py took 0.740 seconds
[2025-10-01 18:09:27,860] {processor.py:153} INFO - Started process (PID=3571) to work on /opt/airflow/dags/train.py
[2025-10-01 18:09:27,861] {processor.py:641} INFO - Processing file /opt/airflow/dags/train.py for tasks to queue
[2025-10-01 18:09:27,861] {logging_mixin.py:115} INFO - [2025-10-01 18:09:27,861] {dagbag.py:507} INFO - Filling up the DagBag from /opt/airflow/dags/train.py
[2025-10-01 18:09:28,519] {logging_mixin.py:115} INFO - [2025-10-01 18:09:28,519] {dagbag.py:320} ERROR - Failed to import: /opt/airflow/dags/train.py
Traceback (most recent call last):
  File "/home/airflow/.local/lib/python3.7/site-packages/airflow/models/dagbag.py", line 317, in parse
    loader.exec_module(new_module)
  File "<frozen importlib._bootstrap_external>", line 728, in exec_module
  File "<frozen importlib._bootstrap>", line 219, in _call_with_frames_removed
  File "/opt/airflow/dags/train.py", line 11, in <module>
    import matplotlib.pyplot as plt
ModuleNotFoundError: No module named 'matplotlib'
[2025-10-01 18:09:28,520] {processor.py:653} WARNING - No viable dags retrieved from /opt/airflow/dags/train.py
[2025-10-01 18:09:28,533] {processor.py:161} INFO - Processing /opt/airflow/dags/train.py took 0.675 seconds
[2025-10-01 18:09:58,969] {processor.py:153} INFO - Started process (PID=3593) to work on /opt/airflow/dags/train.py
[2025-10-01 18:09:58,969] {processor.py:641} INFO - Processing file /opt/airflow/dags/train.py for tasks to queue
[2025-10-01 18:09:58,970] {logging_mixin.py:115} INFO - [2025-10-01 18:09:58,970] {dagbag.py:507} INFO - Filling up the DagBag from /opt/airflow/dags/train.py
[2025-10-01 18:09:59,672] {logging_mixin.py:115} INFO - [2025-10-01 18:09:59,671] {dagbag.py:320} ERROR - Failed to import: /opt/airflow/dags/train.py
Traceback (most recent call last):
  File "/home/airflow/.local/lib/python3.7/site-packages/airflow/models/dagbag.py", line 317, in parse
    loader.exec_module(new_module)
  File "<frozen importlib._bootstrap_external>", line 728, in exec_module
  File "<frozen importlib._bootstrap>", line 219, in _call_with_frames_removed
  File "/opt/airflow/dags/train.py", line 11, in <module>
    import matplotlib.pyplot as plt
ModuleNotFoundError: No module named 'matplotlib'
[2025-10-01 18:09:59,672] {processor.py:653} WARNING - No viable dags retrieved from /opt/airflow/dags/train.py
[2025-10-01 18:09:59,688] {processor.py:161} INFO - Processing /opt/airflow/dags/train.py took 0.723 seconds
[2025-10-01 18:10:55,014] {processor.py:153} INFO - Started process (PID=175) to work on /opt/airflow/dags/train.py
[2025-10-01 18:10:55,015] {processor.py:641} INFO - Processing file /opt/airflow/dags/train.py for tasks to queue
[2025-10-01 18:10:55,015] {logging_mixin.py:115} INFO - [2025-10-01 18:10:55,015] {dagbag.py:507} INFO - Filling up the DagBag from /opt/airflow/dags/train.py
[2025-10-01 18:10:56,282] {logging_mixin.py:115} INFO - [2025-10-01 18:10:56,282] {font_manager.py:1443} INFO - generated new fontManager
[2025-10-01 18:10:56,459] {logging_mixin.py:115} INFO - [2025-10-01 18:10:56,458] {dagbag.py:320} ERROR - Failed to import: /opt/airflow/dags/train.py
Traceback (most recent call last):
  File "/home/airflow/.local/lib/python3.7/site-packages/airflow/models/dagbag.py", line 317, in parse
    loader.exec_module(new_module)
  File "<frozen importlib._bootstrap_external>", line 728, in exec_module
  File "<frozen importlib._bootstrap>", line 219, in _call_with_frames_removed
  File "/opt/airflow/dags/train.py", line 12, in <module>
    import seaborn as sns
ModuleNotFoundError: No module named 'seaborn'
[2025-10-01 18:10:56,459] {processor.py:653} WARNING - No viable dags retrieved from /opt/airflow/dags/train.py
[2025-10-01 18:10:56,467] {processor.py:161} INFO - Processing /opt/airflow/dags/train.py took 1.455 seconds
[2025-10-01 18:11:26,664] {processor.py:153} INFO - Started process (PID=206) to work on /opt/airflow/dags/train.py
[2025-10-01 18:11:26,664] {processor.py:641} INFO - Processing file /opt/airflow/dags/train.py for tasks to queue
[2025-10-01 18:11:26,665] {logging_mixin.py:115} INFO - [2025-10-01 18:11:26,665] {dagbag.py:507} INFO - Filling up the DagBag from /opt/airflow/dags/train.py
[2025-10-01 18:11:27,467] {logging_mixin.py:115} INFO - [2025-10-01 18:11:27,467] {dagbag.py:320} ERROR - Failed to import: /opt/airflow/dags/train.py
Traceback (most recent call last):
  File "/home/airflow/.local/lib/python3.7/site-packages/airflow/models/dagbag.py", line 317, in parse
    loader.exec_module(new_module)
  File "<frozen importlib._bootstrap_external>", line 728, in exec_module
  File "<frozen importlib._bootstrap>", line 219, in _call_with_frames_removed
  File "/opt/airflow/dags/train.py", line 12, in <module>
    import seaborn as sns
ModuleNotFoundError: No module named 'seaborn'
[2025-10-01 18:11:27,468] {processor.py:653} WARNING - No viable dags retrieved from /opt/airflow/dags/train.py
[2025-10-01 18:11:27,481] {processor.py:161} INFO - Processing /opt/airflow/dags/train.py took 0.820 seconds
[2025-10-01 18:11:57,622] {processor.py:153} INFO - Started process (PID=233) to work on /opt/airflow/dags/train.py
[2025-10-01 18:11:57,624] {processor.py:641} INFO - Processing file /opt/airflow/dags/train.py for tasks to queue
[2025-10-01 18:11:57,624] {logging_mixin.py:115} INFO - [2025-10-01 18:11:57,624] {dagbag.py:507} INFO - Filling up the DagBag from /opt/airflow/dags/train.py
[2025-10-01 18:11:58,348] {logging_mixin.py:115} INFO - [2025-10-01 18:11:58,347] {dagbag.py:320} ERROR - Failed to import: /opt/airflow/dags/train.py
Traceback (most recent call last):
  File "/home/airflow/.local/lib/python3.7/site-packages/airflow/models/dagbag.py", line 317, in parse
    loader.exec_module(new_module)
  File "<frozen importlib._bootstrap_external>", line 728, in exec_module
  File "<frozen importlib._bootstrap>", line 219, in _call_with_frames_removed
  File "/opt/airflow/dags/train.py", line 12, in <module>
    import seaborn as sns
ModuleNotFoundError: No module named 'seaborn'
[2025-10-01 18:11:58,348] {processor.py:653} WARNING - No viable dags retrieved from /opt/airflow/dags/train.py
[2025-10-01 18:11:58,355] {processor.py:161} INFO - Processing /opt/airflow/dags/train.py took 0.736 seconds
[2025-10-01 18:12:28,720] {processor.py:153} INFO - Started process (PID=252) to work on /opt/airflow/dags/train.py
[2025-10-01 18:12:28,720] {processor.py:641} INFO - Processing file /opt/airflow/dags/train.py for tasks to queue
[2025-10-01 18:12:28,721] {logging_mixin.py:115} INFO - [2025-10-01 18:12:28,721] {dagbag.py:507} INFO - Filling up the DagBag from /opt/airflow/dags/train.py
[2025-10-01 18:12:29,463] {logging_mixin.py:115} INFO - [2025-10-01 18:12:29,463] {dagbag.py:320} ERROR - Failed to import: /opt/airflow/dags/train.py
Traceback (most recent call last):
  File "/home/airflow/.local/lib/python3.7/site-packages/airflow/models/dagbag.py", line 317, in parse
    loader.exec_module(new_module)
  File "<frozen importlib._bootstrap_external>", line 728, in exec_module
  File "<frozen importlib._bootstrap>", line 219, in _call_with_frames_removed
  File "/opt/airflow/dags/train.py", line 12, in <module>
    import seaborn as sns
ModuleNotFoundError: No module named 'seaborn'
[2025-10-01 18:12:29,464] {processor.py:653} WARNING - No viable dags retrieved from /opt/airflow/dags/train.py
[2025-10-01 18:12:29,470] {processor.py:161} INFO - Processing /opt/airflow/dags/train.py took 0.755 seconds
[2025-10-01 18:12:59,497] {processor.py:153} INFO - Started process (PID=277) to work on /opt/airflow/dags/train.py
[2025-10-01 18:12:59,499] {processor.py:641} INFO - Processing file /opt/airflow/dags/train.py for tasks to queue
[2025-10-01 18:12:59,499] {logging_mixin.py:115} INFO - [2025-10-01 18:12:59,499] {dagbag.py:507} INFO - Filling up the DagBag from /opt/airflow/dags/train.py
[2025-10-01 18:13:00,036] {logging_mixin.py:115} INFO - [2025-10-01 18:13:00,036] {dagbag.py:320} ERROR - Failed to import: /opt/airflow/dags/train.py
Traceback (most recent call last):
  File "/home/airflow/.local/lib/python3.7/site-packages/airflow/models/dagbag.py", line 317, in parse
    loader.exec_module(new_module)
  File "<frozen importlib._bootstrap_external>", line 728, in exec_module
  File "<frozen importlib._bootstrap>", line 219, in _call_with_frames_removed
  File "/opt/airflow/dags/train.py", line 12, in <module>
    import seaborn as sns
ModuleNotFoundError: No module named 'seaborn'
[2025-10-01 18:13:00,037] {processor.py:653} WARNING - No viable dags retrieved from /opt/airflow/dags/train.py
[2025-10-01 18:13:00,043] {processor.py:161} INFO - Processing /opt/airflow/dags/train.py took 0.548 seconds
[2025-10-01 18:13:30,100] {processor.py:153} INFO - Started process (PID=299) to work on /opt/airflow/dags/train.py
[2025-10-01 18:13:30,100] {processor.py:641} INFO - Processing file /opt/airflow/dags/train.py for tasks to queue
[2025-10-01 18:13:30,100] {logging_mixin.py:115} INFO - [2025-10-01 18:13:30,100] {dagbag.py:507} INFO - Filling up the DagBag from /opt/airflow/dags/train.py
[2025-10-01 18:13:30,648] {logging_mixin.py:115} INFO - [2025-10-01 18:13:30,648] {dagbag.py:320} ERROR - Failed to import: /opt/airflow/dags/train.py
Traceback (most recent call last):
  File "/home/airflow/.local/lib/python3.7/site-packages/airflow/models/dagbag.py", line 317, in parse
    loader.exec_module(new_module)
  File "<frozen importlib._bootstrap_external>", line 728, in exec_module
  File "<frozen importlib._bootstrap>", line 219, in _call_with_frames_removed
  File "/opt/airflow/dags/train.py", line 12, in <module>
    import seaborn as sns
ModuleNotFoundError: No module named 'seaborn'
[2025-10-01 18:13:30,648] {processor.py:653} WARNING - No viable dags retrieved from /opt/airflow/dags/train.py
[2025-10-01 18:13:30,654] {processor.py:161} INFO - Processing /opt/airflow/dags/train.py took 0.556 seconds
[2025-10-01 18:14:00,700] {processor.py:153} INFO - Started process (PID=318) to work on /opt/airflow/dags/train.py
[2025-10-01 18:14:00,701] {processor.py:641} INFO - Processing file /opt/airflow/dags/train.py for tasks to queue
[2025-10-01 18:14:00,701] {logging_mixin.py:115} INFO - [2025-10-01 18:14:00,701] {dagbag.py:507} INFO - Filling up the DagBag from /opt/airflow/dags/train.py
[2025-10-01 18:14:01,413] {logging_mixin.py:115} INFO - [2025-10-01 18:14:01,412] {dagbag.py:320} ERROR - Failed to import: /opt/airflow/dags/train.py
Traceback (most recent call last):
  File "/home/airflow/.local/lib/python3.7/site-packages/airflow/models/dagbag.py", line 317, in parse
    loader.exec_module(new_module)
  File "<frozen importlib._bootstrap_external>", line 728, in exec_module
  File "<frozen importlib._bootstrap>", line 219, in _call_with_frames_removed
  File "/opt/airflow/dags/train.py", line 12, in <module>
    import seaborn as sns
ModuleNotFoundError: No module named 'seaborn'
[2025-10-01 18:14:01,413] {processor.py:653} WARNING - No viable dags retrieved from /opt/airflow/dags/train.py
[2025-10-01 18:14:01,420] {processor.py:161} INFO - Processing /opt/airflow/dags/train.py took 0.724 seconds
[2025-10-01 18:14:31,498] {processor.py:153} INFO - Started process (PID=343) to work on /opt/airflow/dags/train.py
[2025-10-01 18:14:31,499] {processor.py:641} INFO - Processing file /opt/airflow/dags/train.py for tasks to queue
[2025-10-01 18:14:31,499] {logging_mixin.py:115} INFO - [2025-10-01 18:14:31,499] {dagbag.py:507} INFO - Filling up the DagBag from /opt/airflow/dags/train.py
[2025-10-01 18:14:32,195] {logging_mixin.py:115} INFO - [2025-10-01 18:14:32,194] {dagbag.py:320} ERROR - Failed to import: /opt/airflow/dags/train.py
Traceback (most recent call last):
  File "/home/airflow/.local/lib/python3.7/site-packages/airflow/models/dagbag.py", line 317, in parse
    loader.exec_module(new_module)
  File "<frozen importlib._bootstrap_external>", line 728, in exec_module
  File "<frozen importlib._bootstrap>", line 219, in _call_with_frames_removed
  File "/opt/airflow/dags/train.py", line 12, in <module>
    import seaborn as sns
ModuleNotFoundError: No module named 'seaborn'
[2025-10-01 18:14:32,195] {processor.py:653} WARNING - No viable dags retrieved from /opt/airflow/dags/train.py
[2025-10-01 18:14:32,201] {processor.py:161} INFO - Processing /opt/airflow/dags/train.py took 0.705 seconds
[2025-10-01 18:15:02,229] {processor.py:153} INFO - Started process (PID=365) to work on /opt/airflow/dags/train.py
[2025-10-01 18:15:02,229] {processor.py:641} INFO - Processing file /opt/airflow/dags/train.py for tasks to queue
[2025-10-01 18:15:02,231] {logging_mixin.py:115} INFO - [2025-10-01 18:15:02,231] {dagbag.py:507} INFO - Filling up the DagBag from /opt/airflow/dags/train.py
[2025-10-01 18:15:02,962] {logging_mixin.py:115} INFO - [2025-10-01 18:15:02,961] {dagbag.py:320} ERROR - Failed to import: /opt/airflow/dags/train.py
Traceback (most recent call last):
  File "/home/airflow/.local/lib/python3.7/site-packages/airflow/models/dagbag.py", line 317, in parse
    loader.exec_module(new_module)
  File "<frozen importlib._bootstrap_external>", line 728, in exec_module
  File "<frozen importlib._bootstrap>", line 219, in _call_with_frames_removed
  File "/opt/airflow/dags/train.py", line 12, in <module>
    import seaborn as sns
ModuleNotFoundError: No module named 'seaborn'
[2025-10-01 18:15:02,963] {processor.py:653} WARNING - No viable dags retrieved from /opt/airflow/dags/train.py
[2025-10-01 18:15:02,970] {processor.py:161} INFO - Processing /opt/airflow/dags/train.py took 0.744 seconds
[2025-10-01 18:15:33,172] {processor.py:153} INFO - Started process (PID=384) to work on /opt/airflow/dags/train.py
[2025-10-01 18:15:33,176] {processor.py:641} INFO - Processing file /opt/airflow/dags/train.py for tasks to queue
[2025-10-01 18:15:33,177] {logging_mixin.py:115} INFO - [2025-10-01 18:15:33,177] {dagbag.py:507} INFO - Filling up the DagBag from /opt/airflow/dags/train.py
[2025-10-01 18:15:34,160] {logging_mixin.py:115} INFO - [2025-10-01 18:15:34,159] {dagbag.py:320} ERROR - Failed to import: /opt/airflow/dags/train.py
Traceback (most recent call last):
  File "/home/airflow/.local/lib/python3.7/site-packages/airflow/models/dagbag.py", line 317, in parse
    loader.exec_module(new_module)
  File "<frozen importlib._bootstrap_external>", line 728, in exec_module
  File "<frozen importlib._bootstrap>", line 219, in _call_with_frames_removed
  File "/opt/airflow/dags/train.py", line 12, in <module>
    import seaborn as sns
ModuleNotFoundError: No module named 'seaborn'
[2025-10-01 18:15:34,161] {processor.py:653} WARNING - No viable dags retrieved from /opt/airflow/dags/train.py
[2025-10-01 18:15:34,172] {processor.py:161} INFO - Processing /opt/airflow/dags/train.py took 1.002 seconds
[2025-10-01 18:16:46,691] {processor.py:153} INFO - Started process (PID=175) to work on /opt/airflow/dags/train.py
[2025-10-01 18:16:46,692] {processor.py:641} INFO - Processing file /opt/airflow/dags/train.py for tasks to queue
[2025-10-01 18:16:46,692] {logging_mixin.py:115} INFO - [2025-10-01 18:16:46,692] {dagbag.py:507} INFO - Filling up the DagBag from /opt/airflow/dags/train.py
[2025-10-01 18:16:48,344] {logging_mixin.py:115} INFO - [2025-10-01 18:16:48,344] {font_manager.py:1443} INFO - generated new fontManager
[2025-10-01 18:16:48,681] {processor.py:653} WARNING - No viable dags retrieved from /opt/airflow/dags/train.py
[2025-10-01 18:16:48,694] {processor.py:161} INFO - Processing /opt/airflow/dags/train.py took 2.004 seconds
[2025-10-01 18:17:19,132] {processor.py:153} INFO - Started process (PID=212) to work on /opt/airflow/dags/train.py
[2025-10-01 18:17:19,133] {processor.py:641} INFO - Processing file /opt/airflow/dags/train.py for tasks to queue
[2025-10-01 18:17:19,134] {logging_mixin.py:115} INFO - [2025-10-01 18:17:19,134] {dagbag.py:507} INFO - Filling up the DagBag from /opt/airflow/dags/train.py
[2025-10-01 18:17:19,751] {processor.py:653} WARNING - No viable dags retrieved from /opt/airflow/dags/train.py
[2025-10-01 18:17:19,756] {processor.py:161} INFO - Processing /opt/airflow/dags/train.py took 0.628 seconds
[2025-10-01 18:17:50,158] {processor.py:153} INFO - Started process (PID=234) to work on /opt/airflow/dags/train.py
[2025-10-01 18:17:50,159] {processor.py:641} INFO - Processing file /opt/airflow/dags/train.py for tasks to queue
[2025-10-01 18:17:50,160] {logging_mixin.py:115} INFO - [2025-10-01 18:17:50,159] {dagbag.py:507} INFO - Filling up the DagBag from /opt/airflow/dags/train.py
[2025-10-01 18:17:50,803] {processor.py:653} WARNING - No viable dags retrieved from /opt/airflow/dags/train.py
[2025-10-01 18:17:50,808] {processor.py:161} INFO - Processing /opt/airflow/dags/train.py took 0.656 seconds
[2025-10-01 18:18:20,966] {processor.py:153} INFO - Started process (PID=256) to work on /opt/airflow/dags/train.py
[2025-10-01 18:18:20,967] {processor.py:641} INFO - Processing file /opt/airflow/dags/train.py for tasks to queue
[2025-10-01 18:18:20,967] {logging_mixin.py:115} INFO - [2025-10-01 18:18:20,967] {dagbag.py:507} INFO - Filling up the DagBag from /opt/airflow/dags/train.py
[2025-10-01 18:18:21,511] {processor.py:653} WARNING - No viable dags retrieved from /opt/airflow/dags/train.py
[2025-10-01 18:18:21,516] {processor.py:161} INFO - Processing /opt/airflow/dags/train.py took 0.552 seconds
[2025-10-01 18:18:51,827] {processor.py:153} INFO - Started process (PID=278) to work on /opt/airflow/dags/train.py
[2025-10-01 18:18:51,828] {processor.py:641} INFO - Processing file /opt/airflow/dags/train.py for tasks to queue
[2025-10-01 18:18:51,829] {logging_mixin.py:115} INFO - [2025-10-01 18:18:51,829] {dagbag.py:507} INFO - Filling up the DagBag from /opt/airflow/dags/train.py
[2025-10-01 18:18:52,438] {processor.py:653} WARNING - No viable dags retrieved from /opt/airflow/dags/train.py
[2025-10-01 18:18:52,445] {processor.py:161} INFO - Processing /opt/airflow/dags/train.py took 0.620 seconds
[2025-10-01 18:19:22,486] {processor.py:153} INFO - Started process (PID=305) to work on /opt/airflow/dags/train.py
[2025-10-01 18:19:22,486] {processor.py:641} INFO - Processing file /opt/airflow/dags/train.py for tasks to queue
[2025-10-01 18:19:22,487] {logging_mixin.py:115} INFO - [2025-10-01 18:19:22,487] {dagbag.py:507} INFO - Filling up the DagBag from /opt/airflow/dags/train.py
[2025-10-01 18:19:23,070] {processor.py:653} WARNING - No viable dags retrieved from /opt/airflow/dags/train.py
[2025-10-01 18:19:23,075] {processor.py:161} INFO - Processing /opt/airflow/dags/train.py took 0.593 seconds
[2025-10-01 18:19:53,222] {processor.py:153} INFO - Started process (PID=327) to work on /opt/airflow/dags/train.py
[2025-10-01 18:19:53,222] {processor.py:641} INFO - Processing file /opt/airflow/dags/train.py for tasks to queue
[2025-10-01 18:19:53,223] {logging_mixin.py:115} INFO - [2025-10-01 18:19:53,223] {dagbag.py:507} INFO - Filling up the DagBag from /opt/airflow/dags/train.py
[2025-10-01 18:19:53,785] {processor.py:653} WARNING - No viable dags retrieved from /opt/airflow/dags/train.py
[2025-10-01 18:19:53,791] {processor.py:161} INFO - Processing /opt/airflow/dags/train.py took 0.573 seconds
[2025-10-01 18:20:23,990] {processor.py:153} INFO - Started process (PID=349) to work on /opt/airflow/dags/train.py
[2025-10-01 18:20:23,991] {processor.py:641} INFO - Processing file /opt/airflow/dags/train.py for tasks to queue
[2025-10-01 18:20:23,991] {logging_mixin.py:115} INFO - [2025-10-01 18:20:23,991] {dagbag.py:507} INFO - Filling up the DagBag from /opt/airflow/dags/train.py
[2025-10-01 18:20:24,540] {processor.py:653} WARNING - No viable dags retrieved from /opt/airflow/dags/train.py
[2025-10-01 18:20:24,544] {processor.py:161} INFO - Processing /opt/airflow/dags/train.py took 0.558 seconds
[2025-10-01 18:20:54,916] {processor.py:153} INFO - Started process (PID=371) to work on /opt/airflow/dags/train.py
[2025-10-01 18:20:54,917] {processor.py:641} INFO - Processing file /opt/airflow/dags/train.py for tasks to queue
[2025-10-01 18:20:54,917] {logging_mixin.py:115} INFO - [2025-10-01 18:20:54,917] {dagbag.py:507} INFO - Filling up the DagBag from /opt/airflow/dags/train.py
[2025-10-01 18:20:55,459] {processor.py:653} WARNING - No viable dags retrieved from /opt/airflow/dags/train.py
[2025-10-01 18:20:55,464] {processor.py:161} INFO - Processing /opt/airflow/dags/train.py took 0.552 seconds
[2025-10-01 18:21:25,712] {processor.py:153} INFO - Started process (PID=393) to work on /opt/airflow/dags/train.py
[2025-10-01 18:21:25,713] {processor.py:641} INFO - Processing file /opt/airflow/dags/train.py for tasks to queue
[2025-10-01 18:21:25,714] {logging_mixin.py:115} INFO - [2025-10-01 18:21:25,714] {dagbag.py:507} INFO - Filling up the DagBag from /opt/airflow/dags/train.py
[2025-10-01 18:21:26,294] {processor.py:653} WARNING - No viable dags retrieved from /opt/airflow/dags/train.py
[2025-10-01 18:21:26,299] {processor.py:161} INFO - Processing /opt/airflow/dags/train.py took 0.591 seconds
[2025-10-01 18:21:56,567] {processor.py:153} INFO - Started process (PID=415) to work on /opt/airflow/dags/train.py
[2025-10-01 18:21:56,568] {processor.py:641} INFO - Processing file /opt/airflow/dags/train.py for tasks to queue
[2025-10-01 18:21:56,569] {logging_mixin.py:115} INFO - [2025-10-01 18:21:56,568] {dagbag.py:507} INFO - Filling up the DagBag from /opt/airflow/dags/train.py
[2025-10-01 18:21:57,117] {processor.py:653} WARNING - No viable dags retrieved from /opt/airflow/dags/train.py
[2025-10-01 18:21:57,122] {processor.py:161} INFO - Processing /opt/airflow/dags/train.py took 0.559 seconds
[2025-10-01 18:22:27,394] {processor.py:153} INFO - Started process (PID=437) to work on /opt/airflow/dags/train.py
[2025-10-01 18:22:27,394] {processor.py:641} INFO - Processing file /opt/airflow/dags/train.py for tasks to queue
[2025-10-01 18:22:27,395] {logging_mixin.py:115} INFO - [2025-10-01 18:22:27,395] {dagbag.py:507} INFO - Filling up the DagBag from /opt/airflow/dags/train.py
[2025-10-01 18:22:27,932] {processor.py:653} WARNING - No viable dags retrieved from /opt/airflow/dags/train.py
[2025-10-01 18:22:27,938] {processor.py:161} INFO - Processing /opt/airflow/dags/train.py took 0.546 seconds
[2025-10-01 18:22:58,245] {processor.py:153} INFO - Started process (PID=459) to work on /opt/airflow/dags/train.py
[2025-10-01 18:22:58,245] {processor.py:641} INFO - Processing file /opt/airflow/dags/train.py for tasks to queue
[2025-10-01 18:22:58,246] {logging_mixin.py:115} INFO - [2025-10-01 18:22:58,246] {dagbag.py:507} INFO - Filling up the DagBag from /opt/airflow/dags/train.py
[2025-10-01 18:22:58,789] {processor.py:653} WARNING - No viable dags retrieved from /opt/airflow/dags/train.py
[2025-10-01 18:22:58,794] {processor.py:161} INFO - Processing /opt/airflow/dags/train.py took 0.552 seconds
[2025-10-01 18:23:28,831] {processor.py:153} INFO - Started process (PID=484) to work on /opt/airflow/dags/train.py
[2025-10-01 18:23:28,832] {processor.py:641} INFO - Processing file /opt/airflow/dags/train.py for tasks to queue
[2025-10-01 18:23:28,832] {logging_mixin.py:115} INFO - [2025-10-01 18:23:28,832] {dagbag.py:507} INFO - Filling up the DagBag from /opt/airflow/dags/train.py
[2025-10-01 18:23:29,427] {processor.py:653} WARNING - No viable dags retrieved from /opt/airflow/dags/train.py
[2025-10-01 18:23:29,434] {processor.py:161} INFO - Processing /opt/airflow/dags/train.py took 0.607 seconds
[2025-10-01 18:23:59,537] {processor.py:153} INFO - Started process (PID=506) to work on /opt/airflow/dags/train.py
[2025-10-01 18:23:59,537] {processor.py:641} INFO - Processing file /opt/airflow/dags/train.py for tasks to queue
[2025-10-01 18:23:59,538] {logging_mixin.py:115} INFO - [2025-10-01 18:23:59,538] {dagbag.py:507} INFO - Filling up the DagBag from /opt/airflow/dags/train.py
[2025-10-01 18:24:00,137] {processor.py:653} WARNING - No viable dags retrieved from /opt/airflow/dags/train.py
[2025-10-01 18:24:00,144] {processor.py:161} INFO - Processing /opt/airflow/dags/train.py took 0.610 seconds
[2025-10-01 18:40:02,098] {processor.py:153} INFO - Started process (PID=514) to work on /opt/airflow/dags/train.py
[2025-10-01 18:40:02,101] {processor.py:641} INFO - Processing file /opt/airflow/dags/train.py for tasks to queue
[2025-10-01 18:40:02,105] {logging_mixin.py:115} INFO - [2025-10-01 18:40:02,105] {dagbag.py:507} INFO - Filling up the DagBag from /opt/airflow/dags/train.py
[2025-10-01 18:40:04,497] {processor.py:653} WARNING - No viable dags retrieved from /opt/airflow/dags/train.py
[2025-10-01 18:40:04,526] {processor.py:161} INFO - Processing /opt/airflow/dags/train.py took 2.436 seconds
[2025-10-01 18:40:34,571] {processor.py:153} INFO - Started process (PID=549) to work on /opt/airflow/dags/train.py
[2025-10-01 18:40:34,572] {processor.py:641} INFO - Processing file /opt/airflow/dags/train.py for tasks to queue
[2025-10-01 18:40:34,573] {logging_mixin.py:115} INFO - [2025-10-01 18:40:34,573] {dagbag.py:507} INFO - Filling up the DagBag from /opt/airflow/dags/train.py
[2025-10-01 18:40:35,323] {processor.py:653} WARNING - No viable dags retrieved from /opt/airflow/dags/train.py
[2025-10-01 18:40:35,328] {processor.py:161} INFO - Processing /opt/airflow/dags/train.py took 0.760 seconds
[2025-10-01 18:41:05,555] {processor.py:153} INFO - Started process (PID=574) to work on /opt/airflow/dags/train.py
[2025-10-01 18:41:05,555] {processor.py:641} INFO - Processing file /opt/airflow/dags/train.py for tasks to queue
[2025-10-01 18:41:05,556] {logging_mixin.py:115} INFO - [2025-10-01 18:41:05,556] {dagbag.py:507} INFO - Filling up the DagBag from /opt/airflow/dags/train.py
[2025-10-01 18:41:06,077] {processor.py:653} WARNING - No viable dags retrieved from /opt/airflow/dags/train.py
[2025-10-01 18:41:06,083] {processor.py:161} INFO - Processing /opt/airflow/dags/train.py took 0.529 seconds
[2025-10-01 18:41:36,219] {processor.py:153} INFO - Started process (PID=596) to work on /opt/airflow/dags/train.py
[2025-10-01 18:41:36,220] {processor.py:641} INFO - Processing file /opt/airflow/dags/train.py for tasks to queue
[2025-10-01 18:41:36,220] {logging_mixin.py:115} INFO - [2025-10-01 18:41:36,220] {dagbag.py:507} INFO - Filling up the DagBag from /opt/airflow/dags/train.py
[2025-10-01 18:41:36,841] {processor.py:653} WARNING - No viable dags retrieved from /opt/airflow/dags/train.py
[2025-10-01 18:41:36,847] {processor.py:161} INFO - Processing /opt/airflow/dags/train.py took 0.629 seconds
