[2025-09-25 08:07:49,271] {taskinstance.py:1159} INFO - Dependencies all met for <TaskInstance: manga_prediction_pipeline.data_preprocessing manual__2025-09-24T19:03:19.598487+00:00 [queued]>
[2025-09-25 08:07:49,274] {taskinstance.py:1159} INFO - Dependencies all met for <TaskInstance: manga_prediction_pipeline.data_preprocessing manual__2025-09-24T19:03:19.598487+00:00 [queued]>
[2025-09-25 08:07:49,275] {taskinstance.py:1356} INFO - 
--------------------------------------------------------------------------------
[2025-09-25 08:07:49,275] {taskinstance.py:1357} INFO - Starting attempt 2 of 2
[2025-09-25 08:07:49,275] {taskinstance.py:1358} INFO - 
--------------------------------------------------------------------------------
[2025-09-25 08:07:49,281] {taskinstance.py:1377} INFO - Executing <Task(PythonOperator): data_preprocessing> on 2025-09-24 19:03:19.598487+00:00
[2025-09-25 08:07:49,283] {standard_task_runner.py:52} INFO - Started process 1102 to run task
[2025-09-25 08:07:49,285] {standard_task_runner.py:79} INFO - Running: ['***', 'tasks', 'run', 'manga_prediction_pipeline', 'data_preprocessing', 'manual__2025-09-24T19:03:19.598487+00:00', '--job-id', '166', '--raw', '--subdir', 'DAGS_FOLDER/manga_prediction_pipeline.py', '--cfg-path', '/tmp/tmpvu3vpef_', '--error-file', '/tmp/tmpl9_ecmns']
[2025-09-25 08:07:49,285] {standard_task_runner.py:80} INFO - Job 166: Subtask data_preprocessing
[2025-09-25 08:07:49,306] {task_command.py:370} INFO - Running <TaskInstance: manga_prediction_pipeline.data_preprocessing manual__2025-09-24T19:03:19.598487+00:00 [running]> on host 240518fe472e
[2025-09-25 08:07:49,337] {taskinstance.py:1571} INFO - Exporting the following env vars:
AIRFLOW_CTX_DAG_OWNER=***
AIRFLOW_CTX_DAG_ID=manga_prediction_pipeline
AIRFLOW_CTX_TASK_ID=data_preprocessing
AIRFLOW_CTX_EXECUTION_DATE=2025-09-24T19:03:19.598487+00:00
AIRFLOW_CTX_TRY_NUMBER=2
AIRFLOW_CTX_DAG_RUN_ID=manual__2025-09-24T19:03:19.598487+00:00
[2025-09-25 08:07:49,338] {logging_mixin.py:115} INFO - Reading staged data from /opt/***/data/staged/manga.parquet
[2025-09-25 08:07:49,525] {logging_mixin.py:115} INFO - Staged data read successfully. Shape: (66371, 26)
[2025-09-25 08:07:49,525] {logging_mixin.py:115} INFO - Dropping rows with missing scores. Original rows: 66371
[2025-09-25 08:07:49,540] {logging_mixin.py:115} INFO - Rows after dropping missing scores: 21795
[2025-09-25 08:07:49,541] {logging_mixin.py:115} INFO - Parsing 'genres' column...
[2025-09-25 08:07:49,620] {logging_mixin.py:115} INFO - Data preprocessing complete.
[2025-09-25 08:07:49,621] {logging_mixin.py:115} INFO - Saving processed data to /opt/***/data/processed/manga_processed.parquet
[2025-09-25 08:07:49,720] {logging_mixin.py:115} INFO - Processed data saved successfully.
[2025-09-25 08:07:49,724] {python.py:173} INFO - Done. Returned value was: None
[2025-09-25 08:07:49,734] {taskinstance.py:1400} INFO - Marking task as SUCCESS. dag_id=manga_prediction_pipeline, task_id=data_preprocessing, execution_date=20250924T190319, start_date=20250925T080749, end_date=20250925T080749
[2025-09-25 08:07:49,793] {local_task_job.py:156} INFO - Task exited with return code 0
[2025-09-25 08:07:49,815] {local_task_job.py:273} INFO - 1 downstream tasks scheduled from follow-on schedule check
