[2025-09-25 11:22:41,421] {taskinstance.py:1159} INFO - Dependencies all met for <TaskInstance: manga_prediction_pipeline.data_ingestion manual__2025-09-25T11:22:38+00:00 [queued]>
[2025-09-25 11:22:41,424] {taskinstance.py:1159} INFO - Dependencies all met for <TaskInstance: manga_prediction_pipeline.data_ingestion manual__2025-09-25T11:22:38+00:00 [queued]>
[2025-09-25 11:22:41,424] {taskinstance.py:1356} INFO - 
--------------------------------------------------------------------------------
[2025-09-25 11:22:41,424] {taskinstance.py:1357} INFO - Starting attempt 1 of 1
[2025-09-25 11:22:41,424] {taskinstance.py:1358} INFO - 
--------------------------------------------------------------------------------
[2025-09-25 11:22:41,429] {taskinstance.py:1377} INFO - Executing <Task(PythonOperator): data_ingestion> on 2025-09-25 11:22:38+00:00
[2025-09-25 11:22:41,431] {standard_task_runner.py:52} INFO - Started process 204 to run task
[2025-09-25 11:22:41,433] {standard_task_runner.py:79} INFO - Running: ['***', 'tasks', 'run', 'manga_prediction_pipeline', 'data_ingestion', 'manual__2025-09-25T11:22:38+00:00', '--job-id', '327', '--raw', '--subdir', 'DAGS_FOLDER/manga_prediction_pipeline.py', '--cfg-path', '/tmp/tmpj8r9tje0', '--error-file', '/tmp/tmpyrfi017h']
[2025-09-25 11:22:41,433] {standard_task_runner.py:80} INFO - Job 327: Subtask data_ingestion
[2025-09-25 11:22:41,452] {task_command.py:370} INFO - Running <TaskInstance: manga_prediction_pipeline.data_ingestion manual__2025-09-25T11:22:38+00:00 [running]> on host 50f4d56b51ab
[2025-09-25 11:22:41,476] {taskinstance.py:1571} INFO - Exporting the following env vars:
AIRFLOW_CTX_DAG_OWNER=***
AIRFLOW_CTX_DAG_ID=manga_prediction_pipeline
AIRFLOW_CTX_TASK_ID=data_ingestion
AIRFLOW_CTX_EXECUTION_DATE=2025-09-25T11:22:38+00:00
AIRFLOW_CTX_TRY_NUMBER=1
AIRFLOW_CTX_DAG_RUN_ID=manual__2025-09-25T11:22:38+00:00
[2025-09-25 11:22:41,477] {logging_mixin.py:115} INFO - Reading data from /opt/***/data/manga.csv
[2025-09-25 11:22:41,817] {logging_mixin.py:115} INFO - Data read successfully. Shape: (66371, 26)
[2025-09-25 11:22:41,817] {logging_mixin.py:115} INFO - Attempting to connect to MariaDB at mariadb:3306/manga_db
[2025-09-25 11:22:41,845] {authentication.py:66} INFO - package: mysql.connector.plugins
[2025-09-25 11:22:41,845] {authentication.py:67} INFO - plugin_name: mysql_native_password
[2025-09-25 11:22:41,846] {authentication.py:71} INFO - AUTHENTICATION_PLUGIN_CLASS: MySQLNativePasswordAuthPlugin
[2025-09-25 11:22:41,848] {logging_mixin.py:115} INFO - Successfully connected to MariaDB.
[2025-09-25 11:22:41,848] {logging_mixin.py:115} INFO - Inserting into dim_manga_info...
[2025-09-25 11:23:09,895] {logging_mixin.py:115} INFO - dim_manga_info populated.
[2025-09-25 11:23:10,131] {logging_mixin.py:115} INFO - Inserting into dim_genres...
[2025-09-25 11:23:10,265] {logging_mixin.py:115} INFO - dim_genres populated.
[2025-09-25 11:23:10,266] {logging_mixin.py:115} INFO - Inserting into dim_authors...
[2025-09-25 11:23:10,356] {logging_mixin.py:115} INFO - dim_authors populated.
[2025-09-25 11:23:10,358] {logging_mixin.py:115} INFO - Inserting into dim_demographics...
[2025-09-25 11:23:10,465] {logging_mixin.py:115} INFO - dim_demographics populated.
[2025-09-25 11:23:10,467] {logging_mixin.py:115} INFO - Inserting into dim_serializations...
[2025-09-25 11:23:10,592] {logging_mixin.py:115} INFO - dim_serializations populated.
[2025-09-25 11:23:10,592] {logging_mixin.py:115} INFO - Inserting into fact_manga...
[2025-09-25 11:23:39,046] {logging_mixin.py:115} INFO - fact_manga populated.
[2025-09-25 11:23:39,047] {logging_mixin.py:115} INFO - Inserting into manga_secondary_genres...
[2025-09-25 11:23:40,061] {logging_mixin.py:115} INFO - manga_secondary_genres populated.
[2025-09-25 11:23:40,061] {logging_mixin.py:115} INFO - Data ingestion to MariaDB complete.
[2025-09-25 11:23:40,075] {python.py:173} INFO - Done. Returned value was: None
[2025-09-25 11:23:40,081] {taskinstance.py:1400} INFO - Marking task as SUCCESS. dag_id=manga_prediction_pipeline, task_id=data_ingestion, execution_date=20250925T112238, start_date=20250925T112241, end_date=20250925T112340
[2025-09-25 11:23:40,131] {local_task_job.py:156} INFO - Task exited with return code 0
[2025-09-25 11:23:40,146] {local_task_job.py:273} INFO - 1 downstream tasks scheduled from follow-on schedule check
