[2025-10-01 18:23:28,373] {taskinstance.py:1159} INFO - Dependencies all met for <TaskInstance: manga_score_prediction.ingest_manga_data manual__2025-10-01T18:23:27.727758+00:00 [queued]>
[2025-10-01 18:23:28,376] {taskinstance.py:1159} INFO - Dependencies all met for <TaskInstance: manga_score_prediction.ingest_manga_data manual__2025-10-01T18:23:27.727758+00:00 [queued]>
[2025-10-01 18:23:28,376] {taskinstance.py:1356} INFO - 
--------------------------------------------------------------------------------
[2025-10-01 18:23:28,376] {taskinstance.py:1357} INFO - Starting attempt 1 of 1
[2025-10-01 18:23:28,376] {taskinstance.py:1358} INFO - 
--------------------------------------------------------------------------------
[2025-10-01 18:23:28,381] {taskinstance.py:1377} INFO - Executing <Task(BashOperator): ingest_manga_data> on 2025-10-01 18:23:27.727758+00:00
[2025-10-01 18:23:28,382] {standard_task_runner.py:52} INFO - Started process 482 to run task
[2025-10-01 18:23:28,384] {standard_task_runner.py:79} INFO - Running: ['***', 'tasks', 'run', 'manga_score_prediction', 'ingest_manga_data', 'manual__2025-10-01T18:23:27.727758+00:00', '--job-id', '426', '--raw', '--subdir', 'DAGS_FOLDER/manga_score_prediction_dag.py', '--cfg-path', '/tmp/tmpa5ev9a06', '--error-file', '/tmp/tmpu6dnxesv']
[2025-10-01 18:23:28,385] {standard_task_runner.py:80} INFO - Job 426: Subtask ingest_manga_data
[2025-10-01 18:23:28,404] {task_command.py:370} INFO - Running <TaskInstance: manga_score_prediction.ingest_manga_data manual__2025-10-01T18:23:27.727758+00:00 [running]> on host 731302b891b6
[2025-10-01 18:23:28,432] {taskinstance.py:1571} INFO - Exporting the following env vars:
AIRFLOW_CTX_DAG_OWNER=***
AIRFLOW_CTX_DAG_ID=manga_score_prediction
AIRFLOW_CTX_TASK_ID=ingest_manga_data
AIRFLOW_CTX_EXECUTION_DATE=2025-10-01T18:23:27.727758+00:00
AIRFLOW_CTX_TRY_NUMBER=1
AIRFLOW_CTX_DAG_RUN_ID=manual__2025-10-01T18:23:27.727758+00:00
[2025-10-01 18:23:28,432] {subprocess.py:62} INFO - Tmp dir root location: 
 /tmp
[2025-10-01 18:23:28,432] {subprocess.py:74} INFO - Running command: ['bash', '-c', 'conda run -n MLOPS python /Users/madan/MLOPS/final_project/dags/ingest_data_to_mariadb.py --file_path /Users/madan/MLOPS/final_project/dags/dataset/manga.csv --table_name manga_data']
[2025-10-01 18:23:28,435] {subprocess.py:85} INFO - Output:
[2025-10-01 18:23:28,437] {subprocess.py:92} INFO - bash: line 1: conda: command not found
[2025-10-01 18:23:28,437] {subprocess.py:96} INFO - Command exited with return code 127
[2025-10-01 18:23:28,442] {taskinstance.py:1889} ERROR - Task failed with exception
Traceback (most recent call last):
  File "/home/airflow/.local/lib/python3.7/site-packages/airflow/operators/bash.py", line 195, in execute
    f'Bash command failed. The command returned a non-zero exit code {result.exit_code}.'
airflow.exceptions.AirflowException: Bash command failed. The command returned a non-zero exit code 127.
[2025-10-01 18:23:28,443] {taskinstance.py:1400} INFO - Marking task as FAILED. dag_id=manga_score_prediction, task_id=ingest_manga_data, execution_date=20251001T182327, start_date=20251001T182328, end_date=20251001T182328
[2025-10-01 18:23:28,448] {standard_task_runner.py:97} ERROR - Failed to execute job 426 for task ingest_manga_data (Bash command failed. The command returned a non-zero exit code 127.; 482)
[2025-10-01 18:23:28,481] {local_task_job.py:156} INFO - Task exited with return code 1
[2025-10-01 18:23:28,497] {local_task_job.py:273} INFO - 0 downstream tasks scheduled from follow-on schedule check
