[2025-09-25 08:06:16,730] {taskinstance.py:1159} INFO - Dependencies all met for <TaskInstance: manga_prediction_pipeline.data_ingestion manual__2025-09-25T01:32:11.681171+00:00 [queued]>
[2025-09-25 08:06:16,733] {taskinstance.py:1159} INFO - Dependencies all met for <TaskInstance: manga_prediction_pipeline.data_ingestion manual__2025-09-25T01:32:11.681171+00:00 [queued]>
[2025-09-25 08:06:16,733] {taskinstance.py:1356} INFO - 
--------------------------------------------------------------------------------
[2025-09-25 08:06:16,734] {taskinstance.py:1357} INFO - Starting attempt 2 of 2
[2025-09-25 08:06:16,734] {taskinstance.py:1358} INFO - 
--------------------------------------------------------------------------------
[2025-09-25 08:06:16,738] {taskinstance.py:1377} INFO - Executing <Task(PythonOperator): data_ingestion> on 2025-09-25 01:32:11.681171+00:00
[2025-09-25 08:06:16,741] {standard_task_runner.py:52} INFO - Started process 530 to run task
[2025-09-25 08:06:16,742] {standard_task_runner.py:79} INFO - Running: ['***', 'tasks', 'run', 'manga_prediction_pipeline', 'data_ingestion', 'manual__2025-09-25T01:32:11.681171+00:00', '--job-id', '130', '--raw', '--subdir', 'DAGS_FOLDER/manga_prediction_pipeline.py', '--cfg-path', '/tmp/tmpgj6dogo0', '--error-file', '/tmp/tmpkwyjt48b']
[2025-09-25 08:06:16,743] {standard_task_runner.py:80} INFO - Job 130: Subtask data_ingestion
[2025-09-25 08:06:16,762] {task_command.py:370} INFO - Running <TaskInstance: manga_prediction_pipeline.data_ingestion manual__2025-09-25T01:32:11.681171+00:00 [running]> on host 240518fe472e
[2025-09-25 08:06:16,787] {taskinstance.py:1571} INFO - Exporting the following env vars:
AIRFLOW_CTX_DAG_OWNER=***
AIRFLOW_CTX_DAG_ID=manga_prediction_pipeline
AIRFLOW_CTX_TASK_ID=data_ingestion
AIRFLOW_CTX_EXECUTION_DATE=2025-09-25T01:32:11.681171+00:00
AIRFLOW_CTX_TRY_NUMBER=2
AIRFLOW_CTX_DAG_RUN_ID=manual__2025-09-25T01:32:11.681171+00:00
[2025-09-25 08:06:16,788] {logging_mixin.py:115} INFO - Reading data from /opt/***/data/manga.csv
[2025-09-25 08:06:17,129] {logging_mixin.py:115} INFO - Data ingested successfully. Shape: (66371, 26)
[2025-09-25 08:06:17,129] {logging_mixin.py:115} INFO - Saving data to /opt/***/data/staged/manga.parquet
[2025-09-25 08:06:17,302] {logging_mixin.py:115} INFO - Data saved successfully to staging area.
[2025-09-25 08:06:17,310] {python.py:173} INFO - Done. Returned value was: None
[2025-09-25 08:06:17,317] {taskinstance.py:1400} INFO - Marking task as SUCCESS. dag_id=manga_prediction_pipeline, task_id=data_ingestion, execution_date=20250925T013211, start_date=20250925T080616, end_date=20250925T080617
[2025-09-25 08:06:17,352] {local_task_job.py:156} INFO - Task exited with return code 0
[2025-09-25 08:06:17,369] {local_task_job.py:273} INFO - 1 downstream tasks scheduled from follow-on schedule check
