[2025-09-25 11:03:06,497] {taskinstance.py:1159} INFO - Dependencies all met for <TaskInstance: manga_prediction_pipeline.feature_engineering manual__2025-09-25T11:02:04.584655+00:00 [queued]>
[2025-09-25 11:03:06,501] {taskinstance.py:1159} INFO - Dependencies all met for <TaskInstance: manga_prediction_pipeline.feature_engineering manual__2025-09-25T11:02:04.584655+00:00 [queued]>
[2025-09-25 11:03:06,501] {taskinstance.py:1356} INFO - 
--------------------------------------------------------------------------------
[2025-09-25 11:03:06,501] {taskinstance.py:1357} INFO - Starting attempt 1 of 1
[2025-09-25 11:03:06,501] {taskinstance.py:1358} INFO - 
--------------------------------------------------------------------------------
[2025-09-25 11:03:06,505] {taskinstance.py:1377} INFO - Executing <Task(PythonOperator): feature_engineering> on 2025-09-25 11:02:04.584655+00:00
[2025-09-25 11:03:06,508] {standard_task_runner.py:52} INFO - Started process 229 to run task
[2025-09-25 11:03:06,509] {standard_task_runner.py:79} INFO - Running: ['***', 'tasks', 'run', 'manga_prediction_pipeline', 'feature_engineering', 'manual__2025-09-25T11:02:04.584655+00:00', '--job-id', '314', '--raw', '--subdir', 'DAGS_FOLDER/manga_prediction_pipeline.py', '--cfg-path', '/tmp/tmponyrajxy', '--error-file', '/tmp/tmpb7pdzfqi']
[2025-09-25 11:03:06,509] {standard_task_runner.py:80} INFO - Job 314: Subtask feature_engineering
[2025-09-25 11:03:06,527] {task_command.py:370} INFO - Running <TaskInstance: manga_prediction_pipeline.feature_engineering manual__2025-09-25T11:02:04.584655+00:00 [running]> on host 638ded6a4dc8
[2025-09-25 11:03:06,550] {taskinstance.py:1571} INFO - Exporting the following env vars:
AIRFLOW_CTX_DAG_OWNER=***
AIRFLOW_CTX_DAG_ID=manga_prediction_pipeline
AIRFLOW_CTX_TASK_ID=feature_engineering
AIRFLOW_CTX_EXECUTION_DATE=2025-09-25T11:02:04.584655+00:00
AIRFLOW_CTX_TRY_NUMBER=1
AIRFLOW_CTX_DAG_RUN_ID=manual__2025-09-25T11:02:04.584655+00:00
[2025-09-25 11:03:06,550] {logging_mixin.py:115} INFO - Reading processed data from /opt/***/data/processed/manga_processed.parquet
[2025-09-25 11:03:06,605] {logging_mixin.py:115} INFO - Processed data read successfully. Shape: (21795, 28)
[2025-09-25 11:03:06,613] {logging_mixin.py:115} INFO - Scaling numerical columns: ['members', 'favorites', 'scored_by', 'volumes', 'chapters']
[2025-09-25 11:03:06,615] {logging_mixin.py:115} INFO - One-hot encoding categorical columns: ['type']
[2025-09-25 11:03:06,621] {logging_mixin.py:115} INFO - Feature engineering complete.
[2025-09-25 11:03:06,621] {logging_mixin.py:115} INFO - Saving features to /opt/***/data/features/manga_features.parquet
[2025-09-25 11:03:06,684] {logging_mixin.py:115} INFO - Features saved successfully.
[2025-09-25 11:03:06,686] {python.py:173} INFO - Done. Returned value was: None
[2025-09-25 11:03:06,692] {taskinstance.py:1400} INFO - Marking task as SUCCESS. dag_id=manga_prediction_pipeline, task_id=feature_engineering, execution_date=20250925T110204, start_date=20250925T110306, end_date=20250925T110306
[2025-09-25 11:03:06,730] {local_task_job.py:156} INFO - Task exited with return code 0
[2025-09-25 11:03:06,745] {local_task_job.py:273} INFO - 1 downstream tasks scheduled from follow-on schedule check
