[2025-09-24 19:17:54,413] {taskinstance.py:1159} INFO - Dependencies all met for <TaskInstance: manga_prediction_pipeline.data_ingestion manual__2025-09-24T19:17:52.831820+00:00 [queued]>
[2025-09-24 19:17:54,416] {taskinstance.py:1159} INFO - Dependencies all met for <TaskInstance: manga_prediction_pipeline.data_ingestion manual__2025-09-24T19:17:52.831820+00:00 [queued]>
[2025-09-24 19:17:54,416] {taskinstance.py:1356} INFO - 
--------------------------------------------------------------------------------
[2025-09-24 19:17:54,416] {taskinstance.py:1357} INFO - Starting attempt 1 of 1
[2025-09-24 19:17:54,416] {taskinstance.py:1358} INFO - 
--------------------------------------------------------------------------------
[2025-09-24 19:17:54,420] {taskinstance.py:1377} INFO - Executing <Task(PythonOperator): data_ingestion> on 2025-09-24 19:17:52.831820+00:00
[2025-09-24 19:17:54,422] {standard_task_runner.py:52} INFO - Started process 535 to run task
[2025-09-24 19:17:54,423] {standard_task_runner.py:79} INFO - Running: ['***', 'tasks', 'run', 'manga_prediction_pipeline', 'data_ingestion', 'manual__2025-09-24T19:17:52.831820+00:00', '--job-id', '37', '--raw', '--subdir', 'DAGS_FOLDER/manga_prediction_pipeline.py', '--cfg-path', '/tmp/tmp1invj83b', '--error-file', '/tmp/tmp77rg3l_r']
[2025-09-24 19:17:54,423] {standard_task_runner.py:80} INFO - Job 37: Subtask data_ingestion
[2025-09-24 19:17:54,440] {task_command.py:370} INFO - Running <TaskInstance: manga_prediction_pipeline.data_ingestion manual__2025-09-24T19:17:52.831820+00:00 [running]> on host 50bd396892d5
[2025-09-24 19:17:54,462] {taskinstance.py:1571} INFO - Exporting the following env vars:
AIRFLOW_CTX_DAG_OWNER=***
AIRFLOW_CTX_DAG_ID=manga_prediction_pipeline
AIRFLOW_CTX_TASK_ID=data_ingestion
AIRFLOW_CTX_EXECUTION_DATE=2025-09-24T19:17:52.831820+00:00
AIRFLOW_CTX_TRY_NUMBER=1
AIRFLOW_CTX_DAG_RUN_ID=manual__2025-09-24T19:17:52.831820+00:00
[2025-09-24 19:17:54,462] {logging_mixin.py:115} INFO - Reading data from /opt/***/data/manga.csv
[2025-09-24 19:17:54,778] {logging_mixin.py:115} INFO - Data ingested successfully. Shape: (66371, 26)
[2025-09-24 19:17:54,778] {logging_mixin.py:115} INFO - Saving data to /opt/***/data/staged/manga.parquet
[2025-09-24 19:17:54,923] {logging_mixin.py:115} INFO - Data saved successfully to staging area.
[2025-09-24 19:17:54,929] {python.py:173} INFO - Done. Returned value was: None
[2025-09-24 19:17:54,934] {taskinstance.py:1400} INFO - Marking task as SUCCESS. dag_id=manga_prediction_pipeline, task_id=data_ingestion, execution_date=20250924T191752, start_date=20250924T191754, end_date=20250924T191754
[2025-09-24 19:17:54,943] {local_task_job.py:156} INFO - Task exited with return code 0
[2025-09-24 19:17:54,958] {local_task_job.py:273} INFO - 1 downstream tasks scheduled from follow-on schedule check
