[2025-09-25 08:06:11,779] {taskinstance.py:1159} INFO - Dependencies all met for <TaskInstance: manga_prediction_pipeline.end_pipeline manual__2025-09-25T02:34:21.021982+00:00 [queued]>
[2025-09-25 08:06:11,783] {taskinstance.py:1159} INFO - Dependencies all met for <TaskInstance: manga_prediction_pipeline.end_pipeline manual__2025-09-25T02:34:21.021982+00:00 [queued]>
[2025-09-25 08:06:11,784] {taskinstance.py:1356} INFO - 
--------------------------------------------------------------------------------
[2025-09-25 08:06:11,784] {taskinstance.py:1357} INFO - Starting attempt 1 of 1
[2025-09-25 08:06:11,784] {taskinstance.py:1358} INFO - 
--------------------------------------------------------------------------------
[2025-09-25 08:06:11,790] {taskinstance.py:1377} INFO - Executing <Task(PythonOperator): end_pipeline> on 2025-09-25 02:34:21.021982+00:00
[2025-09-25 08:06:11,793] {standard_task_runner.py:52} INFO - Started process 474 to run task
[2025-09-25 08:06:11,795] {standard_task_runner.py:79} INFO - Running: ['***', 'tasks', 'run', 'manga_prediction_pipeline', 'end_pipeline', 'manual__2025-09-25T02:34:21.021982+00:00', '--job-id', '127', '--raw', '--subdir', 'DAGS_FOLDER/manga_prediction_pipeline.py', '--cfg-path', '/tmp/tmpjilg99p7', '--error-file', '/tmp/tmp979cq8a2']
[2025-09-25 08:06:11,795] {standard_task_runner.py:80} INFO - Job 127: Subtask end_pipeline
[2025-09-25 08:06:11,816] {task_command.py:370} INFO - Running <TaskInstance: manga_prediction_pipeline.end_pipeline manual__2025-09-25T02:34:21.021982+00:00 [running]> on host 240518fe472e
[2025-09-25 08:06:11,842] {taskinstance.py:1571} INFO - Exporting the following env vars:
AIRFLOW_CTX_DAG_OWNER=***
AIRFLOW_CTX_DAG_ID=manga_prediction_pipeline
AIRFLOW_CTX_TASK_ID=end_pipeline
AIRFLOW_CTX_EXECUTION_DATE=2025-09-25T02:34:21.021982+00:00
AIRFLOW_CTX_TRY_NUMBER=1
AIRFLOW_CTX_DAG_RUN_ID=manual__2025-09-25T02:34:21.021982+00:00
[2025-09-25 08:06:11,843] {logging_mixin.py:115} INFO - Pipeline finished!
[2025-09-25 08:06:11,843] {python.py:173} INFO - Done. Returned value was: None
[2025-09-25 08:06:11,851] {taskinstance.py:1400} INFO - Marking task as SUCCESS. dag_id=manga_prediction_pipeline, task_id=end_pipeline, execution_date=20250925T023421, start_date=20250925T080611, end_date=20250925T080611
[2025-09-25 08:06:11,894] {local_task_job.py:156} INFO - Task exited with return code 0
[2025-09-25 08:06:11,909] {local_task_job.py:273} INFO - 0 downstream tasks scheduled from follow-on schedule check
