[2025-09-25 07:45:36,308] {taskinstance.py:1159} INFO - Dependencies all met for <TaskInstance: manga_prediction_pipeline.end_pipeline manual__2025-09-25T03:20:27.892288+00:00 [queued]>
[2025-09-25 07:45:36,311] {taskinstance.py:1159} INFO - Dependencies all met for <TaskInstance: manga_prediction_pipeline.end_pipeline manual__2025-09-25T03:20:27.892288+00:00 [queued]>
[2025-09-25 07:45:36,311] {taskinstance.py:1356} INFO - 
--------------------------------------------------------------------------------
[2025-09-25 07:45:36,311] {taskinstance.py:1357} INFO - Starting attempt 1 of 1
[2025-09-25 07:45:36,311] {taskinstance.py:1358} INFO - 
--------------------------------------------------------------------------------
[2025-09-25 07:45:36,316] {taskinstance.py:1377} INFO - Executing <Task(PythonOperator): end_pipeline> on 2025-09-25 03:20:27.892288+00:00
[2025-09-25 07:45:36,318] {standard_task_runner.py:52} INFO - Started process 235 to run task
[2025-09-25 07:45:36,320] {standard_task_runner.py:79} INFO - Running: ['***', 'tasks', 'run', 'manga_prediction_pipeline', 'end_pipeline', 'manual__2025-09-25T03:20:27.892288+00:00', '--job-id', '108', '--raw', '--subdir', 'DAGS_FOLDER/manga_prediction_pipeline.py', '--cfg-path', '/tmp/tmp7kt2uav4', '--error-file', '/tmp/tmp07dcwemp']
[2025-09-25 07:45:36,320] {standard_task_runner.py:80} INFO - Job 108: Subtask end_pipeline
[2025-09-25 07:45:36,338] {task_command.py:370} INFO - Running <TaskInstance: manga_prediction_pipeline.end_pipeline manual__2025-09-25T03:20:27.892288+00:00 [running]> on host eac2f9de14e7
[2025-09-25 07:45:36,360] {taskinstance.py:1571} INFO - Exporting the following env vars:
AIRFLOW_CTX_DAG_OWNER=***
AIRFLOW_CTX_DAG_ID=manga_prediction_pipeline
AIRFLOW_CTX_TASK_ID=end_pipeline
AIRFLOW_CTX_EXECUTION_DATE=2025-09-25T03:20:27.892288+00:00
AIRFLOW_CTX_TRY_NUMBER=1
AIRFLOW_CTX_DAG_RUN_ID=manual__2025-09-25T03:20:27.892288+00:00
[2025-09-25 07:45:36,361] {logging_mixin.py:115} INFO - Pipeline finished!
[2025-09-25 07:45:36,361] {python.py:173} INFO - Done. Returned value was: None
[2025-09-25 07:45:36,364] {taskinstance.py:1400} INFO - Marking task as SUCCESS. dag_id=manga_prediction_pipeline, task_id=end_pipeline, execution_date=20250925T032027, start_date=20250925T074536, end_date=20250925T074536
[2025-09-25 07:45:36,377] {local_task_job.py:156} INFO - Task exited with return code 0
[2025-09-25 07:45:36,387] {local_task_job.py:273} INFO - 0 downstream tasks scheduled from follow-on schedule check
