[2025-10-03 17:38:51,477] {taskinstance.py:1159} INFO - Dependencies all met for <TaskInstance: manga_prediction_pipeline.data_preprocessing manual__2025-10-03T17:37:47.747489+00:00 [queued]>
[2025-10-03 17:38:51,480] {taskinstance.py:1159} INFO - Dependencies all met for <TaskInstance: manga_prediction_pipeline.data_preprocessing manual__2025-10-03T17:37:47.747489+00:00 [queued]>
[2025-10-03 17:38:51,481] {taskinstance.py:1356} INFO - 
--------------------------------------------------------------------------------
[2025-10-03 17:38:51,481] {taskinstance.py:1357} INFO - Starting attempt 1 of 1
[2025-10-03 17:38:51,481] {taskinstance.py:1358} INFO - 
--------------------------------------------------------------------------------
[2025-10-03 17:38:51,485] {taskinstance.py:1377} INFO - Executing <Task(PythonOperator): data_preprocessing> on 2025-10-03 17:37:47.747489+00:00
[2025-10-03 17:38:51,488] {standard_task_runner.py:52} INFO - Started process 209 to run task
[2025-10-03 17:38:51,490] {standard_task_runner.py:79} INFO - Running: ['***', 'tasks', 'run', 'manga_prediction_pipeline', 'data_preprocessing', 'manual__2025-10-03T17:37:47.747489+00:00', '--job-id', '699', '--raw', '--subdir', 'DAGS_FOLDER/manga_prediction_pipeline.py', '--cfg-path', '/tmp/tmprie1z5q8', '--error-file', '/tmp/tmpsze7mq0d']
[2025-10-03 17:38:51,490] {standard_task_runner.py:80} INFO - Job 699: Subtask data_preprocessing
[2025-10-03 17:38:51,511] {task_command.py:370} INFO - Running <TaskInstance: manga_prediction_pipeline.data_preprocessing manual__2025-10-03T17:37:47.747489+00:00 [running]> on host 3718d431fdfc
[2025-10-03 17:38:51,536] {taskinstance.py:1571} INFO - Exporting the following env vars:
AIRFLOW_CTX_DAG_OWNER=***
AIRFLOW_CTX_DAG_ID=manga_prediction_pipeline
AIRFLOW_CTX_TASK_ID=data_preprocessing
AIRFLOW_CTX_EXECUTION_DATE=2025-10-03T17:37:47.747489+00:00
AIRFLOW_CTX_TRY_NUMBER=1
AIRFLOW_CTX_DAG_RUN_ID=manual__2025-10-03T17:37:47.747489+00:00
[2025-10-03 17:38:51,536] {logging_mixin.py:115} INFO - Connecting to MariaDB to read data...
[2025-10-03 17:38:51,537] {logging_mixin.py:115} INFO - Attempting to connect to MariaDB at mariadb:3306/manga_db
[2025-10-03 17:38:51,564] {authentication.py:66} INFO - package: mysql.connector.plugins
[2025-10-03 17:38:51,564] {authentication.py:67} INFO - plugin_name: mysql_native_password
[2025-10-03 17:38:51,564] {authentication.py:71} INFO - AUTHENTICATION_PLUGIN_CLASS: MySQLNativePasswordAuthPlugin
[2025-10-03 17:38:51,568] {logging_mixin.py:115} INFO - Successfully connected to MariaDB.
[2025-10-03 17:38:52,652] {logging_mixin.py:115} INFO - Data read successfully from MariaDB. Shape: (66371, 28)
[2025-10-03 17:38:52,668] {logging_mixin.py:115} INFO - Rows after dropping mal_id duplicates: (66371, 28)
[2025-10-03 17:38:52,668] {logging_mixin.py:115} INFO - Converting 'score' to numeric and dropping NaNs. Original rows: 66371
[2025-10-03 17:38:52,691] {logging_mixin.py:115} INFO - Rows after dropping missing scores: 21795
[2025-10-03 17:38:52,691] {logging_mixin.py:115} INFO - Data preprocessing complete.
[2025-10-03 17:38:52,692] {logging_mixin.py:115} INFO - Saving processed data to /opt/***/data/processed/manga_processed.parquet
[2025-10-03 17:38:52,780] {logging_mixin.py:115} INFO - Processed data saved successfully.
[2025-10-03 17:38:52,784] {python.py:173} INFO - Done. Returned value was: None
[2025-10-03 17:38:52,790] {taskinstance.py:1400} INFO - Marking task as SUCCESS. dag_id=manga_prediction_pipeline, task_id=data_preprocessing, execution_date=20251003T173747, start_date=20251003T173851, end_date=20251003T173852
[2025-10-03 17:38:52,809] {local_task_job.py:156} INFO - Task exited with return code 0
[2025-10-03 17:38:52,826] {local_task_job.py:273} INFO - 1 downstream tasks scheduled from follow-on schedule check
