[2025-09-25 08:06:11,776] {taskinstance.py:1159} INFO - Dependencies all met for <TaskInstance: manga_prediction_pipeline.feature_engineering manual__2025-09-25T01:46:43.631328+00:00 [queued]>
[2025-09-25 08:06:11,779] {taskinstance.py:1159} INFO - Dependencies all met for <TaskInstance: manga_prediction_pipeline.feature_engineering manual__2025-09-25T01:46:43.631328+00:00 [queued]>
[2025-09-25 08:06:11,779] {taskinstance.py:1356} INFO - 
--------------------------------------------------------------------------------
[2025-09-25 08:06:11,779] {taskinstance.py:1357} INFO - Starting attempt 2 of 2
[2025-09-25 08:06:11,779] {taskinstance.py:1358} INFO - 
--------------------------------------------------------------------------------
[2025-09-25 08:06:11,785] {taskinstance.py:1377} INFO - Executing <Task(PythonOperator): feature_engineering> on 2025-09-25 01:46:43.631328+00:00
[2025-09-25 08:06:11,788] {standard_task_runner.py:52} INFO - Started process 473 to run task
[2025-09-25 08:06:11,790] {standard_task_runner.py:79} INFO - Running: ['***', 'tasks', 'run', 'manga_prediction_pipeline', 'feature_engineering', 'manual__2025-09-25T01:46:43.631328+00:00', '--job-id', '126', '--raw', '--subdir', 'DAGS_FOLDER/manga_prediction_pipeline.py', '--cfg-path', '/tmp/tmpianrlcph', '--error-file', '/tmp/tmpie4m8qha']
[2025-09-25 08:06:11,793] {standard_task_runner.py:80} INFO - Job 126: Subtask feature_engineering
[2025-09-25 08:06:11,816] {task_command.py:370} INFO - Running <TaskInstance: manga_prediction_pipeline.feature_engineering manual__2025-09-25T01:46:43.631328+00:00 [running]> on host 240518fe472e
[2025-09-25 08:06:11,842] {taskinstance.py:1571} INFO - Exporting the following env vars:
AIRFLOW_CTX_DAG_OWNER=***
AIRFLOW_CTX_DAG_ID=manga_prediction_pipeline
AIRFLOW_CTX_TASK_ID=feature_engineering
AIRFLOW_CTX_EXECUTION_DATE=2025-09-25T01:46:43.631328+00:00
AIRFLOW_CTX_TRY_NUMBER=2
AIRFLOW_CTX_DAG_RUN_ID=manual__2025-09-25T01:46:43.631328+00:00
[2025-09-25 08:06:11,843] {logging_mixin.py:115} INFO - Reading processed data from /opt/***/data/processed/manga_processed.parquet
[2025-09-25 08:06:11,906] {logging_mixin.py:115} INFO - Processed data read successfully. Shape: (21795, 26)
[2025-09-25 08:06:11,912] {logging_mixin.py:115} INFO - Scaling numerical columns: ['members', 'favorites', 'scored_by', 'volumes', 'chapters']
[2025-09-25 08:06:11,914] {logging_mixin.py:115} INFO - One-hot encoding categorical columns: ['type']
[2025-09-25 08:06:11,921] {logging_mixin.py:115} INFO - Feature engineering complete.
[2025-09-25 08:06:11,921] {logging_mixin.py:115} INFO - Saving features to /opt/***/data/features/manga_features.parquet
[2025-09-25 08:06:11,981] {logging_mixin.py:115} INFO - Features saved successfully.
[2025-09-25 08:06:11,984] {python.py:173} INFO - Done. Returned value was: None
[2025-09-25 08:06:11,989] {taskinstance.py:1400} INFO - Marking task as SUCCESS. dag_id=manga_prediction_pipeline, task_id=feature_engineering, execution_date=20250925T014643, start_date=20250925T080611, end_date=20250925T080611
[2025-09-25 08:06:12,014] {local_task_job.py:156} INFO - Task exited with return code 0
[2025-09-25 08:06:12,031] {local_task_job.py:273} INFO - 1 downstream tasks scheduled from follow-on schedule check
