[2025-10-03 17:02:43,119] {taskinstance.py:1159} INFO - Dependencies all met for <TaskInstance: manga_prediction_pipeline.model_monitoring manual__2025-10-03T17:01:27.475189+00:00 [queued]>
[2025-10-03 17:02:43,122] {taskinstance.py:1159} INFO - Dependencies all met for <TaskInstance: manga_prediction_pipeline.model_monitoring manual__2025-10-03T17:01:27.475189+00:00 [queued]>
[2025-10-03 17:02:43,122] {taskinstance.py:1356} INFO - 
--------------------------------------------------------------------------------
[2025-10-03 17:02:43,122] {taskinstance.py:1357} INFO - Starting attempt 1 of 1
[2025-10-03 17:02:43,122] {taskinstance.py:1358} INFO - 
--------------------------------------------------------------------------------
[2025-10-03 17:02:43,127] {taskinstance.py:1377} INFO - Executing <Task(PythonOperator): model_monitoring> on 2025-10-03 17:01:27.475189+00:00
[2025-10-03 17:02:43,130] {standard_task_runner.py:52} INFO - Started process 311 to run task
[2025-10-03 17:02:43,132] {standard_task_runner.py:79} INFO - Running: ['***', 'tasks', 'run', 'manga_prediction_pipeline', 'model_monitoring', 'manual__2025-10-03T17:01:27.475189+00:00', '--job-id', '645', '--raw', '--subdir', 'DAGS_FOLDER/manga_prediction_pipeline.py', '--cfg-path', '/tmp/tmp_eree6w8', '--error-file', '/tmp/tmpqxge08lh']
[2025-10-03 17:02:43,132] {standard_task_runner.py:80} INFO - Job 645: Subtask model_monitoring
[2025-10-03 17:02:43,155] {task_command.py:370} INFO - Running <TaskInstance: manga_prediction_pipeline.model_monitoring manual__2025-10-03T17:01:27.475189+00:00 [running]> on host c6f0546e2ff0
[2025-10-03 17:02:43,181] {taskinstance.py:1571} INFO - Exporting the following env vars:
AIRFLOW_CTX_DAG_OWNER=***
AIRFLOW_CTX_DAG_ID=manga_prediction_pipeline
AIRFLOW_CTX_TASK_ID=model_monitoring
AIRFLOW_CTX_EXECUTION_DATE=2025-10-03T17:01:27.475189+00:00
AIRFLOW_CTX_TRY_NUMBER=1
AIRFLOW_CTX_DAG_RUN_ID=manual__2025-10-03T17:01:27.475189+00:00
[2025-10-03 17:02:43,182] {model_monitoring.py:26} INFO - Loading processed data from /opt/***/data/processed/manga_processed.parquet for monitoring.
[2025-10-03 17:02:43,241] {model_monitoring.py:28} INFO - Processed data loaded. Shape: (21795, 28)
[2025-10-03 17:02:43,266] {model_monitoring.py:49} INFO - NaNs in production_data['score'] before prediction: 0
[2025-10-03 17:02:43,266] {model_monitoring.py:50} INFO - Shape of production_data before prediction: (10897, 28)
[2025-10-03 17:04:02,034] {model_monitoring.py:64} INFO - Data Drift Report saved to /opt/***/data/monitoring_reports/data_drift_report.html
[2025-10-03 17:04:02,035] {model_monitoring.py:68} INFO - Fetching predictions from FastAPI app...
[2025-10-03 17:04:36,968] {taskinstance.py:1889} ERROR - Task failed with exception
Traceback (most recent call last):
  File "/home/airflow/.local/lib/python3.7/site-packages/airflow/operators/python.py", line 171, in execute
    return_value = self.execute_callable()
  File "/home/airflow/.local/lib/python3.7/site-packages/airflow/operators/python.py", line 189, in execute_callable
    return self.python_callable(*self.op_args, **self.op_kwargs)
  File "/opt/airflow/dags/manga_prediction_pipeline.py", line 41, in _run_model_monitoring
    run_model_monitoring()
  File "/opt/airflow/src/model_monitoring.py", line 127, in run_model_monitoring
    column_mapping=regression_column_mapping)
  File "/home/airflow/.local/lib/python3.7/site-packages/evidently/report/report.py", line 99, in run
    column_mapping,
  File "/home/airflow/.local/lib/python3.7/site-packages/evidently/calculation_engine/python_engine.py", line 45, in get_data_definition
    return create_data_definition(reference_data, current_data, column_mapping)
  File "/home/airflow/.local/lib/python3.7/site-packages/evidently/utils/data_preprocessing.py", line 331, in create_data_definition
    mapping,
  File "/home/airflow/.local/lib/python3.7/site-packages/evidently/utils/data_preprocessing.py", line 199, in _prediction_column
    raise ValueError(f"Prediction column ({prediction}) is partially present in data")
ValueError: Prediction column (prediction) is partially present in data
[2025-10-03 17:04:36,974] {taskinstance.py:1400} INFO - Marking task as FAILED. dag_id=manga_prediction_pipeline, task_id=model_monitoring, execution_date=20251003T170127, start_date=20251003T170243, end_date=20251003T170436
[2025-10-03 17:04:36,980] {standard_task_runner.py:97} ERROR - Failed to execute job 645 for task model_monitoring (Prediction column (prediction) is partially present in data; 311)
[2025-10-03 17:04:36,999] {local_task_job.py:156} INFO - Task exited with return code 1
[2025-10-03 17:04:37,015] {local_task_job.py:273} INFO - 0 downstream tasks scheduled from follow-on schedule check
