[2025-09-24 18:49:37,545] {taskinstance.py:1159} INFO - Dependencies all met for <TaskInstance: manga_prediction_pipeline.start_pipeline manual__2025-09-24T18:49:36.702357+00:00 [queued]>
[2025-09-24 18:49:37,548] {taskinstance.py:1159} INFO - Dependencies all met for <TaskInstance: manga_prediction_pipeline.start_pipeline manual__2025-09-24T18:49:36.702357+00:00 [queued]>
[2025-09-24 18:49:37,548] {taskinstance.py:1356} INFO - 
--------------------------------------------------------------------------------
[2025-09-24 18:49:37,548] {taskinstance.py:1357} INFO - Starting attempt 1 of 1
[2025-09-24 18:49:37,548] {taskinstance.py:1358} INFO - 
--------------------------------------------------------------------------------
[2025-09-24 18:49:37,552] {taskinstance.py:1377} INFO - Executing <Task(PythonOperator): start_pipeline> on 2025-09-24 18:49:36.702357+00:00
[2025-09-24 18:49:37,554] {standard_task_runner.py:52} INFO - Started process 186 to run task
[2025-09-24 18:49:37,555] {standard_task_runner.py:79} INFO - Running: ['***', 'tasks', 'run', 'manga_prediction_pipeline', 'start_pipeline', 'manual__2025-09-24T18:49:36.702357+00:00', '--job-id', '5', '--raw', '--subdir', 'DAGS_FOLDER/manga_prediction_pipeline.py', '--cfg-path', '/tmp/tmprsb_nehi', '--error-file', '/tmp/tmpngb6pgal']
[2025-09-24 18:49:37,555] {standard_task_runner.py:80} INFO - Job 5: Subtask start_pipeline
[2025-09-24 18:49:37,575] {task_command.py:370} INFO - Running <TaskInstance: manga_prediction_pipeline.start_pipeline manual__2025-09-24T18:49:36.702357+00:00 [running]> on host 96873b362b50
[2025-09-24 18:49:37,600] {taskinstance.py:1571} INFO - Exporting the following env vars:
AIRFLOW_CTX_DAG_OWNER=***
AIRFLOW_CTX_DAG_ID=manga_prediction_pipeline
AIRFLOW_CTX_TASK_ID=start_pipeline
AIRFLOW_CTX_EXECUTION_DATE=2025-09-24T18:49:36.702357+00:00
AIRFLOW_CTX_TRY_NUMBER=1
AIRFLOW_CTX_DAG_RUN_ID=manual__2025-09-24T18:49:36.702357+00:00
[2025-09-24 18:49:37,600] {logging_mixin.py:115} INFO - Pipeline started!
[2025-09-24 18:49:37,600] {python.py:173} INFO - Done. Returned value was: None
[2025-09-24 18:49:37,604] {taskinstance.py:1400} INFO - Marking task as SUCCESS. dag_id=manga_prediction_pipeline, task_id=start_pipeline, execution_date=20250924T184936, start_date=20250924T184937, end_date=20250924T184937
[2025-09-24 18:49:37,613] {local_task_job.py:156} INFO - Task exited with return code 0
[2025-09-24 18:49:37,627] {local_task_job.py:273} INFO - 1 downstream tasks scheduled from follow-on schedule check
