[2025-10-03 17:25:09,804] {taskinstance.py:1159} INFO - Dependencies all met for <TaskInstance: manga_prediction_pipeline.feature_engineering manual__2025-10-03T17:24:03.948000+00:00 [queued]>
[2025-10-03 17:25:09,807] {taskinstance.py:1159} INFO - Dependencies all met for <TaskInstance: manga_prediction_pipeline.feature_engineering manual__2025-10-03T17:24:03.948000+00:00 [queued]>
[2025-10-03 17:25:09,807] {taskinstance.py:1356} INFO - 
--------------------------------------------------------------------------------
[2025-10-03 17:25:09,807] {taskinstance.py:1357} INFO - Starting attempt 1 of 1
[2025-10-03 17:25:09,808] {taskinstance.py:1358} INFO - 
--------------------------------------------------------------------------------
[2025-10-03 17:25:09,812] {taskinstance.py:1377} INFO - Executing <Task(PythonOperator): feature_engineering> on 2025-10-03 17:24:03.948000+00:00
[2025-10-03 17:25:09,815] {standard_task_runner.py:52} INFO - Started process 237 to run task
[2025-10-03 17:25:09,816] {standard_task_runner.py:79} INFO - Running: ['***', 'tasks', 'run', 'manga_prediction_pipeline', 'feature_engineering', 'manual__2025-10-03T17:24:03.948000+00:00', '--job-id', '681', '--raw', '--subdir', 'DAGS_FOLDER/manga_prediction_pipeline.py', '--cfg-path', '/tmp/tmp3m9lwr0c', '--error-file', '/tmp/tmpzgvt4wxb']
[2025-10-03 17:25:09,817] {standard_task_runner.py:80} INFO - Job 681: Subtask feature_engineering
[2025-10-03 17:25:09,837] {task_command.py:370} INFO - Running <TaskInstance: manga_prediction_pipeline.feature_engineering manual__2025-10-03T17:24:03.948000+00:00 [running]> on host 4ca00246f52f
[2025-10-03 17:25:09,861] {taskinstance.py:1571} INFO - Exporting the following env vars:
AIRFLOW_CTX_DAG_OWNER=***
AIRFLOW_CTX_DAG_ID=manga_prediction_pipeline
AIRFLOW_CTX_TASK_ID=feature_engineering
AIRFLOW_CTX_EXECUTION_DATE=2025-10-03T17:24:03.948000+00:00
AIRFLOW_CTX_TRY_NUMBER=1
AIRFLOW_CTX_DAG_RUN_ID=manual__2025-10-03T17:24:03.948000+00:00
[2025-10-03 17:25:09,861] {logging_mixin.py:115} INFO - Reading processed data from /opt/***/data/processed/manga_processed.parquet
[2025-10-03 17:25:09,906] {logging_mixin.py:115} INFO - Processed data read successfully. Shape: (21795, 28)
[2025-10-03 17:25:09,913] {logging_mixin.py:115} INFO - Scaling numerical columns: ['members', 'favorites', 'scored_by', 'volumes', 'chapters']
[2025-10-03 17:25:09,915] {logging_mixin.py:115} INFO - One-hot encoding categorical columns: ['type']
[2025-10-03 17:25:09,921] {logging_mixin.py:115} INFO - Feature engineering complete.
[2025-10-03 17:25:09,921] {logging_mixin.py:115} INFO - Saving features to /opt/***/data/features/manga_features.parquet
[2025-10-03 17:25:09,973] {logging_mixin.py:115} INFO - Features saved successfully.
[2025-10-03 17:25:09,975] {python.py:173} INFO - Done. Returned value was: None
[2025-10-03 17:25:09,980] {taskinstance.py:1400} INFO - Marking task as SUCCESS. dag_id=manga_prediction_pipeline, task_id=feature_engineering, execution_date=20251003T172403, start_date=20251003T172509, end_date=20251003T172509
[2025-10-03 17:25:09,995] {local_task_job.py:156} INFO - Task exited with return code 0
[2025-10-03 17:25:10,011] {local_task_job.py:273} INFO - 1 downstream tasks scheduled from follow-on schedule check
