[2025-09-25 09:33:26,974] {taskinstance.py:1159} INFO - Dependencies all met for <TaskInstance: manga_prediction_pipeline.data_ingestion manual__2025-09-25T09:33:23.154392+00:00 [queued]>
[2025-09-25 09:33:26,977] {taskinstance.py:1159} INFO - Dependencies all met for <TaskInstance: manga_prediction_pipeline.data_ingestion manual__2025-09-25T09:33:23.154392+00:00 [queued]>
[2025-09-25 09:33:26,977] {taskinstance.py:1356} INFO - 
--------------------------------------------------------------------------------
[2025-09-25 09:33:26,977] {taskinstance.py:1357} INFO - Starting attempt 1 of 1
[2025-09-25 09:33:26,977] {taskinstance.py:1358} INFO - 
--------------------------------------------------------------------------------
[2025-09-25 09:33:26,982] {taskinstance.py:1377} INFO - Executing <Task(PythonOperator): data_ingestion> on 2025-09-25 09:33:23.154392+00:00
[2025-09-25 09:33:26,984] {standard_task_runner.py:52} INFO - Started process 462 to run task
[2025-09-25 09:33:26,985] {standard_task_runner.py:79} INFO - Running: ['***', 'tasks', 'run', 'manga_prediction_pipeline', 'data_ingestion', 'manual__2025-09-25T09:33:23.154392+00:00', '--job-id', '239', '--raw', '--subdir', 'DAGS_FOLDER/manga_prediction_pipeline.py', '--cfg-path', '/tmp/tmpuk7m6mae', '--error-file', '/tmp/tmpqp4z2f86']
[2025-09-25 09:33:26,986] {standard_task_runner.py:80} INFO - Job 239: Subtask data_ingestion
[2025-09-25 09:33:27,002] {task_command.py:370} INFO - Running <TaskInstance: manga_prediction_pipeline.data_ingestion manual__2025-09-25T09:33:23.154392+00:00 [running]> on host cb0443de104f
[2025-09-25 09:33:27,024] {taskinstance.py:1571} INFO - Exporting the following env vars:
AIRFLOW_CTX_DAG_OWNER=***
AIRFLOW_CTX_DAG_ID=manga_prediction_pipeline
AIRFLOW_CTX_TASK_ID=data_ingestion
AIRFLOW_CTX_EXECUTION_DATE=2025-09-25T09:33:23.154392+00:00
AIRFLOW_CTX_TRY_NUMBER=1
AIRFLOW_CTX_DAG_RUN_ID=manual__2025-09-25T09:33:23.154392+00:00
[2025-09-25 09:33:27,025] {logging_mixin.py:115} INFO - Reading data from /opt/***/data/manga.csv
[2025-09-25 09:33:27,444] {logging_mixin.py:115} INFO - Data read successfully. Shape: (66371, 26)
[2025-09-25 09:33:27,444] {logging_mixin.py:115} INFO - Attempting to connect to MariaDB at mariadb:3306/manga_db
[2025-09-25 09:33:27,470] {authentication.py:66} INFO - package: mysql.connector.plugins
[2025-09-25 09:33:27,470] {authentication.py:67} INFO - plugin_name: mysql_native_password
[2025-09-25 09:33:27,470] {authentication.py:71} INFO - AUTHENTICATION_PLUGIN_CLASS: MySQLNativePasswordAuthPlugin
[2025-09-25 09:33:27,473] {logging_mixin.py:115} INFO - Successfully connected to MariaDB.
[2025-09-25 09:33:27,473] {logging_mixin.py:115} INFO - Inserting into dim_manga_info...
[2025-09-25 09:33:27,474] {taskinstance.py:1889} ERROR - Task failed with exception
Traceback (most recent call last):
  File "/home/airflow/.local/lib/python3.7/site-packages/airflow/operators/python.py", line 171, in execute
    return_value = self.execute_callable()
  File "/home/airflow/.local/lib/python3.7/site-packages/airflow/operators/python.py", line 189, in execute_callable
    return self.python_callable(*self.op_args, **self.op_kwargs)
  File "/opt/airflow/src/data_ingestion.py", line 26, in ingest_data
    'approved', 'url', 'images'
  File "/home/airflow/.local/lib/python3.7/site-packages/pandas/core/frame.py", line 3464, in __getitem__
    indexer = self.loc._get_listlike_indexer(key, axis=1)[1]
  File "/home/airflow/.local/lib/python3.7/site-packages/pandas/core/indexing.py", line 1314, in _get_listlike_indexer
    self._validate_read_indexer(keyarr, indexer, axis)
  File "/home/airflow/.local/lib/python3.7/site-packages/pandas/core/indexing.py", line 1377, in _validate_read_indexer
    raise KeyError(f"{not_found} not in index")
KeyError: "['approved', 'images'] not in index"
[2025-09-25 09:33:27,480] {taskinstance.py:1400} INFO - Marking task as FAILED. dag_id=manga_prediction_pipeline, task_id=data_ingestion, execution_date=20250925T093323, start_date=20250925T093326, end_date=20250925T093327
[2025-09-25 09:33:27,484] {standard_task_runner.py:97} ERROR - Failed to execute job 239 for task data_ingestion ("['approved', 'images'] not in index"; 462)
[2025-09-25 09:33:27,502] {local_task_job.py:156} INFO - Task exited with return code 1
[2025-09-25 09:33:27,517] {local_task_job.py:273} INFO - 0 downstream tasks scheduled from follow-on schedule check
