[2025-10-01 14:21:08,638] {taskinstance.py:1159} INFO - Dependencies all met for <TaskInstance: manga_prediction_pipeline.model_monitoring manual__2025-10-01T14:19:52+00:00 [queued]>
[2025-10-01 14:21:08,641] {taskinstance.py:1159} INFO - Dependencies all met for <TaskInstance: manga_prediction_pipeline.model_monitoring manual__2025-10-01T14:19:52+00:00 [queued]>
[2025-10-01 14:21:08,641] {taskinstance.py:1356} INFO - 
--------------------------------------------------------------------------------
[2025-10-01 14:21:08,641] {taskinstance.py:1357} INFO - Starting attempt 1 of 1
[2025-10-01 14:21:08,641] {taskinstance.py:1358} INFO - 
--------------------------------------------------------------------------------
[2025-10-01 14:21:08,646] {taskinstance.py:1377} INFO - Executing <Task(PythonOperator): model_monitoring> on 2025-10-01 14:19:52+00:00
[2025-10-01 14:21:08,649] {standard_task_runner.py:52} INFO - Started process 1246 to run task
[2025-10-01 14:21:08,651] {standard_task_runner.py:79} INFO - Running: ['***', 'tasks', 'run', 'manga_prediction_pipeline', 'model_monitoring', 'manual__2025-10-01T14:19:52+00:00', '--job-id', '413', '--raw', '--subdir', 'DAGS_FOLDER/manga_prediction_pipeline.py', '--cfg-path', '/tmp/tmp9szc_lm7', '--error-file', '/tmp/tmpwzsim6qm']
[2025-10-01 14:21:08,652] {standard_task_runner.py:80} INFO - Job 413: Subtask model_monitoring
[2025-10-01 14:21:08,673] {task_command.py:370} INFO - Running <TaskInstance: manga_prediction_pipeline.model_monitoring manual__2025-10-01T14:19:52+00:00 [running]> on host 61d50ce4b953
[2025-10-01 14:21:08,702] {taskinstance.py:1571} INFO - Exporting the following env vars:
AIRFLOW_CTX_DAG_OWNER=***
AIRFLOW_CTX_DAG_ID=manga_prediction_pipeline
AIRFLOW_CTX_TASK_ID=model_monitoring
AIRFLOW_CTX_EXECUTION_DATE=2025-10-01T14:19:52+00:00
AIRFLOW_CTX_TRY_NUMBER=1
AIRFLOW_CTX_DAG_RUN_ID=manual__2025-10-01T14:19:52+00:00
[2025-10-01 14:21:08,703] {model_monitoring.py:22} INFO - Loading processed data from /opt/***/data/processed/manga_processed.parquet for monitoring.
[2025-10-01 14:21:08,762] {model_monitoring.py:24} INFO - Processed data loaded. Shape: (21795, 28)
[2025-10-01 14:21:08,774] {taskinstance.py:1889} ERROR - Task failed with exception
Traceback (most recent call last):
  File "/home/airflow/.local/lib/python3.7/site-packages/airflow/operators/python.py", line 171, in execute
    return_value = self.execute_callable()
  File "/home/airflow/.local/lib/python3.7/site-packages/airflow/operators/python.py", line 189, in execute_callable
    return self.python_callable(*self.op_args, **self.op_kwargs)
  File "/opt/airflow/dags/manga_prediction_pipeline.py", line 41, in _run_model_monitoring
    run_model_monitoring()
  File "/opt/airflow/src/model_monitoring.py", line 42, in run_model_monitoring
    column_mapping_obj = ColumnMapping(excluded_features=['images'])
TypeError: __init__() got an unexpected keyword argument 'excluded_features'
[2025-10-01 14:21:08,779] {taskinstance.py:1400} INFO - Marking task as FAILED. dag_id=manga_prediction_pipeline, task_id=model_monitoring, execution_date=20251001T141952, start_date=20251001T142108, end_date=20251001T142108
[2025-10-01 14:21:08,783] {standard_task_runner.py:97} ERROR - Failed to execute job 413 for task model_monitoring (__init__() got an unexpected keyword argument 'excluded_features'; 1246)
[2025-10-01 14:21:08,833] {local_task_job.py:156} INFO - Task exited with return code 1
[2025-10-01 14:21:08,849] {local_task_job.py:273} INFO - 0 downstream tasks scheduled from follow-on schedule check
