[2025-10-03 18:03:32,825] {taskinstance.py:1159} INFO - Dependencies all met for <TaskInstance: manga_prediction_pipeline.data_ingestion manual__2025-10-03T18:03:29.587893+00:00 [queued]>
[2025-10-03 18:03:32,828] {taskinstance.py:1159} INFO - Dependencies all met for <TaskInstance: manga_prediction_pipeline.data_ingestion manual__2025-10-03T18:03:29.587893+00:00 [queued]>
[2025-10-03 18:03:32,828] {taskinstance.py:1356} INFO - 
--------------------------------------------------------------------------------
[2025-10-03 18:03:32,828] {taskinstance.py:1357} INFO - Starting attempt 1 of 1
[2025-10-03 18:03:32,829] {taskinstance.py:1358} INFO - 
--------------------------------------------------------------------------------
[2025-10-03 18:03:32,833] {taskinstance.py:1377} INFO - Executing <Task(PythonOperator): data_ingestion> on 2025-10-03 18:03:29.587893+00:00
[2025-10-03 18:03:32,836] {standard_task_runner.py:52} INFO - Started process 205 to run task
[2025-10-03 18:03:32,837] {standard_task_runner.py:79} INFO - Running: ['***', 'tasks', 'run', 'manga_prediction_pipeline', 'data_ingestion', 'manual__2025-10-03T18:03:29.587893+00:00', '--job-id', '738', '--raw', '--subdir', 'DAGS_FOLDER/manga_prediction_pipeline.py', '--cfg-path', '/tmp/tmpy2vvvg5p', '--error-file', '/tmp/tmpticye8g3']
[2025-10-03 18:03:32,838] {standard_task_runner.py:80} INFO - Job 738: Subtask data_ingestion
[2025-10-03 18:03:32,857] {task_command.py:370} INFO - Running <TaskInstance: manga_prediction_pipeline.data_ingestion manual__2025-10-03T18:03:29.587893+00:00 [running]> on host 5887df2325d2
[2025-10-03 18:03:32,880] {taskinstance.py:1571} INFO - Exporting the following env vars:
AIRFLOW_CTX_DAG_OWNER=***
AIRFLOW_CTX_DAG_ID=manga_prediction_pipeline
AIRFLOW_CTX_TASK_ID=data_ingestion
AIRFLOW_CTX_EXECUTION_DATE=2025-10-03T18:03:29.587893+00:00
AIRFLOW_CTX_TRY_NUMBER=1
AIRFLOW_CTX_DAG_RUN_ID=manual__2025-10-03T18:03:29.587893+00:00
[2025-10-03 18:03:32,880] {logging_mixin.py:115} INFO - Reading data from /opt/***/data/manga.csv
[2025-10-03 18:03:33,291] {logging_mixin.py:115} INFO - Data read successfully. Shape: (66371, 26)
[2025-10-03 18:03:33,292] {logging_mixin.py:115} INFO - Attempting to connect to MariaDB at mariadb:3306/manga_db
[2025-10-03 18:03:33,317] {authentication.py:66} INFO - package: mysql.connector.plugins
[2025-10-03 18:03:33,317] {authentication.py:67} INFO - plugin_name: mysql_native_password
[2025-10-03 18:03:33,317] {authentication.py:71} INFO - AUTHENTICATION_PLUGIN_CLASS: MySQLNativePasswordAuthPlugin
[2025-10-03 18:03:33,320] {logging_mixin.py:115} INFO - Successfully connected to MariaDB.
[2025-10-03 18:03:33,320] {logging_mixin.py:115} INFO - Inserting into dim_manga_info...
[2025-10-03 18:04:00,613] {logging_mixin.py:115} INFO - dim_manga_info populated.
[2025-10-03 18:04:00,868] {logging_mixin.py:115} INFO - Inserting into dim_genres...
[2025-10-03 18:04:00,960] {logging_mixin.py:115} INFO - dim_genres populated.
[2025-10-03 18:04:00,962] {logging_mixin.py:115} INFO - Inserting into dim_authors...
[2025-10-03 18:04:01,105] {logging_mixin.py:115} INFO - dim_authors populated.
[2025-10-03 18:04:01,107] {logging_mixin.py:115} INFO - Inserting into dim_demographics...
[2025-10-03 18:04:01,229] {logging_mixin.py:115} INFO - dim_demographics populated.
[2025-10-03 18:04:01,231] {logging_mixin.py:115} INFO - Inserting into dim_serializations...
[2025-10-03 18:04:01,317] {logging_mixin.py:115} INFO - dim_serializations populated.
[2025-10-03 18:04:01,318] {logging_mixin.py:115} INFO - Inserting into fact_manga...
[2025-10-03 18:04:27,094] {logging_mixin.py:115} INFO - fact_manga populated.
[2025-10-03 18:04:27,094] {logging_mixin.py:115} INFO - Inserting into manga_secondary_genres...
[2025-10-03 18:04:28,147] {logging_mixin.py:115} INFO - manga_secondary_genres populated.
[2025-10-03 18:04:28,148] {logging_mixin.py:115} INFO - Data ingestion to MariaDB complete.
[2025-10-03 18:04:28,162] {python.py:173} INFO - Done. Returned value was: None
[2025-10-03 18:04:28,167] {taskinstance.py:1400} INFO - Marking task as SUCCESS. dag_id=manga_prediction_pipeline, task_id=data_ingestion, execution_date=20251003T180329, start_date=20251003T180332, end_date=20251003T180428
[2025-10-03 18:04:28,188] {local_task_job.py:156} INFO - Task exited with return code 0
[2025-10-03 18:04:28,201] {local_task_job.py:273} INFO - 1 downstream tasks scheduled from follow-on schedule check
