[2025-09-25 08:07:55,461] {taskinstance.py:1159} INFO - Dependencies all met for <TaskInstance: manga_prediction_pipeline.data_ingestion manual__2025-09-24T18:57:06.101793+00:00 [queued]>
[2025-09-25 08:07:55,467] {taskinstance.py:1159} INFO - Dependencies all met for <TaskInstance: manga_prediction_pipeline.data_ingestion manual__2025-09-24T18:57:06.101793+00:00 [queued]>
[2025-09-25 08:07:55,467] {taskinstance.py:1356} INFO - 
--------------------------------------------------------------------------------
[2025-09-25 08:07:55,467] {taskinstance.py:1357} INFO - Starting attempt 2 of 2
[2025-09-25 08:07:55,468] {taskinstance.py:1358} INFO - 
--------------------------------------------------------------------------------
[2025-09-25 08:07:55,474] {taskinstance.py:1377} INFO - Executing <Task(PythonOperator): data_ingestion> on 2025-09-24 18:57:06.101793+00:00
[2025-09-25 08:07:55,477] {standard_task_runner.py:52} INFO - Started process 1281 to run task
[2025-09-25 08:07:55,479] {standard_task_runner.py:79} INFO - Running: ['***', 'tasks', 'run', 'manga_prediction_pipeline', 'data_ingestion', 'manual__2025-09-24T18:57:06.101793+00:00', '--job-id', '177', '--raw', '--subdir', 'DAGS_FOLDER/manga_prediction_pipeline.py', '--cfg-path', '/tmp/tmpljx252uk', '--error-file', '/tmp/tmpdk43u68r']
[2025-09-25 08:07:55,480] {standard_task_runner.py:80} INFO - Job 177: Subtask data_ingestion
[2025-09-25 08:07:55,499] {task_command.py:370} INFO - Running <TaskInstance: manga_prediction_pipeline.data_ingestion manual__2025-09-24T18:57:06.101793+00:00 [running]> on host 240518fe472e
[2025-09-25 08:07:55,526] {taskinstance.py:1571} INFO - Exporting the following env vars:
AIRFLOW_CTX_DAG_OWNER=***
AIRFLOW_CTX_DAG_ID=manga_prediction_pipeline
AIRFLOW_CTX_TASK_ID=data_ingestion
AIRFLOW_CTX_EXECUTION_DATE=2025-09-24T18:57:06.101793+00:00
AIRFLOW_CTX_TRY_NUMBER=2
AIRFLOW_CTX_DAG_RUN_ID=manual__2025-09-24T18:57:06.101793+00:00
[2025-09-25 08:07:55,527] {logging_mixin.py:115} INFO - Reading data from /opt/***/data/manga.csv
[2025-09-25 08:07:55,956] {logging_mixin.py:115} INFO - Data ingested successfully. Shape: (66371, 26)
[2025-09-25 08:07:55,956] {logging_mixin.py:115} INFO - Saving data to /opt/***/data/staged/manga.parquet
[2025-09-25 08:07:56,148] {logging_mixin.py:115} INFO - Data saved successfully to staging area.
[2025-09-25 08:07:56,156] {python.py:173} INFO - Done. Returned value was: None
[2025-09-25 08:07:56,162] {taskinstance.py:1400} INFO - Marking task as SUCCESS. dag_id=manga_prediction_pipeline, task_id=data_ingestion, execution_date=20250924T185706, start_date=20250925T080755, end_date=20250925T080756
[2025-09-25 08:07:56,191] {local_task_job.py:156} INFO - Task exited with return code 0
[2025-09-25 08:07:56,208] {local_task_job.py:273} INFO - 1 downstream tasks scheduled from follow-on schedule check
