[2025-10-03 17:02:33,096] {taskinstance.py:1159} INFO - Dependencies all met for <TaskInstance: manga_prediction_pipeline.feature_engineering manual__2025-10-03T17:01:27.475189+00:00 [queued]>
[2025-10-03 17:02:33,100] {taskinstance.py:1159} INFO - Dependencies all met for <TaskInstance: manga_prediction_pipeline.feature_engineering manual__2025-10-03T17:01:27.475189+00:00 [queued]>
[2025-10-03 17:02:33,100] {taskinstance.py:1356} INFO - 
--------------------------------------------------------------------------------
[2025-10-03 17:02:33,100] {taskinstance.py:1357} INFO - Starting attempt 1 of 1
[2025-10-03 17:02:33,100] {taskinstance.py:1358} INFO - 
--------------------------------------------------------------------------------
[2025-10-03 17:02:33,104] {taskinstance.py:1377} INFO - Executing <Task(PythonOperator): feature_engineering> on 2025-10-03 17:01:27.475189+00:00
[2025-10-03 17:02:33,107] {standard_task_runner.py:52} INFO - Started process 243 to run task
[2025-10-03 17:02:33,109] {standard_task_runner.py:79} INFO - Running: ['***', 'tasks', 'run', 'manga_prediction_pipeline', 'feature_engineering', 'manual__2025-10-03T17:01:27.475189+00:00', '--job-id', '642', '--raw', '--subdir', 'DAGS_FOLDER/manga_prediction_pipeline.py', '--cfg-path', '/tmp/tmp0hfdeb3_', '--error-file', '/tmp/tmp21bnj2d_']
[2025-10-03 17:02:33,109] {standard_task_runner.py:80} INFO - Job 642: Subtask feature_engineering
[2025-10-03 17:02:33,130] {task_command.py:370} INFO - Running <TaskInstance: manga_prediction_pipeline.feature_engineering manual__2025-10-03T17:01:27.475189+00:00 [running]> on host c6f0546e2ff0
[2025-10-03 17:02:33,155] {taskinstance.py:1571} INFO - Exporting the following env vars:
AIRFLOW_CTX_DAG_OWNER=***
AIRFLOW_CTX_DAG_ID=manga_prediction_pipeline
AIRFLOW_CTX_TASK_ID=feature_engineering
AIRFLOW_CTX_EXECUTION_DATE=2025-10-03T17:01:27.475189+00:00
AIRFLOW_CTX_TRY_NUMBER=1
AIRFLOW_CTX_DAG_RUN_ID=manual__2025-10-03T17:01:27.475189+00:00
[2025-10-03 17:02:33,155] {logging_mixin.py:115} INFO - Reading processed data from /opt/***/data/processed/manga_processed.parquet
[2025-10-03 17:02:33,200] {logging_mixin.py:115} INFO - Processed data read successfully. Shape: (21795, 28)
[2025-10-03 17:02:33,207] {logging_mixin.py:115} INFO - Scaling numerical columns: ['members', 'favorites', 'scored_by', 'volumes', 'chapters']
[2025-10-03 17:02:33,209] {logging_mixin.py:115} INFO - One-hot encoding categorical columns: ['type']
[2025-10-03 17:02:33,215] {logging_mixin.py:115} INFO - Feature engineering complete.
[2025-10-03 17:02:33,215] {logging_mixin.py:115} INFO - Saving features to /opt/***/data/features/manga_features.parquet
[2025-10-03 17:02:33,267] {logging_mixin.py:115} INFO - Features saved successfully.
[2025-10-03 17:02:33,269] {python.py:173} INFO - Done. Returned value was: None
[2025-10-03 17:02:33,274] {taskinstance.py:1400} INFO - Marking task as SUCCESS. dag_id=manga_prediction_pipeline, task_id=feature_engineering, execution_date=20251003T170127, start_date=20251003T170233, end_date=20251003T170233
[2025-10-03 17:02:33,289] {local_task_job.py:156} INFO - Task exited with return code 0
[2025-10-03 17:02:33,304] {local_task_job.py:273} INFO - 1 downstream tasks scheduled from follow-on schedule check
