[2025-10-03 18:49:47,233] {taskinstance.py:1159} INFO - Dependencies all met for <TaskInstance: manga_prediction_pipeline.data_ingestion manual__2025-10-03T18:49:44.118004+00:00 [queued]>
[2025-10-03 18:49:47,236] {taskinstance.py:1159} INFO - Dependencies all met for <TaskInstance: manga_prediction_pipeline.data_ingestion manual__2025-10-03T18:49:44.118004+00:00 [queued]>
[2025-10-03 18:49:47,236] {taskinstance.py:1356} INFO - 
--------------------------------------------------------------------------------
[2025-10-03 18:49:47,236] {taskinstance.py:1357} INFO - Starting attempt 1 of 1
[2025-10-03 18:49:47,236] {taskinstance.py:1358} INFO - 
--------------------------------------------------------------------------------
[2025-10-03 18:49:47,240] {taskinstance.py:1377} INFO - Executing <Task(PythonOperator): data_ingestion> on 2025-10-03 18:49:44.118004+00:00
[2025-10-03 18:49:47,243] {standard_task_runner.py:52} INFO - Started process 193 to run task
[2025-10-03 18:49:47,244] {standard_task_runner.py:79} INFO - Running: ['***', 'tasks', 'run', 'manga_prediction_pipeline', 'data_ingestion', 'manual__2025-10-03T18:49:44.118004+00:00', '--job-id', '804', '--raw', '--subdir', 'DAGS_FOLDER/manga_prediction_pipeline.py', '--cfg-path', '/tmp/tmpmt3e4fzd', '--error-file', '/tmp/tmpphfj7hdw']
[2025-10-03 18:49:47,245] {standard_task_runner.py:80} INFO - Job 804: Subtask data_ingestion
[2025-10-03 18:49:47,264] {task_command.py:370} INFO - Running <TaskInstance: manga_prediction_pipeline.data_ingestion manual__2025-10-03T18:49:44.118004+00:00 [running]> on host 89ec741809c5
[2025-10-03 18:49:47,286] {taskinstance.py:1571} INFO - Exporting the following env vars:
AIRFLOW_CTX_DAG_OWNER=***
AIRFLOW_CTX_DAG_ID=manga_prediction_pipeline
AIRFLOW_CTX_TASK_ID=data_ingestion
AIRFLOW_CTX_EXECUTION_DATE=2025-10-03T18:49:44.118004+00:00
AIRFLOW_CTX_TRY_NUMBER=1
AIRFLOW_CTX_DAG_RUN_ID=manual__2025-10-03T18:49:44.118004+00:00
[2025-10-03 18:49:47,286] {logging_mixin.py:115} INFO - Reading data from /opt/***/data/manga.csv
[2025-10-03 18:49:47,684] {logging_mixin.py:115} INFO - Data read successfully. Shape: (66371, 26)
[2025-10-03 18:49:47,685] {logging_mixin.py:115} INFO - Attempting to connect to MariaDB at mariadb:3306/manga_db
[2025-10-03 18:49:47,709] {authentication.py:66} INFO - package: mysql.connector.plugins
[2025-10-03 18:49:47,709] {authentication.py:67} INFO - plugin_name: mysql_native_password
[2025-10-03 18:49:47,709] {authentication.py:71} INFO - AUTHENTICATION_PLUGIN_CLASS: MySQLNativePasswordAuthPlugin
[2025-10-03 18:49:47,712] {logging_mixin.py:115} INFO - Successfully connected to MariaDB.
[2025-10-03 18:49:47,712] {logging_mixin.py:115} INFO - Inserting into dim_manga_info...
[2025-10-03 18:50:15,036] {logging_mixin.py:115} INFO - dim_manga_info populated.
[2025-10-03 18:50:15,294] {logging_mixin.py:115} INFO - Inserting into dim_genres...
[2025-10-03 18:50:15,387] {logging_mixin.py:115} INFO - dim_genres populated.
[2025-10-03 18:50:15,389] {logging_mixin.py:115} INFO - Inserting into dim_authors...
[2025-10-03 18:50:15,545] {logging_mixin.py:115} INFO - dim_authors populated.
[2025-10-03 18:50:15,546] {logging_mixin.py:115} INFO - Inserting into dim_demographics...
[2025-10-03 18:50:15,667] {logging_mixin.py:115} INFO - dim_demographics populated.
[2025-10-03 18:50:15,669] {logging_mixin.py:115} INFO - Inserting into dim_serializations...
[2025-10-03 18:50:15,756] {logging_mixin.py:115} INFO - dim_serializations populated.
[2025-10-03 18:50:15,757] {logging_mixin.py:115} INFO - Inserting into fact_manga...
[2025-10-03 18:50:41,130] {logging_mixin.py:115} INFO - fact_manga populated.
[2025-10-03 18:50:41,130] {logging_mixin.py:115} INFO - Inserting into manga_secondary_genres...
[2025-10-03 18:50:42,141] {logging_mixin.py:115} INFO - manga_secondary_genres populated.
[2025-10-03 18:50:42,141] {logging_mixin.py:115} INFO - Data ingestion to MariaDB complete.
[2025-10-03 18:50:42,155] {python.py:173} INFO - Done. Returned value was: None
[2025-10-03 18:50:42,160] {taskinstance.py:1400} INFO - Marking task as SUCCESS. dag_id=manga_prediction_pipeline, task_id=data_ingestion, execution_date=20251003T184944, start_date=20251003T184947, end_date=20251003T185042
[2025-10-03 18:50:42,213] {local_task_job.py:156} INFO - Task exited with return code 0
[2025-10-03 18:50:42,229] {local_task_job.py:273} INFO - 1 downstream tasks scheduled from follow-on schedule check
