[2025-10-01 18:59:31,931] {taskinstance.py:1159} INFO - Dependencies all met for <TaskInstance: manga_prediction_pipeline.data_preprocessing manual__2025-10-01T18:58:29.301737+00:00 [queued]>
[2025-10-01 18:59:31,936] {taskinstance.py:1159} INFO - Dependencies all met for <TaskInstance: manga_prediction_pipeline.data_preprocessing manual__2025-10-01T18:58:29.301737+00:00 [queued]>
[2025-10-01 18:59:31,936] {taskinstance.py:1356} INFO - 
--------------------------------------------------------------------------------
[2025-10-01 18:59:31,936] {taskinstance.py:1357} INFO - Starting attempt 1 of 1
[2025-10-01 18:59:31,936] {taskinstance.py:1358} INFO - 
--------------------------------------------------------------------------------
[2025-10-01 18:59:31,941] {taskinstance.py:1377} INFO - Executing <Task(PythonOperator): data_preprocessing> on 2025-10-01 18:58:29.301737+00:00
[2025-10-01 18:59:31,944] {standard_task_runner.py:52} INFO - Started process 247 to run task
[2025-10-01 18:59:31,946] {standard_task_runner.py:79} INFO - Running: ['***', 'tasks', 'run', 'manga_prediction_pipeline', 'data_preprocessing', 'manual__2025-10-01T18:58:29.301737+00:00', '--job-id', '453', '--raw', '--subdir', 'DAGS_FOLDER/manga_prediction_pipeline.py', '--cfg-path', '/tmp/tmp_vm3q2hk', '--error-file', '/tmp/tmpqzteo7wt']
[2025-10-01 18:59:31,946] {standard_task_runner.py:80} INFO - Job 453: Subtask data_preprocessing
[2025-10-01 18:59:31,975] {task_command.py:370} INFO - Running <TaskInstance: manga_prediction_pipeline.data_preprocessing manual__2025-10-01T18:58:29.301737+00:00 [running]> on host 02a4c4e58a83
[2025-10-01 18:59:32,002] {taskinstance.py:1571} INFO - Exporting the following env vars:
AIRFLOW_CTX_DAG_OWNER=***
AIRFLOW_CTX_DAG_ID=manga_prediction_pipeline
AIRFLOW_CTX_TASK_ID=data_preprocessing
AIRFLOW_CTX_EXECUTION_DATE=2025-10-01T18:58:29.301737+00:00
AIRFLOW_CTX_TRY_NUMBER=1
AIRFLOW_CTX_DAG_RUN_ID=manual__2025-10-01T18:58:29.301737+00:00
[2025-10-01 18:59:32,002] {logging_mixin.py:115} INFO - Connecting to MariaDB to read data...
[2025-10-01 18:59:32,003] {logging_mixin.py:115} INFO - Attempting to connect to MariaDB at mariadb:3306/manga_db
[2025-10-01 18:59:32,044] {authentication.py:66} INFO - package: mysql.connector.plugins
[2025-10-01 18:59:32,045] {authentication.py:67} INFO - plugin_name: mysql_native_password
[2025-10-01 18:59:32,045] {authentication.py:71} INFO - AUTHENTICATION_PLUGIN_CLASS: MySQLNativePasswordAuthPlugin
[2025-10-01 18:59:32,048] {logging_mixin.py:115} INFO - Successfully connected to MariaDB.
[2025-10-01 18:59:33,128] {logging_mixin.py:115} INFO - Data read successfully from MariaDB. Shape: (66371, 28)
[2025-10-01 18:59:33,143] {logging_mixin.py:115} INFO - Rows after dropping mal_id duplicates: (66371, 28)
[2025-10-01 18:59:33,143] {logging_mixin.py:115} INFO - Converting 'score' to numeric and dropping NaNs. Original rows: 66371
[2025-10-01 18:59:33,155] {logging_mixin.py:115} INFO - Rows after dropping missing scores: 21795
[2025-10-01 18:59:33,155] {logging_mixin.py:115} INFO - Data preprocessing complete.
[2025-10-01 18:59:33,156] {logging_mixin.py:115} INFO - Saving processed data to /opt/***/data/processed/manga_processed.parquet
[2025-10-01 18:59:33,244] {logging_mixin.py:115} INFO - Processed data saved successfully.
[2025-10-01 18:59:33,248] {python.py:173} INFO - Done. Returned value was: None
[2025-10-01 18:59:33,254] {taskinstance.py:1400} INFO - Marking task as SUCCESS. dag_id=manga_prediction_pipeline, task_id=data_preprocessing, execution_date=20251001T185829, start_date=20251001T185931, end_date=20251001T185933
[2025-10-01 18:59:33,291] {local_task_job.py:156} INFO - Task exited with return code 0
[2025-10-01 18:59:33,307] {local_task_job.py:273} INFO - 1 downstream tasks scheduled from follow-on schedule check
