[2025-10-06 14:11:12,950] {processor.py:153} INFO - Started process (PID=171) to work on /opt/airflow/dags/manga_prediction_pipeline.py
[2025-10-06 14:11:12,950] {processor.py:641} INFO - Processing file /opt/airflow/dags/manga_prediction_pipeline.py for tasks to queue
[2025-10-06 14:11:12,950] {logging_mixin.py:115} INFO - [2025-10-06 14:11:12,950] {dagbag.py:507} INFO - Filling up the DagBag from /opt/airflow/dags/manga_prediction_pipeline.py
[2025-10-06 14:11:14,610] {processor.py:651} INFO - DAG(s) dict_keys(['manga_prediction_pipeline']) retrieved from /opt/airflow/dags/manga_prediction_pipeline.py
[2025-10-06 14:11:14,626] {logging_mixin.py:115} INFO - [2025-10-06 14:11:14,626] {dag.py:2379} INFO - Sync 1 DAGs
[2025-10-06 14:11:14,635] {logging_mixin.py:115} INFO - [2025-10-06 14:11:14,635] {dag.py:2931} INFO - Setting next_dagrun for manga_prediction_pipeline to None, run_after=None
[2025-10-06 14:11:14,638] {processor.py:161} INFO - Processing /opt/airflow/dags/manga_prediction_pipeline.py took 1.690 seconds
[2025-10-06 14:11:44,787] {processor.py:153} INFO - Started process (PID=189) to work on /opt/airflow/dags/manga_prediction_pipeline.py
[2025-10-06 14:11:44,788] {processor.py:641} INFO - Processing file /opt/airflow/dags/manga_prediction_pipeline.py for tasks to queue
[2025-10-06 14:11:44,788] {logging_mixin.py:115} INFO - [2025-10-06 14:11:44,788] {dagbag.py:507} INFO - Filling up the DagBag from /opt/airflow/dags/manga_prediction_pipeline.py
[2025-10-06 14:11:45,733] {processor.py:651} INFO - DAG(s) dict_keys(['manga_prediction_pipeline']) retrieved from /opt/airflow/dags/manga_prediction_pipeline.py
[2025-10-06 14:11:45,742] {logging_mixin.py:115} INFO - [2025-10-06 14:11:45,742] {dag.py:2379} INFO - Sync 1 DAGs
[2025-10-06 14:11:45,750] {logging_mixin.py:115} INFO - [2025-10-06 14:11:45,750] {dag.py:2931} INFO - Setting next_dagrun for manga_prediction_pipeline to None, run_after=None
[2025-10-06 14:11:45,753] {processor.py:161} INFO - Processing /opt/airflow/dags/manga_prediction_pipeline.py took 0.967 seconds
[2025-10-06 14:12:15,863] {processor.py:153} INFO - Started process (PID=195) to work on /opt/airflow/dags/manga_prediction_pipeline.py
[2025-10-06 14:12:15,864] {processor.py:641} INFO - Processing file /opt/airflow/dags/manga_prediction_pipeline.py for tasks to queue
[2025-10-06 14:12:15,864] {logging_mixin.py:115} INFO - [2025-10-06 14:12:15,864] {dagbag.py:507} INFO - Filling up the DagBag from /opt/airflow/dags/manga_prediction_pipeline.py
[2025-10-06 14:12:16,906] {processor.py:651} INFO - DAG(s) dict_keys(['manga_prediction_pipeline']) retrieved from /opt/airflow/dags/manga_prediction_pipeline.py
[2025-10-06 14:12:16,916] {logging_mixin.py:115} INFO - [2025-10-06 14:12:16,916] {dag.py:2379} INFO - Sync 1 DAGs
[2025-10-06 14:12:16,923] {logging_mixin.py:115} INFO - [2025-10-06 14:12:16,923] {dag.py:2931} INFO - Setting next_dagrun for manga_prediction_pipeline to None, run_after=None
[2025-10-06 14:12:16,927] {processor.py:161} INFO - Processing /opt/airflow/dags/manga_prediction_pipeline.py took 1.065 seconds
[2025-10-06 14:12:47,011] {processor.py:153} INFO - Started process (PID=282) to work on /opt/airflow/dags/manga_prediction_pipeline.py
[2025-10-06 14:12:47,012] {processor.py:641} INFO - Processing file /opt/airflow/dags/manga_prediction_pipeline.py for tasks to queue
[2025-10-06 14:12:47,013] {logging_mixin.py:115} INFO - [2025-10-06 14:12:47,013] {dagbag.py:507} INFO - Filling up the DagBag from /opt/airflow/dags/manga_prediction_pipeline.py
[2025-10-06 14:12:48,050] {processor.py:651} INFO - DAG(s) dict_keys(['manga_prediction_pipeline']) retrieved from /opt/airflow/dags/manga_prediction_pipeline.py
[2025-10-06 14:12:48,064] {logging_mixin.py:115} INFO - [2025-10-06 14:12:48,064] {dag.py:2379} INFO - Sync 1 DAGs
[2025-10-06 14:12:48,071] {logging_mixin.py:115} INFO - [2025-10-06 14:12:48,071] {dag.py:2931} INFO - Setting next_dagrun for manga_prediction_pipeline to None, run_after=None
[2025-10-06 14:12:48,074] {processor.py:161} INFO - Processing /opt/airflow/dags/manga_prediction_pipeline.py took 1.068 seconds
[2025-10-06 14:13:18,117] {processor.py:153} INFO - Started process (PID=323) to work on /opt/airflow/dags/manga_prediction_pipeline.py
[2025-10-06 14:13:18,118] {processor.py:641} INFO - Processing file /opt/airflow/dags/manga_prediction_pipeline.py for tasks to queue
[2025-10-06 14:13:18,120] {logging_mixin.py:115} INFO - [2025-10-06 14:13:18,120] {dagbag.py:507} INFO - Filling up the DagBag from /opt/airflow/dags/manga_prediction_pipeline.py
[2025-10-06 14:13:19,124] {processor.py:651} INFO - DAG(s) dict_keys(['manga_prediction_pipeline']) retrieved from /opt/airflow/dags/manga_prediction_pipeline.py
[2025-10-06 14:13:19,133] {logging_mixin.py:115} INFO - [2025-10-06 14:13:19,133] {dag.py:2379} INFO - Sync 1 DAGs
[2025-10-06 14:13:19,142] {logging_mixin.py:115} INFO - [2025-10-06 14:13:19,142] {dag.py:2931} INFO - Setting next_dagrun for manga_prediction_pipeline to None, run_after=None
[2025-10-06 14:13:19,145] {processor.py:161} INFO - Processing /opt/airflow/dags/manga_prediction_pipeline.py took 1.034 seconds
[2025-10-06 14:13:49,204] {processor.py:153} INFO - Started process (PID=329) to work on /opt/airflow/dags/manga_prediction_pipeline.py
[2025-10-06 14:13:49,205] {processor.py:641} INFO - Processing file /opt/airflow/dags/manga_prediction_pipeline.py for tasks to queue
[2025-10-06 14:13:49,205] {logging_mixin.py:115} INFO - [2025-10-06 14:13:49,205] {dagbag.py:507} INFO - Filling up the DagBag from /opt/airflow/dags/manga_prediction_pipeline.py
[2025-10-06 14:13:50,021] {processor.py:651} INFO - DAG(s) dict_keys(['manga_prediction_pipeline']) retrieved from /opt/airflow/dags/manga_prediction_pipeline.py
[2025-10-06 14:13:50,030] {logging_mixin.py:115} INFO - [2025-10-06 14:13:50,030] {dag.py:2379} INFO - Sync 1 DAGs
[2025-10-06 14:13:50,037] {logging_mixin.py:115} INFO - [2025-10-06 14:13:50,037] {dag.py:2931} INFO - Setting next_dagrun for manga_prediction_pipeline to None, run_after=None
[2025-10-06 14:13:50,040] {processor.py:161} INFO - Processing /opt/airflow/dags/manga_prediction_pipeline.py took 0.837 seconds
[2025-10-06 14:14:20,185] {processor.py:153} INFO - Started process (PID=338) to work on /opt/airflow/dags/manga_prediction_pipeline.py
[2025-10-06 14:14:20,186] {processor.py:641} INFO - Processing file /opt/airflow/dags/manga_prediction_pipeline.py for tasks to queue
[2025-10-06 14:14:20,187] {logging_mixin.py:115} INFO - [2025-10-06 14:14:20,187] {dagbag.py:507} INFO - Filling up the DagBag from /opt/airflow/dags/manga_prediction_pipeline.py
[2025-10-06 14:14:20,993] {processor.py:651} INFO - DAG(s) dict_keys(['manga_prediction_pipeline']) retrieved from /opt/airflow/dags/manga_prediction_pipeline.py
[2025-10-06 14:14:21,001] {logging_mixin.py:115} INFO - [2025-10-06 14:14:21,001] {dag.py:2379} INFO - Sync 1 DAGs
[2025-10-06 14:14:21,008] {logging_mixin.py:115} INFO - [2025-10-06 14:14:21,008] {dag.py:2931} INFO - Setting next_dagrun for manga_prediction_pipeline to None, run_after=None
[2025-10-06 14:14:21,011] {processor.py:161} INFO - Processing /opt/airflow/dags/manga_prediction_pipeline.py took 0.830 seconds
[2025-10-06 14:14:51,167] {processor.py:153} INFO - Started process (PID=355) to work on /opt/airflow/dags/manga_prediction_pipeline.py
[2025-10-06 14:14:51,167] {processor.py:641} INFO - Processing file /opt/airflow/dags/manga_prediction_pipeline.py for tasks to queue
[2025-10-06 14:14:51,168] {logging_mixin.py:115} INFO - [2025-10-06 14:14:51,168] {dagbag.py:507} INFO - Filling up the DagBag from /opt/airflow/dags/manga_prediction_pipeline.py
[2025-10-06 14:14:52,199] {processor.py:651} INFO - DAG(s) dict_keys(['manga_prediction_pipeline']) retrieved from /opt/airflow/dags/manga_prediction_pipeline.py
[2025-10-06 14:14:52,211] {logging_mixin.py:115} INFO - [2025-10-06 14:14:52,211] {dag.py:2379} INFO - Sync 1 DAGs
[2025-10-06 14:14:52,221] {logging_mixin.py:115} INFO - [2025-10-06 14:14:52,221] {dag.py:2931} INFO - Setting next_dagrun for manga_prediction_pipeline to None, run_after=None
[2025-10-06 14:14:52,225] {processor.py:161} INFO - Processing /opt/airflow/dags/manga_prediction_pipeline.py took 1.062 seconds
[2025-10-06 14:15:22,255] {processor.py:153} INFO - Started process (PID=361) to work on /opt/airflow/dags/manga_prediction_pipeline.py
[2025-10-06 14:15:22,256] {processor.py:641} INFO - Processing file /opt/airflow/dags/manga_prediction_pipeline.py for tasks to queue
[2025-10-06 14:15:22,256] {logging_mixin.py:115} INFO - [2025-10-06 14:15:22,256] {dagbag.py:507} INFO - Filling up the DagBag from /opt/airflow/dags/manga_prediction_pipeline.py
[2025-10-06 14:15:23,276] {processor.py:651} INFO - DAG(s) dict_keys(['manga_prediction_pipeline']) retrieved from /opt/airflow/dags/manga_prediction_pipeline.py
[2025-10-06 14:15:23,286] {logging_mixin.py:115} INFO - [2025-10-06 14:15:23,286] {dag.py:2379} INFO - Sync 1 DAGs
[2025-10-06 14:15:23,294] {logging_mixin.py:115} INFO - [2025-10-06 14:15:23,294] {dag.py:2931} INFO - Setting next_dagrun for manga_prediction_pipeline to None, run_after=None
[2025-10-06 14:15:23,297] {processor.py:161} INFO - Processing /opt/airflow/dags/manga_prediction_pipeline.py took 1.044 seconds
[2025-10-06 14:15:53,428] {processor.py:153} INFO - Started process (PID=450) to work on /opt/airflow/dags/manga_prediction_pipeline.py
[2025-10-06 14:15:53,429] {processor.py:641} INFO - Processing file /opt/airflow/dags/manga_prediction_pipeline.py for tasks to queue
[2025-10-06 14:15:53,431] {logging_mixin.py:115} INFO - [2025-10-06 14:15:53,431] {dagbag.py:507} INFO - Filling up the DagBag from /opt/airflow/dags/manga_prediction_pipeline.py
[2025-10-06 14:15:54,496] {processor.py:651} INFO - DAG(s) dict_keys(['manga_prediction_pipeline']) retrieved from /opt/airflow/dags/manga_prediction_pipeline.py
[2025-10-06 14:15:54,509] {logging_mixin.py:115} INFO - [2025-10-06 14:15:54,509] {dag.py:2379} INFO - Sync 1 DAGs
[2025-10-06 14:15:54,520] {logging_mixin.py:115} INFO - [2025-10-06 14:15:54,520] {dag.py:2931} INFO - Setting next_dagrun for manga_prediction_pipeline to None, run_after=None
[2025-10-06 14:15:54,525] {processor.py:161} INFO - Processing /opt/airflow/dags/manga_prediction_pipeline.py took 1.099 seconds
[2025-10-06 14:16:24,576] {processor.py:153} INFO - Started process (PID=489) to work on /opt/airflow/dags/manga_prediction_pipeline.py
[2025-10-06 14:16:24,577] {processor.py:641} INFO - Processing file /opt/airflow/dags/manga_prediction_pipeline.py for tasks to queue
[2025-10-06 14:16:24,577] {logging_mixin.py:115} INFO - [2025-10-06 14:16:24,577] {dagbag.py:507} INFO - Filling up the DagBag from /opt/airflow/dags/manga_prediction_pipeline.py
[2025-10-06 14:16:25,542] {processor.py:651} INFO - DAG(s) dict_keys(['manga_prediction_pipeline']) retrieved from /opt/airflow/dags/manga_prediction_pipeline.py
[2025-10-06 14:16:25,551] {logging_mixin.py:115} INFO - [2025-10-06 14:16:25,551] {dag.py:2379} INFO - Sync 1 DAGs
[2025-10-06 14:16:25,559] {logging_mixin.py:115} INFO - [2025-10-06 14:16:25,559] {dag.py:2931} INFO - Setting next_dagrun for manga_prediction_pipeline to None, run_after=None
[2025-10-06 14:16:25,563] {processor.py:161} INFO - Processing /opt/airflow/dags/manga_prediction_pipeline.py took 0.991 seconds
[2025-10-06 14:16:55,705] {processor.py:153} INFO - Started process (PID=495) to work on /opt/airflow/dags/manga_prediction_pipeline.py
[2025-10-06 14:16:55,705] {processor.py:641} INFO - Processing file /opt/airflow/dags/manga_prediction_pipeline.py for tasks to queue
[2025-10-06 14:16:55,705] {logging_mixin.py:115} INFO - [2025-10-06 14:16:55,705] {dagbag.py:507} INFO - Filling up the DagBag from /opt/airflow/dags/manga_prediction_pipeline.py
[2025-10-06 14:16:56,524] {processor.py:651} INFO - DAG(s) dict_keys(['manga_prediction_pipeline']) retrieved from /opt/airflow/dags/manga_prediction_pipeline.py
[2025-10-06 14:16:56,533] {logging_mixin.py:115} INFO - [2025-10-06 14:16:56,533] {dag.py:2379} INFO - Sync 1 DAGs
[2025-10-06 14:16:56,540] {logging_mixin.py:115} INFO - [2025-10-06 14:16:56,540] {dag.py:2931} INFO - Setting next_dagrun for manga_prediction_pipeline to None, run_after=None
[2025-10-06 14:16:56,544] {processor.py:161} INFO - Processing /opt/airflow/dags/manga_prediction_pipeline.py took 0.841 seconds
[2025-10-06 14:17:26,694] {processor.py:153} INFO - Started process (PID=504) to work on /opt/airflow/dags/manga_prediction_pipeline.py
[2025-10-06 14:17:26,696] {processor.py:641} INFO - Processing file /opt/airflow/dags/manga_prediction_pipeline.py for tasks to queue
[2025-10-06 14:17:26,697] {logging_mixin.py:115} INFO - [2025-10-06 14:17:26,697] {dagbag.py:507} INFO - Filling up the DagBag from /opt/airflow/dags/manga_prediction_pipeline.py
[2025-10-06 14:17:27,510] {processor.py:651} INFO - DAG(s) dict_keys(['manga_prediction_pipeline']) retrieved from /opt/airflow/dags/manga_prediction_pipeline.py
[2025-10-06 14:17:27,518] {logging_mixin.py:115} INFO - [2025-10-06 14:17:27,518] {dag.py:2379} INFO - Sync 1 DAGs
[2025-10-06 14:17:27,525] {logging_mixin.py:115} INFO - [2025-10-06 14:17:27,525] {dag.py:2931} INFO - Setting next_dagrun for manga_prediction_pipeline to None, run_after=None
[2025-10-06 14:17:27,529] {processor.py:161} INFO - Processing /opt/airflow/dags/manga_prediction_pipeline.py took 0.842 seconds
[2025-10-06 14:17:57,730] {processor.py:153} INFO - Started process (PID=510) to work on /opt/airflow/dags/manga_prediction_pipeline.py
[2025-10-06 14:17:57,731] {processor.py:641} INFO - Processing file /opt/airflow/dags/manga_prediction_pipeline.py for tasks to queue
[2025-10-06 14:17:57,732] {logging_mixin.py:115} INFO - [2025-10-06 14:17:57,732] {dagbag.py:507} INFO - Filling up the DagBag from /opt/airflow/dags/manga_prediction_pipeline.py
[2025-10-06 14:17:58,784] {processor.py:651} INFO - DAG(s) dict_keys(['manga_prediction_pipeline']) retrieved from /opt/airflow/dags/manga_prediction_pipeline.py
[2025-10-06 14:17:58,797] {logging_mixin.py:115} INFO - [2025-10-06 14:17:58,797] {dag.py:2379} INFO - Sync 1 DAGs
[2025-10-06 14:17:58,804] {logging_mixin.py:115} INFO - [2025-10-06 14:17:58,804] {dag.py:2931} INFO - Setting next_dagrun for manga_prediction_pipeline to None, run_after=None
[2025-10-06 14:17:58,808] {processor.py:161} INFO - Processing /opt/airflow/dags/manga_prediction_pipeline.py took 1.085 seconds
[2025-10-06 14:18:28,954] {processor.py:153} INFO - Started process (PID=516) to work on /opt/airflow/dags/manga_prediction_pipeline.py
[2025-10-06 14:18:28,956] {processor.py:641} INFO - Processing file /opt/airflow/dags/manga_prediction_pipeline.py for tasks to queue
[2025-10-06 14:18:28,957] {logging_mixin.py:115} INFO - [2025-10-06 14:18:28,956] {dagbag.py:507} INFO - Filling up the DagBag from /opt/airflow/dags/manga_prediction_pipeline.py
[2025-10-06 14:18:29,890] {processor.py:651} INFO - DAG(s) dict_keys(['manga_prediction_pipeline']) retrieved from /opt/airflow/dags/manga_prediction_pipeline.py
[2025-10-06 14:18:29,899] {logging_mixin.py:115} INFO - [2025-10-06 14:18:29,899] {dag.py:2379} INFO - Sync 1 DAGs
[2025-10-06 14:18:29,906] {logging_mixin.py:115} INFO - [2025-10-06 14:18:29,906] {dag.py:2931} INFO - Setting next_dagrun for manga_prediction_pipeline to None, run_after=None
[2025-10-06 14:18:29,909] {processor.py:161} INFO - Processing /opt/airflow/dags/manga_prediction_pipeline.py took 0.961 seconds
[2025-10-06 14:19:00,104] {processor.py:153} INFO - Started process (PID=522) to work on /opt/airflow/dags/manga_prediction_pipeline.py
[2025-10-06 14:19:00,105] {processor.py:641} INFO - Processing file /opt/airflow/dags/manga_prediction_pipeline.py for tasks to queue
[2025-10-06 14:19:00,106] {logging_mixin.py:115} INFO - [2025-10-06 14:19:00,106] {dagbag.py:507} INFO - Filling up the DagBag from /opt/airflow/dags/manga_prediction_pipeline.py
[2025-10-06 14:19:00,890] {processor.py:651} INFO - DAG(s) dict_keys(['manga_prediction_pipeline']) retrieved from /opt/airflow/dags/manga_prediction_pipeline.py
[2025-10-06 14:19:00,898] {logging_mixin.py:115} INFO - [2025-10-06 14:19:00,897] {dag.py:2379} INFO - Sync 1 DAGs
[2025-10-06 14:19:00,904] {logging_mixin.py:115} INFO - [2025-10-06 14:19:00,904] {dag.py:2931} INFO - Setting next_dagrun for manga_prediction_pipeline to None, run_after=None
[2025-10-06 14:19:00,907] {processor.py:161} INFO - Processing /opt/airflow/dags/manga_prediction_pipeline.py took 0.808 seconds
[2025-10-06 14:19:31,105] {processor.py:153} INFO - Started process (PID=528) to work on /opt/airflow/dags/manga_prediction_pipeline.py
[2025-10-06 14:19:31,106] {processor.py:641} INFO - Processing file /opt/airflow/dags/manga_prediction_pipeline.py for tasks to queue
[2025-10-06 14:19:31,106] {logging_mixin.py:115} INFO - [2025-10-06 14:19:31,106] {dagbag.py:507} INFO - Filling up the DagBag from /opt/airflow/dags/manga_prediction_pipeline.py
[2025-10-06 14:19:31,921] {processor.py:651} INFO - DAG(s) dict_keys(['manga_prediction_pipeline']) retrieved from /opt/airflow/dags/manga_prediction_pipeline.py
[2025-10-06 14:19:31,930] {logging_mixin.py:115} INFO - [2025-10-06 14:19:31,930] {dag.py:2379} INFO - Sync 1 DAGs
[2025-10-06 14:19:31,938] {logging_mixin.py:115} INFO - [2025-10-06 14:19:31,938] {dag.py:2931} INFO - Setting next_dagrun for manga_prediction_pipeline to None, run_after=None
[2025-10-06 14:19:31,942] {processor.py:161} INFO - Processing /opt/airflow/dags/manga_prediction_pipeline.py took 0.840 seconds
[2025-10-06 14:20:02,140] {processor.py:153} INFO - Started process (PID=534) to work on /opt/airflow/dags/manga_prediction_pipeline.py
[2025-10-06 14:20:02,141] {processor.py:641} INFO - Processing file /opt/airflow/dags/manga_prediction_pipeline.py for tasks to queue
[2025-10-06 14:20:02,141] {logging_mixin.py:115} INFO - [2025-10-06 14:20:02,141] {dagbag.py:507} INFO - Filling up the DagBag from /opt/airflow/dags/manga_prediction_pipeline.py
[2025-10-06 14:20:02,928] {processor.py:651} INFO - DAG(s) dict_keys(['manga_prediction_pipeline']) retrieved from /opt/airflow/dags/manga_prediction_pipeline.py
[2025-10-06 14:20:02,937] {logging_mixin.py:115} INFO - [2025-10-06 14:20:02,937] {dag.py:2379} INFO - Sync 1 DAGs
[2025-10-06 14:20:02,943] {logging_mixin.py:115} INFO - [2025-10-06 14:20:02,943] {dag.py:2931} INFO - Setting next_dagrun for manga_prediction_pipeline to None, run_after=None
[2025-10-06 14:20:02,946] {processor.py:161} INFO - Processing /opt/airflow/dags/manga_prediction_pipeline.py took 0.811 seconds
[2025-10-06 14:20:33,164] {processor.py:153} INFO - Started process (PID=540) to work on /opt/airflow/dags/manga_prediction_pipeline.py
[2025-10-06 14:20:33,165] {processor.py:641} INFO - Processing file /opt/airflow/dags/manga_prediction_pipeline.py for tasks to queue
[2025-10-06 14:20:33,165] {logging_mixin.py:115} INFO - [2025-10-06 14:20:33,165] {dagbag.py:507} INFO - Filling up the DagBag from /opt/airflow/dags/manga_prediction_pipeline.py
[2025-10-06 14:20:34,091] {processor.py:651} INFO - DAG(s) dict_keys(['manga_prediction_pipeline']) retrieved from /opt/airflow/dags/manga_prediction_pipeline.py
[2025-10-06 14:20:34,100] {logging_mixin.py:115} INFO - [2025-10-06 14:20:34,100] {dag.py:2379} INFO - Sync 1 DAGs
[2025-10-06 14:20:34,107] {logging_mixin.py:115} INFO - [2025-10-06 14:20:34,107] {dag.py:2931} INFO - Setting next_dagrun for manga_prediction_pipeline to None, run_after=None
[2025-10-06 14:20:34,110] {processor.py:161} INFO - Processing /opt/airflow/dags/manga_prediction_pipeline.py took 0.952 seconds
[2025-10-06 14:21:04,262] {processor.py:153} INFO - Started process (PID=546) to work on /opt/airflow/dags/manga_prediction_pipeline.py
[2025-10-06 14:21:04,262] {processor.py:641} INFO - Processing file /opt/airflow/dags/manga_prediction_pipeline.py for tasks to queue
[2025-10-06 14:21:04,263] {logging_mixin.py:115} INFO - [2025-10-06 14:21:04,263] {dagbag.py:507} INFO - Filling up the DagBag from /opt/airflow/dags/manga_prediction_pipeline.py
[2025-10-06 14:21:05,043] {processor.py:651} INFO - DAG(s) dict_keys(['manga_prediction_pipeline']) retrieved from /opt/airflow/dags/manga_prediction_pipeline.py
[2025-10-06 14:21:05,051] {logging_mixin.py:115} INFO - [2025-10-06 14:21:05,051] {dag.py:2379} INFO - Sync 1 DAGs
[2025-10-06 14:21:05,057] {logging_mixin.py:115} INFO - [2025-10-06 14:21:05,057] {dag.py:2931} INFO - Setting next_dagrun for manga_prediction_pipeline to None, run_after=None
[2025-10-06 14:21:05,060] {processor.py:161} INFO - Processing /opt/airflow/dags/manga_prediction_pipeline.py took 0.806 seconds
[2025-10-06 14:21:35,238] {processor.py:153} INFO - Started process (PID=552) to work on /opt/airflow/dags/manga_prediction_pipeline.py
[2025-10-06 14:21:35,239] {processor.py:641} INFO - Processing file /opt/airflow/dags/manga_prediction_pipeline.py for tasks to queue
[2025-10-06 14:21:35,240] {logging_mixin.py:115} INFO - [2025-10-06 14:21:35,239] {dagbag.py:507} INFO - Filling up the DagBag from /opt/airflow/dags/manga_prediction_pipeline.py
[2025-10-06 14:21:36,014] {processor.py:651} INFO - DAG(s) dict_keys(['manga_prediction_pipeline']) retrieved from /opt/airflow/dags/manga_prediction_pipeline.py
[2025-10-06 14:21:36,022] {logging_mixin.py:115} INFO - [2025-10-06 14:21:36,022] {dag.py:2379} INFO - Sync 1 DAGs
[2025-10-06 14:21:36,028] {logging_mixin.py:115} INFO - [2025-10-06 14:21:36,028] {dag.py:2931} INFO - Setting next_dagrun for manga_prediction_pipeline to None, run_after=None
[2025-10-06 14:21:36,031] {processor.py:161} INFO - Processing /opt/airflow/dags/manga_prediction_pipeline.py took 0.798 seconds
[2025-10-06 14:22:06,214] {processor.py:153} INFO - Started process (PID=558) to work on /opt/airflow/dags/manga_prediction_pipeline.py
[2025-10-06 14:22:06,214] {processor.py:641} INFO - Processing file /opt/airflow/dags/manga_prediction_pipeline.py for tasks to queue
[2025-10-06 14:22:06,215] {logging_mixin.py:115} INFO - [2025-10-06 14:22:06,215] {dagbag.py:507} INFO - Filling up the DagBag from /opt/airflow/dags/manga_prediction_pipeline.py
[2025-10-06 14:22:06,984] {processor.py:651} INFO - DAG(s) dict_keys(['manga_prediction_pipeline']) retrieved from /opt/airflow/dags/manga_prediction_pipeline.py
[2025-10-06 14:22:06,991] {logging_mixin.py:115} INFO - [2025-10-06 14:22:06,991] {dag.py:2379} INFO - Sync 1 DAGs
[2025-10-06 14:22:06,997] {logging_mixin.py:115} INFO - [2025-10-06 14:22:06,997] {dag.py:2931} INFO - Setting next_dagrun for manga_prediction_pipeline to None, run_after=None
[2025-10-06 14:22:06,999] {processor.py:161} INFO - Processing /opt/airflow/dags/manga_prediction_pipeline.py took 0.790 seconds
[2025-10-06 14:22:37,203] {processor.py:153} INFO - Started process (PID=564) to work on /opt/airflow/dags/manga_prediction_pipeline.py
[2025-10-06 14:22:37,204] {processor.py:641} INFO - Processing file /opt/airflow/dags/manga_prediction_pipeline.py for tasks to queue
[2025-10-06 14:22:37,204] {logging_mixin.py:115} INFO - [2025-10-06 14:22:37,204] {dagbag.py:507} INFO - Filling up the DagBag from /opt/airflow/dags/manga_prediction_pipeline.py
[2025-10-06 14:22:37,991] {processor.py:651} INFO - DAG(s) dict_keys(['manga_prediction_pipeline']) retrieved from /opt/airflow/dags/manga_prediction_pipeline.py
[2025-10-06 14:22:37,998] {logging_mixin.py:115} INFO - [2025-10-06 14:22:37,998] {dag.py:2379} INFO - Sync 1 DAGs
[2025-10-06 14:22:38,004] {logging_mixin.py:115} INFO - [2025-10-06 14:22:38,004] {dag.py:2931} INFO - Setting next_dagrun for manga_prediction_pipeline to None, run_after=None
[2025-10-06 14:22:38,007] {processor.py:161} INFO - Processing /opt/airflow/dags/manga_prediction_pipeline.py took 0.807 seconds
[2025-10-06 14:23:08,200] {processor.py:153} INFO - Started process (PID=570) to work on /opt/airflow/dags/manga_prediction_pipeline.py
[2025-10-06 14:23:08,201] {processor.py:641} INFO - Processing file /opt/airflow/dags/manga_prediction_pipeline.py for tasks to queue
[2025-10-06 14:23:08,201] {logging_mixin.py:115} INFO - [2025-10-06 14:23:08,201] {dagbag.py:507} INFO - Filling up the DagBag from /opt/airflow/dags/manga_prediction_pipeline.py
[2025-10-06 14:23:09,033] {processor.py:651} INFO - DAG(s) dict_keys(['manga_prediction_pipeline']) retrieved from /opt/airflow/dags/manga_prediction_pipeline.py
[2025-10-06 14:23:09,041] {logging_mixin.py:115} INFO - [2025-10-06 14:23:09,041] {dag.py:2379} INFO - Sync 1 DAGs
[2025-10-06 14:23:09,048] {logging_mixin.py:115} INFO - [2025-10-06 14:23:09,048] {dag.py:2931} INFO - Setting next_dagrun for manga_prediction_pipeline to None, run_after=None
[2025-10-06 14:23:09,051] {processor.py:161} INFO - Processing /opt/airflow/dags/manga_prediction_pipeline.py took 0.855 seconds
[2025-10-06 14:23:39,234] {processor.py:153} INFO - Started process (PID=576) to work on /opt/airflow/dags/manga_prediction_pipeline.py
[2025-10-06 14:23:39,234] {processor.py:641} INFO - Processing file /opt/airflow/dags/manga_prediction_pipeline.py for tasks to queue
[2025-10-06 14:23:39,235] {logging_mixin.py:115} INFO - [2025-10-06 14:23:39,235] {dagbag.py:507} INFO - Filling up the DagBag from /opt/airflow/dags/manga_prediction_pipeline.py
[2025-10-06 14:23:39,996] {processor.py:651} INFO - DAG(s) dict_keys(['manga_prediction_pipeline']) retrieved from /opt/airflow/dags/manga_prediction_pipeline.py
[2025-10-06 14:23:40,003] {logging_mixin.py:115} INFO - [2025-10-06 14:23:40,003] {dag.py:2379} INFO - Sync 1 DAGs
[2025-10-06 14:23:40,009] {logging_mixin.py:115} INFO - [2025-10-06 14:23:40,009] {dag.py:2931} INFO - Setting next_dagrun for manga_prediction_pipeline to None, run_after=None
[2025-10-06 14:23:40,012] {processor.py:161} INFO - Processing /opt/airflow/dags/manga_prediction_pipeline.py took 0.781 seconds
[2025-10-06 14:24:10,169] {processor.py:153} INFO - Started process (PID=582) to work on /opt/airflow/dags/manga_prediction_pipeline.py
[2025-10-06 14:24:10,171] {processor.py:641} INFO - Processing file /opt/airflow/dags/manga_prediction_pipeline.py for tasks to queue
[2025-10-06 14:24:10,173] {logging_mixin.py:115} INFO - [2025-10-06 14:24:10,172] {dagbag.py:507} INFO - Filling up the DagBag from /opt/airflow/dags/manga_prediction_pipeline.py
[2025-10-06 14:24:11,267] {processor.py:651} INFO - DAG(s) dict_keys(['manga_prediction_pipeline']) retrieved from /opt/airflow/dags/manga_prediction_pipeline.py
[2025-10-06 14:24:11,275] {logging_mixin.py:115} INFO - [2025-10-06 14:24:11,275] {dag.py:2379} INFO - Sync 1 DAGs
[2025-10-06 14:24:11,282] {logging_mixin.py:115} INFO - [2025-10-06 14:24:11,282] {dag.py:2931} INFO - Setting next_dagrun for manga_prediction_pipeline to None, run_after=None
[2025-10-06 14:24:11,286] {processor.py:161} INFO - Processing /opt/airflow/dags/manga_prediction_pipeline.py took 1.127 seconds
[2025-10-06 14:24:41,362] {processor.py:153} INFO - Started process (PID=588) to work on /opt/airflow/dags/manga_prediction_pipeline.py
[2025-10-06 14:24:41,362] {processor.py:641} INFO - Processing file /opt/airflow/dags/manga_prediction_pipeline.py for tasks to queue
[2025-10-06 14:24:41,362] {logging_mixin.py:115} INFO - [2025-10-06 14:24:41,362] {dagbag.py:507} INFO - Filling up the DagBag from /opt/airflow/dags/manga_prediction_pipeline.py
[2025-10-06 14:24:42,435] {processor.py:651} INFO - DAG(s) dict_keys(['manga_prediction_pipeline']) retrieved from /opt/airflow/dags/manga_prediction_pipeline.py
[2025-10-06 14:24:42,444] {logging_mixin.py:115} INFO - [2025-10-06 14:24:42,444] {dag.py:2379} INFO - Sync 1 DAGs
[2025-10-06 14:24:42,455] {logging_mixin.py:115} INFO - [2025-10-06 14:24:42,455] {dag.py:2931} INFO - Setting next_dagrun for manga_prediction_pipeline to None, run_after=None
[2025-10-06 14:24:42,459] {processor.py:161} INFO - Processing /opt/airflow/dags/manga_prediction_pipeline.py took 1.101 seconds
[2025-10-06 14:25:12,509] {processor.py:153} INFO - Started process (PID=594) to work on /opt/airflow/dags/manga_prediction_pipeline.py
[2025-10-06 14:25:12,509] {processor.py:641} INFO - Processing file /opt/airflow/dags/manga_prediction_pipeline.py for tasks to queue
[2025-10-06 14:25:12,510] {logging_mixin.py:115} INFO - [2025-10-06 14:25:12,510] {dagbag.py:507} INFO - Filling up the DagBag from /opt/airflow/dags/manga_prediction_pipeline.py
[2025-10-06 14:25:13,816] {processor.py:651} INFO - DAG(s) dict_keys(['manga_prediction_pipeline']) retrieved from /opt/airflow/dags/manga_prediction_pipeline.py
[2025-10-06 14:25:13,836] {logging_mixin.py:115} INFO - [2025-10-06 14:25:13,836] {dag.py:2379} INFO - Sync 1 DAGs
[2025-10-06 14:25:13,845] {logging_mixin.py:115} INFO - [2025-10-06 14:25:13,844] {dag.py:2931} INFO - Setting next_dagrun for manga_prediction_pipeline to None, run_after=None
[2025-10-06 14:25:13,849] {processor.py:161} INFO - Processing /opt/airflow/dags/manga_prediction_pipeline.py took 1.346 seconds
[2025-10-06 14:25:43,978] {processor.py:153} INFO - Started process (PID=600) to work on /opt/airflow/dags/manga_prediction_pipeline.py
[2025-10-06 14:25:43,979] {processor.py:641} INFO - Processing file /opt/airflow/dags/manga_prediction_pipeline.py for tasks to queue
[2025-10-06 14:25:43,979] {logging_mixin.py:115} INFO - [2025-10-06 14:25:43,979] {dagbag.py:507} INFO - Filling up the DagBag from /opt/airflow/dags/manga_prediction_pipeline.py
[2025-10-06 14:25:44,967] {processor.py:651} INFO - DAG(s) dict_keys(['manga_prediction_pipeline']) retrieved from /opt/airflow/dags/manga_prediction_pipeline.py
[2025-10-06 14:25:44,976] {logging_mixin.py:115} INFO - [2025-10-06 14:25:44,976] {dag.py:2379} INFO - Sync 1 DAGs
[2025-10-06 14:25:44,983] {logging_mixin.py:115} INFO - [2025-10-06 14:25:44,983] {dag.py:2931} INFO - Setting next_dagrun for manga_prediction_pipeline to None, run_after=None
[2025-10-06 14:25:44,986] {processor.py:161} INFO - Processing /opt/airflow/dags/manga_prediction_pipeline.py took 1.012 seconds
[2025-10-06 14:26:15,164] {processor.py:153} INFO - Started process (PID=606) to work on /opt/airflow/dags/manga_prediction_pipeline.py
[2025-10-06 14:26:15,164] {processor.py:641} INFO - Processing file /opt/airflow/dags/manga_prediction_pipeline.py for tasks to queue
[2025-10-06 14:26:15,165] {logging_mixin.py:115} INFO - [2025-10-06 14:26:15,165] {dagbag.py:507} INFO - Filling up the DagBag from /opt/airflow/dags/manga_prediction_pipeline.py
[2025-10-06 14:26:15,967] {processor.py:651} INFO - DAG(s) dict_keys(['manga_prediction_pipeline']) retrieved from /opt/airflow/dags/manga_prediction_pipeline.py
[2025-10-06 14:26:15,974] {logging_mixin.py:115} INFO - [2025-10-06 14:26:15,974] {dag.py:2379} INFO - Sync 1 DAGs
[2025-10-06 14:26:15,980] {logging_mixin.py:115} INFO - [2025-10-06 14:26:15,980] {dag.py:2931} INFO - Setting next_dagrun for manga_prediction_pipeline to None, run_after=None
[2025-10-06 14:26:15,984] {processor.py:161} INFO - Processing /opt/airflow/dags/manga_prediction_pipeline.py took 0.824 seconds
[2025-10-06 14:26:46,161] {processor.py:153} INFO - Started process (PID=612) to work on /opt/airflow/dags/manga_prediction_pipeline.py
[2025-10-06 14:26:46,161] {processor.py:641} INFO - Processing file /opt/airflow/dags/manga_prediction_pipeline.py for tasks to queue
[2025-10-06 14:26:46,162] {logging_mixin.py:115} INFO - [2025-10-06 14:26:46,162] {dagbag.py:507} INFO - Filling up the DagBag from /opt/airflow/dags/manga_prediction_pipeline.py
[2025-10-06 14:26:47,015] {processor.py:651} INFO - DAG(s) dict_keys(['manga_prediction_pipeline']) retrieved from /opt/airflow/dags/manga_prediction_pipeline.py
[2025-10-06 14:26:47,024] {logging_mixin.py:115} INFO - [2025-10-06 14:26:47,023] {dag.py:2379} INFO - Sync 1 DAGs
[2025-10-06 14:26:47,030] {logging_mixin.py:115} INFO - [2025-10-06 14:26:47,030] {dag.py:2931} INFO - Setting next_dagrun for manga_prediction_pipeline to None, run_after=None
[2025-10-06 14:26:47,033] {processor.py:161} INFO - Processing /opt/airflow/dags/manga_prediction_pipeline.py took 0.877 seconds
[2025-10-06 14:27:17,150] {processor.py:153} INFO - Started process (PID=618) to work on /opt/airflow/dags/manga_prediction_pipeline.py
[2025-10-06 14:27:17,150] {processor.py:641} INFO - Processing file /opt/airflow/dags/manga_prediction_pipeline.py for tasks to queue
[2025-10-06 14:27:17,151] {logging_mixin.py:115} INFO - [2025-10-06 14:27:17,150] {dagbag.py:507} INFO - Filling up the DagBag from /opt/airflow/dags/manga_prediction_pipeline.py
[2025-10-06 14:27:18,180] {processor.py:651} INFO - DAG(s) dict_keys(['manga_prediction_pipeline']) retrieved from /opt/airflow/dags/manga_prediction_pipeline.py
[2025-10-06 14:27:18,194] {logging_mixin.py:115} INFO - [2025-10-06 14:27:18,194] {dag.py:2379} INFO - Sync 1 DAGs
[2025-10-06 14:27:18,206] {logging_mixin.py:115} INFO - [2025-10-06 14:27:18,206] {dag.py:2931} INFO - Setting next_dagrun for manga_prediction_pipeline to None, run_after=None
[2025-10-06 14:27:18,211] {processor.py:161} INFO - Processing /opt/airflow/dags/manga_prediction_pipeline.py took 1.063 seconds
[2025-10-06 14:27:48,267] {processor.py:153} INFO - Started process (PID=624) to work on /opt/airflow/dags/manga_prediction_pipeline.py
[2025-10-06 14:27:48,269] {processor.py:641} INFO - Processing file /opt/airflow/dags/manga_prediction_pipeline.py for tasks to queue
[2025-10-06 14:27:48,271] {logging_mixin.py:115} INFO - [2025-10-06 14:27:48,271] {dagbag.py:507} INFO - Filling up the DagBag from /opt/airflow/dags/manga_prediction_pipeline.py
[2025-10-06 14:27:50,613] {processor.py:651} INFO - DAG(s) dict_keys(['manga_prediction_pipeline']) retrieved from /opt/airflow/dags/manga_prediction_pipeline.py
[2025-10-06 14:27:50,639] {logging_mixin.py:115} INFO - [2025-10-06 14:27:50,639] {dag.py:2379} INFO - Sync 1 DAGs
[2025-10-06 14:27:50,674] {logging_mixin.py:115} INFO - [2025-10-06 14:27:50,674] {dag.py:2931} INFO - Setting next_dagrun for manga_prediction_pipeline to None, run_after=None
[2025-10-06 14:27:50,724] {processor.py:161} INFO - Processing /opt/airflow/dags/manga_prediction_pipeline.py took 2.466 seconds
[2025-10-06 14:28:20,836] {processor.py:153} INFO - Started process (PID=630) to work on /opt/airflow/dags/manga_prediction_pipeline.py
[2025-10-06 14:28:20,837] {processor.py:641} INFO - Processing file /opt/airflow/dags/manga_prediction_pipeline.py for tasks to queue
[2025-10-06 14:28:20,838] {logging_mixin.py:115} INFO - [2025-10-06 14:28:20,837] {dagbag.py:507} INFO - Filling up the DagBag from /opt/airflow/dags/manga_prediction_pipeline.py
[2025-10-06 14:28:22,148] {processor.py:651} INFO - DAG(s) dict_keys(['manga_prediction_pipeline']) retrieved from /opt/airflow/dags/manga_prediction_pipeline.py
[2025-10-06 14:28:22,160] {logging_mixin.py:115} INFO - [2025-10-06 14:28:22,160] {dag.py:2379} INFO - Sync 1 DAGs
[2025-10-06 14:28:22,169] {logging_mixin.py:115} INFO - [2025-10-06 14:28:22,169] {dag.py:2931} INFO - Setting next_dagrun for manga_prediction_pipeline to None, run_after=None
[2025-10-06 14:28:22,173] {processor.py:161} INFO - Processing /opt/airflow/dags/manga_prediction_pipeline.py took 1.341 seconds
[2025-10-06 14:28:52,322] {processor.py:153} INFO - Started process (PID=636) to work on /opt/airflow/dags/manga_prediction_pipeline.py
[2025-10-06 14:28:52,326] {processor.py:641} INFO - Processing file /opt/airflow/dags/manga_prediction_pipeline.py for tasks to queue
[2025-10-06 14:28:52,327] {logging_mixin.py:115} INFO - [2025-10-06 14:28:52,327] {dagbag.py:507} INFO - Filling up the DagBag from /opt/airflow/dags/manga_prediction_pipeline.py
[2025-10-06 14:28:53,606] {processor.py:651} INFO - DAG(s) dict_keys(['manga_prediction_pipeline']) retrieved from /opt/airflow/dags/manga_prediction_pipeline.py
[2025-10-06 14:28:53,617] {logging_mixin.py:115} INFO - [2025-10-06 14:28:53,617] {dag.py:2379} INFO - Sync 1 DAGs
[2025-10-06 14:28:53,625] {logging_mixin.py:115} INFO - [2025-10-06 14:28:53,625] {dag.py:2931} INFO - Setting next_dagrun for manga_prediction_pipeline to None, run_after=None
[2025-10-06 14:28:53,629] {processor.py:161} INFO - Processing /opt/airflow/dags/manga_prediction_pipeline.py took 1.310 seconds
[2025-10-06 14:29:23,779] {processor.py:153} INFO - Started process (PID=642) to work on /opt/airflow/dags/manga_prediction_pipeline.py
[2025-10-06 14:29:23,780] {processor.py:641} INFO - Processing file /opt/airflow/dags/manga_prediction_pipeline.py for tasks to queue
[2025-10-06 14:29:23,781] {logging_mixin.py:115} INFO - [2025-10-06 14:29:23,781] {dagbag.py:507} INFO - Filling up the DagBag from /opt/airflow/dags/manga_prediction_pipeline.py
[2025-10-06 14:29:24,658] {processor.py:651} INFO - DAG(s) dict_keys(['manga_prediction_pipeline']) retrieved from /opt/airflow/dags/manga_prediction_pipeline.py
[2025-10-06 14:29:24,666] {logging_mixin.py:115} INFO - [2025-10-06 14:29:24,666] {dag.py:2379} INFO - Sync 1 DAGs
[2025-10-06 14:29:24,672] {logging_mixin.py:115} INFO - [2025-10-06 14:29:24,672] {dag.py:2931} INFO - Setting next_dagrun for manga_prediction_pipeline to None, run_after=None
[2025-10-06 14:29:24,675] {processor.py:161} INFO - Processing /opt/airflow/dags/manga_prediction_pipeline.py took 0.902 seconds
[2025-10-06 14:29:54,849] {processor.py:153} INFO - Started process (PID=648) to work on /opt/airflow/dags/manga_prediction_pipeline.py
[2025-10-06 14:29:54,850] {processor.py:641} INFO - Processing file /opt/airflow/dags/manga_prediction_pipeline.py for tasks to queue
[2025-10-06 14:29:54,850] {logging_mixin.py:115} INFO - [2025-10-06 14:29:54,850] {dagbag.py:507} INFO - Filling up the DagBag from /opt/airflow/dags/manga_prediction_pipeline.py
[2025-10-06 14:29:55,746] {processor.py:651} INFO - DAG(s) dict_keys(['manga_prediction_pipeline']) retrieved from /opt/airflow/dags/manga_prediction_pipeline.py
[2025-10-06 14:29:55,757] {logging_mixin.py:115} INFO - [2025-10-06 14:29:55,757] {dag.py:2379} INFO - Sync 1 DAGs
[2025-10-06 14:29:55,765] {logging_mixin.py:115} INFO - [2025-10-06 14:29:55,765] {dag.py:2931} INFO - Setting next_dagrun for manga_prediction_pipeline to None, run_after=None
[2025-10-06 14:29:55,768] {processor.py:161} INFO - Processing /opt/airflow/dags/manga_prediction_pipeline.py took 0.923 seconds
[2025-10-06 14:30:25,928] {processor.py:153} INFO - Started process (PID=654) to work on /opt/airflow/dags/manga_prediction_pipeline.py
[2025-10-06 14:30:25,929] {processor.py:641} INFO - Processing file /opt/airflow/dags/manga_prediction_pipeline.py for tasks to queue
[2025-10-06 14:30:25,929] {logging_mixin.py:115} INFO - [2025-10-06 14:30:25,929] {dagbag.py:507} INFO - Filling up the DagBag from /opt/airflow/dags/manga_prediction_pipeline.py
[2025-10-06 14:30:26,779] {processor.py:651} INFO - DAG(s) dict_keys(['manga_prediction_pipeline']) retrieved from /opt/airflow/dags/manga_prediction_pipeline.py
[2025-10-06 14:30:26,786] {logging_mixin.py:115} INFO - [2025-10-06 14:30:26,786] {dag.py:2379} INFO - Sync 1 DAGs
[2025-10-06 14:30:26,793] {logging_mixin.py:115} INFO - [2025-10-06 14:30:26,793] {dag.py:2931} INFO - Setting next_dagrun for manga_prediction_pipeline to None, run_after=None
[2025-10-06 14:30:26,796] {processor.py:161} INFO - Processing /opt/airflow/dags/manga_prediction_pipeline.py took 0.871 seconds
[2025-10-06 14:30:56,901] {processor.py:153} INFO - Started process (PID=660) to work on /opt/airflow/dags/manga_prediction_pipeline.py
[2025-10-06 14:30:56,902] {processor.py:641} INFO - Processing file /opt/airflow/dags/manga_prediction_pipeline.py for tasks to queue
[2025-10-06 14:30:56,902] {logging_mixin.py:115} INFO - [2025-10-06 14:30:56,902] {dagbag.py:507} INFO - Filling up the DagBag from /opt/airflow/dags/manga_prediction_pipeline.py
[2025-10-06 14:30:57,849] {processor.py:651} INFO - DAG(s) dict_keys(['manga_prediction_pipeline']) retrieved from /opt/airflow/dags/manga_prediction_pipeline.py
[2025-10-06 14:30:57,859] {logging_mixin.py:115} INFO - [2025-10-06 14:30:57,859] {dag.py:2379} INFO - Sync 1 DAGs
[2025-10-06 14:30:57,866] {logging_mixin.py:115} INFO - [2025-10-06 14:30:57,866] {dag.py:2931} INFO - Setting next_dagrun for manga_prediction_pipeline to None, run_after=None
[2025-10-06 14:30:57,870] {processor.py:161} INFO - Processing /opt/airflow/dags/manga_prediction_pipeline.py took 0.973 seconds
[2025-10-06 14:31:28,134] {processor.py:153} INFO - Started process (PID=666) to work on /opt/airflow/dags/manga_prediction_pipeline.py
[2025-10-06 14:31:28,135] {processor.py:641} INFO - Processing file /opt/airflow/dags/manga_prediction_pipeline.py for tasks to queue
[2025-10-06 14:31:28,136] {logging_mixin.py:115} INFO - [2025-10-06 14:31:28,136] {dagbag.py:507} INFO - Filling up the DagBag from /opt/airflow/dags/manga_prediction_pipeline.py
[2025-10-06 14:31:29,048] {processor.py:651} INFO - DAG(s) dict_keys(['manga_prediction_pipeline']) retrieved from /opt/airflow/dags/manga_prediction_pipeline.py
[2025-10-06 14:31:29,056] {logging_mixin.py:115} INFO - [2025-10-06 14:31:29,056] {dag.py:2379} INFO - Sync 1 DAGs
[2025-10-06 14:31:29,063] {logging_mixin.py:115} INFO - [2025-10-06 14:31:29,062] {dag.py:2931} INFO - Setting next_dagrun for manga_prediction_pipeline to None, run_after=None
[2025-10-06 14:31:29,066] {processor.py:161} INFO - Processing /opt/airflow/dags/manga_prediction_pipeline.py took 0.936 seconds
[2025-10-06 14:31:59,269] {processor.py:153} INFO - Started process (PID=672) to work on /opt/airflow/dags/manga_prediction_pipeline.py
[2025-10-06 14:31:59,269] {processor.py:641} INFO - Processing file /opt/airflow/dags/manga_prediction_pipeline.py for tasks to queue
[2025-10-06 14:31:59,270] {logging_mixin.py:115} INFO - [2025-10-06 14:31:59,270] {dagbag.py:507} INFO - Filling up the DagBag from /opt/airflow/dags/manga_prediction_pipeline.py
[2025-10-06 14:32:00,156] {processor.py:651} INFO - DAG(s) dict_keys(['manga_prediction_pipeline']) retrieved from /opt/airflow/dags/manga_prediction_pipeline.py
[2025-10-06 14:32:00,165] {logging_mixin.py:115} INFO - [2025-10-06 14:32:00,165] {dag.py:2379} INFO - Sync 1 DAGs
[2025-10-06 14:32:00,173] {logging_mixin.py:115} INFO - [2025-10-06 14:32:00,173] {dag.py:2931} INFO - Setting next_dagrun for manga_prediction_pipeline to None, run_after=None
[2025-10-06 14:32:00,176] {processor.py:161} INFO - Processing /opt/airflow/dags/manga_prediction_pipeline.py took 0.912 seconds
[2025-10-06 14:32:30,409] {processor.py:153} INFO - Started process (PID=678) to work on /opt/airflow/dags/manga_prediction_pipeline.py
[2025-10-06 14:32:30,409] {processor.py:641} INFO - Processing file /opt/airflow/dags/manga_prediction_pipeline.py for tasks to queue
[2025-10-06 14:32:30,410] {logging_mixin.py:115} INFO - [2025-10-06 14:32:30,410] {dagbag.py:507} INFO - Filling up the DagBag from /opt/airflow/dags/manga_prediction_pipeline.py
[2025-10-06 14:32:31,267] {processor.py:651} INFO - DAG(s) dict_keys(['manga_prediction_pipeline']) retrieved from /opt/airflow/dags/manga_prediction_pipeline.py
[2025-10-06 14:32:31,275] {logging_mixin.py:115} INFO - [2025-10-06 14:32:31,275] {dag.py:2379} INFO - Sync 1 DAGs
[2025-10-06 14:32:31,282] {logging_mixin.py:115} INFO - [2025-10-06 14:32:31,282] {dag.py:2931} INFO - Setting next_dagrun for manga_prediction_pipeline to None, run_after=None
[2025-10-06 14:32:31,285] {processor.py:161} INFO - Processing /opt/airflow/dags/manga_prediction_pipeline.py took 0.883 seconds
[2025-10-06 14:33:01,498] {processor.py:153} INFO - Started process (PID=684) to work on /opt/airflow/dags/manga_prediction_pipeline.py
[2025-10-06 14:33:01,499] {processor.py:641} INFO - Processing file /opt/airflow/dags/manga_prediction_pipeline.py for tasks to queue
[2025-10-06 14:33:01,499] {logging_mixin.py:115} INFO - [2025-10-06 14:33:01,499] {dagbag.py:507} INFO - Filling up the DagBag from /opt/airflow/dags/manga_prediction_pipeline.py
[2025-10-06 14:33:02,320] {processor.py:651} INFO - DAG(s) dict_keys(['manga_prediction_pipeline']) retrieved from /opt/airflow/dags/manga_prediction_pipeline.py
[2025-10-06 14:33:02,327] {logging_mixin.py:115} INFO - [2025-10-06 14:33:02,327] {dag.py:2379} INFO - Sync 1 DAGs
[2025-10-06 14:33:02,333] {logging_mixin.py:115} INFO - [2025-10-06 14:33:02,333] {dag.py:2931} INFO - Setting next_dagrun for manga_prediction_pipeline to None, run_after=None
[2025-10-06 14:33:02,336] {processor.py:161} INFO - Processing /opt/airflow/dags/manga_prediction_pipeline.py took 0.843 seconds
[2025-10-06 14:33:32,546] {processor.py:153} INFO - Started process (PID=690) to work on /opt/airflow/dags/manga_prediction_pipeline.py
[2025-10-06 14:33:32,546] {processor.py:641} INFO - Processing file /opt/airflow/dags/manga_prediction_pipeline.py for tasks to queue
[2025-10-06 14:33:32,547] {logging_mixin.py:115} INFO - [2025-10-06 14:33:32,547] {dagbag.py:507} INFO - Filling up the DagBag from /opt/airflow/dags/manga_prediction_pipeline.py
[2025-10-06 14:33:33,447] {processor.py:651} INFO - DAG(s) dict_keys(['manga_prediction_pipeline']) retrieved from /opt/airflow/dags/manga_prediction_pipeline.py
[2025-10-06 14:33:33,456] {logging_mixin.py:115} INFO - [2025-10-06 14:33:33,456] {dag.py:2379} INFO - Sync 1 DAGs
[2025-10-06 14:33:33,462] {logging_mixin.py:115} INFO - [2025-10-06 14:33:33,462] {dag.py:2931} INFO - Setting next_dagrun for manga_prediction_pipeline to None, run_after=None
[2025-10-06 14:33:33,465] {processor.py:161} INFO - Processing /opt/airflow/dags/manga_prediction_pipeline.py took 0.925 seconds
[2025-10-06 14:34:03,653] {processor.py:153} INFO - Started process (PID=696) to work on /opt/airflow/dags/manga_prediction_pipeline.py
[2025-10-06 14:34:03,654] {processor.py:641} INFO - Processing file /opt/airflow/dags/manga_prediction_pipeline.py for tasks to queue
[2025-10-06 14:34:03,654] {logging_mixin.py:115} INFO - [2025-10-06 14:34:03,654] {dagbag.py:507} INFO - Filling up the DagBag from /opt/airflow/dags/manga_prediction_pipeline.py
[2025-10-06 14:34:04,509] {processor.py:651} INFO - DAG(s) dict_keys(['manga_prediction_pipeline']) retrieved from /opt/airflow/dags/manga_prediction_pipeline.py
[2025-10-06 14:34:04,517] {logging_mixin.py:115} INFO - [2025-10-06 14:34:04,517] {dag.py:2379} INFO - Sync 1 DAGs
[2025-10-06 14:34:04,524] {logging_mixin.py:115} INFO - [2025-10-06 14:34:04,523] {dag.py:2931} INFO - Setting next_dagrun for manga_prediction_pipeline to None, run_after=None
[2025-10-06 14:34:04,527] {processor.py:161} INFO - Processing /opt/airflow/dags/manga_prediction_pipeline.py took 0.877 seconds
[2025-10-06 14:34:34,704] {processor.py:153} INFO - Started process (PID=702) to work on /opt/airflow/dags/manga_prediction_pipeline.py
[2025-10-06 14:34:34,704] {processor.py:641} INFO - Processing file /opt/airflow/dags/manga_prediction_pipeline.py for tasks to queue
[2025-10-06 14:34:34,704] {logging_mixin.py:115} INFO - [2025-10-06 14:34:34,704] {dagbag.py:507} INFO - Filling up the DagBag from /opt/airflow/dags/manga_prediction_pipeline.py
[2025-10-06 14:34:35,483] {processor.py:651} INFO - DAG(s) dict_keys(['manga_prediction_pipeline']) retrieved from /opt/airflow/dags/manga_prediction_pipeline.py
[2025-10-06 14:34:35,491] {logging_mixin.py:115} INFO - [2025-10-06 14:34:35,491] {dag.py:2379} INFO - Sync 1 DAGs
[2025-10-06 14:34:35,498] {logging_mixin.py:115} INFO - [2025-10-06 14:34:35,497] {dag.py:2931} INFO - Setting next_dagrun for manga_prediction_pipeline to None, run_after=None
[2025-10-06 14:34:35,501] {processor.py:161} INFO - Processing /opt/airflow/dags/manga_prediction_pipeline.py took 0.799 seconds
[2025-10-06 14:35:05,684] {processor.py:153} INFO - Started process (PID=708) to work on /opt/airflow/dags/manga_prediction_pipeline.py
[2025-10-06 14:35:05,685] {processor.py:641} INFO - Processing file /opt/airflow/dags/manga_prediction_pipeline.py for tasks to queue
[2025-10-06 14:35:05,685] {logging_mixin.py:115} INFO - [2025-10-06 14:35:05,685] {dagbag.py:507} INFO - Filling up the DagBag from /opt/airflow/dags/manga_prediction_pipeline.py
[2025-10-06 14:35:06,520] {processor.py:651} INFO - DAG(s) dict_keys(['manga_prediction_pipeline']) retrieved from /opt/airflow/dags/manga_prediction_pipeline.py
[2025-10-06 14:35:06,528] {logging_mixin.py:115} INFO - [2025-10-06 14:35:06,528] {dag.py:2379} INFO - Sync 1 DAGs
[2025-10-06 14:35:06,534] {logging_mixin.py:115} INFO - [2025-10-06 14:35:06,534] {dag.py:2931} INFO - Setting next_dagrun for manga_prediction_pipeline to None, run_after=None
[2025-10-06 14:35:06,537] {processor.py:161} INFO - Processing /opt/airflow/dags/manga_prediction_pipeline.py took 0.858 seconds
[2025-10-06 14:35:36,725] {processor.py:153} INFO - Started process (PID=714) to work on /opt/airflow/dags/manga_prediction_pipeline.py
[2025-10-06 14:35:36,726] {processor.py:641} INFO - Processing file /opt/airflow/dags/manga_prediction_pipeline.py for tasks to queue
[2025-10-06 14:35:36,726] {logging_mixin.py:115} INFO - [2025-10-06 14:35:36,726] {dagbag.py:507} INFO - Filling up the DagBag from /opt/airflow/dags/manga_prediction_pipeline.py
[2025-10-06 14:35:37,672] {processor.py:651} INFO - DAG(s) dict_keys(['manga_prediction_pipeline']) retrieved from /opt/airflow/dags/manga_prediction_pipeline.py
[2025-10-06 14:35:37,680] {logging_mixin.py:115} INFO - [2025-10-06 14:35:37,680] {dag.py:2379} INFO - Sync 1 DAGs
[2025-10-06 14:35:37,687] {logging_mixin.py:115} INFO - [2025-10-06 14:35:37,687] {dag.py:2931} INFO - Setting next_dagrun for manga_prediction_pipeline to None, run_after=None
[2025-10-06 14:35:37,690] {processor.py:161} INFO - Processing /opt/airflow/dags/manga_prediction_pipeline.py took 0.969 seconds
[2025-10-06 14:36:07,859] {processor.py:153} INFO - Started process (PID=720) to work on /opt/airflow/dags/manga_prediction_pipeline.py
[2025-10-06 14:36:07,860] {processor.py:641} INFO - Processing file /opt/airflow/dags/manga_prediction_pipeline.py for tasks to queue
[2025-10-06 14:36:07,860] {logging_mixin.py:115} INFO - [2025-10-06 14:36:07,860] {dagbag.py:507} INFO - Filling up the DagBag from /opt/airflow/dags/manga_prediction_pipeline.py
[2025-10-06 14:36:08,693] {processor.py:651} INFO - DAG(s) dict_keys(['manga_prediction_pipeline']) retrieved from /opt/airflow/dags/manga_prediction_pipeline.py
[2025-10-06 14:36:08,702] {logging_mixin.py:115} INFO - [2025-10-06 14:36:08,702] {dag.py:2379} INFO - Sync 1 DAGs
[2025-10-06 14:36:08,709] {logging_mixin.py:115} INFO - [2025-10-06 14:36:08,709] {dag.py:2931} INFO - Setting next_dagrun for manga_prediction_pipeline to None, run_after=None
[2025-10-06 14:36:08,713] {processor.py:161} INFO - Processing /opt/airflow/dags/manga_prediction_pipeline.py took 0.857 seconds
[2025-10-06 14:36:38,740] {processor.py:153} INFO - Started process (PID=726) to work on /opt/airflow/dags/manga_prediction_pipeline.py
[2025-10-06 14:36:38,740] {processor.py:641} INFO - Processing file /opt/airflow/dags/manga_prediction_pipeline.py for tasks to queue
[2025-10-06 14:36:38,741] {logging_mixin.py:115} INFO - [2025-10-06 14:36:38,741] {dagbag.py:507} INFO - Filling up the DagBag from /opt/airflow/dags/manga_prediction_pipeline.py
[2025-10-06 14:36:39,518] {processor.py:651} INFO - DAG(s) dict_keys(['manga_prediction_pipeline']) retrieved from /opt/airflow/dags/manga_prediction_pipeline.py
[2025-10-06 14:36:39,525] {logging_mixin.py:115} INFO - [2025-10-06 14:36:39,525] {dag.py:2379} INFO - Sync 1 DAGs
[2025-10-06 14:36:39,531] {logging_mixin.py:115} INFO - [2025-10-06 14:36:39,531] {dag.py:2931} INFO - Setting next_dagrun for manga_prediction_pipeline to None, run_after=None
[2025-10-06 14:36:39,534] {processor.py:161} INFO - Processing /opt/airflow/dags/manga_prediction_pipeline.py took 0.799 seconds
[2025-10-06 14:37:09,766] {processor.py:153} INFO - Started process (PID=732) to work on /opt/airflow/dags/manga_prediction_pipeline.py
[2025-10-06 14:37:09,768] {processor.py:641} INFO - Processing file /opt/airflow/dags/manga_prediction_pipeline.py for tasks to queue
[2025-10-06 14:37:09,769] {logging_mixin.py:115} INFO - [2025-10-06 14:37:09,769] {dagbag.py:507} INFO - Filling up the DagBag from /opt/airflow/dags/manga_prediction_pipeline.py
[2025-10-06 14:37:10,772] {processor.py:651} INFO - DAG(s) dict_keys(['manga_prediction_pipeline']) retrieved from /opt/airflow/dags/manga_prediction_pipeline.py
[2025-10-06 14:37:10,783] {logging_mixin.py:115} INFO - [2025-10-06 14:37:10,783] {dag.py:2379} INFO - Sync 1 DAGs
[2025-10-06 14:37:10,791] {logging_mixin.py:115} INFO - [2025-10-06 14:37:10,790] {dag.py:2931} INFO - Setting next_dagrun for manga_prediction_pipeline to None, run_after=None
[2025-10-06 14:37:10,794] {processor.py:161} INFO - Processing /opt/airflow/dags/manga_prediction_pipeline.py took 1.040 seconds
[2025-10-06 14:37:40,926] {processor.py:153} INFO - Started process (PID=738) to work on /opt/airflow/dags/manga_prediction_pipeline.py
[2025-10-06 14:37:40,927] {processor.py:641} INFO - Processing file /opt/airflow/dags/manga_prediction_pipeline.py for tasks to queue
[2025-10-06 14:37:40,927] {logging_mixin.py:115} INFO - [2025-10-06 14:37:40,927] {dagbag.py:507} INFO - Filling up the DagBag from /opt/airflow/dags/manga_prediction_pipeline.py
[2025-10-06 14:37:41,732] {processor.py:651} INFO - DAG(s) dict_keys(['manga_prediction_pipeline']) retrieved from /opt/airflow/dags/manga_prediction_pipeline.py
[2025-10-06 14:37:41,740] {logging_mixin.py:115} INFO - [2025-10-06 14:37:41,740] {dag.py:2379} INFO - Sync 1 DAGs
[2025-10-06 14:37:41,746] {logging_mixin.py:115} INFO - [2025-10-06 14:37:41,746] {dag.py:2931} INFO - Setting next_dagrun for manga_prediction_pipeline to None, run_after=None
[2025-10-06 14:37:41,750] {processor.py:161} INFO - Processing /opt/airflow/dags/manga_prediction_pipeline.py took 0.828 seconds
[2025-10-06 14:38:11,946] {processor.py:153} INFO - Started process (PID=744) to work on /opt/airflow/dags/manga_prediction_pipeline.py
[2025-10-06 14:38:11,947] {processor.py:641} INFO - Processing file /opt/airflow/dags/manga_prediction_pipeline.py for tasks to queue
[2025-10-06 14:38:11,948] {logging_mixin.py:115} INFO - [2025-10-06 14:38:11,948] {dagbag.py:507} INFO - Filling up the DagBag from /opt/airflow/dags/manga_prediction_pipeline.py
[2025-10-06 14:38:12,718] {processor.py:651} INFO - DAG(s) dict_keys(['manga_prediction_pipeline']) retrieved from /opt/airflow/dags/manga_prediction_pipeline.py
[2025-10-06 14:38:12,725] {logging_mixin.py:115} INFO - [2025-10-06 14:38:12,725] {dag.py:2379} INFO - Sync 1 DAGs
[2025-10-06 14:38:12,731] {logging_mixin.py:115} INFO - [2025-10-06 14:38:12,731] {dag.py:2931} INFO - Setting next_dagrun for manga_prediction_pipeline to None, run_after=None
[2025-10-06 14:38:12,734] {processor.py:161} INFO - Processing /opt/airflow/dags/manga_prediction_pipeline.py took 0.791 seconds
[2025-10-06 14:38:42,924] {processor.py:153} INFO - Started process (PID=750) to work on /opt/airflow/dags/manga_prediction_pipeline.py
[2025-10-06 14:38:42,924] {processor.py:641} INFO - Processing file /opt/airflow/dags/manga_prediction_pipeline.py for tasks to queue
[2025-10-06 14:38:42,925] {logging_mixin.py:115} INFO - [2025-10-06 14:38:42,925] {dagbag.py:507} INFO - Filling up the DagBag from /opt/airflow/dags/manga_prediction_pipeline.py
[2025-10-06 14:38:43,754] {processor.py:651} INFO - DAG(s) dict_keys(['manga_prediction_pipeline']) retrieved from /opt/airflow/dags/manga_prediction_pipeline.py
[2025-10-06 14:38:43,762] {logging_mixin.py:115} INFO - [2025-10-06 14:38:43,762] {dag.py:2379} INFO - Sync 1 DAGs
[2025-10-06 14:38:43,769] {logging_mixin.py:115} INFO - [2025-10-06 14:38:43,769] {dag.py:2931} INFO - Setting next_dagrun for manga_prediction_pipeline to None, run_after=None
[2025-10-06 14:38:43,774] {processor.py:161} INFO - Processing /opt/airflow/dags/manga_prediction_pipeline.py took 0.856 seconds
[2025-10-06 14:39:13,940] {processor.py:153} INFO - Started process (PID=756) to work on /opt/airflow/dags/manga_prediction_pipeline.py
[2025-10-06 14:39:13,941] {processor.py:641} INFO - Processing file /opt/airflow/dags/manga_prediction_pipeline.py for tasks to queue
[2025-10-06 14:39:13,941] {logging_mixin.py:115} INFO - [2025-10-06 14:39:13,941] {dagbag.py:507} INFO - Filling up the DagBag from /opt/airflow/dags/manga_prediction_pipeline.py
[2025-10-06 14:39:14,865] {processor.py:651} INFO - DAG(s) dict_keys(['manga_prediction_pipeline']) retrieved from /opt/airflow/dags/manga_prediction_pipeline.py
[2025-10-06 14:39:14,873] {logging_mixin.py:115} INFO - [2025-10-06 14:39:14,873] {dag.py:2379} INFO - Sync 1 DAGs
[2025-10-06 14:39:14,879] {logging_mixin.py:115} INFO - [2025-10-06 14:39:14,879] {dag.py:2931} INFO - Setting next_dagrun for manga_prediction_pipeline to None, run_after=None
[2025-10-06 14:39:14,882] {processor.py:161} INFO - Processing /opt/airflow/dags/manga_prediction_pipeline.py took 0.944 seconds
[2025-10-06 14:39:45,086] {processor.py:153} INFO - Started process (PID=762) to work on /opt/airflow/dags/manga_prediction_pipeline.py
[2025-10-06 14:39:45,087] {processor.py:641} INFO - Processing file /opt/airflow/dags/manga_prediction_pipeline.py for tasks to queue
[2025-10-06 14:39:45,088] {logging_mixin.py:115} INFO - [2025-10-06 14:39:45,087] {dagbag.py:507} INFO - Filling up the DagBag from /opt/airflow/dags/manga_prediction_pipeline.py
[2025-10-06 14:39:45,972] {processor.py:651} INFO - DAG(s) dict_keys(['manga_prediction_pipeline']) retrieved from /opt/airflow/dags/manga_prediction_pipeline.py
[2025-10-06 14:39:45,981] {logging_mixin.py:115} INFO - [2025-10-06 14:39:45,981] {dag.py:2379} INFO - Sync 1 DAGs
[2025-10-06 14:39:45,987] {logging_mixin.py:115} INFO - [2025-10-06 14:39:45,987] {dag.py:2931} INFO - Setting next_dagrun for manga_prediction_pipeline to None, run_after=None
[2025-10-06 14:39:45,991] {processor.py:161} INFO - Processing /opt/airflow/dags/manga_prediction_pipeline.py took 0.909 seconds
[2025-10-06 14:40:16,201] {processor.py:153} INFO - Started process (PID=768) to work on /opt/airflow/dags/manga_prediction_pipeline.py
[2025-10-06 14:40:16,202] {processor.py:641} INFO - Processing file /opt/airflow/dags/manga_prediction_pipeline.py for tasks to queue
[2025-10-06 14:40:16,202] {logging_mixin.py:115} INFO - [2025-10-06 14:40:16,202] {dagbag.py:507} INFO - Filling up the DagBag from /opt/airflow/dags/manga_prediction_pipeline.py
[2025-10-06 14:40:17,069] {processor.py:651} INFO - DAG(s) dict_keys(['manga_prediction_pipeline']) retrieved from /opt/airflow/dags/manga_prediction_pipeline.py
[2025-10-06 14:40:17,078] {logging_mixin.py:115} INFO - [2025-10-06 14:40:17,077] {dag.py:2379} INFO - Sync 1 DAGs
[2025-10-06 14:40:17,084] {logging_mixin.py:115} INFO - [2025-10-06 14:40:17,084] {dag.py:2931} INFO - Setting next_dagrun for manga_prediction_pipeline to None, run_after=None
[2025-10-06 14:40:17,088] {processor.py:161} INFO - Processing /opt/airflow/dags/manga_prediction_pipeline.py took 0.893 seconds
[2025-10-06 14:40:47,300] {processor.py:153} INFO - Started process (PID=774) to work on /opt/airflow/dags/manga_prediction_pipeline.py
[2025-10-06 14:40:47,301] {processor.py:641} INFO - Processing file /opt/airflow/dags/manga_prediction_pipeline.py for tasks to queue
[2025-10-06 14:40:47,301] {logging_mixin.py:115} INFO - [2025-10-06 14:40:47,301] {dagbag.py:507} INFO - Filling up the DagBag from /opt/airflow/dags/manga_prediction_pipeline.py
[2025-10-06 14:40:48,061] {processor.py:651} INFO - DAG(s) dict_keys(['manga_prediction_pipeline']) retrieved from /opt/airflow/dags/manga_prediction_pipeline.py
[2025-10-06 14:40:48,069] {logging_mixin.py:115} INFO - [2025-10-06 14:40:48,069] {dag.py:2379} INFO - Sync 1 DAGs
[2025-10-06 14:40:48,076] {logging_mixin.py:115} INFO - [2025-10-06 14:40:48,076] {dag.py:2931} INFO - Setting next_dagrun for manga_prediction_pipeline to None, run_after=None
[2025-10-06 14:40:48,079] {processor.py:161} INFO - Processing /opt/airflow/dags/manga_prediction_pipeline.py took 0.782 seconds
[2025-10-06 14:41:18,244] {processor.py:153} INFO - Started process (PID=780) to work on /opt/airflow/dags/manga_prediction_pipeline.py
[2025-10-06 14:41:18,244] {processor.py:641} INFO - Processing file /opt/airflow/dags/manga_prediction_pipeline.py for tasks to queue
[2025-10-06 14:41:18,245] {logging_mixin.py:115} INFO - [2025-10-06 14:41:18,245] {dagbag.py:507} INFO - Filling up the DagBag from /opt/airflow/dags/manga_prediction_pipeline.py
[2025-10-06 14:41:19,005] {processor.py:651} INFO - DAG(s) dict_keys(['manga_prediction_pipeline']) retrieved from /opt/airflow/dags/manga_prediction_pipeline.py
[2025-10-06 14:41:19,012] {logging_mixin.py:115} INFO - [2025-10-06 14:41:19,012] {dag.py:2379} INFO - Sync 1 DAGs
[2025-10-06 14:41:19,018] {logging_mixin.py:115} INFO - [2025-10-06 14:41:19,018] {dag.py:2931} INFO - Setting next_dagrun for manga_prediction_pipeline to None, run_after=None
[2025-10-06 14:41:19,021] {processor.py:161} INFO - Processing /opt/airflow/dags/manga_prediction_pipeline.py took 0.779 seconds
[2025-10-06 14:41:49,191] {processor.py:153} INFO - Started process (PID=786) to work on /opt/airflow/dags/manga_prediction_pipeline.py
[2025-10-06 14:41:49,192] {processor.py:641} INFO - Processing file /opt/airflow/dags/manga_prediction_pipeline.py for tasks to queue
[2025-10-06 14:41:49,192] {logging_mixin.py:115} INFO - [2025-10-06 14:41:49,192] {dagbag.py:507} INFO - Filling up the DagBag from /opt/airflow/dags/manga_prediction_pipeline.py
[2025-10-06 14:41:49,971] {processor.py:651} INFO - DAG(s) dict_keys(['manga_prediction_pipeline']) retrieved from /opt/airflow/dags/manga_prediction_pipeline.py
[2025-10-06 14:41:49,980] {logging_mixin.py:115} INFO - [2025-10-06 14:41:49,979] {dag.py:2379} INFO - Sync 1 DAGs
[2025-10-06 14:41:49,986] {logging_mixin.py:115} INFO - [2025-10-06 14:41:49,986] {dag.py:2931} INFO - Setting next_dagrun for manga_prediction_pipeline to None, run_after=None
[2025-10-06 14:41:49,989] {processor.py:161} INFO - Processing /opt/airflow/dags/manga_prediction_pipeline.py took 0.801 seconds
[2025-10-06 14:42:20,192] {processor.py:153} INFO - Started process (PID=792) to work on /opt/airflow/dags/manga_prediction_pipeline.py
[2025-10-06 14:42:20,192] {processor.py:641} INFO - Processing file /opt/airflow/dags/manga_prediction_pipeline.py for tasks to queue
[2025-10-06 14:42:20,193] {logging_mixin.py:115} INFO - [2025-10-06 14:42:20,193] {dagbag.py:507} INFO - Filling up the DagBag from /opt/airflow/dags/manga_prediction_pipeline.py
[2025-10-06 14:42:20,968] {processor.py:651} INFO - DAG(s) dict_keys(['manga_prediction_pipeline']) retrieved from /opt/airflow/dags/manga_prediction_pipeline.py
[2025-10-06 14:42:20,975] {logging_mixin.py:115} INFO - [2025-10-06 14:42:20,975] {dag.py:2379} INFO - Sync 1 DAGs
[2025-10-06 14:42:20,981] {logging_mixin.py:115} INFO - [2025-10-06 14:42:20,980] {dag.py:2931} INFO - Setting next_dagrun for manga_prediction_pipeline to None, run_after=None
[2025-10-06 14:42:20,984] {processor.py:161} INFO - Processing /opt/airflow/dags/manga_prediction_pipeline.py took 0.796 seconds
[2025-10-06 14:42:51,208] {processor.py:153} INFO - Started process (PID=798) to work on /opt/airflow/dags/manga_prediction_pipeline.py
[2025-10-06 14:42:51,209] {processor.py:641} INFO - Processing file /opt/airflow/dags/manga_prediction_pipeline.py for tasks to queue
[2025-10-06 14:42:51,209] {logging_mixin.py:115} INFO - [2025-10-06 14:42:51,209] {dagbag.py:507} INFO - Filling up the DagBag from /opt/airflow/dags/manga_prediction_pipeline.py
[2025-10-06 14:42:52,065] {processor.py:651} INFO - DAG(s) dict_keys(['manga_prediction_pipeline']) retrieved from /opt/airflow/dags/manga_prediction_pipeline.py
[2025-10-06 14:42:52,073] {logging_mixin.py:115} INFO - [2025-10-06 14:42:52,073] {dag.py:2379} INFO - Sync 1 DAGs
[2025-10-06 14:42:52,079] {logging_mixin.py:115} INFO - [2025-10-06 14:42:52,079] {dag.py:2931} INFO - Setting next_dagrun for manga_prediction_pipeline to None, run_after=None
[2025-10-06 14:42:52,082] {processor.py:161} INFO - Processing /opt/airflow/dags/manga_prediction_pipeline.py took 0.881 seconds
[2025-10-06 14:43:22,268] {processor.py:153} INFO - Started process (PID=804) to work on /opt/airflow/dags/manga_prediction_pipeline.py
[2025-10-06 14:43:22,269] {processor.py:641} INFO - Processing file /opt/airflow/dags/manga_prediction_pipeline.py for tasks to queue
[2025-10-06 14:43:22,269] {logging_mixin.py:115} INFO - [2025-10-06 14:43:22,269] {dagbag.py:507} INFO - Filling up the DagBag from /opt/airflow/dags/manga_prediction_pipeline.py
[2025-10-06 14:43:23,032] {processor.py:651} INFO - DAG(s) dict_keys(['manga_prediction_pipeline']) retrieved from /opt/airflow/dags/manga_prediction_pipeline.py
[2025-10-06 14:43:23,039] {logging_mixin.py:115} INFO - [2025-10-06 14:43:23,039] {dag.py:2379} INFO - Sync 1 DAGs
[2025-10-06 14:43:23,045] {logging_mixin.py:115} INFO - [2025-10-06 14:43:23,045] {dag.py:2931} INFO - Setting next_dagrun for manga_prediction_pipeline to None, run_after=None
[2025-10-06 14:43:23,048] {processor.py:161} INFO - Processing /opt/airflow/dags/manga_prediction_pipeline.py took 0.785 seconds
[2025-10-06 14:43:53,240] {processor.py:153} INFO - Started process (PID=810) to work on /opt/airflow/dags/manga_prediction_pipeline.py
[2025-10-06 14:43:53,241] {processor.py:641} INFO - Processing file /opt/airflow/dags/manga_prediction_pipeline.py for tasks to queue
[2025-10-06 14:43:53,241] {logging_mixin.py:115} INFO - [2025-10-06 14:43:53,241] {dagbag.py:507} INFO - Filling up the DagBag from /opt/airflow/dags/manga_prediction_pipeline.py
[2025-10-06 14:43:54,071] {processor.py:651} INFO - DAG(s) dict_keys(['manga_prediction_pipeline']) retrieved from /opt/airflow/dags/manga_prediction_pipeline.py
[2025-10-06 14:43:54,079] {logging_mixin.py:115} INFO - [2025-10-06 14:43:54,079] {dag.py:2379} INFO - Sync 1 DAGs
[2025-10-06 14:43:54,086] {logging_mixin.py:115} INFO - [2025-10-06 14:43:54,086] {dag.py:2931} INFO - Setting next_dagrun for manga_prediction_pipeline to None, run_after=None
[2025-10-06 14:43:54,089] {processor.py:161} INFO - Processing /opt/airflow/dags/manga_prediction_pipeline.py took 0.854 seconds
[2025-10-06 14:44:24,132] {processor.py:153} INFO - Started process (PID=816) to work on /opt/airflow/dags/manga_prediction_pipeline.py
[2025-10-06 14:44:24,133] {processor.py:641} INFO - Processing file /opt/airflow/dags/manga_prediction_pipeline.py for tasks to queue
[2025-10-06 14:44:24,134] {logging_mixin.py:115} INFO - [2025-10-06 14:44:24,134] {dagbag.py:507} INFO - Filling up the DagBag from /opt/airflow/dags/manga_prediction_pipeline.py
[2025-10-06 14:44:24,892] {processor.py:651} INFO - DAG(s) dict_keys(['manga_prediction_pipeline']) retrieved from /opt/airflow/dags/manga_prediction_pipeline.py
[2025-10-06 14:44:24,899] {logging_mixin.py:115} INFO - [2025-10-06 14:44:24,899] {dag.py:2379} INFO - Sync 1 DAGs
[2025-10-06 14:44:24,904] {logging_mixin.py:115} INFO - [2025-10-06 14:44:24,904] {dag.py:2931} INFO - Setting next_dagrun for manga_prediction_pipeline to None, run_after=None
[2025-10-06 14:44:24,907] {processor.py:161} INFO - Processing /opt/airflow/dags/manga_prediction_pipeline.py took 0.780 seconds
[2025-10-06 14:44:55,073] {processor.py:153} INFO - Started process (PID=822) to work on /opt/airflow/dags/manga_prediction_pipeline.py
[2025-10-06 14:44:55,073] {processor.py:641} INFO - Processing file /opt/airflow/dags/manga_prediction_pipeline.py for tasks to queue
[2025-10-06 14:44:55,074] {logging_mixin.py:115} INFO - [2025-10-06 14:44:55,074] {dagbag.py:507} INFO - Filling up the DagBag from /opt/airflow/dags/manga_prediction_pipeline.py
[2025-10-06 14:44:55,853] {processor.py:651} INFO - DAG(s) dict_keys(['manga_prediction_pipeline']) retrieved from /opt/airflow/dags/manga_prediction_pipeline.py
[2025-10-06 14:44:55,861] {logging_mixin.py:115} INFO - [2025-10-06 14:44:55,861] {dag.py:2379} INFO - Sync 1 DAGs
[2025-10-06 14:44:55,867] {logging_mixin.py:115} INFO - [2025-10-06 14:44:55,867] {dag.py:2931} INFO - Setting next_dagrun for manga_prediction_pipeline to None, run_after=None
[2025-10-06 14:44:55,870] {processor.py:161} INFO - Processing /opt/airflow/dags/manga_prediction_pipeline.py took 0.803 seconds
[2025-10-06 14:45:26,024] {processor.py:153} INFO - Started process (PID=828) to work on /opt/airflow/dags/manga_prediction_pipeline.py
[2025-10-06 14:45:26,025] {processor.py:641} INFO - Processing file /opt/airflow/dags/manga_prediction_pipeline.py for tasks to queue
[2025-10-06 14:45:26,025] {logging_mixin.py:115} INFO - [2025-10-06 14:45:26,025] {dagbag.py:507} INFO - Filling up the DagBag from /opt/airflow/dags/manga_prediction_pipeline.py
[2025-10-06 14:45:26,782] {processor.py:651} INFO - DAG(s) dict_keys(['manga_prediction_pipeline']) retrieved from /opt/airflow/dags/manga_prediction_pipeline.py
[2025-10-06 14:45:26,789] {logging_mixin.py:115} INFO - [2025-10-06 14:45:26,789] {dag.py:2379} INFO - Sync 1 DAGs
[2025-10-06 14:45:26,796] {logging_mixin.py:115} INFO - [2025-10-06 14:45:26,796] {dag.py:2931} INFO - Setting next_dagrun for manga_prediction_pipeline to None, run_after=None
[2025-10-06 14:45:26,799] {processor.py:161} INFO - Processing /opt/airflow/dags/manga_prediction_pipeline.py took 0.778 seconds
[2025-10-06 14:45:56,837] {processor.py:153} INFO - Started process (PID=834) to work on /opt/airflow/dags/manga_prediction_pipeline.py
[2025-10-06 14:45:56,838] {processor.py:641} INFO - Processing file /opt/airflow/dags/manga_prediction_pipeline.py for tasks to queue
[2025-10-06 14:45:56,838] {logging_mixin.py:115} INFO - [2025-10-06 14:45:56,838] {dagbag.py:507} INFO - Filling up the DagBag from /opt/airflow/dags/manga_prediction_pipeline.py
[2025-10-06 14:45:57,609] {processor.py:651} INFO - DAG(s) dict_keys(['manga_prediction_pipeline']) retrieved from /opt/airflow/dags/manga_prediction_pipeline.py
[2025-10-06 14:45:57,616] {logging_mixin.py:115} INFO - [2025-10-06 14:45:57,616] {dag.py:2379} INFO - Sync 1 DAGs
[2025-10-06 14:45:57,622] {logging_mixin.py:115} INFO - [2025-10-06 14:45:57,622] {dag.py:2931} INFO - Setting next_dagrun for manga_prediction_pipeline to None, run_after=None
[2025-10-06 14:45:57,625] {processor.py:161} INFO - Processing /opt/airflow/dags/manga_prediction_pipeline.py took 0.792 seconds
[2025-10-06 15:32:19,855] {processor.py:153} INFO - Started process (PID=842) to work on /opt/airflow/dags/manga_prediction_pipeline.py
[2025-10-06 15:32:19,858] {processor.py:641} INFO - Processing file /opt/airflow/dags/manga_prediction_pipeline.py for tasks to queue
[2025-10-06 15:32:19,860] {logging_mixin.py:115} INFO - [2025-10-06 15:32:19,859] {dagbag.py:507} INFO - Filling up the DagBag from /opt/airflow/dags/manga_prediction_pipeline.py
[2025-10-06 15:32:22,823] {processor.py:651} INFO - DAG(s) dict_keys(['manga_prediction_pipeline']) retrieved from /opt/airflow/dags/manga_prediction_pipeline.py
[2025-10-06 15:32:22,861] {logging_mixin.py:115} INFO - [2025-10-06 15:32:22,861] {dag.py:2379} INFO - Sync 1 DAGs
[2025-10-06 15:32:22,889] {logging_mixin.py:115} INFO - [2025-10-06 15:32:22,889] {dag.py:2931} INFO - Setting next_dagrun for manga_prediction_pipeline to None, run_after=None
[2025-10-06 15:32:22,904] {processor.py:161} INFO - Processing /opt/airflow/dags/manga_prediction_pipeline.py took 3.065 seconds
[2025-10-06 16:24:05,178] {processor.py:153} INFO - Started process (PID=848) to work on /opt/airflow/dags/manga_prediction_pipeline.py
[2025-10-06 16:24:05,179] {processor.py:641} INFO - Processing file /opt/airflow/dags/manga_prediction_pipeline.py for tasks to queue
[2025-10-06 16:24:05,180] {logging_mixin.py:115} INFO - [2025-10-06 16:24:05,180] {dagbag.py:507} INFO - Filling up the DagBag from /opt/airflow/dags/manga_prediction_pipeline.py
[2025-10-06 16:24:06,672] {processor.py:651} INFO - DAG(s) dict_keys(['manga_prediction_pipeline']) retrieved from /opt/airflow/dags/manga_prediction_pipeline.py
[2025-10-06 16:24:06,681] {logging_mixin.py:115} INFO - [2025-10-06 16:24:06,681] {dag.py:2379} INFO - Sync 1 DAGs
[2025-10-06 16:24:06,688] {logging_mixin.py:115} INFO - [2025-10-06 16:24:06,688] {dag.py:2931} INFO - Setting next_dagrun for manga_prediction_pipeline to None, run_after=None
[2025-10-06 16:24:06,691] {processor.py:161} INFO - Processing /opt/airflow/dags/manga_prediction_pipeline.py took 1.515 seconds
[2025-10-06 16:24:36,902] {processor.py:153} INFO - Started process (PID=854) to work on /opt/airflow/dags/manga_prediction_pipeline.py
[2025-10-06 16:24:36,903] {processor.py:641} INFO - Processing file /opt/airflow/dags/manga_prediction_pipeline.py for tasks to queue
[2025-10-06 16:24:36,904] {logging_mixin.py:115} INFO - [2025-10-06 16:24:36,904] {dagbag.py:507} INFO - Filling up the DagBag from /opt/airflow/dags/manga_prediction_pipeline.py
[2025-10-06 16:24:37,852] {processor.py:651} INFO - DAG(s) dict_keys(['manga_prediction_pipeline']) retrieved from /opt/airflow/dags/manga_prediction_pipeline.py
[2025-10-06 16:24:37,861] {logging_mixin.py:115} INFO - [2025-10-06 16:24:37,861] {dag.py:2379} INFO - Sync 1 DAGs
[2025-10-06 16:24:37,868] {logging_mixin.py:115} INFO - [2025-10-06 16:24:37,868] {dag.py:2931} INFO - Setting next_dagrun for manga_prediction_pipeline to None, run_after=None
[2025-10-06 16:24:37,871] {processor.py:161} INFO - Processing /opt/airflow/dags/manga_prediction_pipeline.py took 0.974 seconds
[2025-10-06 16:25:08,066] {processor.py:153} INFO - Started process (PID=860) to work on /opt/airflow/dags/manga_prediction_pipeline.py
[2025-10-06 16:25:08,067] {processor.py:641} INFO - Processing file /opt/airflow/dags/manga_prediction_pipeline.py for tasks to queue
[2025-10-06 16:25:08,068] {logging_mixin.py:115} INFO - [2025-10-06 16:25:08,067] {dagbag.py:507} INFO - Filling up the DagBag from /opt/airflow/dags/manga_prediction_pipeline.py
[2025-10-06 16:25:08,823] {processor.py:651} INFO - DAG(s) dict_keys(['manga_prediction_pipeline']) retrieved from /opt/airflow/dags/manga_prediction_pipeline.py
[2025-10-06 16:25:08,831] {logging_mixin.py:115} INFO - [2025-10-06 16:25:08,831] {dag.py:2379} INFO - Sync 1 DAGs
[2025-10-06 16:25:08,837] {logging_mixin.py:115} INFO - [2025-10-06 16:25:08,837] {dag.py:2931} INFO - Setting next_dagrun for manga_prediction_pipeline to None, run_after=None
[2025-10-06 16:25:08,842] {processor.py:161} INFO - Processing /opt/airflow/dags/manga_prediction_pipeline.py took 0.779 seconds
[2025-10-06 16:25:39,047] {processor.py:153} INFO - Started process (PID=866) to work on /opt/airflow/dags/manga_prediction_pipeline.py
[2025-10-06 16:25:39,048] {processor.py:641} INFO - Processing file /opt/airflow/dags/manga_prediction_pipeline.py for tasks to queue
[2025-10-06 16:25:39,049] {logging_mixin.py:115} INFO - [2025-10-06 16:25:39,049] {dagbag.py:507} INFO - Filling up the DagBag from /opt/airflow/dags/manga_prediction_pipeline.py
[2025-10-06 16:25:40,046] {processor.py:651} INFO - DAG(s) dict_keys(['manga_prediction_pipeline']) retrieved from /opt/airflow/dags/manga_prediction_pipeline.py
[2025-10-06 16:25:40,056] {logging_mixin.py:115} INFO - [2025-10-06 16:25:40,055] {dag.py:2379} INFO - Sync 1 DAGs
[2025-10-06 16:25:40,062] {logging_mixin.py:115} INFO - [2025-10-06 16:25:40,062] {dag.py:2931} INFO - Setting next_dagrun for manga_prediction_pipeline to None, run_after=None
[2025-10-06 16:25:40,066] {processor.py:161} INFO - Processing /opt/airflow/dags/manga_prediction_pipeline.py took 1.027 seconds
[2025-10-06 16:26:10,262] {processor.py:153} INFO - Started process (PID=872) to work on /opt/airflow/dags/manga_prediction_pipeline.py
[2025-10-06 16:26:10,263] {processor.py:641} INFO - Processing file /opt/airflow/dags/manga_prediction_pipeline.py for tasks to queue
[2025-10-06 16:26:10,264] {logging_mixin.py:115} INFO - [2025-10-06 16:26:10,264] {dagbag.py:507} INFO - Filling up the DagBag from /opt/airflow/dags/manga_prediction_pipeline.py
[2025-10-06 16:26:11,269] {processor.py:651} INFO - DAG(s) dict_keys(['manga_prediction_pipeline']) retrieved from /opt/airflow/dags/manga_prediction_pipeline.py
[2025-10-06 16:26:11,283] {logging_mixin.py:115} INFO - [2025-10-06 16:26:11,282] {dag.py:2379} INFO - Sync 1 DAGs
[2025-10-06 16:26:11,289] {logging_mixin.py:115} INFO - [2025-10-06 16:26:11,289] {dag.py:2931} INFO - Setting next_dagrun for manga_prediction_pipeline to None, run_after=None
[2025-10-06 16:26:11,293] {processor.py:161} INFO - Processing /opt/airflow/dags/manga_prediction_pipeline.py took 1.040 seconds
[2025-10-06 16:26:41,474] {processor.py:153} INFO - Started process (PID=878) to work on /opt/airflow/dags/manga_prediction_pipeline.py
[2025-10-06 16:26:41,474] {processor.py:641} INFO - Processing file /opt/airflow/dags/manga_prediction_pipeline.py for tasks to queue
[2025-10-06 16:26:41,475] {logging_mixin.py:115} INFO - [2025-10-06 16:26:41,475] {dagbag.py:507} INFO - Filling up the DagBag from /opt/airflow/dags/manga_prediction_pipeline.py
[2025-10-06 16:26:42,271] {processor.py:651} INFO - DAG(s) dict_keys(['manga_prediction_pipeline']) retrieved from /opt/airflow/dags/manga_prediction_pipeline.py
[2025-10-06 16:26:42,279] {logging_mixin.py:115} INFO - [2025-10-06 16:26:42,279] {dag.py:2379} INFO - Sync 1 DAGs
[2025-10-06 16:26:42,285] {logging_mixin.py:115} INFO - [2025-10-06 16:26:42,285] {dag.py:2931} INFO - Setting next_dagrun for manga_prediction_pipeline to None, run_after=None
[2025-10-06 16:26:42,288] {processor.py:161} INFO - Processing /opt/airflow/dags/manga_prediction_pipeline.py took 0.821 seconds
[2025-10-06 16:27:12,523] {processor.py:153} INFO - Started process (PID=884) to work on /opt/airflow/dags/manga_prediction_pipeline.py
[2025-10-06 16:27:12,523] {processor.py:641} INFO - Processing file /opt/airflow/dags/manga_prediction_pipeline.py for tasks to queue
[2025-10-06 16:27:12,524] {logging_mixin.py:115} INFO - [2025-10-06 16:27:12,524] {dagbag.py:507} INFO - Filling up the DagBag from /opt/airflow/dags/manga_prediction_pipeline.py
[2025-10-06 16:27:13,409] {processor.py:651} INFO - DAG(s) dict_keys(['manga_prediction_pipeline']) retrieved from /opt/airflow/dags/manga_prediction_pipeline.py
[2025-10-06 16:27:13,418] {logging_mixin.py:115} INFO - [2025-10-06 16:27:13,418] {dag.py:2379} INFO - Sync 1 DAGs
[2025-10-06 16:27:13,424] {logging_mixin.py:115} INFO - [2025-10-06 16:27:13,424] {dag.py:2931} INFO - Setting next_dagrun for manga_prediction_pipeline to None, run_after=None
[2025-10-06 16:27:13,428] {processor.py:161} INFO - Processing /opt/airflow/dags/manga_prediction_pipeline.py took 0.909 seconds
[2025-10-06 16:27:43,646] {processor.py:153} INFO - Started process (PID=890) to work on /opt/airflow/dags/manga_prediction_pipeline.py
[2025-10-06 16:27:43,646] {processor.py:641} INFO - Processing file /opt/airflow/dags/manga_prediction_pipeline.py for tasks to queue
[2025-10-06 16:27:43,647] {logging_mixin.py:115} INFO - [2025-10-06 16:27:43,647] {dagbag.py:507} INFO - Filling up the DagBag from /opt/airflow/dags/manga_prediction_pipeline.py
[2025-10-06 16:27:44,386] {processor.py:651} INFO - DAG(s) dict_keys(['manga_prediction_pipeline']) retrieved from /opt/airflow/dags/manga_prediction_pipeline.py
[2025-10-06 16:27:44,394] {logging_mixin.py:115} INFO - [2025-10-06 16:27:44,394] {dag.py:2379} INFO - Sync 1 DAGs
[2025-10-06 16:27:44,401] {logging_mixin.py:115} INFO - [2025-10-06 16:27:44,401] {dag.py:2931} INFO - Setting next_dagrun for manga_prediction_pipeline to None, run_after=None
[2025-10-06 16:27:44,405] {processor.py:161} INFO - Processing /opt/airflow/dags/manga_prediction_pipeline.py took 0.762 seconds
[2025-10-06 16:28:14,611] {processor.py:153} INFO - Started process (PID=896) to work on /opt/airflow/dags/manga_prediction_pipeline.py
[2025-10-06 16:28:14,611] {processor.py:641} INFO - Processing file /opt/airflow/dags/manga_prediction_pipeline.py for tasks to queue
[2025-10-06 16:28:14,612] {logging_mixin.py:115} INFO - [2025-10-06 16:28:14,612] {dagbag.py:507} INFO - Filling up the DagBag from /opt/airflow/dags/manga_prediction_pipeline.py
[2025-10-06 16:28:15,446] {processor.py:651} INFO - DAG(s) dict_keys(['manga_prediction_pipeline']) retrieved from /opt/airflow/dags/manga_prediction_pipeline.py
[2025-10-06 16:28:15,454] {logging_mixin.py:115} INFO - [2025-10-06 16:28:15,453] {dag.py:2379} INFO - Sync 1 DAGs
[2025-10-06 16:28:15,460] {logging_mixin.py:115} INFO - [2025-10-06 16:28:15,460] {dag.py:2931} INFO - Setting next_dagrun for manga_prediction_pipeline to None, run_after=None
[2025-10-06 16:28:15,463] {processor.py:161} INFO - Processing /opt/airflow/dags/manga_prediction_pipeline.py took 0.856 seconds
[2025-10-06 17:50:55,796] {processor.py:153} INFO - Started process (PID=902) to work on /opt/airflow/dags/manga_prediction_pipeline.py
[2025-10-06 17:50:55,796] {processor.py:641} INFO - Processing file /opt/airflow/dags/manga_prediction_pipeline.py for tasks to queue
[2025-10-06 17:50:55,796] {logging_mixin.py:115} INFO - [2025-10-06 17:50:55,796] {dagbag.py:507} INFO - Filling up the DagBag from /opt/airflow/dags/manga_prediction_pipeline.py
[2025-10-06 17:50:57,441] {processor.py:651} INFO - DAG(s) dict_keys(['manga_prediction_pipeline']) retrieved from /opt/airflow/dags/manga_prediction_pipeline.py
[2025-10-06 17:50:57,471] {logging_mixin.py:115} INFO - [2025-10-06 17:50:57,471] {dag.py:2379} INFO - Sync 1 DAGs
[2025-10-06 17:50:57,493] {logging_mixin.py:115} INFO - [2025-10-06 17:50:57,492] {dag.py:2931} INFO - Setting next_dagrun for manga_prediction_pipeline to None, run_after=None
[2025-10-06 17:50:57,502] {processor.py:161} INFO - Processing /opt/airflow/dags/manga_prediction_pipeline.py took 1.708 seconds
[2025-10-06 19:01:01,757] {processor.py:153} INFO - Started process (PID=909) to work on /opt/airflow/dags/manga_prediction_pipeline.py
[2025-10-06 19:01:01,757] {processor.py:641} INFO - Processing file /opt/airflow/dags/manga_prediction_pipeline.py for tasks to queue
[2025-10-06 19:01:01,757] {logging_mixin.py:115} INFO - [2025-10-06 19:01:01,757] {dagbag.py:507} INFO - Filling up the DagBag from /opt/airflow/dags/manga_prediction_pipeline.py
[2025-10-06 19:01:04,343] {processor.py:651} INFO - DAG(s) dict_keys(['manga_prediction_pipeline']) retrieved from /opt/airflow/dags/manga_prediction_pipeline.py
[2025-10-06 19:01:04,398] {logging_mixin.py:115} INFO - [2025-10-06 19:01:04,398] {dag.py:2379} INFO - Sync 1 DAGs
[2025-10-06 19:01:04,447] {logging_mixin.py:115} INFO - [2025-10-06 19:01:04,446] {dag.py:2931} INFO - Setting next_dagrun for manga_prediction_pipeline to None, run_after=None
[2025-10-06 19:01:04,469] {processor.py:161} INFO - Processing /opt/airflow/dags/manga_prediction_pipeline.py took 2.714 seconds
[2025-10-06 20:34:50,874] {processor.py:153} INFO - Started process (PID=916) to work on /opt/airflow/dags/manga_prediction_pipeline.py
[2025-10-06 20:34:50,875] {processor.py:641} INFO - Processing file /opt/airflow/dags/manga_prediction_pipeline.py for tasks to queue
[2025-10-06 20:34:50,876] {logging_mixin.py:115} INFO - [2025-10-06 20:34:50,876] {dagbag.py:507} INFO - Filling up the DagBag from /opt/airflow/dags/manga_prediction_pipeline.py
[2025-10-06 20:34:53,019] {processor.py:651} INFO - DAG(s) dict_keys(['manga_prediction_pipeline']) retrieved from /opt/airflow/dags/manga_prediction_pipeline.py
[2025-10-06 20:34:53,045] {logging_mixin.py:115} INFO - [2025-10-06 20:34:53,045] {dag.py:2379} INFO - Sync 1 DAGs
[2025-10-06 20:34:53,065] {logging_mixin.py:115} INFO - [2025-10-06 20:34:53,065] {dag.py:2931} INFO - Setting next_dagrun for manga_prediction_pipeline to None, run_after=None
[2025-10-06 20:34:53,082] {processor.py:161} INFO - Processing /opt/airflow/dags/manga_prediction_pipeline.py took 2.212 seconds
[2025-10-06 22:01:10,459] {processor.py:153} INFO - Started process (PID=922) to work on /opt/airflow/dags/manga_prediction_pipeline.py
[2025-10-06 22:01:10,459] {processor.py:641} INFO - Processing file /opt/airflow/dags/manga_prediction_pipeline.py for tasks to queue
[2025-10-06 22:01:10,459] {logging_mixin.py:115} INFO - [2025-10-06 22:01:10,459] {dagbag.py:507} INFO - Filling up the DagBag from /opt/airflow/dags/manga_prediction_pipeline.py
[2025-10-06 22:01:14,293] {processor.py:651} INFO - DAG(s) dict_keys(['manga_prediction_pipeline']) retrieved from /opt/airflow/dags/manga_prediction_pipeline.py
[2025-10-06 22:01:14,362] {logging_mixin.py:115} INFO - [2025-10-06 22:01:14,362] {dag.py:2379} INFO - Sync 1 DAGs
[2025-10-06 22:01:14,392] {logging_mixin.py:115} INFO - [2025-10-06 22:01:14,392] {dag.py:2931} INFO - Setting next_dagrun for manga_prediction_pipeline to None, run_after=None
[2025-10-06 22:01:14,422] {processor.py:161} INFO - Processing /opt/airflow/dags/manga_prediction_pipeline.py took 3.967 seconds
[2025-10-06 23:19:43,791] {processor.py:153} INFO - Started process (PID=928) to work on /opt/airflow/dags/manga_prediction_pipeline.py
[2025-10-06 23:19:43,791] {processor.py:641} INFO - Processing file /opt/airflow/dags/manga_prediction_pipeline.py for tasks to queue
[2025-10-06 23:19:43,792] {logging_mixin.py:115} INFO - [2025-10-06 23:19:43,792] {dagbag.py:507} INFO - Filling up the DagBag from /opt/airflow/dags/manga_prediction_pipeline.py
[2025-10-06 23:19:46,737] {processor.py:651} INFO - DAG(s) dict_keys(['manga_prediction_pipeline']) retrieved from /opt/airflow/dags/manga_prediction_pipeline.py
[2025-10-06 23:19:46,848] {logging_mixin.py:115} INFO - [2025-10-06 23:19:46,848] {dag.py:2379} INFO - Sync 1 DAGs
[2025-10-06 23:19:46,932] {logging_mixin.py:115} INFO - [2025-10-06 23:19:46,932] {dag.py:2931} INFO - Setting next_dagrun for manga_prediction_pipeline to None, run_after=None
[2025-10-06 23:19:46,996] {processor.py:161} INFO - Processing /opt/airflow/dags/manga_prediction_pipeline.py took 3.209 seconds
