[2025-10-01 17:44:05,460] {taskinstance.py:1159} INFO - Dependencies all met for <TaskInstance: manga_score_prediction.initializing_docker manual__2025-10-01T17:43:54+00:00 [queued]>
[2025-10-01 17:44:05,463] {taskinstance.py:1159} INFO - Dependencies all met for <TaskInstance: manga_score_prediction.initializing_docker manual__2025-10-01T17:43:54+00:00 [queued]>
[2025-10-01 17:44:05,463] {taskinstance.py:1356} INFO - 
--------------------------------------------------------------------------------
[2025-10-01 17:44:05,463] {taskinstance.py:1357} INFO - Starting attempt 1 of 1
[2025-10-01 17:44:05,463] {taskinstance.py:1358} INFO - 
--------------------------------------------------------------------------------
[2025-10-01 17:44:05,467] {taskinstance.py:1377} INFO - Executing <Task(BashOperator): initializing_docker> on 2025-10-01 17:43:54+00:00
[2025-10-01 17:44:05,469] {standard_task_runner.py:52} INFO - Started process 2741 to run task
[2025-10-01 17:44:05,470] {standard_task_runner.py:79} INFO - Running: ['***', 'tasks', 'run', 'manga_score_prediction', 'initializing_docker', 'manual__2025-10-01T17:43:54+00:00', '--job-id', '414', '--raw', '--subdir', 'DAGS_FOLDER/manga_score_prediction_dag.py', '--cfg-path', '/tmp/tmpoquv84x8', '--error-file', '/tmp/tmpt2b0yqgp']
[2025-10-01 17:44:05,471] {standard_task_runner.py:80} INFO - Job 414: Subtask initializing_docker
[2025-10-01 17:44:05,489] {task_command.py:370} INFO - Running <TaskInstance: manga_score_prediction.initializing_docker manual__2025-10-01T17:43:54+00:00 [running]> on host 61d50ce4b953
[2025-10-01 17:44:05,511] {taskinstance.py:1571} INFO - Exporting the following env vars:
AIRFLOW_CTX_DAG_OWNER=***
AIRFLOW_CTX_DAG_ID=manga_score_prediction
AIRFLOW_CTX_TASK_ID=initializing_docker
AIRFLOW_CTX_EXECUTION_DATE=2025-10-01T17:43:54+00:00
AIRFLOW_CTX_TRY_NUMBER=1
AIRFLOW_CTX_DAG_RUN_ID=manual__2025-10-01T17:43:54+00:00
[2025-10-01 17:44:05,512] {subprocess.py:62} INFO - Tmp dir root location: 
 /tmp
[2025-10-01 17:44:05,512] {subprocess.py:74} INFO - Running command: ['bash', '-c', 'docker start admin']
[2025-10-01 17:44:05,515] {subprocess.py:85} INFO - Output:
[2025-10-01 17:44:05,520] {subprocess.py:92} INFO - bash: line 1: docker: command not found
[2025-10-01 17:44:05,520] {subprocess.py:96} INFO - Command exited with return code 127
[2025-10-01 17:44:05,526] {taskinstance.py:1889} ERROR - Task failed with exception
Traceback (most recent call last):
  File "/home/airflow/.local/lib/python3.7/site-packages/airflow/operators/bash.py", line 195, in execute
    f'Bash command failed. The command returned a non-zero exit code {result.exit_code}.'
airflow.exceptions.AirflowException: Bash command failed. The command returned a non-zero exit code 127.
[2025-10-01 17:44:05,527] {taskinstance.py:1400} INFO - Marking task as FAILED. dag_id=manga_score_prediction, task_id=initializing_docker, execution_date=20251001T174354, start_date=20251001T174405, end_date=20251001T174405
[2025-10-01 17:44:05,530] {standard_task_runner.py:97} ERROR - Failed to execute job 414 for task initializing_docker (Bash command failed. The command returned a non-zero exit code 127.; 2741)
[2025-10-01 17:44:05,568] {local_task_job.py:156} INFO - Task exited with return code 1
[2025-10-01 17:44:05,584] {local_task_job.py:273} INFO - 0 downstream tasks scheduled from follow-on schedule check
