[2025-10-02 02:37:25,131] {taskinstance.py:1159} INFO - Dependencies all met for <TaskInstance: manga_prediction_pipeline.model_monitoring manual__2025-10-02T02:36:09.259829+00:00 [queued]>
[2025-10-02 02:37:25,135] {taskinstance.py:1159} INFO - Dependencies all met for <TaskInstance: manga_prediction_pipeline.model_monitoring manual__2025-10-02T02:36:09.259829+00:00 [queued]>
[2025-10-02 02:37:25,135] {taskinstance.py:1356} INFO - 
--------------------------------------------------------------------------------
[2025-10-02 02:37:25,135] {taskinstance.py:1357} INFO - Starting attempt 1 of 1
[2025-10-02 02:37:25,135] {taskinstance.py:1358} INFO - 
--------------------------------------------------------------------------------
[2025-10-02 02:37:25,139] {taskinstance.py:1377} INFO - Executing <Task(PythonOperator): model_monitoring> on 2025-10-02 02:36:09.259829+00:00
[2025-10-02 02:37:25,142] {standard_task_runner.py:52} INFO - Started process 311 to run task
[2025-10-02 02:37:25,144] {standard_task_runner.py:79} INFO - Running: ['***', 'tasks', 'run', 'manga_prediction_pipeline', 'model_monitoring', 'manual__2025-10-02T02:36:09.259829+00:00', '--job-id', '566', '--raw', '--subdir', 'DAGS_FOLDER/manga_prediction_pipeline.py', '--cfg-path', '/tmp/tmpw6f8_wla', '--error-file', '/tmp/tmp78_s1whe']
[2025-10-02 02:37:25,145] {standard_task_runner.py:80} INFO - Job 566: Subtask model_monitoring
[2025-10-02 02:37:25,165] {task_command.py:370} INFO - Running <TaskInstance: manga_prediction_pipeline.model_monitoring manual__2025-10-02T02:36:09.259829+00:00 [running]> on host 0ece9bef4294
[2025-10-02 02:37:25,188] {taskinstance.py:1571} INFO - Exporting the following env vars:
AIRFLOW_CTX_DAG_OWNER=***
AIRFLOW_CTX_DAG_ID=manga_prediction_pipeline
AIRFLOW_CTX_TASK_ID=model_monitoring
AIRFLOW_CTX_EXECUTION_DATE=2025-10-02T02:36:09.259829+00:00
AIRFLOW_CTX_TRY_NUMBER=1
AIRFLOW_CTX_DAG_RUN_ID=manual__2025-10-02T02:36:09.259829+00:00
[2025-10-02 02:37:25,189] {model_monitoring.py:22} INFO - Loading processed data from /opt/***/data/processed/manga_processed.parquet for monitoring.
[2025-10-02 02:37:25,234] {model_monitoring.py:24} INFO - Processed data loaded. Shape: (21795, 28)
[2025-10-02 02:37:25,255] {model_monitoring.py:40} INFO - NaNs in production_data['score'] before prediction: 0
[2025-10-02 02:37:25,255] {model_monitoring.py:41} INFO - Shape of production_data before prediction: (10897, 28)
[2025-10-02 02:38:44,638] {model_monitoring.py:55} INFO - Data Drift Report saved to /opt/***/data/monitoring_reports/data_drift_report.html
[2025-10-02 02:38:45,208] {model_monitoring.py:85} INFO - Regression Model Performance Report saved to /opt/***/data/monitoring_reports/regression_performance_report.html
[2025-10-02 02:38:45,210] {python.py:173} INFO - Done. Returned value was: None
[2025-10-02 02:38:45,222] {taskinstance.py:1400} INFO - Marking task as SUCCESS. dag_id=manga_prediction_pipeline, task_id=model_monitoring, execution_date=20251002T023609, start_date=20251002T023725, end_date=20251002T023845
[2025-10-02 02:38:45,271] {local_task_job.py:156} INFO - Task exited with return code 0
[2025-10-02 02:38:45,285] {local_task_job.py:273} INFO - 1 downstream tasks scheduled from follow-on schedule check
