[2025-10-01 18:58:30,701] {taskinstance.py:1159} INFO - Dependencies all met for <TaskInstance: manga_prediction_pipeline.start_pipeline manual__2025-10-01T18:58:29.301737+00:00 [queued]>
[2025-10-01 18:58:30,704] {taskinstance.py:1159} INFO - Dependencies all met for <TaskInstance: manga_prediction_pipeline.start_pipeline manual__2025-10-01T18:58:29.301737+00:00 [queued]>
[2025-10-01 18:58:30,704] {taskinstance.py:1356} INFO - 
--------------------------------------------------------------------------------
[2025-10-01 18:58:30,704] {taskinstance.py:1357} INFO - Starting attempt 1 of 1
[2025-10-01 18:58:30,704] {taskinstance.py:1358} INFO - 
--------------------------------------------------------------------------------
[2025-10-01 18:58:30,709] {taskinstance.py:1377} INFO - Executing <Task(PythonOperator): start_pipeline> on 2025-10-01 18:58:29.301737+00:00
[2025-10-01 18:58:30,712] {standard_task_runner.py:52} INFO - Started process 224 to run task
[2025-10-01 18:58:30,714] {standard_task_runner.py:79} INFO - Running: ['***', 'tasks', 'run', 'manga_prediction_pipeline', 'start_pipeline', 'manual__2025-10-01T18:58:29.301737+00:00', '--job-id', '450', '--raw', '--subdir', 'DAGS_FOLDER/manga_prediction_pipeline.py', '--cfg-path', '/tmp/tmpy19x186x', '--error-file', '/tmp/tmp1jiy5yqv']
[2025-10-01 18:58:30,715] {standard_task_runner.py:80} INFO - Job 450: Subtask start_pipeline
[2025-10-01 18:58:30,740] {task_command.py:370} INFO - Running <TaskInstance: manga_prediction_pipeline.start_pipeline manual__2025-10-01T18:58:29.301737+00:00 [running]> on host 02a4c4e58a83
[2025-10-01 18:58:30,775] {taskinstance.py:1571} INFO - Exporting the following env vars:
AIRFLOW_CTX_DAG_OWNER=***
AIRFLOW_CTX_DAG_ID=manga_prediction_pipeline
AIRFLOW_CTX_TASK_ID=start_pipeline
AIRFLOW_CTX_EXECUTION_DATE=2025-10-01T18:58:29.301737+00:00
AIRFLOW_CTX_TRY_NUMBER=1
AIRFLOW_CTX_DAG_RUN_ID=manual__2025-10-01T18:58:29.301737+00:00
[2025-10-01 18:58:30,775] {logging_mixin.py:115} INFO - Pipeline started!
[2025-10-01 18:58:30,775] {python.py:173} INFO - Done. Returned value was: None
[2025-10-01 18:58:30,780] {taskinstance.py:1400} INFO - Marking task as SUCCESS. dag_id=manga_prediction_pipeline, task_id=start_pipeline, execution_date=20251001T185829, start_date=20251001T185830, end_date=20251001T185830
[2025-10-01 18:58:30,816] {local_task_job.py:156} INFO - Task exited with return code 0
[2025-10-01 18:58:30,833] {local_task_job.py:273} INFO - 1 downstream tasks scheduled from follow-on schedule check
