[2025-10-01 06:51:18,162] {taskinstance.py:1159} INFO - Dependencies all met for <TaskInstance: manga_prediction_pipeline.data_preprocessing manual__2025-10-01T06:50:15+00:00 [queued]>
[2025-10-01 06:51:18,165] {taskinstance.py:1159} INFO - Dependencies all met for <TaskInstance: manga_prediction_pipeline.data_preprocessing manual__2025-10-01T06:50:15+00:00 [queued]>
[2025-10-01 06:51:18,165] {taskinstance.py:1356} INFO - 
--------------------------------------------------------------------------------
[2025-10-01 06:51:18,165] {taskinstance.py:1357} INFO - Starting attempt 1 of 1
[2025-10-01 06:51:18,165] {taskinstance.py:1358} INFO - 
--------------------------------------------------------------------------------
[2025-10-01 06:51:18,170] {taskinstance.py:1377} INFO - Executing <Task(PythonOperator): data_preprocessing> on 2025-10-01 06:50:15+00:00
[2025-10-01 06:51:18,173] {standard_task_runner.py:52} INFO - Started process 915 to run task
[2025-10-01 06:51:18,175] {standard_task_runner.py:79} INFO - Running: ['***', 'tasks', 'run', 'manga_prediction_pipeline', 'data_preprocessing', 'manual__2025-10-01T06:50:15+00:00', '--job-id', '336', '--raw', '--subdir', 'DAGS_FOLDER/manga_prediction_pipeline.py', '--cfg-path', '/tmp/tmpwdn1fez7', '--error-file', '/tmp/tmpd945f0g9']
[2025-10-01 06:51:18,176] {standard_task_runner.py:80} INFO - Job 336: Subtask data_preprocessing
[2025-10-01 06:51:18,195] {task_command.py:370} INFO - Running <TaskInstance: manga_prediction_pipeline.data_preprocessing manual__2025-10-01T06:50:15+00:00 [running]> on host 50f4d56b51ab
[2025-10-01 06:51:18,220] {taskinstance.py:1571} INFO - Exporting the following env vars:
AIRFLOW_CTX_DAG_OWNER=***
AIRFLOW_CTX_DAG_ID=manga_prediction_pipeline
AIRFLOW_CTX_TASK_ID=data_preprocessing
AIRFLOW_CTX_EXECUTION_DATE=2025-10-01T06:50:15+00:00
AIRFLOW_CTX_TRY_NUMBER=1
AIRFLOW_CTX_DAG_RUN_ID=manual__2025-10-01T06:50:15+00:00
[2025-10-01 06:51:18,220] {logging_mixin.py:115} INFO - Connecting to MariaDB to read data...
[2025-10-01 06:51:18,221] {logging_mixin.py:115} INFO - Attempting to connect to MariaDB at mariadb:3306/manga_db
[2025-10-01 06:51:18,246] {authentication.py:66} INFO - package: mysql.connector.plugins
[2025-10-01 06:51:18,246] {authentication.py:67} INFO - plugin_name: mysql_native_password
[2025-10-01 06:51:18,246] {authentication.py:71} INFO - AUTHENTICATION_PLUGIN_CLASS: MySQLNativePasswordAuthPlugin
[2025-10-01 06:51:18,250] {logging_mixin.py:115} INFO - Successfully connected to MariaDB.
[2025-10-01 06:51:19,321] {logging_mixin.py:115} INFO - Data read successfully from MariaDB. Shape: (66371, 28)
[2025-10-01 06:51:19,321] {logging_mixin.py:115} INFO - Dropping rows with missing scores. Original rows: 66371
[2025-10-01 06:51:19,333] {logging_mixin.py:115} INFO - Rows after dropping missing scores: 21795
[2025-10-01 06:51:19,333] {logging_mixin.py:115} INFO - Data preprocessing complete.
[2025-10-01 06:51:19,334] {logging_mixin.py:115} INFO - Saving processed data to /opt/***/data/processed/manga_processed.parquet
[2025-10-01 06:51:19,422] {logging_mixin.py:115} INFO - Processed data saved successfully.
[2025-10-01 06:51:19,426] {python.py:173} INFO - Done. Returned value was: None
[2025-10-01 06:51:19,432] {taskinstance.py:1400} INFO - Marking task as SUCCESS. dag_id=manga_prediction_pipeline, task_id=data_preprocessing, execution_date=20251001T065015, start_date=20251001T065118, end_date=20251001T065119
[2025-10-01 06:51:19,483] {local_task_job.py:156} INFO - Task exited with return code 0
[2025-10-01 06:51:19,500] {local_task_job.py:273} INFO - 1 downstream tasks scheduled from follow-on schedule check
