[2025-10-02 02:51:37,185] {taskinstance.py:1159} INFO - Dependencies all met for <TaskInstance: manga_prediction_pipeline.data_ingestion manual__2025-10-02T02:51:33.170859+00:00 [queued]>
[2025-10-02 02:51:37,188] {taskinstance.py:1159} INFO - Dependencies all met for <TaskInstance: manga_prediction_pipeline.data_ingestion manual__2025-10-02T02:51:33.170859+00:00 [queued]>
[2025-10-02 02:51:37,188] {taskinstance.py:1356} INFO - 
--------------------------------------------------------------------------------
[2025-10-02 02:51:37,188] {taskinstance.py:1357} INFO - Starting attempt 1 of 1
[2025-10-02 02:51:37,188] {taskinstance.py:1358} INFO - 
--------------------------------------------------------------------------------
[2025-10-02 02:51:37,192] {taskinstance.py:1377} INFO - Executing <Task(PythonOperator): data_ingestion> on 2025-10-02 02:51:33.170859+00:00
[2025-10-02 02:51:37,195] {standard_task_runner.py:52} INFO - Started process 207 to run task
[2025-10-02 02:51:37,196] {standard_task_runner.py:79} INFO - Running: ['***', 'tasks', 'run', 'manga_prediction_pipeline', 'data_ingestion', 'manual__2025-10-02T02:51:33.170859+00:00', '--job-id', '571', '--raw', '--subdir', 'DAGS_FOLDER/manga_prediction_pipeline.py', '--cfg-path', '/tmp/tmpgn4d9ntp', '--error-file', '/tmp/tmp8e1axswl']
[2025-10-02 02:51:37,197] {standard_task_runner.py:80} INFO - Job 571: Subtask data_ingestion
[2025-10-02 02:51:37,217] {task_command.py:370} INFO - Running <TaskInstance: manga_prediction_pipeline.data_ingestion manual__2025-10-02T02:51:33.170859+00:00 [running]> on host 1166204b357a
[2025-10-02 02:51:37,239] {taskinstance.py:1571} INFO - Exporting the following env vars:
AIRFLOW_CTX_DAG_OWNER=***
AIRFLOW_CTX_DAG_ID=manga_prediction_pipeline
AIRFLOW_CTX_TASK_ID=data_ingestion
AIRFLOW_CTX_EXECUTION_DATE=2025-10-02T02:51:33.170859+00:00
AIRFLOW_CTX_TRY_NUMBER=1
AIRFLOW_CTX_DAG_RUN_ID=manual__2025-10-02T02:51:33.170859+00:00
[2025-10-02 02:51:37,240] {logging_mixin.py:115} INFO - Reading data from /opt/***/data/manga.csv
[2025-10-02 02:51:37,604] {logging_mixin.py:115} INFO - Data read successfully. Shape: (66371, 26)
[2025-10-02 02:51:37,604] {logging_mixin.py:115} INFO - Attempting to connect to MariaDB at mariadb:3306/manga_db
[2025-10-02 02:51:37,665] {authentication.py:66} INFO - package: mysql.connector.plugins
[2025-10-02 02:51:37,665] {authentication.py:67} INFO - plugin_name: mysql_native_password
[2025-10-02 02:51:37,666] {authentication.py:71} INFO - AUTHENTICATION_PLUGIN_CLASS: MySQLNativePasswordAuthPlugin
[2025-10-02 02:51:37,669] {logging_mixin.py:115} INFO - Successfully connected to MariaDB.
[2025-10-02 02:51:37,669] {logging_mixin.py:115} INFO - Inserting into dim_manga_info...
[2025-10-02 02:52:05,265] {logging_mixin.py:115} INFO - dim_manga_info populated.
[2025-10-02 02:52:05,517] {logging_mixin.py:115} INFO - Inserting into dim_genres...
[2025-10-02 02:52:05,610] {logging_mixin.py:115} INFO - dim_genres populated.
[2025-10-02 02:52:05,611] {logging_mixin.py:115} INFO - Inserting into dim_authors...
[2025-10-02 02:52:05,769] {logging_mixin.py:115} INFO - dim_authors populated.
[2025-10-02 02:52:05,771] {logging_mixin.py:115} INFO - Inserting into dim_demographics...
[2025-10-02 02:52:05,892] {logging_mixin.py:115} INFO - dim_demographics populated.
[2025-10-02 02:52:05,894] {logging_mixin.py:115} INFO - Inserting into dim_serializations...
[2025-10-02 02:52:05,980] {logging_mixin.py:115} INFO - dim_serializations populated.
[2025-10-02 02:52:05,980] {logging_mixin.py:115} INFO - Inserting into fact_manga...
[2025-10-02 02:52:32,175] {logging_mixin.py:115} INFO - fact_manga populated.
[2025-10-02 02:52:32,176] {logging_mixin.py:115} INFO - Inserting into manga_secondary_genres...
[2025-10-02 02:52:33,187] {logging_mixin.py:115} INFO - manga_secondary_genres populated.
[2025-10-02 02:52:33,188] {logging_mixin.py:115} INFO - Data ingestion to MariaDB complete.
[2025-10-02 02:52:33,203] {python.py:173} INFO - Done. Returned value was: None
[2025-10-02 02:52:33,209] {taskinstance.py:1400} INFO - Marking task as SUCCESS. dag_id=manga_prediction_pipeline, task_id=data_ingestion, execution_date=20251002T025133, start_date=20251002T025137, end_date=20251002T025233
[2025-10-02 02:52:33,231] {local_task_job.py:156} INFO - Task exited with return code 0
[2025-10-02 02:52:33,248] {local_task_job.py:273} INFO - 0 downstream tasks scheduled from follow-on schedule check
