[2025-09-25 11:22:39,266] {taskinstance.py:1159} INFO - Dependencies all met for <TaskInstance: manga_prediction_pipeline.start_pipeline manual__2025-09-25T11:22:38+00:00 [queued]>
[2025-09-25 11:22:39,269] {taskinstance.py:1159} INFO - Dependencies all met for <TaskInstance: manga_prediction_pipeline.start_pipeline manual__2025-09-25T11:22:38+00:00 [queued]>
[2025-09-25 11:22:39,269] {taskinstance.py:1356} INFO - 
--------------------------------------------------------------------------------
[2025-09-25 11:22:39,269] {taskinstance.py:1357} INFO - Starting attempt 1 of 1
[2025-09-25 11:22:39,269] {taskinstance.py:1358} INFO - 
--------------------------------------------------------------------------------
[2025-09-25 11:22:39,274] {taskinstance.py:1377} INFO - Executing <Task(PythonOperator): start_pipeline> on 2025-09-25 11:22:38+00:00
[2025-09-25 11:22:39,276] {standard_task_runner.py:52} INFO - Started process 197 to run task
[2025-09-25 11:22:39,278] {standard_task_runner.py:79} INFO - Running: ['***', 'tasks', 'run', 'manga_prediction_pipeline', 'start_pipeline', 'manual__2025-09-25T11:22:38+00:00', '--job-id', '325', '--raw', '--subdir', 'DAGS_FOLDER/manga_prediction_pipeline.py', '--cfg-path', '/tmp/tmpupudq3h_', '--error-file', '/tmp/tmpnmjddpyp']
[2025-09-25 11:22:39,278] {standard_task_runner.py:80} INFO - Job 325: Subtask start_pipeline
[2025-09-25 11:22:39,296] {task_command.py:370} INFO - Running <TaskInstance: manga_prediction_pipeline.start_pipeline manual__2025-09-25T11:22:38+00:00 [running]> on host 50f4d56b51ab
[2025-09-25 11:22:39,324] {taskinstance.py:1571} INFO - Exporting the following env vars:
AIRFLOW_CTX_DAG_OWNER=***
AIRFLOW_CTX_DAG_ID=manga_prediction_pipeline
AIRFLOW_CTX_TASK_ID=start_pipeline
AIRFLOW_CTX_EXECUTION_DATE=2025-09-25T11:22:38+00:00
AIRFLOW_CTX_TRY_NUMBER=1
AIRFLOW_CTX_DAG_RUN_ID=manual__2025-09-25T11:22:38+00:00
[2025-09-25 11:22:39,324] {logging_mixin.py:115} INFO - Pipeline started!
[2025-09-25 11:22:39,324] {python.py:173} INFO - Done. Returned value was: None
[2025-09-25 11:22:39,328] {taskinstance.py:1400} INFO - Marking task as SUCCESS. dag_id=manga_prediction_pipeline, task_id=start_pipeline, execution_date=20250925T112238, start_date=20250925T112239, end_date=20250925T112239
[2025-09-25 11:22:39,335] {local_task_job.py:156} INFO - Task exited with return code 0
[2025-09-25 11:22:39,349] {local_task_job.py:273} INFO - 1 downstream tasks scheduled from follow-on schedule check
