[2025-09-25 10:47:02,913] {taskinstance.py:1159} INFO - Dependencies all met for <TaskInstance: manga_prediction_pipeline.data_preprocessing manual__2025-09-25T10:46:04+00:00 [queued]>
[2025-09-25 10:47:02,917] {taskinstance.py:1159} INFO - Dependencies all met for <TaskInstance: manga_prediction_pipeline.data_preprocessing manual__2025-09-25T10:46:04+00:00 [queued]>
[2025-09-25 10:47:02,917] {taskinstance.py:1356} INFO - 
--------------------------------------------------------------------------------
[2025-09-25 10:47:02,917] {taskinstance.py:1357} INFO - Starting attempt 1 of 1
[2025-09-25 10:47:02,917] {taskinstance.py:1358} INFO - 
--------------------------------------------------------------------------------
[2025-09-25 10:47:02,921] {taskinstance.py:1377} INFO - Executing <Task(PythonOperator): data_preprocessing> on 2025-09-25 10:46:04+00:00
[2025-09-25 10:47:02,924] {standard_task_runner.py:52} INFO - Started process 902 to run task
[2025-09-25 10:47:02,925] {standard_task_runner.py:79} INFO - Running: ['***', 'tasks', 'run', 'manga_prediction_pipeline', 'data_preprocessing', 'manual__2025-09-25T10:46:04+00:00', '--job-id', '280', '--raw', '--subdir', 'DAGS_FOLDER/manga_prediction_pipeline.py', '--cfg-path', '/tmp/tmp561wj65a', '--error-file', '/tmp/tmpd1qahi65']
[2025-09-25 10:47:02,925] {standard_task_runner.py:80} INFO - Job 280: Subtask data_preprocessing
[2025-09-25 10:47:02,942] {task_command.py:370} INFO - Running <TaskInstance: manga_prediction_pipeline.data_preprocessing manual__2025-09-25T10:46:04+00:00 [running]> on host 19d9b7ffabd0
[2025-09-25 10:47:02,966] {taskinstance.py:1571} INFO - Exporting the following env vars:
AIRFLOW_CTX_DAG_OWNER=***
AIRFLOW_CTX_DAG_ID=manga_prediction_pipeline
AIRFLOW_CTX_TASK_ID=data_preprocessing
AIRFLOW_CTX_EXECUTION_DATE=2025-09-25T10:46:04+00:00
AIRFLOW_CTX_TRY_NUMBER=1
AIRFLOW_CTX_DAG_RUN_ID=manual__2025-09-25T10:46:04+00:00
[2025-09-25 10:47:02,966] {logging_mixin.py:115} INFO - Connecting to MariaDB to read data...
[2025-09-25 10:47:02,966] {logging_mixin.py:115} INFO - Attempting to connect to MariaDB at mariadb:3306/manga_db
[2025-09-25 10:47:02,988] {authentication.py:66} INFO - package: mysql.connector.plugins
[2025-09-25 10:47:02,988] {authentication.py:67} INFO - plugin_name: mysql_native_password
[2025-09-25 10:47:02,988] {authentication.py:71} INFO - AUTHENTICATION_PLUGIN_CLASS: MySQLNativePasswordAuthPlugin
[2025-09-25 10:47:02,991] {logging_mixin.py:115} INFO - Successfully connected to MariaDB.
[2025-09-25 10:47:03,969] {logging_mixin.py:115} INFO - Data read successfully from MariaDB. Shape: (66371, 27)
[2025-09-25 10:47:03,969] {logging_mixin.py:115} INFO - Dropping rows with missing scores. Original rows: 66371
[2025-09-25 10:47:03,980] {logging_mixin.py:115} INFO - Rows after dropping missing scores: 21795
[2025-09-25 10:47:03,980] {logging_mixin.py:115} INFO - Data preprocessing complete.
[2025-09-25 10:47:03,980] {logging_mixin.py:115} INFO - Saving processed data to /opt/***/data/processed/manga_processed.parquet
[2025-09-25 10:47:04,051] {logging_mixin.py:115} INFO - Processed data saved successfully.
[2025-09-25 10:47:04,055] {python.py:173} INFO - Done. Returned value was: None
[2025-09-25 10:47:04,060] {taskinstance.py:1400} INFO - Marking task as SUCCESS. dag_id=manga_prediction_pipeline, task_id=data_preprocessing, execution_date=20250925T104604, start_date=20250925T104702, end_date=20250925T104704
[2025-09-25 10:47:04,092] {local_task_job.py:156} INFO - Task exited with return code 0
[2025-09-25 10:47:04,107] {local_task_job.py:273} INFO - 1 downstream tasks scheduled from follow-on schedule check
