[2025-10-03 18:36:51,662] {taskinstance.py:1159} INFO - Dependencies all met for <TaskInstance: manga_prediction_pipeline.model_monitoring manual__2025-10-03T18:35:36.958972+00:00 [queued]>
[2025-10-03 18:36:51,665] {taskinstance.py:1159} INFO - Dependencies all met for <TaskInstance: manga_prediction_pipeline.model_monitoring manual__2025-10-03T18:35:36.958972+00:00 [queued]>
[2025-10-03 18:36:51,665] {taskinstance.py:1356} INFO - 
--------------------------------------------------------------------------------
[2025-10-03 18:36:51,665] {taskinstance.py:1357} INFO - Starting attempt 1 of 1
[2025-10-03 18:36:51,665] {taskinstance.py:1358} INFO - 
--------------------------------------------------------------------------------
[2025-10-03 18:36:51,670] {taskinstance.py:1377} INFO - Executing <Task(PythonOperator): model_monitoring> on 2025-10-03 18:35:36.958972+00:00
[2025-10-03 18:36:51,674] {standard_task_runner.py:52} INFO - Started process 305 to run task
[2025-10-03 18:36:51,675] {standard_task_runner.py:79} INFO - Running: ['***', 'tasks', 'run', 'manga_prediction_pipeline', 'model_monitoring', 'manual__2025-10-03T18:35:36.958972+00:00', '--job-id', '799', '--raw', '--subdir', 'DAGS_FOLDER/manga_prediction_pipeline.py', '--cfg-path', '/tmp/tmpnmdtk4ns', '--error-file', '/tmp/tmp1jzrhcs_']
[2025-10-03 18:36:51,676] {standard_task_runner.py:80} INFO - Job 799: Subtask model_monitoring
[2025-10-03 18:36:51,696] {task_command.py:370} INFO - Running <TaskInstance: manga_prediction_pipeline.model_monitoring manual__2025-10-03T18:35:36.958972+00:00 [running]> on host ce0fd8310705
[2025-10-03 18:36:51,720] {taskinstance.py:1571} INFO - Exporting the following env vars:
AIRFLOW_CTX_DAG_OWNER=***
AIRFLOW_CTX_DAG_ID=manga_prediction_pipeline
AIRFLOW_CTX_TASK_ID=model_monitoring
AIRFLOW_CTX_EXECUTION_DATE=2025-10-03T18:35:36.958972+00:00
AIRFLOW_CTX_TRY_NUMBER=1
AIRFLOW_CTX_DAG_RUN_ID=manual__2025-10-03T18:35:36.958972+00:00
[2025-10-03 18:36:51,721] {model_monitoring.py:26} INFO - Loading processed data from /opt/***/data/processed/manga_processed.parquet for monitoring.
[2025-10-03 18:36:51,768] {model_monitoring.py:28} INFO - Processed data loaded. Shape: (21795, 28)
[2025-10-03 18:36:51,793] {model_monitoring.py:49} INFO - NaNs in production_data['score'] before prediction: 0
[2025-10-03 18:36:51,793] {model_monitoring.py:50} INFO - Shape of production_data before prediction: (10897, 28)
[2025-10-03 18:38:10,842] {model_monitoring.py:64} INFO - Data Drift Report saved to /opt/***/data/monitoring_reports/data_drift_report.html
[2025-10-03 18:38:10,844] {python.py:173} INFO - Done. Returned value was: None
[2025-10-03 18:38:10,849] {taskinstance.py:1400} INFO - Marking task as SUCCESS. dag_id=manga_prediction_pipeline, task_id=model_monitoring, execution_date=20251003T183536, start_date=20251003T183651, end_date=20251003T183810
[2025-10-03 18:38:10,886] {local_task_job.py:156} INFO - Task exited with return code 0
[2025-10-03 18:38:10,898] {local_task_job.py:273} INFO - 1 downstream tasks scheduled from follow-on schedule check
