[2025-10-02 02:27:21,194] {taskinstance.py:1159} INFO - Dependencies all met for <TaskInstance: manga_prediction_pipeline.model_monitoring manual__2025-10-02T02:26:06.133786+00:00 [queued]>
[2025-10-02 02:27:21,197] {taskinstance.py:1159} INFO - Dependencies all met for <TaskInstance: manga_prediction_pipeline.model_monitoring manual__2025-10-02T02:26:06.133786+00:00 [queued]>
[2025-10-02 02:27:21,197] {taskinstance.py:1356} INFO - 
--------------------------------------------------------------------------------
[2025-10-02 02:27:21,197] {taskinstance.py:1357} INFO - Starting attempt 1 of 1
[2025-10-02 02:27:21,197] {taskinstance.py:1358} INFO - 
--------------------------------------------------------------------------------
[2025-10-02 02:27:21,202] {taskinstance.py:1377} INFO - Executing <Task(PythonOperator): model_monitoring> on 2025-10-02 02:26:06.133786+00:00
[2025-10-02 02:27:21,205] {standard_task_runner.py:52} INFO - Started process 311 to run task
[2025-10-02 02:27:21,208] {standard_task_runner.py:79} INFO - Running: ['***', 'tasks', 'run', 'manga_prediction_pipeline', 'model_monitoring', 'manual__2025-10-02T02:26:06.133786+00:00', '--job-id', '556', '--raw', '--subdir', 'DAGS_FOLDER/manga_prediction_pipeline.py', '--cfg-path', '/tmp/tmpp5mez0d7', '--error-file', '/tmp/tmprkslwv_q']
[2025-10-02 02:27:21,209] {standard_task_runner.py:80} INFO - Job 556: Subtask model_monitoring
[2025-10-02 02:27:21,236] {task_command.py:370} INFO - Running <TaskInstance: manga_prediction_pipeline.model_monitoring manual__2025-10-02T02:26:06.133786+00:00 [running]> on host f06bc01779ad
[2025-10-02 02:27:21,266] {taskinstance.py:1571} INFO - Exporting the following env vars:
AIRFLOW_CTX_DAG_OWNER=***
AIRFLOW_CTX_DAG_ID=manga_prediction_pipeline
AIRFLOW_CTX_TASK_ID=model_monitoring
AIRFLOW_CTX_EXECUTION_DATE=2025-10-02T02:26:06.133786+00:00
AIRFLOW_CTX_TRY_NUMBER=1
AIRFLOW_CTX_DAG_RUN_ID=manual__2025-10-02T02:26:06.133786+00:00
[2025-10-02 02:27:21,266] {model_monitoring.py:22} INFO - Loading processed data from /opt/***/data/processed/manga_processed.parquet for monitoring.
[2025-10-02 02:27:21,324] {model_monitoring.py:24} INFO - Processed data loaded. Shape: (21795, 28)
[2025-10-02 02:27:21,346] {model_monitoring.py:40} INFO - NaNs in production_data['score'] before prediction: 0
[2025-10-02 02:27:21,346] {model_monitoring.py:41} INFO - Shape of production_data before prediction: (10897, 28)
[2025-10-02 02:28:40,496] {model_monitoring.py:55} INFO - Data Drift Report saved to /opt/***/data/monitoring_reports/data_drift_report.html
[2025-10-02 02:28:40,497] {taskinstance.py:1889} ERROR - Task failed with exception
Traceback (most recent call last):
  File "/home/airflow/.local/lib/python3.7/site-packages/airflow/operators/python.py", line 171, in execute
    return_value = self.execute_callable()
  File "/home/airflow/.local/lib/python3.7/site-packages/airflow/operators/python.py", line 189, in execute_callable
    return self.python_callable(*self.op_args, **self.op_kwargs)
  File "/opt/airflow/dags/manga_prediction_pipeline.py", line 41, in _run_model_monitoring
    run_model_monitoring()
  File "/opt/airflow/src/model_monitoring.py", line 78, in run_model_monitoring
    column_mapping=regression_column_mapping)
  File "/home/airflow/.local/lib/python3.7/site-packages/evidently/report/report.py", line 99, in run
    column_mapping,
  File "/home/airflow/.local/lib/python3.7/site-packages/evidently/calculation_engine/python_engine.py", line 45, in get_data_definition
    return create_data_definition(reference_data, current_data, column_mapping)
  File "/home/airflow/.local/lib/python3.7/site-packages/evidently/utils/data_preprocessing.py", line 331, in create_data_definition
    mapping,
  File "/home/airflow/.local/lib/python3.7/site-packages/evidently/utils/data_preprocessing.py", line 199, in _prediction_column
    raise ValueError(f"Prediction column ({prediction}) is partially present in data")
ValueError: Prediction column (prediction) is partially present in data
[2025-10-02 02:28:40,502] {taskinstance.py:1400} INFO - Marking task as FAILED. dag_id=manga_prediction_pipeline, task_id=model_monitoring, execution_date=20251002T022606, start_date=20251002T022721, end_date=20251002T022840
[2025-10-02 02:28:40,507] {standard_task_runner.py:97} ERROR - Failed to execute job 556 for task model_monitoring (Prediction column (prediction) is partially present in data; 311)
[2025-10-02 02:28:40,528] {local_task_job.py:156} INFO - Task exited with return code 1
[2025-10-02 02:28:40,543] {local_task_job.py:273} INFO - 0 downstream tasks scheduled from follow-on schedule check
