[2025-09-25 08:06:04,565] {taskinstance.py:1159} INFO - Dependencies all met for <TaskInstance: manga_prediction_pipeline.feature_engineering manual__2025-09-25T02:34:21.021982+00:00 [queued]>
[2025-09-25 08:06:04,568] {taskinstance.py:1159} INFO - Dependencies all met for <TaskInstance: manga_prediction_pipeline.feature_engineering manual__2025-09-25T02:34:21.021982+00:00 [queued]>
[2025-09-25 08:06:04,568] {taskinstance.py:1356} INFO - 
--------------------------------------------------------------------------------
[2025-09-25 08:06:04,568] {taskinstance.py:1357} INFO - Starting attempt 2 of 2
[2025-09-25 08:06:04,568] {taskinstance.py:1358} INFO - 
--------------------------------------------------------------------------------
[2025-09-25 08:06:04,573] {taskinstance.py:1377} INFO - Executing <Task(PythonOperator): feature_engineering> on 2025-09-25 02:34:21.021982+00:00
[2025-09-25 08:06:04,576] {standard_task_runner.py:52} INFO - Started process 339 to run task
[2025-09-25 08:06:04,577] {standard_task_runner.py:79} INFO - Running: ['***', 'tasks', 'run', 'manga_prediction_pipeline', 'feature_engineering', 'manual__2025-09-25T02:34:21.021982+00:00', '--job-id', '118', '--raw', '--subdir', 'DAGS_FOLDER/manga_prediction_pipeline.py', '--cfg-path', '/tmp/tmpyd2128cu', '--error-file', '/tmp/tmp45oyxjmm']
[2025-09-25 08:06:04,577] {standard_task_runner.py:80} INFO - Job 118: Subtask feature_engineering
[2025-09-25 08:06:04,598] {task_command.py:370} INFO - Running <TaskInstance: manga_prediction_pipeline.feature_engineering manual__2025-09-25T02:34:21.021982+00:00 [running]> on host 240518fe472e
[2025-09-25 08:06:04,627] {taskinstance.py:1571} INFO - Exporting the following env vars:
AIRFLOW_CTX_DAG_OWNER=***
AIRFLOW_CTX_DAG_ID=manga_prediction_pipeline
AIRFLOW_CTX_TASK_ID=feature_engineering
AIRFLOW_CTX_EXECUTION_DATE=2025-09-25T02:34:21.021982+00:00
AIRFLOW_CTX_TRY_NUMBER=2
AIRFLOW_CTX_DAG_RUN_ID=manual__2025-09-25T02:34:21.021982+00:00
[2025-09-25 08:06:04,628] {logging_mixin.py:115} INFO - Reading processed data from /opt/***/data/processed/manga_processed.parquet
[2025-09-25 08:06:04,682] {logging_mixin.py:115} INFO - Processed data read successfully. Shape: (21795, 26)
[2025-09-25 08:06:04,689] {logging_mixin.py:115} INFO - Scaling numerical columns: ['members', 'favorites', 'scored_by', 'volumes', 'chapters']
[2025-09-25 08:06:04,691] {logging_mixin.py:115} INFO - One-hot encoding categorical columns: ['type']
[2025-09-25 08:06:04,698] {logging_mixin.py:115} INFO - Feature engineering complete.
[2025-09-25 08:06:04,700] {logging_mixin.py:115} INFO - Saving features to /opt/***/data/features/manga_features.parquet
[2025-09-25 08:06:04,772] {logging_mixin.py:115} INFO - Features saved successfully.
[2025-09-25 08:06:04,775] {python.py:173} INFO - Done. Returned value was: None
[2025-09-25 08:06:04,781] {taskinstance.py:1400} INFO - Marking task as SUCCESS. dag_id=manga_prediction_pipeline, task_id=feature_engineering, execution_date=20250925T023421, start_date=20250925T080604, end_date=20250925T080604
[2025-09-25 08:06:04,798] {local_task_job.py:156} INFO - Task exited with return code 0
[2025-09-25 08:06:04,813] {local_task_job.py:273} INFO - 1 downstream tasks scheduled from follow-on schedule check
