[2025-09-25 02:34:25,293] {taskinstance.py:1159} INFO - Dependencies all met for <TaskInstance: manga_prediction_pipeline.feature_engineering manual__2025-09-25T02:34:21.021982+00:00 [queued]>
[2025-09-25 02:34:25,296] {taskinstance.py:1159} INFO - Dependencies all met for <TaskInstance: manga_prediction_pipeline.feature_engineering manual__2025-09-25T02:34:21.021982+00:00 [queued]>
[2025-09-25 02:34:25,296] {taskinstance.py:1356} INFO - 
--------------------------------------------------------------------------------
[2025-09-25 02:34:25,296] {taskinstance.py:1357} INFO - Starting attempt 1 of 1
[2025-09-25 02:34:25,296] {taskinstance.py:1358} INFO - 
--------------------------------------------------------------------------------
[2025-09-25 02:34:25,300] {taskinstance.py:1377} INFO - Executing <Task(PythonOperator): feature_engineering> on 2025-09-25 02:34:21.021982+00:00
[2025-09-25 02:34:25,302] {standard_task_runner.py:52} INFO - Started process 524 to run task
[2025-09-25 02:34:25,304] {standard_task_runner.py:79} INFO - Running: ['***', 'tasks', 'run', 'manga_prediction_pipeline', 'feature_engineering', 'manual__2025-09-25T02:34:21.021982+00:00', '--job-id', '62', '--raw', '--subdir', 'DAGS_FOLDER/manga_prediction_pipeline.py', '--cfg-path', '/tmp/tmp_cr4_phe', '--error-file', '/tmp/tmpbo4jb3xf']
[2025-09-25 02:34:25,304] {standard_task_runner.py:80} INFO - Job 62: Subtask feature_engineering
[2025-09-25 02:34:25,322] {task_command.py:370} INFO - Running <TaskInstance: manga_prediction_pipeline.feature_engineering manual__2025-09-25T02:34:21.021982+00:00 [running]> on host 6afc1fdecefc
[2025-09-25 02:34:25,344] {taskinstance.py:1571} INFO - Exporting the following env vars:
AIRFLOW_CTX_DAG_OWNER=***
AIRFLOW_CTX_DAG_ID=manga_prediction_pipeline
AIRFLOW_CTX_TASK_ID=feature_engineering
AIRFLOW_CTX_EXECUTION_DATE=2025-09-25T02:34:21.021982+00:00
AIRFLOW_CTX_TRY_NUMBER=1
AIRFLOW_CTX_DAG_RUN_ID=manual__2025-09-25T02:34:21.021982+00:00
[2025-09-25 02:34:25,344] {logging_mixin.py:115} INFO - Reading processed data from /opt/***/data/processed/manga_processed.parquet
[2025-09-25 02:34:25,389] {logging_mixin.py:115} INFO - Processed data read successfully. Shape: (21795, 26)
[2025-09-25 02:34:25,395] {logging_mixin.py:115} INFO - Scaling numerical columns: ['members', 'favorites', 'scored_by', 'volumes', 'chapters']
[2025-09-25 02:34:25,397] {logging_mixin.py:115} INFO - One-hot encoding categorical columns: ['type']
[2025-09-25 02:34:25,402] {logging_mixin.py:115} INFO - Feature engineering complete.
[2025-09-25 02:34:25,402] {logging_mixin.py:115} INFO - Saving features to /opt/***/data/features/manga_features.parquet
[2025-09-25 02:34:25,456] {logging_mixin.py:115} INFO - Features saved successfully.
[2025-09-25 02:34:25,459] {python.py:173} INFO - Done. Returned value was: None
[2025-09-25 02:34:25,463] {taskinstance.py:1400} INFO - Marking task as SUCCESS. dag_id=manga_prediction_pipeline, task_id=feature_engineering, execution_date=20250925T023421, start_date=20250925T023425, end_date=20250925T023425
[2025-09-25 02:34:25,487] {local_task_job.py:156} INFO - Task exited with return code 0
[2025-09-25 02:34:25,503] {local_task_job.py:273} INFO - 1 downstream tasks scheduled from follow-on schedule check
