[2025-10-01 13:54:58,860] {taskinstance.py:1159} INFO - Dependencies all met for <TaskInstance: manga_prediction_pipeline.data_ingestion manual__2025-10-01T13:54:55.607716+00:00 [queued]>
[2025-10-01 13:54:58,863] {taskinstance.py:1159} INFO - Dependencies all met for <TaskInstance: manga_prediction_pipeline.data_ingestion manual__2025-10-01T13:54:55.607716+00:00 [queued]>
[2025-10-01 13:54:58,863] {taskinstance.py:1356} INFO - 
--------------------------------------------------------------------------------
[2025-10-01 13:54:58,863] {taskinstance.py:1357} INFO - Starting attempt 1 of 1
[2025-10-01 13:54:58,863] {taskinstance.py:1358} INFO - 
--------------------------------------------------------------------------------
[2025-10-01 13:54:58,867] {taskinstance.py:1377} INFO - Executing <Task(PythonOperator): data_ingestion> on 2025-10-01 13:54:55.607716+00:00
[2025-10-01 13:54:58,870] {standard_task_runner.py:52} INFO - Started process 210 to run task
[2025-10-01 13:54:58,871] {standard_task_runner.py:79} INFO - Running: ['***', 'tasks', 'run', 'manga_prediction_pipeline', 'data_ingestion', 'manual__2025-10-01T13:54:55.607716+00:00', '--job-id', '357', '--raw', '--subdir', 'DAGS_FOLDER/manga_prediction_pipeline.py', '--cfg-path', '/tmp/tmpg3ybg8p2', '--error-file', '/tmp/tmpjvsdrvu8']
[2025-10-01 13:54:58,872] {standard_task_runner.py:80} INFO - Job 357: Subtask data_ingestion
[2025-10-01 13:54:58,892] {task_command.py:370} INFO - Running <TaskInstance: manga_prediction_pipeline.data_ingestion manual__2025-10-01T13:54:55.607716+00:00 [running]> on host 9f7cbe32a298
[2025-10-01 13:54:58,920] {taskinstance.py:1571} INFO - Exporting the following env vars:
AIRFLOW_CTX_DAG_OWNER=***
AIRFLOW_CTX_DAG_ID=manga_prediction_pipeline
AIRFLOW_CTX_TASK_ID=data_ingestion
AIRFLOW_CTX_EXECUTION_DATE=2025-10-01T13:54:55.607716+00:00
AIRFLOW_CTX_TRY_NUMBER=1
AIRFLOW_CTX_DAG_RUN_ID=manual__2025-10-01T13:54:55.607716+00:00
[2025-10-01 13:54:58,921] {logging_mixin.py:115} INFO - Reading data from /opt/***/data/manga.csv
[2025-10-01 13:54:59,308] {logging_mixin.py:115} INFO - Data read successfully. Shape: (66371, 26)
[2025-10-01 13:54:59,308] {logging_mixin.py:115} INFO - Attempting to connect to MariaDB at mariadb:3306/manga_db
[2025-10-01 13:54:59,336] {authentication.py:66} INFO - package: mysql.connector.plugins
[2025-10-01 13:54:59,336] {authentication.py:67} INFO - plugin_name: mysql_native_password
[2025-10-01 13:54:59,337] {authentication.py:71} INFO - AUTHENTICATION_PLUGIN_CLASS: MySQLNativePasswordAuthPlugin
[2025-10-01 13:54:59,339] {logging_mixin.py:115} INFO - Successfully connected to MariaDB.
[2025-10-01 13:54:59,339] {logging_mixin.py:115} INFO - Inserting into dim_manga_info...
[2025-10-01 13:55:27,623] {logging_mixin.py:115} INFO - dim_manga_info populated.
[2025-10-01 13:55:27,870] {logging_mixin.py:115} INFO - Inserting into dim_genres...
[2025-10-01 13:55:28,004] {logging_mixin.py:115} INFO - dim_genres populated.
[2025-10-01 13:55:28,006] {logging_mixin.py:115} INFO - Inserting into dim_authors...
[2025-10-01 13:55:28,096] {logging_mixin.py:115} INFO - dim_authors populated.
[2025-10-01 13:55:28,097] {logging_mixin.py:115} INFO - Inserting into dim_demographics...
[2025-10-01 13:55:28,206] {logging_mixin.py:115} INFO - dim_demographics populated.
[2025-10-01 13:55:28,207] {logging_mixin.py:115} INFO - Inserting into dim_serializations...
[2025-10-01 13:55:28,335] {logging_mixin.py:115} INFO - dim_serializations populated.
[2025-10-01 13:55:28,336] {logging_mixin.py:115} INFO - Inserting into fact_manga...
[2025-10-01 13:55:54,439] {logging_mixin.py:115} INFO - fact_manga populated.
[2025-10-01 13:55:54,439] {logging_mixin.py:115} INFO - Inserting into manga_secondary_genres...
[2025-10-01 13:55:55,513] {logging_mixin.py:115} INFO - manga_secondary_genres populated.
[2025-10-01 13:55:55,514] {logging_mixin.py:115} INFO - Data ingestion to MariaDB complete.
[2025-10-01 13:55:55,529] {python.py:173} INFO - Done. Returned value was: None
[2025-10-01 13:55:55,536] {taskinstance.py:1400} INFO - Marking task as SUCCESS. dag_id=manga_prediction_pipeline, task_id=data_ingestion, execution_date=20251001T135455, start_date=20251001T135458, end_date=20251001T135555
[2025-10-01 13:55:55,570] {local_task_job.py:156} INFO - Task exited with return code 0
[2025-10-01 13:55:55,584] {local_task_job.py:273} INFO - 1 downstream tasks scheduled from follow-on schedule check
