[2025-10-02 02:36:13,607] {taskinstance.py:1159} INFO - Dependencies all met for <TaskInstance: manga_prediction_pipeline.data_ingestion manual__2025-10-02T02:36:09.259829+00:00 [queued]>
[2025-10-02 02:36:13,610] {taskinstance.py:1159} INFO - Dependencies all met for <TaskInstance: manga_prediction_pipeline.data_ingestion manual__2025-10-02T02:36:09.259829+00:00 [queued]>
[2025-10-02 02:36:13,610] {taskinstance.py:1356} INFO - 
--------------------------------------------------------------------------------
[2025-10-02 02:36:13,610] {taskinstance.py:1357} INFO - Starting attempt 1 of 1
[2025-10-02 02:36:13,610] {taskinstance.py:1358} INFO - 
--------------------------------------------------------------------------------
[2025-10-02 02:36:13,614] {taskinstance.py:1377} INFO - Executing <Task(PythonOperator): data_ingestion> on 2025-10-02 02:36:09.259829+00:00
[2025-10-02 02:36:13,617] {standard_task_runner.py:52} INFO - Started process 199 to run task
[2025-10-02 02:36:13,618] {standard_task_runner.py:79} INFO - Running: ['***', 'tasks', 'run', 'manga_prediction_pipeline', 'data_ingestion', 'manual__2025-10-02T02:36:09.259829+00:00', '--job-id', '560', '--raw', '--subdir', 'DAGS_FOLDER/manga_prediction_pipeline.py', '--cfg-path', '/tmp/tmp98nce9ij', '--error-file', '/tmp/tmps82lajl4']
[2025-10-02 02:36:13,619] {standard_task_runner.py:80} INFO - Job 560: Subtask data_ingestion
[2025-10-02 02:36:13,637] {task_command.py:370} INFO - Running <TaskInstance: manga_prediction_pipeline.data_ingestion manual__2025-10-02T02:36:09.259829+00:00 [running]> on host 0ece9bef4294
[2025-10-02 02:36:13,662] {taskinstance.py:1571} INFO - Exporting the following env vars:
AIRFLOW_CTX_DAG_OWNER=***
AIRFLOW_CTX_DAG_ID=manga_prediction_pipeline
AIRFLOW_CTX_TASK_ID=data_ingestion
AIRFLOW_CTX_EXECUTION_DATE=2025-10-02T02:36:09.259829+00:00
AIRFLOW_CTX_TRY_NUMBER=1
AIRFLOW_CTX_DAG_RUN_ID=manual__2025-10-02T02:36:09.259829+00:00
[2025-10-02 02:36:13,662] {logging_mixin.py:115} INFO - Reading data from /opt/***/data/manga.csv
[2025-10-02 02:36:14,024] {logging_mixin.py:115} INFO - Data read successfully. Shape: (66371, 26)
[2025-10-02 02:36:14,024] {logging_mixin.py:115} INFO - Attempting to connect to MariaDB at mariadb:3306/manga_db
[2025-10-02 02:36:14,048] {authentication.py:66} INFO - package: mysql.connector.plugins
[2025-10-02 02:36:14,048] {authentication.py:67} INFO - plugin_name: mysql_native_password
[2025-10-02 02:36:14,048] {authentication.py:71} INFO - AUTHENTICATION_PLUGIN_CLASS: MySQLNativePasswordAuthPlugin
[2025-10-02 02:36:14,051] {logging_mixin.py:115} INFO - Successfully connected to MariaDB.
[2025-10-02 02:36:14,051] {logging_mixin.py:115} INFO - Inserting into dim_manga_info...
[2025-10-02 02:36:41,727] {logging_mixin.py:115} INFO - dim_manga_info populated.
[2025-10-02 02:36:41,964] {logging_mixin.py:115} INFO - Inserting into dim_genres...
[2025-10-02 02:36:42,057] {logging_mixin.py:115} INFO - dim_genres populated.
[2025-10-02 02:36:42,058] {logging_mixin.py:115} INFO - Inserting into dim_authors...
[2025-10-02 02:36:42,199] {logging_mixin.py:115} INFO - dim_authors populated.
[2025-10-02 02:36:42,201] {logging_mixin.py:115} INFO - Inserting into dim_demographics...
[2025-10-02 02:36:42,322] {logging_mixin.py:115} INFO - dim_demographics populated.
[2025-10-02 02:36:42,323] {logging_mixin.py:115} INFO - Inserting into dim_serializations...
[2025-10-02 02:36:42,414] {logging_mixin.py:115} INFO - dim_serializations populated.
[2025-10-02 02:36:42,415] {logging_mixin.py:115} INFO - Inserting into fact_manga...
[2025-10-02 02:37:08,448] {logging_mixin.py:115} INFO - fact_manga populated.
[2025-10-02 02:37:08,448] {logging_mixin.py:115} INFO - Inserting into manga_secondary_genres...
[2025-10-02 02:37:09,447] {logging_mixin.py:115} INFO - manga_secondary_genres populated.
[2025-10-02 02:37:09,447] {logging_mixin.py:115} INFO - Data ingestion to MariaDB complete.
[2025-10-02 02:37:09,460] {python.py:173} INFO - Done. Returned value was: None
[2025-10-02 02:37:09,466] {taskinstance.py:1400} INFO - Marking task as SUCCESS. dag_id=manga_prediction_pipeline, task_id=data_ingestion, execution_date=20251002T023609, start_date=20251002T023613, end_date=20251002T023709
[2025-10-02 02:37:09,485] {local_task_job.py:156} INFO - Task exited with return code 0
[2025-10-02 02:37:09,498] {local_task_job.py:273} INFO - 1 downstream tasks scheduled from follow-on schedule check
