[2025-09-25 11:02:07,289] {taskinstance.py:1159} INFO - Dependencies all met for <TaskInstance: manga_prediction_pipeline.data_ingestion manual__2025-09-25T11:02:04.584655+00:00 [queued]>
[2025-09-25 11:02:07,292] {taskinstance.py:1159} INFO - Dependencies all met for <TaskInstance: manga_prediction_pipeline.data_ingestion manual__2025-09-25T11:02:04.584655+00:00 [queued]>
[2025-09-25 11:02:07,292] {taskinstance.py:1356} INFO - 
--------------------------------------------------------------------------------
[2025-09-25 11:02:07,292] {taskinstance.py:1357} INFO - Starting attempt 1 of 1
[2025-09-25 11:02:07,292] {taskinstance.py:1358} INFO - 
--------------------------------------------------------------------------------
[2025-09-25 11:02:07,296] {taskinstance.py:1377} INFO - Executing <Task(PythonOperator): data_ingestion> on 2025-09-25 11:02:04.584655+00:00
[2025-09-25 11:02:07,298] {standard_task_runner.py:52} INFO - Started process 199 to run task
[2025-09-25 11:02:07,300] {standard_task_runner.py:79} INFO - Running: ['***', 'tasks', 'run', 'manga_prediction_pipeline', 'data_ingestion', 'manual__2025-09-25T11:02:04.584655+00:00', '--job-id', '312', '--raw', '--subdir', 'DAGS_FOLDER/manga_prediction_pipeline.py', '--cfg-path', '/tmp/tmpcfvf_qmb', '--error-file', '/tmp/tmpbp1usdq5']
[2025-09-25 11:02:07,300] {standard_task_runner.py:80} INFO - Job 312: Subtask data_ingestion
[2025-09-25 11:02:07,316] {task_command.py:370} INFO - Running <TaskInstance: manga_prediction_pipeline.data_ingestion manual__2025-09-25T11:02:04.584655+00:00 [running]> on host 638ded6a4dc8
[2025-09-25 11:02:07,339] {taskinstance.py:1571} INFO - Exporting the following env vars:
AIRFLOW_CTX_DAG_OWNER=***
AIRFLOW_CTX_DAG_ID=manga_prediction_pipeline
AIRFLOW_CTX_TASK_ID=data_ingestion
AIRFLOW_CTX_EXECUTION_DATE=2025-09-25T11:02:04.584655+00:00
AIRFLOW_CTX_TRY_NUMBER=1
AIRFLOW_CTX_DAG_RUN_ID=manual__2025-09-25T11:02:04.584655+00:00
[2025-09-25 11:02:07,339] {logging_mixin.py:115} INFO - Reading data from /opt/***/data/manga.csv
[2025-09-25 11:02:07,664] {logging_mixin.py:115} INFO - Data read successfully. Shape: (66371, 26)
[2025-09-25 11:02:07,664] {logging_mixin.py:115} INFO - Attempting to connect to MariaDB at mariadb:3306/manga_db
[2025-09-25 11:02:07,686] {authentication.py:66} INFO - package: mysql.connector.plugins
[2025-09-25 11:02:07,686] {authentication.py:67} INFO - plugin_name: mysql_native_password
[2025-09-25 11:02:07,686] {authentication.py:71} INFO - AUTHENTICATION_PLUGIN_CLASS: MySQLNativePasswordAuthPlugin
[2025-09-25 11:02:07,689] {logging_mixin.py:115} INFO - Successfully connected to MariaDB.
[2025-09-25 11:02:07,689] {logging_mixin.py:115} INFO - Inserting into dim_manga_info...
[2025-09-25 11:02:36,349] {logging_mixin.py:115} INFO - dim_manga_info populated.
[2025-09-25 11:02:36,589] {logging_mixin.py:115} INFO - Inserting into dim_genres...
[2025-09-25 11:02:36,727] {logging_mixin.py:115} INFO - dim_genres populated.
[2025-09-25 11:02:36,729] {logging_mixin.py:115} INFO - Inserting into dim_authors...
[2025-09-25 11:02:36,821] {logging_mixin.py:115} INFO - dim_authors populated.
[2025-09-25 11:02:36,823] {logging_mixin.py:115} INFO - Inserting into dim_demographics...
[2025-09-25 11:02:36,933] {logging_mixin.py:115} INFO - dim_demographics populated.
[2025-09-25 11:02:36,935] {logging_mixin.py:115} INFO - Inserting into dim_serializations...
[2025-09-25 11:02:37,061] {logging_mixin.py:115} INFO - dim_serializations populated.
[2025-09-25 11:02:37,062] {logging_mixin.py:115} INFO - Inserting into fact_manga...
[2025-09-25 11:03:02,608] {logging_mixin.py:115} INFO - fact_manga populated.
[2025-09-25 11:03:02,608] {logging_mixin.py:115} INFO - Inserting into manga_secondary_genres...
[2025-09-25 11:03:03,643] {logging_mixin.py:115} INFO - manga_secondary_genres populated.
[2025-09-25 11:03:03,644] {logging_mixin.py:115} INFO - Data ingestion to MariaDB complete.
[2025-09-25 11:03:03,657] {python.py:173} INFO - Done. Returned value was: None
[2025-09-25 11:03:03,662] {taskinstance.py:1400} INFO - Marking task as SUCCESS. dag_id=manga_prediction_pipeline, task_id=data_ingestion, execution_date=20250925T110204, start_date=20250925T110207, end_date=20250925T110303
[2025-09-25 11:03:03,683] {local_task_job.py:156} INFO - Task exited with return code 0
[2025-09-25 11:03:03,696] {local_task_job.py:273} INFO - 1 downstream tasks scheduled from follow-on schedule check
