[2025-09-25 10:24:04,593] {taskinstance.py:1159} INFO - Dependencies all met for <TaskInstance: manga_prediction_pipeline.data_ingestion manual__2025-09-25T10:24:01+00:00 [queued]>
[2025-09-25 10:24:04,596] {taskinstance.py:1159} INFO - Dependencies all met for <TaskInstance: manga_prediction_pipeline.data_ingestion manual__2025-09-25T10:24:01+00:00 [queued]>
[2025-09-25 10:24:04,596] {taskinstance.py:1356} INFO - 
--------------------------------------------------------------------------------
[2025-09-25 10:24:04,596] {taskinstance.py:1357} INFO - Starting attempt 1 of 1
[2025-09-25 10:24:04,597] {taskinstance.py:1358} INFO - 
--------------------------------------------------------------------------------
[2025-09-25 10:24:04,601] {taskinstance.py:1377} INFO - Executing <Task(PythonOperator): data_ingestion> on 2025-09-25 10:24:01+00:00
[2025-09-25 10:24:04,603] {standard_task_runner.py:52} INFO - Started process 331 to run task
[2025-09-25 10:24:04,605] {standard_task_runner.py:79} INFO - Running: ['***', 'tasks', 'run', 'manga_prediction_pipeline', 'data_ingestion', 'manual__2025-09-25T10:24:01+00:00', '--job-id', '253', '--raw', '--subdir', 'DAGS_FOLDER/manga_prediction_pipeline.py', '--cfg-path', '/tmp/tmp4issnjkm', '--error-file', '/tmp/tmpysp72pgj']
[2025-09-25 10:24:04,605] {standard_task_runner.py:80} INFO - Job 253: Subtask data_ingestion
[2025-09-25 10:24:04,621] {task_command.py:370} INFO - Running <TaskInstance: manga_prediction_pipeline.data_ingestion manual__2025-09-25T10:24:01+00:00 [running]> on host 19d9b7ffabd0
[2025-09-25 10:24:04,644] {taskinstance.py:1571} INFO - Exporting the following env vars:
AIRFLOW_CTX_DAG_OWNER=***
AIRFLOW_CTX_DAG_ID=manga_prediction_pipeline
AIRFLOW_CTX_TASK_ID=data_ingestion
AIRFLOW_CTX_EXECUTION_DATE=2025-09-25T10:24:01+00:00
AIRFLOW_CTX_TRY_NUMBER=1
AIRFLOW_CTX_DAG_RUN_ID=manual__2025-09-25T10:24:01+00:00
[2025-09-25 10:24:04,645] {logging_mixin.py:115} INFO - Reading data from /opt/***/data/manga.csv
[2025-09-25 10:24:05,009] {logging_mixin.py:115} INFO - Data read successfully. Shape: (66371, 26)
[2025-09-25 10:24:05,009] {logging_mixin.py:115} INFO - Attempting to connect to MariaDB at mariadb:3306/manga_db
[2025-09-25 10:24:05,041] {authentication.py:66} INFO - package: mysql.connector.plugins
[2025-09-25 10:24:05,041] {authentication.py:67} INFO - plugin_name: mysql_native_password
[2025-09-25 10:24:05,042] {authentication.py:71} INFO - AUTHENTICATION_PLUGIN_CLASS: MySQLNativePasswordAuthPlugin
[2025-09-25 10:24:05,044] {logging_mixin.py:115} INFO - Successfully connected to MariaDB.
[2025-09-25 10:24:05,044] {logging_mixin.py:115} INFO - Inserting into dim_manga_info...
[2025-09-25 10:24:33,163] {taskinstance.py:1889} ERROR - Task failed with exception
Traceback (most recent call last):
  File "/home/airflow/.local/lib/python3.7/site-packages/airflow/operators/python.py", line 171, in execute
    return_value = self.execute_callable()
  File "/home/airflow/.local/lib/python3.7/site-packages/airflow/operators/python.py", line 189, in execute_callable
    return self.python_callable(*self.op_args, **self.op_kwargs)
  File "/opt/airflow/src/data_ingestion.py", line 83, in ingest_data
    connection.commit()
AttributeError: 'Connection' object has no attribute 'commit'
[2025-09-25 10:24:33,167] {taskinstance.py:1400} INFO - Marking task as FAILED. dag_id=manga_prediction_pipeline, task_id=data_ingestion, execution_date=20250925T102401, start_date=20250925T102404, end_date=20250925T102433
[2025-09-25 10:24:33,171] {standard_task_runner.py:97} ERROR - Failed to execute job 253 for task data_ingestion ('Connection' object has no attribute 'commit'; 331)
[2025-09-25 10:24:33,194] {local_task_job.py:156} INFO - Task exited with return code 1
[2025-09-25 10:24:33,205] {local_task_job.py:273} INFO - 0 downstream tasks scheduled from follow-on schedule check
