[2025-10-03 18:38:11,880] {taskinstance.py:1159} INFO - Dependencies all met for <TaskInstance: manga_prediction_pipeline.end_pipeline manual__2025-10-03T18:35:36.958972+00:00 [queued]>
[2025-10-03 18:38:11,883] {taskinstance.py:1159} INFO - Dependencies all met for <TaskInstance: manga_prediction_pipeline.end_pipeline manual__2025-10-03T18:35:36.958972+00:00 [queued]>
[2025-10-03 18:38:11,883] {taskinstance.py:1356} INFO - 
--------------------------------------------------------------------------------
[2025-10-03 18:38:11,883] {taskinstance.py:1357} INFO - Starting attempt 1 of 1
[2025-10-03 18:38:11,883] {taskinstance.py:1358} INFO - 
--------------------------------------------------------------------------------
[2025-10-03 18:38:11,888] {taskinstance.py:1377} INFO - Executing <Task(PythonOperator): end_pipeline> on 2025-10-03 18:35:36.958972+00:00
[2025-10-03 18:38:11,890] {standard_task_runner.py:52} INFO - Started process 337 to run task
[2025-10-03 18:38:11,892] {standard_task_runner.py:79} INFO - Running: ['***', 'tasks', 'run', 'manga_prediction_pipeline', 'end_pipeline', 'manual__2025-10-03T18:35:36.958972+00:00', '--job-id', '800', '--raw', '--subdir', 'DAGS_FOLDER/manga_prediction_pipeline.py', '--cfg-path', '/tmp/tmp8d7slq29', '--error-file', '/tmp/tmp63upr9h0']
[2025-10-03 18:38:11,893] {standard_task_runner.py:80} INFO - Job 800: Subtask end_pipeline
[2025-10-03 18:38:11,916] {task_command.py:370} INFO - Running <TaskInstance: manga_prediction_pipeline.end_pipeline manual__2025-10-03T18:35:36.958972+00:00 [running]> on host ce0fd8310705
[2025-10-03 18:38:11,945] {taskinstance.py:1571} INFO - Exporting the following env vars:
AIRFLOW_CTX_DAG_OWNER=***
AIRFLOW_CTX_DAG_ID=manga_prediction_pipeline
AIRFLOW_CTX_TASK_ID=end_pipeline
AIRFLOW_CTX_EXECUTION_DATE=2025-10-03T18:35:36.958972+00:00
AIRFLOW_CTX_TRY_NUMBER=1
AIRFLOW_CTX_DAG_RUN_ID=manual__2025-10-03T18:35:36.958972+00:00
[2025-10-03 18:38:11,946] {logging_mixin.py:115} INFO - Pipeline finished!
[2025-10-03 18:38:11,946] {python.py:173} INFO - Done. Returned value was: None
[2025-10-03 18:38:11,950] {taskinstance.py:1400} INFO - Marking task as SUCCESS. dag_id=manga_prediction_pipeline, task_id=end_pipeline, execution_date=20251003T183536, start_date=20251003T183811, end_date=20251003T183811
[2025-10-03 18:38:11,989] {local_task_job.py:156} INFO - Task exited with return code 0
[2025-10-03 18:38:12,002] {local_task_job.py:273} INFO - 0 downstream tasks scheduled from follow-on schedule check
