[2025-10-03 00:21:56,176] {taskinstance.py:1159} INFO - Dependencies all met for <TaskInstance: manga_model_monitoring_pipeline.start_monitoring scheduled__2025-10-02T00:00:00+00:00 [queued]>
[2025-10-03 00:21:56,190] {taskinstance.py:1159} INFO - Dependencies all met for <TaskInstance: manga_model_monitoring_pipeline.start_monitoring scheduled__2025-10-02T00:00:00+00:00 [queued]>
[2025-10-03 00:21:56,190] {taskinstance.py:1356} INFO - 
--------------------------------------------------------------------------------
[2025-10-03 00:21:56,190] {taskinstance.py:1357} INFO - Starting attempt 1 of 1
[2025-10-03 00:21:56,190] {taskinstance.py:1358} INFO - 
--------------------------------------------------------------------------------
[2025-10-03 00:21:56,208] {taskinstance.py:1377} INFO - Executing <Task(PythonOperator): start_monitoring> on 2025-10-02 00:00:00+00:00
[2025-10-03 00:21:56,219] {standard_task_runner.py:52} INFO - Started process 566 to run task
[2025-10-03 00:21:56,225] {standard_task_runner.py:79} INFO - Running: ['***', 'tasks', 'run', 'manga_model_monitoring_pipeline', 'start_monitoring', 'scheduled__2025-10-02T00:00:00+00:00', '--job-id', '604', '--raw', '--subdir', 'DAGS_FOLDER/manga_model_monitoring_dag.py', '--cfg-path', '/tmp/tmp1uhzlc6d', '--error-file', '/tmp/tmpfgfhwrq7']
[2025-10-03 00:21:56,226] {standard_task_runner.py:80} INFO - Job 604: Subtask start_monitoring
[2025-10-03 00:21:56,250] {logging_mixin.py:115} WARNING - /home/***/.local/lib/python3.7/site-packages/***/configuration.py:525 DeprecationWarning: The sql_alchemy_conn option in [core] has been moved to the sql_alchemy_conn option in [database] - the old setting has been used, but please update your config.
[2025-10-03 00:21:56,323] {task_command.py:370} INFO - Running <TaskInstance: manga_model_monitoring_pipeline.start_monitoring scheduled__2025-10-02T00:00:00+00:00 [running]> on host 7666b3210b0a
[2025-10-03 00:21:56,433] {taskinstance.py:1571} INFO - Exporting the following env vars:
AIRFLOW_CTX_DAG_OWNER=***
AIRFLOW_CTX_DAG_ID=manga_model_monitoring_pipeline
AIRFLOW_CTX_TASK_ID=start_monitoring
AIRFLOW_CTX_EXECUTION_DATE=2025-10-02T00:00:00+00:00
AIRFLOW_CTX_TRY_NUMBER=1
AIRFLOW_CTX_DAG_RUN_ID=scheduled__2025-10-02T00:00:00+00:00
[2025-10-03 00:21:56,434] {logging_mixin.py:115} INFO - Model monitoring pipeline started!
[2025-10-03 00:21:56,434] {python.py:173} INFO - Done. Returned value was: None
[2025-10-03 00:21:56,451] {taskinstance.py:1400} INFO - Marking task as SUCCESS. dag_id=manga_model_monitoring_pipeline, task_id=start_monitoring, execution_date=20251002T000000, start_date=20251003T002156, end_date=20251003T002156
[2025-10-03 00:21:56,493] {local_task_job.py:156} INFO - Task exited with return code 0
[2025-10-03 00:21:56,555] {local_task_job.py:273} INFO - 1 downstream tasks scheduled from follow-on schedule check
