[2025-09-25 08:32:58,587] {taskinstance.py:1159} INFO - Dependencies all met for <TaskInstance: manga_prediction_pipeline.end_pipeline manual__2025-09-25T08:32:47.121827+00:00 [queued]>
[2025-09-25 08:32:58,591] {taskinstance.py:1159} INFO - Dependencies all met for <TaskInstance: manga_prediction_pipeline.end_pipeline manual__2025-09-25T08:32:47.121827+00:00 [queued]>
[2025-09-25 08:32:58,591] {taskinstance.py:1356} INFO - 
--------------------------------------------------------------------------------
[2025-09-25 08:32:58,591] {taskinstance.py:1357} INFO - Starting attempt 1 of 1
[2025-09-25 08:32:58,591] {taskinstance.py:1358} INFO - 
--------------------------------------------------------------------------------
[2025-09-25 08:32:58,595] {taskinstance.py:1377} INFO - Executing <Task(PythonOperator): end_pipeline> on 2025-09-25 08:32:47.121827+00:00
[2025-09-25 08:32:58,598] {standard_task_runner.py:52} INFO - Started process 306 to run task
[2025-09-25 08:32:58,600] {standard_task_runner.py:79} INFO - Running: ['***', 'tasks', 'run', 'manga_prediction_pipeline', 'end_pipeline', 'manual__2025-09-25T08:32:47.121827+00:00', '--job-id', '208', '--raw', '--subdir', 'DAGS_FOLDER/manga_prediction_pipeline.py', '--cfg-path', '/tmp/tmp1v1u2nmq', '--error-file', '/tmp/tmp_wz4_nwk']
[2025-09-25 08:32:58,601] {standard_task_runner.py:80} INFO - Job 208: Subtask end_pipeline
[2025-09-25 08:32:58,618] {task_command.py:370} INFO - Running <TaskInstance: manga_prediction_pipeline.end_pipeline manual__2025-09-25T08:32:47.121827+00:00 [running]> on host f994edd6b260
[2025-09-25 08:32:58,644] {taskinstance.py:1571} INFO - Exporting the following env vars:
AIRFLOW_CTX_DAG_OWNER=***
AIRFLOW_CTX_DAG_ID=manga_prediction_pipeline
AIRFLOW_CTX_TASK_ID=end_pipeline
AIRFLOW_CTX_EXECUTION_DATE=2025-09-25T08:32:47.121827+00:00
AIRFLOW_CTX_TRY_NUMBER=1
AIRFLOW_CTX_DAG_RUN_ID=manual__2025-09-25T08:32:47.121827+00:00
[2025-09-25 08:32:58,645] {logging_mixin.py:115} INFO - Pipeline finished!
[2025-09-25 08:32:58,645] {python.py:173} INFO - Done. Returned value was: None
[2025-09-25 08:32:58,648] {taskinstance.py:1400} INFO - Marking task as SUCCESS. dag_id=manga_prediction_pipeline, task_id=end_pipeline, execution_date=20250925T083247, start_date=20250925T083258, end_date=20250925T083258
[2025-09-25 08:32:58,656] {local_task_job.py:156} INFO - Task exited with return code 0
[2025-09-25 08:32:58,666] {local_task_job.py:273} INFO - 0 downstream tasks scheduled from follow-on schedule check
