[2025-10-03 18:50:58,736] {taskinstance.py:1159} INFO - Dependencies all met for <TaskInstance: manga_prediction_pipeline.restart_model_serving_service manual__2025-10-03T18:49:44.118004+00:00 [queued]>
[2025-10-03 18:50:58,739] {taskinstance.py:1159} INFO - Dependencies all met for <TaskInstance: manga_prediction_pipeline.restart_model_serving_service manual__2025-10-03T18:49:44.118004+00:00 [queued]>
[2025-10-03 18:50:58,739] {taskinstance.py:1356} INFO - 
--------------------------------------------------------------------------------
[2025-10-03 18:50:58,739] {taskinstance.py:1357} INFO - Starting attempt 1 of 1
[2025-10-03 18:50:58,739] {taskinstance.py:1358} INFO - 
--------------------------------------------------------------------------------
[2025-10-03 18:50:58,744] {taskinstance.py:1377} INFO - Executing <Task(BashOperator): restart_model_serving_service> on 2025-10-03 18:49:44.118004+00:00
[2025-10-03 18:50:58,747] {standard_task_runner.py:52} INFO - Started process 314 to run task
[2025-10-03 18:50:58,748] {standard_task_runner.py:79} INFO - Running: ['***', 'tasks', 'run', 'manga_prediction_pipeline', 'restart_model_serving_service', 'manual__2025-10-03T18:49:44.118004+00:00', '--job-id', '811', '--raw', '--subdir', 'DAGS_FOLDER/manga_prediction_pipeline.py', '--cfg-path', '/tmp/tmpptxw7qg_', '--error-file', '/tmp/tmpr2x60nak']
[2025-10-03 18:50:58,748] {standard_task_runner.py:80} INFO - Job 811: Subtask restart_model_serving_service
[2025-10-03 18:50:58,768] {task_command.py:370} INFO - Running <TaskInstance: manga_prediction_pipeline.restart_model_serving_service manual__2025-10-03T18:49:44.118004+00:00 [running]> on host 89ec741809c5
[2025-10-03 18:50:58,792] {taskinstance.py:1571} INFO - Exporting the following env vars:
AIRFLOW_CTX_DAG_OWNER=***
AIRFLOW_CTX_DAG_ID=manga_prediction_pipeline
AIRFLOW_CTX_TASK_ID=restart_model_serving_service
AIRFLOW_CTX_EXECUTION_DATE=2025-10-03T18:49:44.118004+00:00
AIRFLOW_CTX_TRY_NUMBER=1
AIRFLOW_CTX_DAG_RUN_ID=manual__2025-10-03T18:49:44.118004+00:00
[2025-10-03 18:50:58,793] {subprocess.py:62} INFO - Tmp dir root location: 
 /tmp
[2025-10-03 18:50:58,793] {subprocess.py:74} INFO - Running command: ['bash', '-c', 'docker-compose -f /opt/***/docker-compose.yml restart fastapi_app']
[2025-10-03 18:50:58,797] {subprocess.py:85} INFO - Output:
[2025-10-03 18:50:58,799] {subprocess.py:92} INFO - bash: line 1: docker-compose: command not found
[2025-10-03 18:50:58,799] {subprocess.py:96} INFO - Command exited with return code 127
[2025-10-03 18:50:58,804] {taskinstance.py:1889} ERROR - Task failed with exception
Traceback (most recent call last):
  File "/home/airflow/.local/lib/python3.7/site-packages/airflow/operators/bash.py", line 195, in execute
    f'Bash command failed. The command returned a non-zero exit code {result.exit_code}.'
airflow.exceptions.AirflowException: Bash command failed. The command returned a non-zero exit code 127.
[2025-10-03 18:50:58,806] {taskinstance.py:1400} INFO - Marking task as FAILED. dag_id=manga_prediction_pipeline, task_id=restart_model_serving_service, execution_date=20251003T184944, start_date=20251003T185058, end_date=20251003T185058
[2025-10-03 18:50:58,810] {standard_task_runner.py:97} ERROR - Failed to execute job 811 for task restart_model_serving_service (Bash command failed. The command returned a non-zero exit code 127.; 314)
[2025-10-03 18:50:58,848] {local_task_job.py:156} INFO - Task exited with return code 1
[2025-10-03 18:50:58,863] {local_task_job.py:273} INFO - 0 downstream tasks scheduled from follow-on schedule check
