[2025-09-25 10:22:30,647] {taskinstance.py:1159} INFO - Dependencies all met for <TaskInstance: manga_prediction_pipeline.data_ingestion manual__2025-09-25T10:22:28+00:00 [queued]>
[2025-09-25 10:22:30,650] {taskinstance.py:1159} INFO - Dependencies all met for <TaskInstance: manga_prediction_pipeline.data_ingestion manual__2025-09-25T10:22:28+00:00 [queued]>
[2025-09-25 10:22:30,650] {taskinstance.py:1356} INFO - 
--------------------------------------------------------------------------------
[2025-09-25 10:22:30,650] {taskinstance.py:1357} INFO - Starting attempt 1 of 1
[2025-09-25 10:22:30,650] {taskinstance.py:1358} INFO - 
--------------------------------------------------------------------------------
[2025-09-25 10:22:30,654] {taskinstance.py:1377} INFO - Executing <Task(PythonOperator): data_ingestion> on 2025-09-25 10:22:28+00:00
[2025-09-25 10:22:30,657] {standard_task_runner.py:52} INFO - Started process 285 to run task
[2025-09-25 10:22:30,658] {standard_task_runner.py:79} INFO - Running: ['***', 'tasks', 'run', 'manga_prediction_pipeline', 'data_ingestion', 'manual__2025-09-25T10:22:28+00:00', '--job-id', '250', '--raw', '--subdir', 'DAGS_FOLDER/manga_prediction_pipeline.py', '--cfg-path', '/tmp/tmpov2t59lh', '--error-file', '/tmp/tmpd46hpnx9']
[2025-09-25 10:22:30,659] {standard_task_runner.py:80} INFO - Job 250: Subtask data_ingestion
[2025-09-25 10:22:30,678] {task_command.py:370} INFO - Running <TaskInstance: manga_prediction_pipeline.data_ingestion manual__2025-09-25T10:22:28+00:00 [running]> on host 19d9b7ffabd0
[2025-09-25 10:22:30,703] {taskinstance.py:1571} INFO - Exporting the following env vars:
AIRFLOW_CTX_DAG_OWNER=***
AIRFLOW_CTX_DAG_ID=manga_prediction_pipeline
AIRFLOW_CTX_TASK_ID=data_ingestion
AIRFLOW_CTX_EXECUTION_DATE=2025-09-25T10:22:28+00:00
AIRFLOW_CTX_TRY_NUMBER=1
AIRFLOW_CTX_DAG_RUN_ID=manual__2025-09-25T10:22:28+00:00
[2025-09-25 10:22:30,704] {logging_mixin.py:115} INFO - Reading data from /opt/***/data/manga.csv
[2025-09-25 10:22:31,065] {logging_mixin.py:115} INFO - Data read successfully. Shape: (66371, 26)
[2025-09-25 10:22:31,066] {logging_mixin.py:115} INFO - Attempting to connect to MariaDB at mariadb:3306/manga_db
[2025-09-25 10:22:31,091] {authentication.py:66} INFO - package: mysql.connector.plugins
[2025-09-25 10:22:31,092] {authentication.py:67} INFO - plugin_name: mysql_native_password
[2025-09-25 10:22:31,092] {authentication.py:71} INFO - AUTHENTICATION_PLUGIN_CLASS: MySQLNativePasswordAuthPlugin
[2025-09-25 10:22:31,095] {logging_mixin.py:115} INFO - Successfully connected to MariaDB.
[2025-09-25 10:22:31,095] {logging_mixin.py:115} INFO - Inserting into dim_manga_info...
[2025-09-25 10:22:58,785] {taskinstance.py:1889} ERROR - Task failed with exception
Traceback (most recent call last):
  File "/home/airflow/.local/lib/python3.7/site-packages/airflow/operators/python.py", line 171, in execute
    return_value = self.execute_callable()
  File "/home/airflow/.local/lib/python3.7/site-packages/airflow/operators/python.py", line 189, in execute_callable
    return self.python_callable(*self.op_args, **self.op_kwargs)
  File "/opt/airflow/src/data_ingestion.py", line 79, in ingest_data
    connection.commit()
AttributeError: 'Connection' object has no attribute 'commit'
[2025-09-25 10:22:58,789] {taskinstance.py:1400} INFO - Marking task as FAILED. dag_id=manga_prediction_pipeline, task_id=data_ingestion, execution_date=20250925T102228, start_date=20250925T102230, end_date=20250925T102258
[2025-09-25 10:22:58,793] {standard_task_runner.py:97} ERROR - Failed to execute job 250 for task data_ingestion ('Connection' object has no attribute 'commit'; 285)
[2025-09-25 10:22:58,809] {local_task_job.py:156} INFO - Task exited with return code 1
[2025-09-25 10:22:58,821] {local_task_job.py:273} INFO - 0 downstream tasks scheduled from follow-on schedule check
