[2025-09-25 08:08:03,459] {taskinstance.py:1159} INFO - Dependencies all met for <TaskInstance: manga_prediction_pipeline.data_preprocessing manual__2025-09-24T18:49:36.702357+00:00 [queued]>
[2025-09-25 08:08:03,464] {taskinstance.py:1159} INFO - Dependencies all met for <TaskInstance: manga_prediction_pipeline.data_preprocessing manual__2025-09-24T18:49:36.702357+00:00 [queued]>
[2025-09-25 08:08:03,464] {taskinstance.py:1356} INFO - 
--------------------------------------------------------------------------------
[2025-09-25 08:08:03,464] {taskinstance.py:1357} INFO - Starting attempt 1 of 1
[2025-09-25 08:08:03,464] {taskinstance.py:1358} INFO - 
--------------------------------------------------------------------------------
[2025-09-25 08:08:03,471] {taskinstance.py:1377} INFO - Executing <Task(PythonOperator): data_preprocessing> on 2025-09-24 18:49:36.702357+00:00
[2025-09-25 08:08:03,474] {standard_task_runner.py:52} INFO - Started process 1492 to run task
[2025-09-25 08:08:03,476] {standard_task_runner.py:79} INFO - Running: ['***', 'tasks', 'run', 'manga_prediction_pipeline', 'data_preprocessing', 'manual__2025-09-24T18:49:36.702357+00:00', '--job-id', '191', '--raw', '--subdir', 'DAGS_FOLDER/manga_prediction_pipeline.py', '--cfg-path', '/tmp/tmpx_x0skzy', '--error-file', '/tmp/tmpz8zdjrq0']
[2025-09-25 08:08:03,477] {standard_task_runner.py:80} INFO - Job 191: Subtask data_preprocessing
[2025-09-25 08:08:03,499] {task_command.py:370} INFO - Running <TaskInstance: manga_prediction_pipeline.data_preprocessing manual__2025-09-24T18:49:36.702357+00:00 [running]> on host 240518fe472e
[2025-09-25 08:08:03,532] {taskinstance.py:1571} INFO - Exporting the following env vars:
AIRFLOW_CTX_DAG_OWNER=***
AIRFLOW_CTX_DAG_ID=manga_prediction_pipeline
AIRFLOW_CTX_TASK_ID=data_preprocessing
AIRFLOW_CTX_EXECUTION_DATE=2025-09-24T18:49:36.702357+00:00
AIRFLOW_CTX_TRY_NUMBER=1
AIRFLOW_CTX_DAG_RUN_ID=manual__2025-09-24T18:49:36.702357+00:00
[2025-09-25 08:08:03,533] {logging_mixin.py:115} INFO - Reading staged data from /opt/***/data/staged/manga.parquet
[2025-09-25 08:08:03,651] {logging_mixin.py:115} INFO - Staged data read successfully. Shape: (66371, 26)
[2025-09-25 08:08:03,652] {logging_mixin.py:115} INFO - Dropping rows with missing scores. Original rows: 66371
[2025-09-25 08:08:03,663] {logging_mixin.py:115} INFO - Rows after dropping missing scores: 21795
[2025-09-25 08:08:03,663] {logging_mixin.py:115} INFO - Parsing 'genres' column...
[2025-09-25 08:08:03,746] {logging_mixin.py:115} INFO - Data preprocessing complete.
[2025-09-25 08:08:03,746] {logging_mixin.py:115} INFO - Saving processed data to /opt/***/data/processed/manga_processed.parquet
[2025-09-25 08:08:03,825] {logging_mixin.py:115} INFO - Processed data saved successfully.
[2025-09-25 08:08:03,831] {python.py:173} INFO - Done. Returned value was: None
[2025-09-25 08:08:03,838] {taskinstance.py:1400} INFO - Marking task as SUCCESS. dag_id=manga_prediction_pipeline, task_id=data_preprocessing, execution_date=20250924T184936, start_date=20250925T080803, end_date=20250925T080803
[2025-09-25 08:08:03,870] {local_task_job.py:156} INFO - Task exited with return code 0
[2025-09-25 08:08:03,888] {local_task_job.py:273} INFO - 1 downstream tasks scheduled from follow-on schedule check
