[2025-10-02 03:02:48,346] {taskinstance.py:1159} INFO - Dependencies all met for <TaskInstance: manga_prediction_pipeline.start_pipeline manual__2025-10-02T03:02:47.090292+00:00 [queued]>
[2025-10-02 03:02:48,348] {taskinstance.py:1159} INFO - Dependencies all met for <TaskInstance: manga_prediction_pipeline.start_pipeline manual__2025-10-02T03:02:47.090292+00:00 [queued]>
[2025-10-02 03:02:48,348] {taskinstance.py:1356} INFO - 
--------------------------------------------------------------------------------
[2025-10-02 03:02:48,348] {taskinstance.py:1357} INFO - Starting attempt 1 of 1
[2025-10-02 03:02:48,349] {taskinstance.py:1358} INFO - 
--------------------------------------------------------------------------------
[2025-10-02 03:02:48,353] {taskinstance.py:1377} INFO - Executing <Task(PythonOperator): start_pipeline> on 2025-10-02 03:02:47.090292+00:00
[2025-10-02 03:02:48,355] {standard_task_runner.py:52} INFO - Started process 180 to run task
[2025-10-02 03:02:48,357] {standard_task_runner.py:79} INFO - Running: ['***', 'tasks', 'run', 'manga_prediction_pipeline', 'start_pipeline', 'manual__2025-10-02T03:02:47.090292+00:00', '--job-id', '589', '--raw', '--subdir', 'DAGS_FOLDER/manga_prediction_pipeline.py', '--cfg-path', '/tmp/tmp5qp4jnp8', '--error-file', '/tmp/tmp8ukef2bl']
[2025-10-02 03:02:48,358] {standard_task_runner.py:80} INFO - Job 589: Subtask start_pipeline
[2025-10-02 03:02:48,377] {task_command.py:370} INFO - Running <TaskInstance: manga_prediction_pipeline.start_pipeline manual__2025-10-02T03:02:47.090292+00:00 [running]> on host 8cb94be35429
[2025-10-02 03:02:48,407] {taskinstance.py:1571} INFO - Exporting the following env vars:
AIRFLOW_CTX_DAG_OWNER=***
AIRFLOW_CTX_DAG_ID=manga_prediction_pipeline
AIRFLOW_CTX_TASK_ID=start_pipeline
AIRFLOW_CTX_EXECUTION_DATE=2025-10-02T03:02:47.090292+00:00
AIRFLOW_CTX_TRY_NUMBER=1
AIRFLOW_CTX_DAG_RUN_ID=manual__2025-10-02T03:02:47.090292+00:00
[2025-10-02 03:02:48,408] {logging_mixin.py:115} INFO - Pipeline started!
[2025-10-02 03:02:48,408] {python.py:173} INFO - Done. Returned value was: None
[2025-10-02 03:02:48,412] {taskinstance.py:1400} INFO - Marking task as SUCCESS. dag_id=manga_prediction_pipeline, task_id=start_pipeline, execution_date=20251002T030247, start_date=20251002T030248, end_date=20251002T030248
[2025-10-02 03:02:48,455] {local_task_job.py:156} INFO - Task exited with return code 0
[2025-10-02 03:02:48,472] {local_task_job.py:273} INFO - 0 downstream tasks scheduled from follow-on schedule check
