[2025-10-01 19:38:56,987] {taskinstance.py:1159} INFO - Dependencies all met for <TaskInstance: manga_prediction_pipeline.data_ingestion manual__2025-10-01T19:38:53.258223+00:00 [queued]>
[2025-10-01 19:38:56,990] {taskinstance.py:1159} INFO - Dependencies all met for <TaskInstance: manga_prediction_pipeline.data_ingestion manual__2025-10-01T19:38:53.258223+00:00 [queued]>
[2025-10-01 19:38:56,990] {taskinstance.py:1356} INFO - 
--------------------------------------------------------------------------------
[2025-10-01 19:38:56,990] {taskinstance.py:1357} INFO - Starting attempt 1 of 1
[2025-10-01 19:38:56,990] {taskinstance.py:1358} INFO - 
--------------------------------------------------------------------------------
[2025-10-01 19:38:56,995] {taskinstance.py:1377} INFO - Executing <Task(PythonOperator): data_ingestion> on 2025-10-01 19:38:53.258223+00:00
[2025-10-01 19:38:56,998] {standard_task_runner.py:52} INFO - Started process 199 to run task
[2025-10-01 19:38:56,999] {standard_task_runner.py:79} INFO - Running: ['***', 'tasks', 'run', 'manga_prediction_pipeline', 'data_ingestion', 'manual__2025-10-01T19:38:53.258223+00:00', '--job-id', '510', '--raw', '--subdir', 'DAGS_FOLDER/manga_prediction_pipeline.py', '--cfg-path', '/tmp/tmpcv4argf7', '--error-file', '/tmp/tmp_rdx886h']
[2025-10-01 19:38:57,000] {standard_task_runner.py:80} INFO - Job 510: Subtask data_ingestion
[2025-10-01 19:38:57,019] {task_command.py:370} INFO - Running <TaskInstance: manga_prediction_pipeline.data_ingestion manual__2025-10-01T19:38:53.258223+00:00 [running]> on host b8d1aa49604c
[2025-10-01 19:38:57,043] {taskinstance.py:1571} INFO - Exporting the following env vars:
AIRFLOW_CTX_DAG_OWNER=***
AIRFLOW_CTX_DAG_ID=manga_prediction_pipeline
AIRFLOW_CTX_TASK_ID=data_ingestion
AIRFLOW_CTX_EXECUTION_DATE=2025-10-01T19:38:53.258223+00:00
AIRFLOW_CTX_TRY_NUMBER=1
AIRFLOW_CTX_DAG_RUN_ID=manual__2025-10-01T19:38:53.258223+00:00
[2025-10-01 19:38:57,044] {logging_mixin.py:115} INFO - Reading data from /opt/***/data/manga.csv
[2025-10-01 19:38:57,414] {logging_mixin.py:115} INFO - Data read successfully. Shape: (66371, 26)
[2025-10-01 19:38:57,414] {logging_mixin.py:115} INFO - Attempting to connect to MariaDB at mariadb:3306/manga_db
[2025-10-01 19:38:57,438] {authentication.py:66} INFO - package: mysql.connector.plugins
[2025-10-01 19:38:57,438] {authentication.py:67} INFO - plugin_name: mysql_native_password
[2025-10-01 19:38:57,439] {authentication.py:71} INFO - AUTHENTICATION_PLUGIN_CLASS: MySQLNativePasswordAuthPlugin
[2025-10-01 19:38:57,441] {logging_mixin.py:115} INFO - Successfully connected to MariaDB.
[2025-10-01 19:38:57,441] {logging_mixin.py:115} INFO - Inserting into dim_manga_info...
[2025-10-01 19:39:25,001] {logging_mixin.py:115} INFO - dim_manga_info populated.
[2025-10-01 19:39:25,242] {logging_mixin.py:115} INFO - Inserting into dim_genres...
[2025-10-01 19:39:25,336] {logging_mixin.py:115} INFO - dim_genres populated.
[2025-10-01 19:39:25,338] {logging_mixin.py:115} INFO - Inserting into dim_authors...
[2025-10-01 19:39:25,488] {logging_mixin.py:115} INFO - dim_authors populated.
[2025-10-01 19:39:25,490] {logging_mixin.py:115} INFO - Inserting into dim_demographics...
[2025-10-01 19:39:25,613] {logging_mixin.py:115} INFO - dim_demographics populated.
[2025-10-01 19:39:25,614] {logging_mixin.py:115} INFO - Inserting into dim_serializations...
[2025-10-01 19:39:25,701] {logging_mixin.py:115} INFO - dim_serializations populated.
[2025-10-01 19:39:25,702] {logging_mixin.py:115} INFO - Inserting into fact_manga...
[2025-10-01 19:39:51,609] {logging_mixin.py:115} INFO - fact_manga populated.
[2025-10-01 19:39:51,609] {logging_mixin.py:115} INFO - Inserting into manga_secondary_genres...
[2025-10-01 19:39:52,689] {logging_mixin.py:115} INFO - manga_secondary_genres populated.
[2025-10-01 19:39:52,689] {logging_mixin.py:115} INFO - Data ingestion to MariaDB complete.
[2025-10-01 19:39:52,719] {python.py:173} INFO - Done. Returned value was: None
[2025-10-01 19:39:52,729] {taskinstance.py:1400} INFO - Marking task as SUCCESS. dag_id=manga_prediction_pipeline, task_id=data_ingestion, execution_date=20251001T193853, start_date=20251001T193856, end_date=20251001T193952
[2025-10-01 19:39:52,769] {local_task_job.py:156} INFO - Task exited with return code 0
[2025-10-01 19:39:52,794] {local_task_job.py:273} INFO - 1 downstream tasks scheduled from follow-on schedule check
