[2025-09-25 10:56:58,941] {taskinstance.py:1159} INFO - Dependencies all met for <TaskInstance: manga_prediction_pipeline.create_star_schema manual__2025-09-25T10:56:56+00:00 [queued]>
[2025-09-25 10:56:58,944] {taskinstance.py:1159} INFO - Dependencies all met for <TaskInstance: manga_prediction_pipeline.create_star_schema manual__2025-09-25T10:56:56+00:00 [queued]>
[2025-09-25 10:56:58,944] {taskinstance.py:1356} INFO - 
--------------------------------------------------------------------------------
[2025-09-25 10:56:58,945] {taskinstance.py:1357} INFO - Starting attempt 1 of 1
[2025-09-25 10:56:58,945] {taskinstance.py:1358} INFO - 
--------------------------------------------------------------------------------
[2025-09-25 10:56:58,949] {taskinstance.py:1377} INFO - Executing <Task(PythonOperator): create_star_schema> on 2025-09-25 10:56:56+00:00
[2025-09-25 10:56:58,951] {standard_task_runner.py:52} INFO - Started process 1314 to run task
[2025-09-25 10:56:58,953] {standard_task_runner.py:79} INFO - Running: ['***', 'tasks', 'run', 'manga_prediction_pipeline', 'create_star_schema', 'manual__2025-09-25T10:56:56+00:00', '--job-id', '302', '--raw', '--subdir', 'DAGS_FOLDER/manga_prediction_pipeline.py', '--cfg-path', '/tmp/tmpfu21fpf8', '--error-file', '/tmp/tmpn4d5n_0s']
[2025-09-25 10:56:58,953] {standard_task_runner.py:80} INFO - Job 302: Subtask create_star_schema
[2025-09-25 10:56:58,970] {task_command.py:370} INFO - Running <TaskInstance: manga_prediction_pipeline.create_star_schema manual__2025-09-25T10:56:56+00:00 [running]> on host 19d9b7ffabd0
[2025-09-25 10:56:58,992] {taskinstance.py:1571} INFO - Exporting the following env vars:
AIRFLOW_CTX_DAG_OWNER=***
AIRFLOW_CTX_DAG_ID=manga_prediction_pipeline
AIRFLOW_CTX_TASK_ID=create_star_schema
AIRFLOW_CTX_EXECUTION_DATE=2025-09-25T10:56:56+00:00
AIRFLOW_CTX_TRY_NUMBER=1
AIRFLOW_CTX_DAG_RUN_ID=manual__2025-09-25T10:56:56+00:00
[2025-09-25 10:56:58,993] {logging_mixin.py:115} INFO - Attempting to connect to MariaDB at mariadb:3306/manga_db
[2025-09-25 10:56:59,013] {authentication.py:66} INFO - package: mysql.connector.plugins
[2025-09-25 10:56:59,013] {authentication.py:67} INFO - plugin_name: mysql_native_password
[2025-09-25 10:56:59,014] {authentication.py:71} INFO - AUTHENTICATION_PLUGIN_CLASS: MySQLNativePasswordAuthPlugin
[2025-09-25 10:56:59,016] {logging_mixin.py:115} INFO - Successfully connected to MariaDB.
[2025-09-25 10:56:59,016] {logging_mixin.py:115} INFO - Creating star schema tables if they don't exist...
[2025-09-25 10:56:59,039] {logging_mixin.py:115} INFO - Star schema tables created successfully.
[2025-09-25 10:56:59,039] {python.py:173} INFO - Done. Returned value was: None
[2025-09-25 10:56:59,044] {taskinstance.py:1400} INFO - Marking task as SUCCESS. dag_id=manga_prediction_pipeline, task_id=create_star_schema, execution_date=20250925T105656, start_date=20250925T105658, end_date=20250925T105659
[2025-09-25 10:56:59,051] {local_task_job.py:156} INFO - Task exited with return code 0
[2025-09-25 10:56:59,065] {local_task_job.py:273} INFO - 1 downstream tasks scheduled from follow-on schedule check
