[2025-09-25 10:50:37,566] {taskinstance.py:1159} INFO - Dependencies all met for <TaskInstance: manga_prediction_pipeline.data_ingestion manual__2025-09-25T10:50:34+00:00 [queued]>
[2025-09-25 10:50:37,569] {taskinstance.py:1159} INFO - Dependencies all met for <TaskInstance: manga_prediction_pipeline.data_ingestion manual__2025-09-25T10:50:34+00:00 [queued]>
[2025-09-25 10:50:37,569] {taskinstance.py:1356} INFO - 
--------------------------------------------------------------------------------
[2025-09-25 10:50:37,569] {taskinstance.py:1357} INFO - Starting attempt 1 of 1
[2025-09-25 10:50:37,569] {taskinstance.py:1358} INFO - 
--------------------------------------------------------------------------------
[2025-09-25 10:50:37,573] {taskinstance.py:1377} INFO - Executing <Task(PythonOperator): data_ingestion> on 2025-09-25 10:50:34+00:00
[2025-09-25 10:50:37,575] {standard_task_runner.py:52} INFO - Started process 974 to run task
[2025-09-25 10:50:37,577] {standard_task_runner.py:79} INFO - Running: ['***', 'tasks', 'run', 'manga_prediction_pipeline', 'data_ingestion', 'manual__2025-09-25T10:50:34+00:00', '--job-id', '284', '--raw', '--subdir', 'DAGS_FOLDER/manga_prediction_pipeline.py', '--cfg-path', '/tmp/tmp4kggb18m', '--error-file', '/tmp/tmp7wuvblz7']
[2025-09-25 10:50:37,577] {standard_task_runner.py:80} INFO - Job 284: Subtask data_ingestion
[2025-09-25 10:50:37,594] {task_command.py:370} INFO - Running <TaskInstance: manga_prediction_pipeline.data_ingestion manual__2025-09-25T10:50:34+00:00 [running]> on host 19d9b7ffabd0
[2025-09-25 10:50:37,616] {taskinstance.py:1571} INFO - Exporting the following env vars:
AIRFLOW_CTX_DAG_OWNER=***
AIRFLOW_CTX_DAG_ID=manga_prediction_pipeline
AIRFLOW_CTX_TASK_ID=data_ingestion
AIRFLOW_CTX_EXECUTION_DATE=2025-09-25T10:50:34+00:00
AIRFLOW_CTX_TRY_NUMBER=1
AIRFLOW_CTX_DAG_RUN_ID=manual__2025-09-25T10:50:34+00:00
[2025-09-25 10:50:37,616] {logging_mixin.py:115} INFO - Reading data from /opt/***/data/manga.csv
[2025-09-25 10:50:37,928] {logging_mixin.py:115} INFO - Data read successfully. Shape: (66371, 26)
[2025-09-25 10:50:37,928] {logging_mixin.py:115} INFO - Attempting to connect to MariaDB at mariadb:3306/manga_db
[2025-09-25 10:50:37,949] {authentication.py:66} INFO - package: mysql.connector.plugins
[2025-09-25 10:50:37,950] {authentication.py:67} INFO - plugin_name: mysql_native_password
[2025-09-25 10:50:37,950] {authentication.py:71} INFO - AUTHENTICATION_PLUGIN_CLASS: MySQLNativePasswordAuthPlugin
[2025-09-25 10:50:37,952] {logging_mixin.py:115} INFO - Successfully connected to MariaDB.
[2025-09-25 10:50:37,953] {logging_mixin.py:115} INFO - Inserting into dim_manga_info...
[2025-09-25 10:51:05,407] {logging_mixin.py:115} INFO - dim_manga_info populated.
[2025-09-25 10:51:05,640] {logging_mixin.py:115} INFO - Inserting into dim_genres...
[2025-09-25 10:51:05,771] {logging_mixin.py:115} INFO - dim_genres populated.
[2025-09-25 10:51:05,773] {logging_mixin.py:115} INFO - Inserting into dim_authors...
[2025-09-25 10:51:05,864] {logging_mixin.py:115} INFO - dim_authors populated.
[2025-09-25 10:51:05,865] {logging_mixin.py:115} INFO - Inserting into dim_demographics...
[2025-09-25 10:51:05,974] {logging_mixin.py:115} INFO - dim_demographics populated.
[2025-09-25 10:51:05,975] {logging_mixin.py:115} INFO - Inserting into dim_serializations...
[2025-09-25 10:51:06,104] {logging_mixin.py:115} INFO - dim_serializations populated.
[2025-09-25 10:51:06,105] {logging_mixin.py:115} INFO - Inserting into fact_manga...
[2025-09-25 10:51:32,375] {logging_mixin.py:115} INFO - fact_manga populated.
[2025-09-25 10:51:32,375] {logging_mixin.py:115} INFO - Inserting into manga_secondary_genres...
[2025-09-25 10:51:33,412] {logging_mixin.py:115} INFO - manga_secondary_genres populated.
[2025-09-25 10:51:33,412] {logging_mixin.py:115} INFO - Data ingestion to MariaDB complete.
[2025-09-25 10:51:33,426] {python.py:173} INFO - Done. Returned value was: None
[2025-09-25 10:51:33,431] {taskinstance.py:1400} INFO - Marking task as SUCCESS. dag_id=manga_prediction_pipeline, task_id=data_ingestion, execution_date=20250925T105034, start_date=20250925T105037, end_date=20250925T105133
[2025-09-25 10:51:33,482] {local_task_job.py:156} INFO - Task exited with return code 0
[2025-09-25 10:51:33,495] {local_task_job.py:273} INFO - 1 downstream tasks scheduled from follow-on schedule check
