[2025-09-24 19:03:24,093] {taskinstance.py:1159} INFO - Dependencies all met for <TaskInstance: manga_prediction_pipeline.model_training manual__2025-09-24T19:03:19.598487+00:00 [queued]>
[2025-09-24 19:03:24,096] {taskinstance.py:1159} INFO - Dependencies all met for <TaskInstance: manga_prediction_pipeline.model_training manual__2025-09-24T19:03:19.598487+00:00 [queued]>
[2025-09-24 19:03:24,096] {taskinstance.py:1356} INFO - 
--------------------------------------------------------------------------------
[2025-09-24 19:03:24,096] {taskinstance.py:1357} INFO - Starting attempt 1 of 1
[2025-09-24 19:03:24,096] {taskinstance.py:1358} INFO - 
--------------------------------------------------------------------------------
[2025-09-24 19:03:24,100] {taskinstance.py:1377} INFO - Executing <Task(PythonOperator): model_training> on 2025-09-24 19:03:19.598487+00:00
[2025-09-24 19:03:24,102] {standard_task_runner.py:52} INFO - Started process 258 to run task
[2025-09-24 19:03:24,103] {standard_task_runner.py:79} INFO - Running: ['***', 'tasks', 'run', 'manga_prediction_pipeline', 'model_training', 'manual__2025-09-24T19:03:19.598487+00:00', '--job-id', '24', '--raw', '--subdir', 'DAGS_FOLDER/manga_prediction_pipeline.py', '--cfg-path', '/tmp/tmph87_bo7p', '--error-file', '/tmp/tmpl9ia_jve']
[2025-09-24 19:03:24,103] {standard_task_runner.py:80} INFO - Job 24: Subtask model_training
[2025-09-24 19:03:24,120] {task_command.py:370} INFO - Running <TaskInstance: manga_prediction_pipeline.model_training manual__2025-09-24T19:03:19.598487+00:00 [running]> on host 50bd396892d5
[2025-09-24 19:03:24,142] {taskinstance.py:1571} INFO - Exporting the following env vars:
AIRFLOW_CTX_DAG_OWNER=***
AIRFLOW_CTX_DAG_ID=manga_prediction_pipeline
AIRFLOW_CTX_TASK_ID=model_training
AIRFLOW_CTX_EXECUTION_DATE=2025-09-24T19:03:19.598487+00:00
AIRFLOW_CTX_TRY_NUMBER=1
AIRFLOW_CTX_DAG_RUN_ID=manual__2025-09-24T19:03:19.598487+00:00
[2025-09-24 19:03:24,143] {taskinstance.py:1889} ERROR - Task failed with exception
Traceback (most recent call last):
  File "/home/airflow/.local/lib/python3.7/site-packages/airflow/operators/python.py", line 171, in execute
    return_value = self.execute_callable()
  File "/home/airflow/.local/lib/python3.7/site-packages/airflow/operators/python.py", line 189, in execute_callable
    return self.python_callable(*self.op_args, **self.op_kwargs)
  File "/opt/airflow/dags/manga_prediction_pipeline.py", line 26, in _model_training
    import mlflow
ModuleNotFoundError: No module named 'mlflow'
[2025-09-24 19:03:24,145] {taskinstance.py:1400} INFO - Marking task as FAILED. dag_id=manga_prediction_pipeline, task_id=model_training, execution_date=20250924T190319, start_date=20250924T190324, end_date=20250924T190324
[2025-09-24 19:03:24,148] {standard_task_runner.py:97} ERROR - Failed to execute job 24 for task model_training (No module named 'mlflow'; 258)
[2025-09-24 19:03:24,160] {local_task_job.py:156} INFO - Task exited with return code 1
[2025-09-24 19:03:24,174] {local_task_job.py:273} INFO - 0 downstream tasks scheduled from follow-on schedule check
