[2025-09-25 10:52:23,348] {taskinstance.py:1159} INFO - Dependencies all met for <TaskInstance: manga_prediction_pipeline.data_ingestion manual__2025-09-25T10:52:20+00:00 [queued]>
[2025-09-25 10:52:23,351] {taskinstance.py:1159} INFO - Dependencies all met for <TaskInstance: manga_prediction_pipeline.data_ingestion manual__2025-09-25T10:52:20+00:00 [queued]>
[2025-09-25 10:52:23,351] {taskinstance.py:1356} INFO - 
--------------------------------------------------------------------------------
[2025-09-25 10:52:23,351] {taskinstance.py:1357} INFO - Starting attempt 1 of 1
[2025-09-25 10:52:23,351] {taskinstance.py:1358} INFO - 
--------------------------------------------------------------------------------
[2025-09-25 10:52:23,356] {taskinstance.py:1377} INFO - Executing <Task(PythonOperator): data_ingestion> on 2025-09-25 10:52:20+00:00
[2025-09-25 10:52:23,358] {standard_task_runner.py:52} INFO - Started process 1073 to run task
[2025-09-25 10:52:23,359] {standard_task_runner.py:79} INFO - Running: ['***', 'tasks', 'run', 'manga_prediction_pipeline', 'data_ingestion', 'manual__2025-09-25T10:52:20+00:00', '--job-id', '290', '--raw', '--subdir', 'DAGS_FOLDER/manga_prediction_pipeline.py', '--cfg-path', '/tmp/tmpuyq4_5rb', '--error-file', '/tmp/tmps3wzfrq2']
[2025-09-25 10:52:23,359] {standard_task_runner.py:80} INFO - Job 290: Subtask data_ingestion
[2025-09-25 10:52:23,375] {task_command.py:370} INFO - Running <TaskInstance: manga_prediction_pipeline.data_ingestion manual__2025-09-25T10:52:20+00:00 [running]> on host 19d9b7ffabd0
[2025-09-25 10:52:23,398] {taskinstance.py:1571} INFO - Exporting the following env vars:
AIRFLOW_CTX_DAG_OWNER=***
AIRFLOW_CTX_DAG_ID=manga_prediction_pipeline
AIRFLOW_CTX_TASK_ID=data_ingestion
AIRFLOW_CTX_EXECUTION_DATE=2025-09-25T10:52:20+00:00
AIRFLOW_CTX_TRY_NUMBER=1
AIRFLOW_CTX_DAG_RUN_ID=manual__2025-09-25T10:52:20+00:00
[2025-09-25 10:52:23,398] {logging_mixin.py:115} INFO - Reading data from /opt/***/data/manga.csv
[2025-09-25 10:52:23,717] {logging_mixin.py:115} INFO - Data read successfully. Shape: (66371, 26)
[2025-09-25 10:52:23,717] {logging_mixin.py:115} INFO - Attempting to connect to MariaDB at mariadb:3306/manga_db
[2025-09-25 10:52:23,739] {authentication.py:66} INFO - package: mysql.connector.plugins
[2025-09-25 10:52:23,740] {authentication.py:67} INFO - plugin_name: mysql_native_password
[2025-09-25 10:52:23,740] {authentication.py:71} INFO - AUTHENTICATION_PLUGIN_CLASS: MySQLNativePasswordAuthPlugin
[2025-09-25 10:52:23,743] {logging_mixin.py:115} INFO - Successfully connected to MariaDB.
[2025-09-25 10:52:23,743] {logging_mixin.py:115} INFO - Inserting into dim_manga_info...
[2025-09-25 10:52:50,923] {logging_mixin.py:115} INFO - dim_manga_info populated.
[2025-09-25 10:52:51,160] {logging_mixin.py:115} INFO - Inserting into dim_genres...
[2025-09-25 10:52:51,294] {logging_mixin.py:115} INFO - dim_genres populated.
[2025-09-25 10:52:51,295] {logging_mixin.py:115} INFO - Inserting into dim_authors...
[2025-09-25 10:52:51,386] {logging_mixin.py:115} INFO - dim_authors populated.
[2025-09-25 10:52:51,387] {logging_mixin.py:115} INFO - Inserting into dim_demographics...
[2025-09-25 10:52:51,519] {logging_mixin.py:115} INFO - dim_demographics populated.
[2025-09-25 10:52:51,520] {logging_mixin.py:115} INFO - Inserting into dim_serializations...
[2025-09-25 10:52:51,649] {logging_mixin.py:115} INFO - dim_serializations populated.
[2025-09-25 10:52:51,650] {logging_mixin.py:115} INFO - Inserting into fact_manga...
[2025-09-25 10:53:17,744] {logging_mixin.py:115} INFO - fact_manga populated.
[2025-09-25 10:53:17,744] {logging_mixin.py:115} INFO - Inserting into manga_secondary_genres...
[2025-09-25 10:53:18,793] {logging_mixin.py:115} INFO - manga_secondary_genres populated.
[2025-09-25 10:53:18,793] {logging_mixin.py:115} INFO - Data ingestion to MariaDB complete.
[2025-09-25 10:53:18,807] {python.py:173} INFO - Done. Returned value was: None
[2025-09-25 10:53:18,812] {taskinstance.py:1400} INFO - Marking task as SUCCESS. dag_id=manga_prediction_pipeline, task_id=data_ingestion, execution_date=20250925T105220, start_date=20250925T105223, end_date=20250925T105318
[2025-09-25 10:53:18,850] {local_task_job.py:156} INFO - Task exited with return code 0
[2025-09-25 10:53:18,861] {local_task_job.py:273} INFO - 1 downstream tasks scheduled from follow-on schedule check
