[2025-10-04 07:54:21,251] {taskinstance.py:1159} INFO - Dependencies all met for <TaskInstance: manga_prediction_pipeline.restart_model_serving_service manual__2025-10-04T07:53:05.406743+00:00 [queued]>
[2025-10-04 07:54:21,254] {taskinstance.py:1159} INFO - Dependencies all met for <TaskInstance: manga_prediction_pipeline.restart_model_serving_service manual__2025-10-04T07:53:05.406743+00:00 [queued]>
[2025-10-04 07:54:21,254] {taskinstance.py:1356} INFO - 
--------------------------------------------------------------------------------
[2025-10-04 07:54:21,254] {taskinstance.py:1357} INFO - Starting attempt 1 of 1
[2025-10-04 07:54:21,254] {taskinstance.py:1358} INFO - 
--------------------------------------------------------------------------------
[2025-10-04 07:54:21,259] {taskinstance.py:1377} INFO - Executing <Task(PythonOperator): restart_model_serving_service> on 2025-10-04 07:53:05.406743+00:00
[2025-10-04 07:54:21,261] {standard_task_runner.py:52} INFO - Started process 307 to run task
[2025-10-04 07:54:21,263] {standard_task_runner.py:79} INFO - Running: ['***', 'tasks', 'run', 'manga_prediction_pipeline', 'restart_model_serving_service', 'manual__2025-10-04T07:53:05.406743+00:00', '--job-id', '855', '--raw', '--subdir', 'DAGS_FOLDER/manga_prediction_pipeline.py', '--cfg-path', '/tmp/tmpcxw3nqjm', '--error-file', '/tmp/tmptzwupqj4']
[2025-10-04 07:54:21,263] {standard_task_runner.py:80} INFO - Job 855: Subtask restart_model_serving_service
[2025-10-04 07:54:21,281] {task_command.py:370} INFO - Running <TaskInstance: manga_prediction_pipeline.restart_model_serving_service manual__2025-10-04T07:53:05.406743+00:00 [running]> on host 43bde2c75940
[2025-10-04 07:54:21,304] {taskinstance.py:1571} INFO - Exporting the following env vars:
AIRFLOW_CTX_DAG_OWNER=***
AIRFLOW_CTX_DAG_ID=manga_prediction_pipeline
AIRFLOW_CTX_TASK_ID=restart_model_serving_service
AIRFLOW_CTX_EXECUTION_DATE=2025-10-04T07:53:05.406743+00:00
AIRFLOW_CTX_TRY_NUMBER=1
AIRFLOW_CTX_DAG_RUN_ID=manual__2025-10-04T07:53:05.406743+00:00
[2025-10-04 07:54:21,941] {logging_mixin.py:115} INFO - FastAPI app container restarted successfully.
[2025-10-04 07:54:21,941] {python.py:173} INFO - Done. Returned value was: None
[2025-10-04 07:54:21,950] {taskinstance.py:1400} INFO - Marking task as SUCCESS. dag_id=manga_prediction_pipeline, task_id=restart_model_serving_service, execution_date=20251004T075305, start_date=20251004T075421, end_date=20251004T075421
[2025-10-04 07:54:21,989] {local_task_job.py:156} INFO - Task exited with return code 0
[2025-10-04 07:54:22,021] {local_task_job.py:273} INFO - 1 downstream tasks scheduled from follow-on schedule check
