[2025-10-01 06:58:21,923] {taskinstance.py:1159} INFO - Dependencies all met for <TaskInstance: manga_prediction_pipeline.start_pipeline manual__2025-10-01T06:58:20+00:00 [queued]>
[2025-10-01 06:58:21,926] {taskinstance.py:1159} INFO - Dependencies all met for <TaskInstance: manga_prediction_pipeline.start_pipeline manual__2025-10-01T06:58:20+00:00 [queued]>
[2025-10-01 06:58:21,926] {taskinstance.py:1356} INFO - 
--------------------------------------------------------------------------------
[2025-10-01 06:58:21,926] {taskinstance.py:1357} INFO - Starting attempt 1 of 1
[2025-10-01 06:58:21,926] {taskinstance.py:1358} INFO - 
--------------------------------------------------------------------------------
[2025-10-01 06:58:21,931] {taskinstance.py:1377} INFO - Executing <Task(PythonOperator): start_pipeline> on 2025-10-01 06:58:20+00:00
[2025-10-01 06:58:21,933] {standard_task_runner.py:52} INFO - Started process 1099 to run task
[2025-10-01 06:58:21,935] {standard_task_runner.py:79} INFO - Running: ['***', 'tasks', 'run', 'manga_prediction_pipeline', 'start_pipeline', 'manual__2025-10-01T06:58:20+00:00', '--job-id', '343', '--raw', '--subdir', 'DAGS_FOLDER/manga_prediction_pipeline.py', '--cfg-path', '/tmp/tmp3emx4k9h', '--error-file', '/tmp/tmptsss6h9l']
[2025-10-01 06:58:21,935] {standard_task_runner.py:80} INFO - Job 343: Subtask start_pipeline
[2025-10-01 06:58:21,958] {task_command.py:370} INFO - Running <TaskInstance: manga_prediction_pipeline.start_pipeline manual__2025-10-01T06:58:20+00:00 [running]> on host 50f4d56b51ab
[2025-10-01 06:58:21,984] {taskinstance.py:1571} INFO - Exporting the following env vars:
AIRFLOW_CTX_DAG_OWNER=***
AIRFLOW_CTX_DAG_ID=manga_prediction_pipeline
AIRFLOW_CTX_TASK_ID=start_pipeline
AIRFLOW_CTX_EXECUTION_DATE=2025-10-01T06:58:20+00:00
AIRFLOW_CTX_TRY_NUMBER=1
AIRFLOW_CTX_DAG_RUN_ID=manual__2025-10-01T06:58:20+00:00
[2025-10-01 06:58:21,984] {logging_mixin.py:115} INFO - Pipeline started!
[2025-10-01 06:58:21,984] {python.py:173} INFO - Done. Returned value was: None
[2025-10-01 06:58:21,989] {taskinstance.py:1400} INFO - Marking task as SUCCESS. dag_id=manga_prediction_pipeline, task_id=start_pipeline, execution_date=20251001T065820, start_date=20251001T065821, end_date=20251001T065821
[2025-10-01 06:58:22,035] {local_task_job.py:156} INFO - Task exited with return code 0
[2025-10-01 06:58:22,051] {local_task_job.py:273} INFO - 1 downstream tasks scheduled from follow-on schedule check
