[2025-09-24 19:02:43,686] {taskinstance.py:1159} INFO - Dependencies all met for <TaskInstance: manga_prediction_pipeline.data_preprocessing manual__2025-09-24T18:57:06.101793+00:00 [queued]>
[2025-09-24 19:02:43,690] {taskinstance.py:1159} INFO - Dependencies all met for <TaskInstance: manga_prediction_pipeline.data_preprocessing manual__2025-09-24T18:57:06.101793+00:00 [queued]>
[2025-09-24 19:02:43,691] {taskinstance.py:1356} INFO - 
--------------------------------------------------------------------------------
[2025-09-24 19:02:43,691] {taskinstance.py:1357} INFO - Starting attempt 1 of 1
[2025-09-24 19:02:43,691] {taskinstance.py:1358} INFO - 
--------------------------------------------------------------------------------
[2025-09-24 19:02:43,697] {taskinstance.py:1377} INFO - Executing <Task(PythonOperator): data_preprocessing> on 2025-09-24 18:57:06.101793+00:00
[2025-09-24 19:02:43,699] {standard_task_runner.py:52} INFO - Started process 196 to run task
[2025-09-24 19:02:43,701] {standard_task_runner.py:79} INFO - Running: ['***', 'tasks', 'run', 'manga_prediction_pipeline', 'data_preprocessing', 'manual__2025-09-24T18:57:06.101793+00:00', '--job-id', '12', '--raw', '--subdir', 'DAGS_FOLDER/manga_prediction_pipeline.py', '--cfg-path', '/tmp/tmpd7va6lkl', '--error-file', '/tmp/tmpbznkml5j']
[2025-09-24 19:02:43,701] {standard_task_runner.py:80} INFO - Job 12: Subtask data_preprocessing
[2025-09-24 19:02:43,728] {task_command.py:370} INFO - Running <TaskInstance: manga_prediction_pipeline.data_preprocessing manual__2025-09-24T18:57:06.101793+00:00 [running]> on host 50bd396892d5
[2025-09-24 19:02:43,762] {taskinstance.py:1571} INFO - Exporting the following env vars:
AIRFLOW_CTX_DAG_OWNER=***
AIRFLOW_CTX_DAG_ID=manga_prediction_pipeline
AIRFLOW_CTX_TASK_ID=data_preprocessing
AIRFLOW_CTX_EXECUTION_DATE=2025-09-24T18:57:06.101793+00:00
AIRFLOW_CTX_TRY_NUMBER=1
AIRFLOW_CTX_DAG_RUN_ID=manual__2025-09-24T18:57:06.101793+00:00
[2025-09-24 19:02:43,763] {logging_mixin.py:115} INFO - Preprocessing data...
[2025-09-24 19:02:43,763] {python.py:173} INFO - Done. Returned value was: None
[2025-09-24 19:02:43,773] {taskinstance.py:1400} INFO - Marking task as SUCCESS. dag_id=manga_prediction_pipeline, task_id=data_preprocessing, execution_date=20250924T185706, start_date=20250924T190243, end_date=20250924T190243
[2025-09-24 19:02:43,797] {local_task_job.py:156} INFO - Task exited with return code 0
[2025-09-24 19:02:43,828] {local_task_job.py:273} INFO - 1 downstream tasks scheduled from follow-on schedule check
