[2025-09-25 08:07:56,990] {taskinstance.py:1159} INFO - Dependencies all met for <TaskInstance: manga_prediction_pipeline.data_preprocessing manual__2025-09-24T18:57:06.101793+00:00 [queued]>
[2025-09-25 08:07:56,995] {taskinstance.py:1159} INFO - Dependencies all met for <TaskInstance: manga_prediction_pipeline.data_preprocessing manual__2025-09-24T18:57:06.101793+00:00 [queued]>
[2025-09-25 08:07:56,995] {taskinstance.py:1356} INFO - 
--------------------------------------------------------------------------------
[2025-09-25 08:07:56,995] {taskinstance.py:1357} INFO - Starting attempt 2 of 2
[2025-09-25 08:07:56,996] {taskinstance.py:1358} INFO - 
--------------------------------------------------------------------------------
[2025-09-25 08:07:57,001] {taskinstance.py:1377} INFO - Executing <Task(PythonOperator): data_preprocessing> on 2025-09-24 18:57:06.101793+00:00
[2025-09-25 08:07:57,004] {standard_task_runner.py:52} INFO - Started process 1321 to run task
[2025-09-25 08:07:57,006] {standard_task_runner.py:79} INFO - Running: ['***', 'tasks', 'run', 'manga_prediction_pipeline', 'data_preprocessing', 'manual__2025-09-24T18:57:06.101793+00:00', '--job-id', '179', '--raw', '--subdir', 'DAGS_FOLDER/manga_prediction_pipeline.py', '--cfg-path', '/tmp/tmpsr78pwo9', '--error-file', '/tmp/tmp3f8d1r8i']
[2025-09-25 08:07:57,006] {standard_task_runner.py:80} INFO - Job 179: Subtask data_preprocessing
[2025-09-25 08:07:57,027] {task_command.py:370} INFO - Running <TaskInstance: manga_prediction_pipeline.data_preprocessing manual__2025-09-24T18:57:06.101793+00:00 [running]> on host 240518fe472e
[2025-09-25 08:07:57,054] {taskinstance.py:1571} INFO - Exporting the following env vars:
AIRFLOW_CTX_DAG_OWNER=***
AIRFLOW_CTX_DAG_ID=manga_prediction_pipeline
AIRFLOW_CTX_TASK_ID=data_preprocessing
AIRFLOW_CTX_EXECUTION_DATE=2025-09-24T18:57:06.101793+00:00
AIRFLOW_CTX_TRY_NUMBER=2
AIRFLOW_CTX_DAG_RUN_ID=manual__2025-09-24T18:57:06.101793+00:00
[2025-09-25 08:07:57,055] {logging_mixin.py:115} INFO - Reading staged data from /opt/***/data/staged/manga.parquet
[2025-09-25 08:07:57,156] {logging_mixin.py:115} INFO - Staged data read successfully. Shape: (66371, 26)
[2025-09-25 08:07:57,156] {logging_mixin.py:115} INFO - Dropping rows with missing scores. Original rows: 66371
[2025-09-25 08:07:57,164] {logging_mixin.py:115} INFO - Rows after dropping missing scores: 21795
[2025-09-25 08:07:57,164] {logging_mixin.py:115} INFO - Parsing 'genres' column...
[2025-09-25 08:07:57,233] {logging_mixin.py:115} INFO - Data preprocessing complete.
[2025-09-25 08:07:57,233] {logging_mixin.py:115} INFO - Saving processed data to /opt/***/data/processed/manga_processed.parquet
[2025-09-25 08:07:57,308] {logging_mixin.py:115} INFO - Processed data saved successfully.
[2025-09-25 08:07:57,311] {python.py:173} INFO - Done. Returned value was: None
[2025-09-25 08:07:57,316] {taskinstance.py:1400} INFO - Marking task as SUCCESS. dag_id=manga_prediction_pipeline, task_id=data_preprocessing, execution_date=20250924T185706, start_date=20250925T080756, end_date=20250925T080757
[2025-09-25 08:07:57,361] {local_task_job.py:156} INFO - Task exited with return code 0
[2025-09-25 08:07:57,376] {local_task_job.py:273} INFO - 1 downstream tasks scheduled from follow-on schedule check
