[2025-09-25 08:07:43,172] {taskinstance.py:1159} INFO - Dependencies all met for <TaskInstance: manga_prediction_pipeline.data_ingestion manual__2025-09-24T19:06:38.168788+00:00 [queued]>
[2025-09-25 08:07:43,175] {taskinstance.py:1159} INFO - Dependencies all met for <TaskInstance: manga_prediction_pipeline.data_ingestion manual__2025-09-24T19:06:38.168788+00:00 [queued]>
[2025-09-25 08:07:43,175] {taskinstance.py:1356} INFO - 
--------------------------------------------------------------------------------
[2025-09-25 08:07:43,176] {taskinstance.py:1357} INFO - Starting attempt 3 of 3
[2025-09-25 08:07:43,176] {taskinstance.py:1358} INFO - 
--------------------------------------------------------------------------------
[2025-09-25 08:07:43,180] {taskinstance.py:1377} INFO - Executing <Task(PythonOperator): data_ingestion> on 2025-09-24 19:06:38.168788+00:00
[2025-09-25 08:07:43,182] {standard_task_runner.py:52} INFO - Started process 1010 to run task
[2025-09-25 08:07:43,184] {standard_task_runner.py:79} INFO - Running: ['***', 'tasks', 'run', 'manga_prediction_pipeline', 'data_ingestion', 'manual__2025-09-24T19:06:38.168788+00:00', '--job-id', '160', '--raw', '--subdir', 'DAGS_FOLDER/manga_prediction_pipeline.py', '--cfg-path', '/tmp/tmpw436pval', '--error-file', '/tmp/tmpzxsos3tc']
[2025-09-25 08:07:43,184] {standard_task_runner.py:80} INFO - Job 160: Subtask data_ingestion
[2025-09-25 08:07:43,201] {task_command.py:370} INFO - Running <TaskInstance: manga_prediction_pipeline.data_ingestion manual__2025-09-24T19:06:38.168788+00:00 [running]> on host 240518fe472e
[2025-09-25 08:07:43,224] {taskinstance.py:1571} INFO - Exporting the following env vars:
AIRFLOW_CTX_DAG_OWNER=***
AIRFLOW_CTX_DAG_ID=manga_prediction_pipeline
AIRFLOW_CTX_TASK_ID=data_ingestion
AIRFLOW_CTX_EXECUTION_DATE=2025-09-24T19:06:38.168788+00:00
AIRFLOW_CTX_TRY_NUMBER=3
AIRFLOW_CTX_DAG_RUN_ID=manual__2025-09-24T19:06:38.168788+00:00
[2025-09-25 08:07:43,225] {logging_mixin.py:115} INFO - Reading data from /opt/***/data/manga.csv
[2025-09-25 08:07:43,546] {logging_mixin.py:115} INFO - Data ingested successfully. Shape: (66371, 26)
[2025-09-25 08:07:43,546] {logging_mixin.py:115} INFO - Saving data to /opt/***/data/staged/manga.parquet
[2025-09-25 08:07:43,698] {logging_mixin.py:115} INFO - Data saved successfully to staging area.
[2025-09-25 08:07:43,706] {python.py:173} INFO - Done. Returned value was: None
[2025-09-25 08:07:43,711] {taskinstance.py:1400} INFO - Marking task as SUCCESS. dag_id=manga_prediction_pipeline, task_id=data_ingestion, execution_date=20250924T190638, start_date=20250925T080743, end_date=20250925T080743
[2025-09-25 08:07:43,742] {local_task_job.py:156} INFO - Task exited with return code 0
[2025-09-25 08:07:43,758] {local_task_job.py:273} INFO - 1 downstream tasks scheduled from follow-on schedule check
