[2025-09-24 19:06:39,671] {taskinstance.py:1159} INFO - Dependencies all met for <TaskInstance: manga_prediction_pipeline.data_ingestion manual__2025-09-24T19:06:38.168788+00:00 [queued]>
[2025-09-24 19:06:39,673] {taskinstance.py:1159} INFO - Dependencies all met for <TaskInstance: manga_prediction_pipeline.data_ingestion manual__2025-09-24T19:06:38.168788+00:00 [queued]>
[2025-09-24 19:06:39,674] {taskinstance.py:1356} INFO - 
--------------------------------------------------------------------------------
[2025-09-24 19:06:39,674] {taskinstance.py:1357} INFO - Starting attempt 1 of 1
[2025-09-24 19:06:39,674] {taskinstance.py:1358} INFO - 
--------------------------------------------------------------------------------
[2025-09-24 19:06:39,678] {taskinstance.py:1377} INFO - Executing <Task(PythonOperator): data_ingestion> on 2025-09-24 19:06:38.168788+00:00
[2025-09-24 19:06:39,680] {standard_task_runner.py:52} INFO - Started process 300 to run task
[2025-09-24 19:06:39,681] {standard_task_runner.py:79} INFO - Running: ['***', 'tasks', 'run', 'manga_prediction_pipeline', 'data_ingestion', 'manual__2025-09-24T19:06:38.168788+00:00', '--job-id', '26', '--raw', '--subdir', 'DAGS_FOLDER/manga_prediction_pipeline.py', '--cfg-path', '/tmp/tmpng0c_rio', '--error-file', '/tmp/tmpfr35z4ng']
[2025-09-24 19:06:39,682] {standard_task_runner.py:80} INFO - Job 26: Subtask data_ingestion
[2025-09-24 19:06:39,701] {task_command.py:370} INFO - Running <TaskInstance: manga_prediction_pipeline.data_ingestion manual__2025-09-24T19:06:38.168788+00:00 [running]> on host 50bd396892d5
[2025-09-24 19:06:39,724] {taskinstance.py:1571} INFO - Exporting the following env vars:
AIRFLOW_CTX_DAG_OWNER=***
AIRFLOW_CTX_DAG_ID=manga_prediction_pipeline
AIRFLOW_CTX_TASK_ID=data_ingestion
AIRFLOW_CTX_EXECUTION_DATE=2025-09-24T19:06:38.168788+00:00
AIRFLOW_CTX_TRY_NUMBER=1
AIRFLOW_CTX_DAG_RUN_ID=manual__2025-09-24T19:06:38.168788+00:00
[2025-09-24 19:06:39,724] {logging_mixin.py:115} INFO - Reading data from /opt/***/data/manga.csv
[2025-09-24 19:06:40,048] {logging_mixin.py:115} INFO - Data ingested successfully. Shape: (66371, 26)
[2025-09-24 19:06:40,048] {logging_mixin.py:115} INFO - Saving data to /opt/***/data/staged/manga.parquet
[2025-09-24 19:06:40,195] {logging_mixin.py:115} INFO - Data saved successfully to staging area.
[2025-09-24 19:06:40,201] {python.py:173} INFO - Done. Returned value was: None
[2025-09-24 19:06:40,206] {taskinstance.py:1400} INFO - Marking task as SUCCESS. dag_id=manga_prediction_pipeline, task_id=data_ingestion, execution_date=20250924T190638, start_date=20250924T190639, end_date=20250924T190640
[2025-09-24 19:06:40,235] {local_task_job.py:156} INFO - Task exited with return code 0
[2025-09-24 19:06:40,250] {local_task_job.py:273} INFO - 1 downstream tasks scheduled from follow-on schedule check
