[2025-10-03 18:25:11,964] {taskinstance.py:1159} INFO - Dependencies all met for <TaskInstance: manga_prediction_pipeline.end_pipeline manual__2025-10-03T18:22:28.485623+00:00 [queued]>
[2025-10-03 18:25:11,967] {taskinstance.py:1159} INFO - Dependencies all met for <TaskInstance: manga_prediction_pipeline.end_pipeline manual__2025-10-03T18:22:28.485623+00:00 [queued]>
[2025-10-03 18:25:11,967] {taskinstance.py:1356} INFO - 
--------------------------------------------------------------------------------
[2025-10-03 18:25:11,967] {taskinstance.py:1357} INFO - Starting attempt 1 of 1
[2025-10-03 18:25:11,967] {taskinstance.py:1358} INFO - 
--------------------------------------------------------------------------------
[2025-10-03 18:25:11,972] {taskinstance.py:1377} INFO - Executing <Task(PythonOperator): end_pipeline> on 2025-10-03 18:22:28.485623+00:00
[2025-10-03 18:25:11,975] {standard_task_runner.py:52} INFO - Started process 354 to run task
[2025-10-03 18:25:11,976] {standard_task_runner.py:79} INFO - Running: ['***', 'tasks', 'run', 'manga_prediction_pipeline', 'end_pipeline', 'manual__2025-10-03T18:22:28.485623+00:00', '--job-id', '778', '--raw', '--subdir', 'DAGS_FOLDER/manga_prediction_pipeline.py', '--cfg-path', '/tmp/tmp2e3ur35g', '--error-file', '/tmp/tmp1uaf23d1']
[2025-10-03 18:25:11,977] {standard_task_runner.py:80} INFO - Job 778: Subtask end_pipeline
[2025-10-03 18:25:11,998] {task_command.py:370} INFO - Running <TaskInstance: manga_prediction_pipeline.end_pipeline manual__2025-10-03T18:22:28.485623+00:00 [running]> on host 5b14bb760d0c
[2025-10-03 18:25:12,023] {taskinstance.py:1571} INFO - Exporting the following env vars:
AIRFLOW_CTX_DAG_OWNER=***
AIRFLOW_CTX_DAG_ID=manga_prediction_pipeline
AIRFLOW_CTX_TASK_ID=end_pipeline
AIRFLOW_CTX_EXECUTION_DATE=2025-10-03T18:22:28.485623+00:00
AIRFLOW_CTX_TRY_NUMBER=1
AIRFLOW_CTX_DAG_RUN_ID=manual__2025-10-03T18:22:28.485623+00:00
[2025-10-03 18:25:12,023] {logging_mixin.py:115} INFO - Pipeline finished!
[2025-10-03 18:25:12,023] {python.py:173} INFO - Done. Returned value was: None
[2025-10-03 18:25:12,027] {taskinstance.py:1400} INFO - Marking task as SUCCESS. dag_id=manga_prediction_pipeline, task_id=end_pipeline, execution_date=20251003T182228, start_date=20251003T182511, end_date=20251003T182512
[2025-10-03 18:25:12,074] {local_task_job.py:156} INFO - Task exited with return code 0
[2025-10-03 18:25:12,086] {local_task_job.py:273} INFO - 0 downstream tasks scheduled from follow-on schedule check
