[2025-10-05 01:59:15,842] {taskinstance.py:1159} INFO - Dependencies all met for <TaskInstance: manga_prediction_pipeline.update_deployed_model_id manual__2025-10-05T01:57:56.817078+00:00 [queued]>
[2025-10-05 01:59:15,845] {taskinstance.py:1159} INFO - Dependencies all met for <TaskInstance: manga_prediction_pipeline.update_deployed_model_id manual__2025-10-05T01:57:56.817078+00:00 [queued]>
[2025-10-05 01:59:15,845] {taskinstance.py:1356} INFO - 
--------------------------------------------------------------------------------
[2025-10-05 01:59:15,845] {taskinstance.py:1357} INFO - Starting attempt 1 of 1
[2025-10-05 01:59:15,845] {taskinstance.py:1358} INFO - 
--------------------------------------------------------------------------------
[2025-10-05 01:59:15,850] {taskinstance.py:1377} INFO - Executing <Task(PythonOperator): update_deployed_model_id> on 2025-10-05 01:57:56.817078+00:00
[2025-10-05 01:59:15,853] {standard_task_runner.py:52} INFO - Started process 309 to run task
[2025-10-05 01:59:15,855] {standard_task_runner.py:79} INFO - Running: ['***', 'tasks', 'run', 'manga_prediction_pipeline', 'update_deployed_model_id', 'manual__2025-10-05T01:57:56.817078+00:00', '--job-id', '939', '--raw', '--subdir', 'DAGS_FOLDER/manga_prediction_pipeline.py', '--cfg-path', '/tmp/tmpjmt3nu5r', '--error-file', '/tmp/tmpt34udt2z']
[2025-10-05 01:59:15,855] {standard_task_runner.py:80} INFO - Job 939: Subtask update_deployed_model_id
[2025-10-05 01:59:15,877] {task_command.py:370} INFO - Running <TaskInstance: manga_prediction_pipeline.update_deployed_model_id manual__2025-10-05T01:57:56.817078+00:00 [running]> on host c93e58329bcf
[2025-10-05 01:59:15,902] {taskinstance.py:1571} INFO - Exporting the following env vars:
AIRFLOW_CTX_DAG_OWNER=***
AIRFLOW_CTX_DAG_ID=manga_prediction_pipeline
AIRFLOW_CTX_TASK_ID=update_deployed_model_id
AIRFLOW_CTX_EXECUTION_DATE=2025-10-05T01:57:56.817078+00:00
AIRFLOW_CTX_TRY_NUMBER=1
AIRFLOW_CTX_DAG_RUN_ID=manual__2025-10-05T01:57:56.817078+00:00
[2025-10-05 01:59:15,907] {logging_mixin.py:115} INFO - Updated latest_run_id.txt with run_id: 247ff92ede7c43d9ba4f2971dd68533f
[2025-10-05 01:59:15,907] {python.py:173} INFO - Done. Returned value was: None
[2025-10-05 01:59:15,911] {taskinstance.py:1400} INFO - Marking task as SUCCESS. dag_id=manga_prediction_pipeline, task_id=update_deployed_model_id, execution_date=20251005T015756, start_date=20251005T015915, end_date=20251005T015915
[2025-10-05 01:59:15,957] {local_task_job.py:156} INFO - Task exited with return code 0
[2025-10-05 01:59:15,975] {local_task_job.py:273} INFO - 1 downstream tasks scheduled from follow-on schedule check
