[2025-10-05 01:46:51,759] {taskinstance.py:1159} INFO - Dependencies all met for <TaskInstance: manga_prediction_pipeline.feature_engineering manual__2025-10-05T01:45:43.641396+00:00 [queued]>
[2025-10-05 01:46:51,762] {taskinstance.py:1159} INFO - Dependencies all met for <TaskInstance: manga_prediction_pipeline.feature_engineering manual__2025-10-05T01:45:43.641396+00:00 [queued]>
[2025-10-05 01:46:51,762] {taskinstance.py:1356} INFO - 
--------------------------------------------------------------------------------
[2025-10-05 01:46:51,762] {taskinstance.py:1357} INFO - Starting attempt 1 of 1
[2025-10-05 01:46:51,762] {taskinstance.py:1358} INFO - 
--------------------------------------------------------------------------------
[2025-10-05 01:46:51,767] {taskinstance.py:1377} INFO - Executing <Task(PythonOperator): feature_engineering> on 2025-10-05 01:45:43.641396+00:00
[2025-10-05 01:46:51,770] {standard_task_runner.py:52} INFO - Started process 269 to run task
[2025-10-05 01:46:51,771] {standard_task_runner.py:79} INFO - Running: ['***', 'tasks', 'run', 'manga_prediction_pipeline', 'feature_engineering', 'manual__2025-10-05T01:45:43.641396+00:00', '--job-id', '909', '--raw', '--subdir', 'DAGS_FOLDER/manga_prediction_pipeline.py', '--cfg-path', '/tmp/tmppmn8ovkm', '--error-file', '/tmp/tmpn_jcy2dn']
[2025-10-05 01:46:51,772] {standard_task_runner.py:80} INFO - Job 909: Subtask feature_engineering
[2025-10-05 01:46:51,791] {task_command.py:370} INFO - Running <TaskInstance: manga_prediction_pipeline.feature_engineering manual__2025-10-05T01:45:43.641396+00:00 [running]> on host b4121d8a0a4d
[2025-10-05 01:46:51,816] {taskinstance.py:1571} INFO - Exporting the following env vars:
AIRFLOW_CTX_DAG_OWNER=***
AIRFLOW_CTX_DAG_ID=manga_prediction_pipeline
AIRFLOW_CTX_TASK_ID=feature_engineering
AIRFLOW_CTX_EXECUTION_DATE=2025-10-05T01:45:43.641396+00:00
AIRFLOW_CTX_TRY_NUMBER=1
AIRFLOW_CTX_DAG_RUN_ID=manual__2025-10-05T01:45:43.641396+00:00
[2025-10-05 01:46:51,817] {logging_mixin.py:115} INFO - Reading processed data from /opt/***/data/processed/manga_processed.parquet
[2025-10-05 01:46:51,868] {logging_mixin.py:115} INFO - Processed data read successfully. Shape: (21795, 28)
[2025-10-05 01:46:51,876] {logging_mixin.py:115} INFO - Scaling numerical columns: ['members', 'favorites', 'scored_by', 'volumes', 'chapters']
[2025-10-05 01:46:51,878] {logging_mixin.py:115} INFO - One-hot encoding categorical columns: ['type']
[2025-10-05 01:46:51,884] {logging_mixin.py:115} INFO - Feature engineering complete.
[2025-10-05 01:46:51,884] {logging_mixin.py:115} INFO - Saving features to /opt/***/data/features/manga_features.parquet
[2025-10-05 01:46:51,936] {logging_mixin.py:115} INFO - Features saved successfully.
[2025-10-05 01:46:51,938] {python.py:173} INFO - Done. Returned value was: None
[2025-10-05 01:46:51,943] {taskinstance.py:1400} INFO - Marking task as SUCCESS. dag_id=manga_prediction_pipeline, task_id=feature_engineering, execution_date=20251005T014543, start_date=20251005T014651, end_date=20251005T014651
[2025-10-05 01:46:51,991] {local_task_job.py:156} INFO - Task exited with return code 0
[2025-10-05 01:46:52,006] {local_task_job.py:273} INFO - 0 downstream tasks scheduled from follow-on schedule check
