[2025-10-03 17:18:24,002] {taskinstance.py:1159} INFO - Dependencies all met for <TaskInstance: manga_prediction_pipeline.feature_engineering manual__2025-10-03T17:17:18.451621+00:00 [queued]>
[2025-10-03 17:18:24,006] {taskinstance.py:1159} INFO - Dependencies all met for <TaskInstance: manga_prediction_pipeline.feature_engineering manual__2025-10-03T17:17:18.451621+00:00 [queued]>
[2025-10-03 17:18:24,006] {taskinstance.py:1356} INFO - 
--------------------------------------------------------------------------------
[2025-10-03 17:18:24,006] {taskinstance.py:1357} INFO - Starting attempt 1 of 1
[2025-10-03 17:18:24,006] {taskinstance.py:1358} INFO - 
--------------------------------------------------------------------------------
[2025-10-03 17:18:24,010] {taskinstance.py:1377} INFO - Executing <Task(PythonOperator): feature_engineering> on 2025-10-03 17:17:18.451621+00:00
[2025-10-03 17:18:24,013] {standard_task_runner.py:52} INFO - Started process 400 to run task
[2025-10-03 17:18:24,015] {standard_task_runner.py:79} INFO - Running: ['***', 'tasks', 'run', 'manga_prediction_pipeline', 'feature_engineering', 'manual__2025-10-03T17:17:18.451621+00:00', '--job-id', '671', '--raw', '--subdir', 'DAGS_FOLDER/manga_prediction_pipeline.py', '--cfg-path', '/tmp/tmp8mtmcdp0', '--error-file', '/tmp/tmpjzb3nka9']
[2025-10-03 17:18:24,015] {standard_task_runner.py:80} INFO - Job 671: Subtask feature_engineering
[2025-10-03 17:18:24,039] {task_command.py:370} INFO - Running <TaskInstance: manga_prediction_pipeline.feature_engineering manual__2025-10-03T17:17:18.451621+00:00 [running]> on host 3365c167daed
[2025-10-03 17:18:24,063] {taskinstance.py:1571} INFO - Exporting the following env vars:
AIRFLOW_CTX_DAG_OWNER=***
AIRFLOW_CTX_DAG_ID=manga_prediction_pipeline
AIRFLOW_CTX_TASK_ID=feature_engineering
AIRFLOW_CTX_EXECUTION_DATE=2025-10-03T17:17:18.451621+00:00
AIRFLOW_CTX_TRY_NUMBER=1
AIRFLOW_CTX_DAG_RUN_ID=manual__2025-10-03T17:17:18.451621+00:00
[2025-10-03 17:18:24,064] {logging_mixin.py:115} INFO - Reading processed data from /opt/***/data/processed/manga_processed.parquet
[2025-10-03 17:18:24,110] {logging_mixin.py:115} INFO - Processed data read successfully. Shape: (21795, 28)
[2025-10-03 17:18:24,117] {logging_mixin.py:115} INFO - Scaling numerical columns: ['members', 'favorites', 'scored_by', 'volumes', 'chapters']
[2025-10-03 17:18:24,119] {logging_mixin.py:115} INFO - One-hot encoding categorical columns: ['type']
[2025-10-03 17:18:24,124] {logging_mixin.py:115} INFO - Feature engineering complete.
[2025-10-03 17:18:24,125] {logging_mixin.py:115} INFO - Saving features to /opt/***/data/features/manga_features.parquet
[2025-10-03 17:18:24,177] {logging_mixin.py:115} INFO - Features saved successfully.
[2025-10-03 17:18:24,179] {python.py:173} INFO - Done. Returned value was: None
[2025-10-03 17:18:24,183] {taskinstance.py:1400} INFO - Marking task as SUCCESS. dag_id=manga_prediction_pipeline, task_id=feature_engineering, execution_date=20251003T171718, start_date=20251003T171824, end_date=20251003T171824
[2025-10-03 17:18:24,194] {local_task_job.py:156} INFO - Task exited with return code 0
[2025-10-03 17:18:24,211] {local_task_job.py:273} INFO - 1 downstream tasks scheduled from follow-on schedule check
