[2025-09-25 08:48:07,365] {taskinstance.py:1159} INFO - Dependencies all met for <TaskInstance: manga_prediction_pipeline.feature_engineering manual__2025-09-25T08:48:02.689390+00:00 [queued]>
[2025-09-25 08:48:07,368] {taskinstance.py:1159} INFO - Dependencies all met for <TaskInstance: manga_prediction_pipeline.feature_engineering manual__2025-09-25T08:48:02.689390+00:00 [queued]>
[2025-09-25 08:48:07,368] {taskinstance.py:1356} INFO - 
--------------------------------------------------------------------------------
[2025-09-25 08:48:07,368] {taskinstance.py:1357} INFO - Starting attempt 1 of 1
[2025-09-25 08:48:07,368] {taskinstance.py:1358} INFO - 
--------------------------------------------------------------------------------
[2025-09-25 08:48:07,372] {taskinstance.py:1377} INFO - Executing <Task(PythonOperator): feature_engineering> on 2025-09-25 08:48:02.689390+00:00
[2025-09-25 08:48:07,375] {standard_task_runner.py:52} INFO - Started process 238 to run task
[2025-09-25 08:48:07,376] {standard_task_runner.py:79} INFO - Running: ['***', 'tasks', 'run', 'manga_prediction_pipeline', 'feature_engineering', 'manual__2025-09-25T08:48:02.689390+00:00', '--job-id', '213', '--raw', '--subdir', 'DAGS_FOLDER/manga_prediction_pipeline.py', '--cfg-path', '/tmp/tmpw2oq1_xj', '--error-file', '/tmp/tmp7kbpio_t']
[2025-09-25 08:48:07,376] {standard_task_runner.py:80} INFO - Job 213: Subtask feature_engineering
[2025-09-25 08:48:07,393] {task_command.py:370} INFO - Running <TaskInstance: manga_prediction_pipeline.feature_engineering manual__2025-09-25T08:48:02.689390+00:00 [running]> on host 7f26419dd611
[2025-09-25 08:48:07,415] {taskinstance.py:1571} INFO - Exporting the following env vars:
AIRFLOW_CTX_DAG_OWNER=***
AIRFLOW_CTX_DAG_ID=manga_prediction_pipeline
AIRFLOW_CTX_TASK_ID=feature_engineering
AIRFLOW_CTX_EXECUTION_DATE=2025-09-25T08:48:02.689390+00:00
AIRFLOW_CTX_TRY_NUMBER=1
AIRFLOW_CTX_DAG_RUN_ID=manual__2025-09-25T08:48:02.689390+00:00
[2025-09-25 08:48:07,416] {logging_mixin.py:115} INFO - Reading processed data from /opt/***/data/processed/manga_processed.parquet
[2025-09-25 08:48:07,460] {logging_mixin.py:115} INFO - Processed data read successfully. Shape: (21795, 26)
[2025-09-25 08:48:07,465] {logging_mixin.py:115} INFO - Scaling numerical columns: ['members', 'favorites', 'scored_by', 'volumes', 'chapters']
[2025-09-25 08:48:07,467] {logging_mixin.py:115} INFO - One-hot encoding categorical columns: ['type']
[2025-09-25 08:48:07,472] {logging_mixin.py:115} INFO - Feature engineering complete.
[2025-09-25 08:48:07,472] {logging_mixin.py:115} INFO - Saving features to /opt/***/data/features/manga_features.parquet
[2025-09-25 08:48:07,526] {logging_mixin.py:115} INFO - Features saved successfully.
[2025-09-25 08:48:07,529] {python.py:173} INFO - Done. Returned value was: None
[2025-09-25 08:48:07,534] {taskinstance.py:1400} INFO - Marking task as SUCCESS. dag_id=manga_prediction_pipeline, task_id=feature_engineering, execution_date=20250925T084802, start_date=20250925T084807, end_date=20250925T084807
[2025-09-25 08:48:07,558] {local_task_job.py:156} INFO - Task exited with return code 0
[2025-09-25 08:48:07,572] {local_task_job.py:273} INFO - 1 downstream tasks scheduled from follow-on schedule check
