[2025-10-02 02:37:16,059] {taskinstance.py:1159} INFO - Dependencies all met for <TaskInstance: manga_prediction_pipeline.model_training manual__2025-10-02T02:36:09.259829+00:00 [queued]>
[2025-10-02 02:37:16,062] {taskinstance.py:1159} INFO - Dependencies all met for <TaskInstance: manga_prediction_pipeline.model_training manual__2025-10-02T02:36:09.259829+00:00 [queued]>
[2025-10-02 02:37:16,062] {taskinstance.py:1356} INFO - 
--------------------------------------------------------------------------------
[2025-10-02 02:37:16,062] {taskinstance.py:1357} INFO - Starting attempt 1 of 1
[2025-10-02 02:37:16,062] {taskinstance.py:1358} INFO - 
--------------------------------------------------------------------------------
[2025-10-02 02:37:16,066] {taskinstance.py:1377} INFO - Executing <Task(PythonOperator): model_training> on 2025-10-02 02:36:09.259829+00:00
[2025-10-02 02:37:16,069] {standard_task_runner.py:52} INFO - Started process 267 to run task
[2025-10-02 02:37:16,070] {standard_task_runner.py:79} INFO - Running: ['***', 'tasks', 'run', 'manga_prediction_pipeline', 'model_training', 'manual__2025-10-02T02:36:09.259829+00:00', '--job-id', '564', '--raw', '--subdir', 'DAGS_FOLDER/manga_prediction_pipeline.py', '--cfg-path', '/tmp/tmpph3uto56', '--error-file', '/tmp/tmpr3e_iqur']
[2025-10-02 02:37:16,071] {standard_task_runner.py:80} INFO - Job 564: Subtask model_training
[2025-10-02 02:37:16,090] {task_command.py:370} INFO - Running <TaskInstance: manga_prediction_pipeline.model_training manual__2025-10-02T02:36:09.259829+00:00 [running]> on host 0ece9bef4294
[2025-10-02 02:37:16,114] {taskinstance.py:1571} INFO - Exporting the following env vars:
AIRFLOW_CTX_DAG_OWNER=***
AIRFLOW_CTX_DAG_ID=manga_prediction_pipeline
AIRFLOW_CTX_TASK_ID=model_training
AIRFLOW_CTX_EXECUTION_DATE=2025-10-02T02:36:09.259829+00:00
AIRFLOW_CTX_TRY_NUMBER=1
AIRFLOW_CTX_DAG_RUN_ID=manual__2025-10-02T02:36:09.259829+00:00
[2025-10-02 02:37:16,114] {logging_mixin.py:115} INFO - Reading feature-engineered data from /opt/***/data/processed/manga_processed.parquet
[2025-10-02 02:37:16,157] {logging_mixin.py:115} INFO - Feature-engineered data read successfully. Shape: (21795, 28)
[2025-10-02 02:37:16,161] {logging_mixin.py:115} INFO - Splitting data into training and testing sets...
[2025-10-02 02:37:16,163] {logging_mixin.py:115} INFO - X_train shape: (17436, 9), X_test shape: (4359, 9)
[2025-10-02 02:37:16,204] {logging_mixin.py:115} WARNING - 2025/10/02 02:37:16 WARNING mlflow.utils.git_utils: Failed to import Git (the Git executable is probably not on your PATH), so Git SHA is not available. Error: Failed to initialize: Bad git executable.
The git executable must be specified in one of the following ways:
    - be included in your $PATH
    - be set via $GIT_PYTHON_GIT_EXECUTABLE
    - explicitly set via git.refresh(<full-path-to-git-executable>)

All git commands will error until this is rectified.

This initial message can be silenced or aggravated in the future by setting the
$GIT_PYTHON_REFRESH environment variable. Use one of the following values:
    - quiet|q|silence|s|silent|none|n|0: for no message or exception
    - warn|w|warning|log|l|1: for a warning message (logging level CRITICAL, displayed by default)
    - error|e|exception|raise|r|2: for a raised exception

Example:
    export GIT_PYTHON_REFRESH=quiet
[2025-10-02 02:37:16,225] {logging_mixin.py:115} INFO - Training Random Forest Regressor model...
[2025-10-02 02:37:19,635] {logging_mixin.py:115} INFO - Model training complete.
[2025-10-02 02:37:19,691] {logging_mixin.py:115} INFO - MAE: 0.0108
[2025-10-02 02:37:19,691] {logging_mixin.py:115} INFO - MSE: 0.0020
[2025-10-02 02:37:19,691] {logging_mixin.py:115} INFO - RMSE: 0.0445
[2025-10-02 02:37:19,691] {logging_mixin.py:115} INFO - R2 Score: 0.9923
[2025-10-02 02:37:21,314] {logging_mixin.py:115} INFO - Model and metrics logged to MLflow.
[2025-10-02 02:37:21,324] {python.py:173} INFO - Done. Returned value was: bbb1e93256da4107a089cdfefec0e830
[2025-10-02 02:37:21,337] {taskinstance.py:1400} INFO - Marking task as SUCCESS. dag_id=manga_prediction_pipeline, task_id=model_training, execution_date=20251002T023609, start_date=20251002T023716, end_date=20251002T023721
[2025-10-02 02:37:21,383] {local_task_job.py:156} INFO - Task exited with return code 0
[2025-10-02 02:37:21,400] {local_task_job.py:273} INFO - 1 downstream tasks scheduled from follow-on schedule check
