[2025-10-01 06:59:32,320] {taskinstance.py:1159} INFO - Dependencies all met for <TaskInstance: manga_prediction_pipeline.end_pipeline manual__2025-10-01T06:58:20+00:00 [queued]>
[2025-10-01 06:59:32,324] {taskinstance.py:1159} INFO - Dependencies all met for <TaskInstance: manga_prediction_pipeline.end_pipeline manual__2025-10-01T06:58:20+00:00 [queued]>
[2025-10-01 06:59:32,324] {taskinstance.py:1356} INFO - 
--------------------------------------------------------------------------------
[2025-10-01 06:59:32,324] {taskinstance.py:1357} INFO - Starting attempt 1 of 1
[2025-10-01 06:59:32,324] {taskinstance.py:1358} INFO - 
--------------------------------------------------------------------------------
[2025-10-01 06:59:32,333] {taskinstance.py:1377} INFO - Executing <Task(PythonOperator): end_pipeline> on 2025-10-01 06:58:20+00:00
[2025-10-01 06:59:32,341] {standard_task_runner.py:52} INFO - Started process 1218 to run task
[2025-10-01 06:59:32,344] {standard_task_runner.py:79} INFO - Running: ['***', 'tasks', 'run', 'manga_prediction_pipeline', 'end_pipeline', 'manual__2025-10-01T06:58:20+00:00', '--job-id', '351', '--raw', '--subdir', 'DAGS_FOLDER/manga_prediction_pipeline.py', '--cfg-path', '/tmp/tmps3j6w33b', '--error-file', '/tmp/tmpxgytyrwa']
[2025-10-01 06:59:32,345] {standard_task_runner.py:80} INFO - Job 351: Subtask end_pipeline
[2025-10-01 06:59:32,388] {task_command.py:370} INFO - Running <TaskInstance: manga_prediction_pipeline.end_pipeline manual__2025-10-01T06:58:20+00:00 [running]> on host 50f4d56b51ab
[2025-10-01 06:59:32,417] {taskinstance.py:1571} INFO - Exporting the following env vars:
AIRFLOW_CTX_DAG_OWNER=***
AIRFLOW_CTX_DAG_ID=manga_prediction_pipeline
AIRFLOW_CTX_TASK_ID=end_pipeline
AIRFLOW_CTX_EXECUTION_DATE=2025-10-01T06:58:20+00:00
AIRFLOW_CTX_TRY_NUMBER=1
AIRFLOW_CTX_DAG_RUN_ID=manual__2025-10-01T06:58:20+00:00
[2025-10-01 06:59:32,417] {logging_mixin.py:115} INFO - Pipeline finished!
[2025-10-01 06:59:32,417] {python.py:173} INFO - Done. Returned value was: None
[2025-10-01 06:59:32,424] {taskinstance.py:1400} INFO - Marking task as SUCCESS. dag_id=manga_prediction_pipeline, task_id=end_pipeline, execution_date=20251001T065820, start_date=20251001T065932, end_date=20251001T065932
[2025-10-01 06:59:32,451] {local_task_job.py:156} INFO - Task exited with return code 0
[2025-10-01 06:59:32,464] {local_task_job.py:273} INFO - 0 downstream tasks scheduled from follow-on schedule check
