[2025-10-04 08:47:53,942] {taskinstance.py:1159} INFO - Dependencies all met for <TaskInstance: manga_prediction_pipeline.feature_engineering manual__2025-10-04T08:46:47.833941+00:00 [queued]>
[2025-10-04 08:47:53,945] {taskinstance.py:1159} INFO - Dependencies all met for <TaskInstance: manga_prediction_pipeline.feature_engineering manual__2025-10-04T08:46:47.833941+00:00 [queued]>
[2025-10-04 08:47:53,945] {taskinstance.py:1356} INFO - 
--------------------------------------------------------------------------------
[2025-10-04 08:47:53,945] {taskinstance.py:1357} INFO - Starting attempt 1 of 1
[2025-10-04 08:47:53,946] {taskinstance.py:1358} INFO - 
--------------------------------------------------------------------------------
[2025-10-04 08:47:53,950] {taskinstance.py:1377} INFO - Executing <Task(PythonOperator): feature_engineering> on 2025-10-04 08:46:47.833941+00:00
[2025-10-04 08:47:53,952] {standard_task_runner.py:52} INFO - Started process 243 to run task
[2025-10-04 08:47:53,954] {standard_task_runner.py:79} INFO - Running: ['***', 'tasks', 'run', 'manga_prediction_pipeline', 'feature_engineering', 'manual__2025-10-04T08:46:47.833941+00:00', '--job-id', '876', '--raw', '--subdir', 'DAGS_FOLDER/manga_prediction_pipeline.py', '--cfg-path', '/tmp/tmpuoasrain', '--error-file', '/tmp/tmpb5rfu6pf']
[2025-10-04 08:47:53,954] {standard_task_runner.py:80} INFO - Job 876: Subtask feature_engineering
[2025-10-04 08:47:53,972] {task_command.py:370} INFO - Running <TaskInstance: manga_prediction_pipeline.feature_engineering manual__2025-10-04T08:46:47.833941+00:00 [running]> on host c86500f2f485
[2025-10-04 08:47:53,995] {taskinstance.py:1571} INFO - Exporting the following env vars:
AIRFLOW_CTX_DAG_OWNER=***
AIRFLOW_CTX_DAG_ID=manga_prediction_pipeline
AIRFLOW_CTX_TASK_ID=feature_engineering
AIRFLOW_CTX_EXECUTION_DATE=2025-10-04T08:46:47.833941+00:00
AIRFLOW_CTX_TRY_NUMBER=1
AIRFLOW_CTX_DAG_RUN_ID=manual__2025-10-04T08:46:47.833941+00:00
[2025-10-04 08:47:53,996] {logging_mixin.py:115} INFO - Reading processed data from /opt/***/data/processed/manga_processed.parquet
[2025-10-04 08:47:54,039] {logging_mixin.py:115} INFO - Processed data read successfully. Shape: (21795, 28)
[2025-10-04 08:47:54,045] {logging_mixin.py:115} INFO - Scaling numerical columns: ['members', 'favorites', 'scored_by', 'volumes', 'chapters']
[2025-10-04 08:47:54,047] {logging_mixin.py:115} INFO - One-hot encoding categorical columns: ['type']
[2025-10-04 08:47:54,052] {logging_mixin.py:115} INFO - Feature engineering complete.
[2025-10-04 08:47:54,053] {logging_mixin.py:115} INFO - Saving features to /opt/***/data/features/manga_features.parquet
[2025-10-04 08:47:54,101] {logging_mixin.py:115} INFO - Features saved successfully.
[2025-10-04 08:47:54,103] {python.py:173} INFO - Done. Returned value was: None
[2025-10-04 08:47:54,108] {taskinstance.py:1400} INFO - Marking task as SUCCESS. dag_id=manga_prediction_pipeline, task_id=feature_engineering, execution_date=20251004T084647, start_date=20251004T084753, end_date=20251004T084754
[2025-10-04 08:47:54,135] {local_task_job.py:156} INFO - Task exited with return code 0
[2025-10-04 08:47:54,150] {local_task_job.py:273} INFO - 1 downstream tasks scheduled from follow-on schedule check
