[2025-09-25 10:57:00,354] {taskinstance.py:1159} INFO - Dependencies all met for <TaskInstance: manga_prediction_pipeline.data_ingestion manual__2025-09-25T10:56:56+00:00 [queued]>
[2025-09-25 10:57:00,357] {taskinstance.py:1159} INFO - Dependencies all met for <TaskInstance: manga_prediction_pipeline.data_ingestion manual__2025-09-25T10:56:56+00:00 [queued]>
[2025-09-25 10:57:00,357] {taskinstance.py:1356} INFO - 
--------------------------------------------------------------------------------
[2025-09-25 10:57:00,358] {taskinstance.py:1357} INFO - Starting attempt 1 of 1
[2025-09-25 10:57:00,358] {taskinstance.py:1358} INFO - 
--------------------------------------------------------------------------------
[2025-09-25 10:57:00,362] {taskinstance.py:1377} INFO - Executing <Task(PythonOperator): data_ingestion> on 2025-09-25 10:56:56+00:00
[2025-09-25 10:57:00,364] {standard_task_runner.py:52} INFO - Started process 1318 to run task
[2025-09-25 10:57:00,365] {standard_task_runner.py:79} INFO - Running: ['***', 'tasks', 'run', 'manga_prediction_pipeline', 'data_ingestion', 'manual__2025-09-25T10:56:56+00:00', '--job-id', '303', '--raw', '--subdir', 'DAGS_FOLDER/manga_prediction_pipeline.py', '--cfg-path', '/tmp/tmpqjxf85u4', '--error-file', '/tmp/tmpsrb_c90t']
[2025-09-25 10:57:00,365] {standard_task_runner.py:80} INFO - Job 303: Subtask data_ingestion
[2025-09-25 10:57:00,382] {task_command.py:370} INFO - Running <TaskInstance: manga_prediction_pipeline.data_ingestion manual__2025-09-25T10:56:56+00:00 [running]> on host 19d9b7ffabd0
[2025-09-25 10:57:00,404] {taskinstance.py:1571} INFO - Exporting the following env vars:
AIRFLOW_CTX_DAG_OWNER=***
AIRFLOW_CTX_DAG_ID=manga_prediction_pipeline
AIRFLOW_CTX_TASK_ID=data_ingestion
AIRFLOW_CTX_EXECUTION_DATE=2025-09-25T10:56:56+00:00
AIRFLOW_CTX_TRY_NUMBER=1
AIRFLOW_CTX_DAG_RUN_ID=manual__2025-09-25T10:56:56+00:00
[2025-09-25 10:57:00,404] {logging_mixin.py:115} INFO - Reading data from /opt/***/data/manga.csv
[2025-09-25 10:57:00,721] {logging_mixin.py:115} INFO - Data read successfully. Shape: (66371, 26)
[2025-09-25 10:57:00,721] {logging_mixin.py:115} INFO - Attempting to connect to MariaDB at mariadb:3306/manga_db
[2025-09-25 10:57:00,743] {authentication.py:66} INFO - package: mysql.connector.plugins
[2025-09-25 10:57:00,743] {authentication.py:67} INFO - plugin_name: mysql_native_password
[2025-09-25 10:57:00,744] {authentication.py:71} INFO - AUTHENTICATION_PLUGIN_CLASS: MySQLNativePasswordAuthPlugin
[2025-09-25 10:57:00,746] {logging_mixin.py:115} INFO - Successfully connected to MariaDB.
[2025-09-25 10:57:00,746] {logging_mixin.py:115} INFO - Inserting into dim_manga_info...
[2025-09-25 10:57:28,139] {logging_mixin.py:115} INFO - dim_manga_info populated.
[2025-09-25 10:57:28,373] {logging_mixin.py:115} INFO - Inserting into dim_genres...
[2025-09-25 10:57:28,507] {logging_mixin.py:115} INFO - dim_genres populated.
[2025-09-25 10:57:28,509] {logging_mixin.py:115} INFO - Inserting into dim_authors...
[2025-09-25 10:57:28,601] {logging_mixin.py:115} INFO - dim_authors populated.
[2025-09-25 10:57:28,602] {logging_mixin.py:115} INFO - Inserting into dim_demographics...
[2025-09-25 10:57:28,711] {logging_mixin.py:115} INFO - dim_demographics populated.
[2025-09-25 10:57:28,712] {logging_mixin.py:115} INFO - Inserting into dim_serializations...
[2025-09-25 10:57:28,840] {logging_mixin.py:115} INFO - dim_serializations populated.
[2025-09-25 10:57:28,841] {logging_mixin.py:115} INFO - Inserting into fact_manga...
[2025-09-25 10:57:54,583] {logging_mixin.py:115} INFO - fact_manga populated.
[2025-09-25 10:57:54,583] {logging_mixin.py:115} INFO - Inserting into manga_secondary_genres...
[2025-09-25 10:57:55,585] {logging_mixin.py:115} INFO - manga_secondary_genres populated.
[2025-09-25 10:57:55,585] {logging_mixin.py:115} INFO - Data ingestion to MariaDB complete.
[2025-09-25 10:57:55,598] {python.py:173} INFO - Done. Returned value was: None
[2025-09-25 10:57:55,604] {taskinstance.py:1400} INFO - Marking task as SUCCESS. dag_id=manga_prediction_pipeline, task_id=data_ingestion, execution_date=20250925T105656, start_date=20250925T105700, end_date=20250925T105755
[2025-09-25 10:57:55,633] {local_task_job.py:156} INFO - Task exited with return code 0
[2025-09-25 10:57:55,644] {local_task_job.py:273} INFO - 1 downstream tasks scheduled from follow-on schedule check
