[2025-09-25 01:32:15,643] {taskinstance.py:1159} INFO - Dependencies all met for <TaskInstance: manga_prediction_pipeline.feature_engineering manual__2025-09-25T01:32:11.681171+00:00 [queued]>
[2025-09-25 01:32:15,646] {taskinstance.py:1159} INFO - Dependencies all met for <TaskInstance: manga_prediction_pipeline.feature_engineering manual__2025-09-25T01:32:11.681171+00:00 [queued]>
[2025-09-25 01:32:15,646] {taskinstance.py:1356} INFO - 
--------------------------------------------------------------------------------
[2025-09-25 01:32:15,646] {taskinstance.py:1357} INFO - Starting attempt 1 of 1
[2025-09-25 01:32:15,646] {taskinstance.py:1358} INFO - 
--------------------------------------------------------------------------------
[2025-09-25 01:32:15,650] {taskinstance.py:1377} INFO - Executing <Task(PythonOperator): feature_engineering> on 2025-09-25 01:32:11.681171+00:00
[2025-09-25 01:32:15,652] {standard_task_runner.py:52} INFO - Started process 826 to run task
[2025-09-25 01:32:15,653] {standard_task_runner.py:79} INFO - Running: ['***', 'tasks', 'run', 'manga_prediction_pipeline', 'feature_engineering', 'manual__2025-09-25T01:32:11.681171+00:00', '--job-id', '42', '--raw', '--subdir', 'DAGS_FOLDER/manga_prediction_pipeline.py', '--cfg-path', '/tmp/tmpy0tfst38', '--error-file', '/tmp/tmp8h0ki6s2']
[2025-09-25 01:32:15,654] {standard_task_runner.py:80} INFO - Job 42: Subtask feature_engineering
[2025-09-25 01:32:15,672] {task_command.py:370} INFO - Running <TaskInstance: manga_prediction_pipeline.feature_engineering manual__2025-09-25T01:32:11.681171+00:00 [running]> on host 50bd396892d5
[2025-09-25 01:32:15,694] {taskinstance.py:1571} INFO - Exporting the following env vars:
AIRFLOW_CTX_DAG_OWNER=***
AIRFLOW_CTX_DAG_ID=manga_prediction_pipeline
AIRFLOW_CTX_TASK_ID=feature_engineering
AIRFLOW_CTX_EXECUTION_DATE=2025-09-25T01:32:11.681171+00:00
AIRFLOW_CTX_TRY_NUMBER=1
AIRFLOW_CTX_DAG_RUN_ID=manual__2025-09-25T01:32:11.681171+00:00
[2025-09-25 01:32:15,694] {logging_mixin.py:115} INFO - Performing feature engineering...
[2025-09-25 01:32:15,694] {python.py:173} INFO - Done. Returned value was: None
[2025-09-25 01:32:15,698] {taskinstance.py:1400} INFO - Marking task as SUCCESS. dag_id=manga_prediction_pipeline, task_id=feature_engineering, execution_date=20250925T013211, start_date=20250925T013215, end_date=20250925T013215
[2025-09-25 01:32:15,709] {local_task_job.py:156} INFO - Task exited with return code 0
[2025-09-25 01:32:15,722] {local_task_job.py:273} INFO - 1 downstream tasks scheduled from follow-on schedule check
