[2025-09-25 10:36:28,846] {taskinstance.py:1159} INFO - Dependencies all met for <TaskInstance: manga_prediction_pipeline.data_ingestion manual__2025-09-25T10:36:25+00:00 [queued]>
[2025-09-25 10:36:28,849] {taskinstance.py:1159} INFO - Dependencies all met for <TaskInstance: manga_prediction_pipeline.data_ingestion manual__2025-09-25T10:36:25+00:00 [queued]>
[2025-09-25 10:36:28,849] {taskinstance.py:1356} INFO - 
--------------------------------------------------------------------------------
[2025-09-25 10:36:28,849] {taskinstance.py:1357} INFO - Starting attempt 1 of 1
[2025-09-25 10:36:28,849] {taskinstance.py:1358} INFO - 
--------------------------------------------------------------------------------
[2025-09-25 10:36:28,854] {taskinstance.py:1377} INFO - Executing <Task(PythonOperator): data_ingestion> on 2025-09-25 10:36:25+00:00
[2025-09-25 10:36:28,856] {standard_task_runner.py:52} INFO - Started process 621 to run task
[2025-09-25 10:36:28,857] {standard_task_runner.py:79} INFO - Running: ['***', 'tasks', 'run', 'manga_prediction_pipeline', 'data_ingestion', 'manual__2025-09-25T10:36:25+00:00', '--job-id', '268', '--raw', '--subdir', 'DAGS_FOLDER/manga_prediction_pipeline.py', '--cfg-path', '/tmp/tmp4d2gip74', '--error-file', '/tmp/tmp_kao7e42']
[2025-09-25 10:36:28,857] {standard_task_runner.py:80} INFO - Job 268: Subtask data_ingestion
[2025-09-25 10:36:28,873] {task_command.py:370} INFO - Running <TaskInstance: manga_prediction_pipeline.data_ingestion manual__2025-09-25T10:36:25+00:00 [running]> on host 19d9b7ffabd0
[2025-09-25 10:36:28,896] {taskinstance.py:1571} INFO - Exporting the following env vars:
AIRFLOW_CTX_DAG_OWNER=***
AIRFLOW_CTX_DAG_ID=manga_prediction_pipeline
AIRFLOW_CTX_TASK_ID=data_ingestion
AIRFLOW_CTX_EXECUTION_DATE=2025-09-25T10:36:25+00:00
AIRFLOW_CTX_TRY_NUMBER=1
AIRFLOW_CTX_DAG_RUN_ID=manual__2025-09-25T10:36:25+00:00
[2025-09-25 10:36:28,896] {logging_mixin.py:115} INFO - Reading data from /opt/***/data/manga.csv
[2025-09-25 10:36:29,215] {logging_mixin.py:115} INFO - Data read successfully. Shape: (66371, 26)
[2025-09-25 10:36:29,215] {logging_mixin.py:115} INFO - Attempting to connect to MariaDB at mariadb:3306/manga_db
[2025-09-25 10:36:29,237] {authentication.py:66} INFO - package: mysql.connector.plugins
[2025-09-25 10:36:29,237] {authentication.py:67} INFO - plugin_name: mysql_native_password
[2025-09-25 10:36:29,238] {authentication.py:71} INFO - AUTHENTICATION_PLUGIN_CLASS: MySQLNativePasswordAuthPlugin
[2025-09-25 10:36:29,240] {logging_mixin.py:115} INFO - Successfully connected to MariaDB.
[2025-09-25 10:36:29,240] {logging_mixin.py:115} INFO - Inserting into dim_manga_info...
[2025-09-25 10:36:55,737] {logging_mixin.py:115} INFO - dim_manga_info populated.
[2025-09-25 10:36:55,970] {logging_mixin.py:115} INFO - Inserting into dim_genres...
[2025-09-25 10:36:56,104] {logging_mixin.py:115} INFO - dim_genres populated.
[2025-09-25 10:36:56,106] {logging_mixin.py:115} INFO - Inserting into dim_authors...
[2025-09-25 10:36:56,198] {logging_mixin.py:115} INFO - dim_authors populated.
[2025-09-25 10:36:56,199] {logging_mixin.py:115} INFO - Inserting into dim_demographics...
[2025-09-25 10:36:56,310] {logging_mixin.py:115} INFO - dim_demographics populated.
[2025-09-25 10:36:56,311] {logging_mixin.py:115} INFO - Inserting into dim_serializations...
[2025-09-25 10:36:56,436] {logging_mixin.py:115} INFO - dim_serializations populated.
[2025-09-25 10:36:56,437] {logging_mixin.py:115} INFO - Inserting into fact_manga...
[2025-09-25 10:36:56,466] {taskinstance.py:1889} ERROR - Task failed with exception
Traceback (most recent call last):
  File "/home/airflow/.local/lib/python3.7/site-packages/airflow/operators/python.py", line 171, in execute
    return_value = self.execute_callable()
  File "/home/airflow/.local/lib/python3.7/site-packages/airflow/operators/python.py", line 189, in execute_callable
    return self.python_callable(*self.op_args, **self.op_kwargs)
  File "/opt/airflow/src/data_ingestion.py", line 154, in ingest_data
    genres_list = json.loads(row['genres'])
  File "/usr/local/lib/python3.7/json/__init__.py", line 348, in loads
    return _default_decoder.decode(s)
  File "/usr/local/lib/python3.7/json/decoder.py", line 337, in decode
    obj, end = self.raw_decode(s, idx=_w(s, 0).end())
  File "/usr/local/lib/python3.7/json/decoder.py", line 355, in raw_decode
    raise JSONDecodeError("Expecting value", s, err.value) from None
json.decoder.JSONDecodeError: Expecting value: line 1 column 2 (char 1)
[2025-09-25 10:36:56,470] {taskinstance.py:1400} INFO - Marking task as FAILED. dag_id=manga_prediction_pipeline, task_id=data_ingestion, execution_date=20250925T103625, start_date=20250925T103628, end_date=20250925T103656
[2025-09-25 10:36:56,474] {standard_task_runner.py:97} ERROR - Failed to execute job 268 for task data_ingestion (Expecting value: line 1 column 2 (char 1); 621)
[2025-09-25 10:36:56,502] {local_task_job.py:156} INFO - Task exited with return code 1
[2025-09-25 10:36:56,514] {local_task_job.py:273} INFO - 0 downstream tasks scheduled from follow-on schedule check
