[2025-10-02 03:09:49,620] {processor.py:153} INFO - Started process (PID=171) to work on /opt/airflow/dags/manga_model_monitoring_dag.py
[2025-10-02 03:09:49,621] {processor.py:641} INFO - Processing file /opt/airflow/dags/manga_model_monitoring_dag.py for tasks to queue
[2025-10-02 03:09:49,622] {logging_mixin.py:115} INFO - [2025-10-02 03:09:49,622] {dagbag.py:507} INFO - Filling up the DagBag from /opt/airflow/dags/manga_model_monitoring_dag.py
[2025-10-02 03:09:50,833] {processor.py:651} INFO - DAG(s) dict_keys(['manga_model_monitoring_pipeline']) retrieved from /opt/airflow/dags/manga_model_monitoring_dag.py
[2025-10-02 03:09:50,864] {logging_mixin.py:115} INFO - [2025-10-02 03:09:50,864] {manager.py:508} INFO - Created Permission View: can read on DAG:manga_model_monitoring_pipeline
[2025-10-02 03:09:50,867] {logging_mixin.py:115} INFO - [2025-10-02 03:09:50,867] {manager.py:508} INFO - Created Permission View: can delete on DAG:manga_model_monitoring_pipeline
[2025-10-02 03:09:50,869] {logging_mixin.py:115} INFO - [2025-10-02 03:09:50,869] {manager.py:508} INFO - Created Permission View: can edit on DAG:manga_model_monitoring_pipeline
[2025-10-02 03:09:50,869] {logging_mixin.py:115} INFO - [2025-10-02 03:09:50,869] {dag.py:2379} INFO - Sync 1 DAGs
[2025-10-02 03:09:50,871] {logging_mixin.py:115} INFO - [2025-10-02 03:09:50,871] {dag.py:2398} INFO - Creating ORM DAG for manga_model_monitoring_pipeline
[2025-10-02 03:09:50,875] {logging_mixin.py:115} INFO - [2025-10-02 03:09:50,875] {dag.py:2931} INFO - Setting next_dagrun for manga_model_monitoring_pipeline to 2025-10-01T00:00:00+00:00, run_after=2025-10-02T00:00:00+00:00
[2025-10-02 03:09:50,881] {processor.py:161} INFO - Processing /opt/airflow/dags/manga_model_monitoring_dag.py took 1.262 seconds
[2025-10-02 03:10:21,042] {processor.py:153} INFO - Started process (PID=188) to work on /opt/airflow/dags/manga_model_monitoring_dag.py
[2025-10-02 03:10:21,043] {processor.py:641} INFO - Processing file /opt/airflow/dags/manga_model_monitoring_dag.py for tasks to queue
[2025-10-02 03:10:21,043] {logging_mixin.py:115} INFO - [2025-10-02 03:10:21,043] {dagbag.py:507} INFO - Filling up the DagBag from /opt/airflow/dags/manga_model_monitoring_dag.py
[2025-10-02 03:10:21,779] {processor.py:651} INFO - DAG(s) dict_keys(['manga_model_monitoring_pipeline']) retrieved from /opt/airflow/dags/manga_model_monitoring_dag.py
[2025-10-02 03:10:21,787] {logging_mixin.py:115} INFO - [2025-10-02 03:10:21,786] {dag.py:2379} INFO - Sync 1 DAGs
[2025-10-02 03:10:21,794] {logging_mixin.py:115} INFO - [2025-10-02 03:10:21,794] {dag.py:2931} INFO - Setting next_dagrun for manga_model_monitoring_pipeline to 2025-10-01T00:00:00+00:00, run_after=2025-10-02T00:00:00+00:00
[2025-10-02 03:10:21,797] {processor.py:161} INFO - Processing /opt/airflow/dags/manga_model_monitoring_dag.py took 0.757 seconds
[2025-10-02 03:10:51,921] {processor.py:153} INFO - Started process (PID=219) to work on /opt/airflow/dags/manga_model_monitoring_dag.py
[2025-10-02 03:10:51,921] {processor.py:641} INFO - Processing file /opt/airflow/dags/manga_model_monitoring_dag.py for tasks to queue
[2025-10-02 03:10:51,921] {logging_mixin.py:115} INFO - [2025-10-02 03:10:51,921] {dagbag.py:507} INFO - Filling up the DagBag from /opt/airflow/dags/manga_model_monitoring_dag.py
[2025-10-02 03:10:52,807] {processor.py:651} INFO - DAG(s) dict_keys(['manga_model_monitoring_pipeline']) retrieved from /opt/airflow/dags/manga_model_monitoring_dag.py
[2025-10-02 03:10:52,819] {logging_mixin.py:115} INFO - [2025-10-02 03:10:52,819] {dag.py:2379} INFO - Sync 1 DAGs
[2025-10-02 03:10:52,827] {logging_mixin.py:115} INFO - [2025-10-02 03:10:52,827] {dag.py:2931} INFO - Setting next_dagrun for manga_model_monitoring_pipeline to 2025-10-02T00:00:00+00:00, run_after=2025-10-03T00:00:00+00:00
[2025-10-02 03:10:52,831] {processor.py:161} INFO - Processing /opt/airflow/dags/manga_model_monitoring_dag.py took 0.912 seconds
[2025-10-02 03:11:22,922] {processor.py:153} INFO - Started process (PID=246) to work on /opt/airflow/dags/manga_model_monitoring_dag.py
[2025-10-02 03:11:22,922] {processor.py:641} INFO - Processing file /opt/airflow/dags/manga_model_monitoring_dag.py for tasks to queue
[2025-10-02 03:11:22,923] {logging_mixin.py:115} INFO - [2025-10-02 03:11:22,923] {dagbag.py:507} INFO - Filling up the DagBag from /opt/airflow/dags/manga_model_monitoring_dag.py
[2025-10-02 03:11:23,827] {processor.py:651} INFO - DAG(s) dict_keys(['manga_model_monitoring_pipeline']) retrieved from /opt/airflow/dags/manga_model_monitoring_dag.py
[2025-10-02 03:11:23,835] {logging_mixin.py:115} INFO - [2025-10-02 03:11:23,834] {dag.py:2379} INFO - Sync 1 DAGs
[2025-10-02 03:11:23,842] {logging_mixin.py:115} INFO - [2025-10-02 03:11:23,842] {dag.py:2931} INFO - Setting next_dagrun for manga_model_monitoring_pipeline to 2025-10-02T00:00:00+00:00, run_after=2025-10-03T00:00:00+00:00
[2025-10-02 03:11:23,846] {processor.py:161} INFO - Processing /opt/airflow/dags/manga_model_monitoring_dag.py took 0.926 seconds
[2025-10-02 03:11:54,113] {processor.py:153} INFO - Started process (PID=260) to work on /opt/airflow/dags/manga_model_monitoring_dag.py
[2025-10-02 03:11:54,113] {processor.py:641} INFO - Processing file /opt/airflow/dags/manga_model_monitoring_dag.py for tasks to queue
[2025-10-02 03:11:54,114] {logging_mixin.py:115} INFO - [2025-10-02 03:11:54,114] {dagbag.py:507} INFO - Filling up the DagBag from /opt/airflow/dags/manga_model_monitoring_dag.py
[2025-10-02 03:11:54,990] {processor.py:651} INFO - DAG(s) dict_keys(['manga_model_monitoring_pipeline']) retrieved from /opt/airflow/dags/manga_model_monitoring_dag.py
[2025-10-02 03:11:54,998] {logging_mixin.py:115} INFO - [2025-10-02 03:11:54,998] {dag.py:2379} INFO - Sync 1 DAGs
[2025-10-02 03:11:55,006] {logging_mixin.py:115} INFO - [2025-10-02 03:11:55,006] {dag.py:2931} INFO - Setting next_dagrun for manga_model_monitoring_pipeline to 2025-10-02T00:00:00+00:00, run_after=2025-10-03T00:00:00+00:00
[2025-10-02 03:11:55,010] {processor.py:161} INFO - Processing /opt/airflow/dags/manga_model_monitoring_dag.py took 0.899 seconds
[2025-10-02 03:12:25,100] {processor.py:153} INFO - Started process (PID=272) to work on /opt/airflow/dags/manga_model_monitoring_dag.py
[2025-10-02 03:12:25,100] {processor.py:641} INFO - Processing file /opt/airflow/dags/manga_model_monitoring_dag.py for tasks to queue
[2025-10-02 03:12:25,100] {logging_mixin.py:115} INFO - [2025-10-02 03:12:25,100] {dagbag.py:507} INFO - Filling up the DagBag from /opt/airflow/dags/manga_model_monitoring_dag.py
[2025-10-02 03:12:25,905] {processor.py:651} INFO - DAG(s) dict_keys(['manga_model_monitoring_pipeline']) retrieved from /opt/airflow/dags/manga_model_monitoring_dag.py
[2025-10-02 03:12:25,914] {logging_mixin.py:115} INFO - [2025-10-02 03:12:25,914] {dag.py:2379} INFO - Sync 1 DAGs
[2025-10-02 03:12:25,922] {logging_mixin.py:115} INFO - [2025-10-02 03:12:25,922] {dag.py:2931} INFO - Setting next_dagrun for manga_model_monitoring_pipeline to 2025-10-02T00:00:00+00:00, run_after=2025-10-03T00:00:00+00:00
[2025-10-02 03:12:25,926] {processor.py:161} INFO - Processing /opt/airflow/dags/manga_model_monitoring_dag.py took 0.828 seconds
[2025-10-02 03:12:56,159] {processor.py:153} INFO - Started process (PID=284) to work on /opt/airflow/dags/manga_model_monitoring_dag.py
[2025-10-02 03:12:56,159] {processor.py:641} INFO - Processing file /opt/airflow/dags/manga_model_monitoring_dag.py for tasks to queue
[2025-10-02 03:12:56,159] {logging_mixin.py:115} INFO - [2025-10-02 03:12:56,159] {dagbag.py:507} INFO - Filling up the DagBag from /opt/airflow/dags/manga_model_monitoring_dag.py
[2025-10-02 03:12:56,970] {processor.py:651} INFO - DAG(s) dict_keys(['manga_model_monitoring_pipeline']) retrieved from /opt/airflow/dags/manga_model_monitoring_dag.py
[2025-10-02 03:12:56,979] {logging_mixin.py:115} INFO - [2025-10-02 03:12:56,978] {dag.py:2379} INFO - Sync 1 DAGs
[2025-10-02 03:12:56,987] {logging_mixin.py:115} INFO - [2025-10-02 03:12:56,987] {dag.py:2931} INFO - Setting next_dagrun for manga_model_monitoring_pipeline to 2025-10-02T00:00:00+00:00, run_after=2025-10-03T00:00:00+00:00
[2025-10-02 03:12:56,991] {processor.py:161} INFO - Processing /opt/airflow/dags/manga_model_monitoring_dag.py took 0.834 seconds
[2025-10-02 03:13:27,091] {processor.py:153} INFO - Started process (PID=296) to work on /opt/airflow/dags/manga_model_monitoring_dag.py
[2025-10-02 03:13:27,091] {processor.py:641} INFO - Processing file /opt/airflow/dags/manga_model_monitoring_dag.py for tasks to queue
[2025-10-02 03:13:27,092] {logging_mixin.py:115} INFO - [2025-10-02 03:13:27,092] {dagbag.py:507} INFO - Filling up the DagBag from /opt/airflow/dags/manga_model_monitoring_dag.py
[2025-10-02 03:13:27,848] {processor.py:651} INFO - DAG(s) dict_keys(['manga_model_monitoring_pipeline']) retrieved from /opt/airflow/dags/manga_model_monitoring_dag.py
[2025-10-02 03:13:27,856] {logging_mixin.py:115} INFO - [2025-10-02 03:13:27,856] {dag.py:2379} INFO - Sync 1 DAGs
[2025-10-02 03:13:27,862] {logging_mixin.py:115} INFO - [2025-10-02 03:13:27,862] {dag.py:2931} INFO - Setting next_dagrun for manga_model_monitoring_pipeline to 2025-10-02T00:00:00+00:00, run_after=2025-10-03T00:00:00+00:00
[2025-10-02 03:13:27,867] {processor.py:161} INFO - Processing /opt/airflow/dags/manga_model_monitoring_dag.py took 0.779 seconds
[2025-10-02 03:13:58,409] {processor.py:153} INFO - Started process (PID=308) to work on /opt/airflow/dags/manga_model_monitoring_dag.py
[2025-10-02 03:13:58,410] {processor.py:641} INFO - Processing file /opt/airflow/dags/manga_model_monitoring_dag.py for tasks to queue
[2025-10-02 03:13:58,411] {logging_mixin.py:115} INFO - [2025-10-02 03:13:58,411] {dagbag.py:507} INFO - Filling up the DagBag from /opt/airflow/dags/manga_model_monitoring_dag.py
[2025-10-02 03:13:59,134] {processor.py:651} INFO - DAG(s) dict_keys(['manga_model_monitoring_pipeline']) retrieved from /opt/airflow/dags/manga_model_monitoring_dag.py
[2025-10-02 03:13:59,142] {logging_mixin.py:115} INFO - [2025-10-02 03:13:59,141] {dag.py:2379} INFO - Sync 1 DAGs
[2025-10-02 03:13:59,148] {logging_mixin.py:115} INFO - [2025-10-02 03:13:59,148] {dag.py:2931} INFO - Setting next_dagrun for manga_model_monitoring_pipeline to 2025-10-02T00:00:00+00:00, run_after=2025-10-03T00:00:00+00:00
[2025-10-02 03:13:59,151] {processor.py:161} INFO - Processing /opt/airflow/dags/manga_model_monitoring_dag.py took 0.746 seconds
[2025-10-02 03:31:13,900] {processor.py:153} INFO - Started process (PID=316) to work on /opt/airflow/dags/manga_model_monitoring_dag.py
[2025-10-02 03:31:13,902] {processor.py:641} INFO - Processing file /opt/airflow/dags/manga_model_monitoring_dag.py for tasks to queue
[2025-10-02 03:31:13,905] {logging_mixin.py:115} INFO - [2025-10-02 03:31:13,905] {dagbag.py:507} INFO - Filling up the DagBag from /opt/airflow/dags/manga_model_monitoring_dag.py
[2025-10-02 03:31:15,977] {processor.py:651} INFO - DAG(s) dict_keys(['manga_model_monitoring_pipeline']) retrieved from /opt/airflow/dags/manga_model_monitoring_dag.py
[2025-10-02 03:31:16,007] {logging_mixin.py:115} INFO - [2025-10-02 03:31:16,006] {dag.py:2379} INFO - Sync 1 DAGs
[2025-10-02 03:31:16,026] {logging_mixin.py:115} INFO - [2025-10-02 03:31:16,026] {dag.py:2931} INFO - Setting next_dagrun for manga_model_monitoring_pipeline to 2025-10-02T00:00:00+00:00, run_after=2025-10-03T00:00:00+00:00
[2025-10-02 03:31:16,041] {processor.py:161} INFO - Processing /opt/airflow/dags/manga_model_monitoring_dag.py took 2.151 seconds
[2025-10-02 05:01:11,802] {processor.py:153} INFO - Started process (PID=328) to work on /opt/airflow/dags/manga_model_monitoring_dag.py
[2025-10-02 05:01:11,802] {processor.py:641} INFO - Processing file /opt/airflow/dags/manga_model_monitoring_dag.py for tasks to queue
[2025-10-02 05:01:11,803] {logging_mixin.py:115} INFO - [2025-10-02 05:01:11,803] {dagbag.py:507} INFO - Filling up the DagBag from /opt/airflow/dags/manga_model_monitoring_dag.py
[2025-10-02 05:01:14,739] {processor.py:651} INFO - DAG(s) dict_keys(['manga_model_monitoring_pipeline']) retrieved from /opt/airflow/dags/manga_model_monitoring_dag.py
[2025-10-02 05:01:14,815] {logging_mixin.py:115} INFO - [2025-10-02 05:01:14,815] {dag.py:2379} INFO - Sync 1 DAGs
[2025-10-02 05:01:14,861] {logging_mixin.py:115} INFO - [2025-10-02 05:01:14,861] {dag.py:2931} INFO - Setting next_dagrun for manga_model_monitoring_pipeline to 2025-10-02T00:00:00+00:00, run_after=2025-10-03T00:00:00+00:00
[2025-10-02 05:01:14,918] {processor.py:161} INFO - Processing /opt/airflow/dags/manga_model_monitoring_dag.py took 3.120 seconds
[2025-10-02 05:49:47,374] {processor.py:153} INFO - Started process (PID=340) to work on /opt/airflow/dags/manga_model_monitoring_dag.py
[2025-10-02 05:49:47,375] {processor.py:641} INFO - Processing file /opt/airflow/dags/manga_model_monitoring_dag.py for tasks to queue
[2025-10-02 05:49:47,376] {logging_mixin.py:115} INFO - [2025-10-02 05:49:47,376] {dagbag.py:507} INFO - Filling up the DagBag from /opt/airflow/dags/manga_model_monitoring_dag.py
[2025-10-02 05:49:49,056] {processor.py:651} INFO - DAG(s) dict_keys(['manga_model_monitoring_pipeline']) retrieved from /opt/airflow/dags/manga_model_monitoring_dag.py
[2025-10-02 05:49:49,080] {logging_mixin.py:115} INFO - [2025-10-02 05:49:49,079] {dag.py:2379} INFO - Sync 1 DAGs
[2025-10-02 05:49:49,102] {logging_mixin.py:115} INFO - [2025-10-02 05:49:49,102] {dag.py:2931} INFO - Setting next_dagrun for manga_model_monitoring_pipeline to 2025-10-02T00:00:00+00:00, run_after=2025-10-03T00:00:00+00:00
[2025-10-02 05:49:49,110] {processor.py:161} INFO - Processing /opt/airflow/dags/manga_model_monitoring_dag.py took 1.740 seconds
[2025-10-02 07:01:20,035] {processor.py:153} INFO - Started process (PID=354) to work on /opt/airflow/dags/manga_model_monitoring_dag.py
[2025-10-02 07:01:20,035] {processor.py:641} INFO - Processing file /opt/airflow/dags/manga_model_monitoring_dag.py for tasks to queue
[2025-10-02 07:01:20,036] {logging_mixin.py:115} INFO - [2025-10-02 07:01:20,036] {dagbag.py:507} INFO - Filling up the DagBag from /opt/airflow/dags/manga_model_monitoring_dag.py
[2025-10-02 07:01:25,734] {processor.py:651} INFO - DAG(s) dict_keys(['manga_model_monitoring_pipeline']) retrieved from /opt/airflow/dags/manga_model_monitoring_dag.py
[2025-10-02 07:01:25,815] {logging_mixin.py:115} INFO - [2025-10-02 07:01:25,815] {dag.py:2379} INFO - Sync 1 DAGs
[2025-10-02 07:01:25,865] {logging_mixin.py:115} INFO - [2025-10-02 07:01:25,864] {dag.py:2931} INFO - Setting next_dagrun for manga_model_monitoring_pipeline to 2025-10-02T00:00:00+00:00, run_after=2025-10-03T00:00:00+00:00
[2025-10-02 07:01:25,898] {processor.py:161} INFO - Processing /opt/airflow/dags/manga_model_monitoring_dag.py took 5.867 seconds
[2025-10-02 07:13:52,637] {processor.py:153} INFO - Started process (PID=366) to work on /opt/airflow/dags/manga_model_monitoring_dag.py
[2025-10-02 07:13:52,638] {processor.py:641} INFO - Processing file /opt/airflow/dags/manga_model_monitoring_dag.py for tasks to queue
[2025-10-02 07:13:52,639] {logging_mixin.py:115} INFO - [2025-10-02 07:13:52,639] {dagbag.py:507} INFO - Filling up the DagBag from /opt/airflow/dags/manga_model_monitoring_dag.py
[2025-10-02 07:13:53,965] {processor.py:651} INFO - DAG(s) dict_keys(['manga_model_monitoring_pipeline']) retrieved from /opt/airflow/dags/manga_model_monitoring_dag.py
[2025-10-02 07:13:53,987] {logging_mixin.py:115} INFO - [2025-10-02 07:13:53,987] {dag.py:2379} INFO - Sync 1 DAGs
[2025-10-02 07:13:54,002] {logging_mixin.py:115} INFO - [2025-10-02 07:13:54,002] {dag.py:2931} INFO - Setting next_dagrun for manga_model_monitoring_pipeline to 2025-10-02T00:00:00+00:00, run_after=2025-10-03T00:00:00+00:00
[2025-10-02 07:13:54,013] {processor.py:161} INFO - Processing /opt/airflow/dags/manga_model_monitoring_dag.py took 1.380 seconds
[2025-10-02 08:07:23,434] {processor.py:153} INFO - Started process (PID=378) to work on /opt/airflow/dags/manga_model_monitoring_dag.py
[2025-10-02 08:07:23,436] {processor.py:641} INFO - Processing file /opt/airflow/dags/manga_model_monitoring_dag.py for tasks to queue
[2025-10-02 08:07:23,436] {logging_mixin.py:115} INFO - [2025-10-02 08:07:23,436] {dagbag.py:507} INFO - Filling up the DagBag from /opt/airflow/dags/manga_model_monitoring_dag.py
[2025-10-02 08:07:25,595] {processor.py:651} INFO - DAG(s) dict_keys(['manga_model_monitoring_pipeline']) retrieved from /opt/airflow/dags/manga_model_monitoring_dag.py
[2025-10-02 08:07:25,611] {logging_mixin.py:115} INFO - [2025-10-02 08:07:25,611] {dag.py:2379} INFO - Sync 1 DAGs
[2025-10-02 08:07:25,628] {logging_mixin.py:115} INFO - [2025-10-02 08:07:25,628] {dag.py:2931} INFO - Setting next_dagrun for manga_model_monitoring_pipeline to 2025-10-02T00:00:00+00:00, run_after=2025-10-03T00:00:00+00:00
[2025-10-02 08:07:25,636] {processor.py:161} INFO - Processing /opt/airflow/dags/manga_model_monitoring_dag.py took 2.207 seconds
[2025-10-02 09:19:09,299] {processor.py:153} INFO - Started process (PID=390) to work on /opt/airflow/dags/manga_model_monitoring_dag.py
[2025-10-02 09:19:09,300] {processor.py:641} INFO - Processing file /opt/airflow/dags/manga_model_monitoring_dag.py for tasks to queue
[2025-10-02 09:19:09,301] {logging_mixin.py:115} INFO - [2025-10-02 09:19:09,301] {dagbag.py:507} INFO - Filling up the DagBag from /opt/airflow/dags/manga_model_monitoring_dag.py
[2025-10-02 09:19:12,559] {processor.py:651} INFO - DAG(s) dict_keys(['manga_model_monitoring_pipeline']) retrieved from /opt/airflow/dags/manga_model_monitoring_dag.py
[2025-10-02 09:19:12,690] {logging_mixin.py:115} INFO - [2025-10-02 09:19:12,690] {dag.py:2379} INFO - Sync 1 DAGs
[2025-10-02 09:19:12,781] {logging_mixin.py:115} INFO - [2025-10-02 09:19:12,780] {dag.py:2931} INFO - Setting next_dagrun for manga_model_monitoring_pipeline to 2025-10-02T00:00:00+00:00, run_after=2025-10-03T00:00:00+00:00
[2025-10-02 09:19:12,838] {processor.py:161} INFO - Processing /opt/airflow/dags/manga_model_monitoring_dag.py took 3.546 seconds
[2025-10-02 10:36:16,297] {processor.py:153} INFO - Started process (PID=402) to work on /opt/airflow/dags/manga_model_monitoring_dag.py
[2025-10-02 10:36:16,297] {processor.py:641} INFO - Processing file /opt/airflow/dags/manga_model_monitoring_dag.py for tasks to queue
[2025-10-02 10:36:16,298] {logging_mixin.py:115} INFO - [2025-10-02 10:36:16,298] {dagbag.py:507} INFO - Filling up the DagBag from /opt/airflow/dags/manga_model_monitoring_dag.py
[2025-10-02 10:36:19,146] {processor.py:651} INFO - DAG(s) dict_keys(['manga_model_monitoring_pipeline']) retrieved from /opt/airflow/dags/manga_model_monitoring_dag.py
[2025-10-02 10:36:19,213] {logging_mixin.py:115} INFO - [2025-10-02 10:36:19,212] {dag.py:2379} INFO - Sync 1 DAGs
[2025-10-02 10:36:19,279] {logging_mixin.py:115} INFO - [2025-10-02 10:36:19,279] {dag.py:2931} INFO - Setting next_dagrun for manga_model_monitoring_pipeline to 2025-10-02T00:00:00+00:00, run_after=2025-10-03T00:00:00+00:00
[2025-10-02 10:36:19,333] {processor.py:161} INFO - Processing /opt/airflow/dags/manga_model_monitoring_dag.py took 3.034 seconds
[2025-10-02 12:03:45,931] {processor.py:153} INFO - Started process (PID=416) to work on /opt/airflow/dags/manga_model_monitoring_dag.py
[2025-10-02 12:03:45,931] {processor.py:641} INFO - Processing file /opt/airflow/dags/manga_model_monitoring_dag.py for tasks to queue
[2025-10-02 12:03:45,932] {logging_mixin.py:115} INFO - [2025-10-02 12:03:45,931] {dagbag.py:507} INFO - Filling up the DagBag from /opt/airflow/dags/manga_model_monitoring_dag.py
[2025-10-02 12:03:47,970] {processor.py:651} INFO - DAG(s) dict_keys(['manga_model_monitoring_pipeline']) retrieved from /opt/airflow/dags/manga_model_monitoring_dag.py
[2025-10-02 12:03:47,990] {logging_mixin.py:115} INFO - [2025-10-02 12:03:47,990] {dag.py:2379} INFO - Sync 1 DAGs
[2025-10-02 12:03:48,014] {logging_mixin.py:115} INFO - [2025-10-02 12:03:48,014] {dag.py:2931} INFO - Setting next_dagrun for manga_model_monitoring_pipeline to 2025-10-02T00:00:00+00:00, run_after=2025-10-03T00:00:00+00:00
[2025-10-02 12:03:48,028] {processor.py:161} INFO - Processing /opt/airflow/dags/manga_model_monitoring_dag.py took 2.100 seconds
[2025-10-02 13:15:03,724] {processor.py:153} INFO - Started process (PID=428) to work on /opt/airflow/dags/manga_model_monitoring_dag.py
[2025-10-02 13:15:03,726] {processor.py:641} INFO - Processing file /opt/airflow/dags/manga_model_monitoring_dag.py for tasks to queue
[2025-10-02 13:15:03,728] {logging_mixin.py:115} INFO - [2025-10-02 13:15:03,727] {dagbag.py:507} INFO - Filling up the DagBag from /opt/airflow/dags/manga_model_monitoring_dag.py
[2025-10-02 13:15:07,030] {processor.py:651} INFO - DAG(s) dict_keys(['manga_model_monitoring_pipeline']) retrieved from /opt/airflow/dags/manga_model_monitoring_dag.py
[2025-10-02 13:15:07,107] {logging_mixin.py:115} INFO - [2025-10-02 13:15:07,107] {dag.py:2379} INFO - Sync 1 DAGs
[2025-10-02 13:15:07,164] {logging_mixin.py:115} INFO - [2025-10-02 13:15:07,164] {dag.py:2931} INFO - Setting next_dagrun for manga_model_monitoring_pipeline to 2025-10-02T00:00:00+00:00, run_after=2025-10-03T00:00:00+00:00
[2025-10-02 13:15:07,189] {processor.py:161} INFO - Processing /opt/airflow/dags/manga_model_monitoring_dag.py took 3.472 seconds
[2025-10-02 14:12:20,588] {processor.py:153} INFO - Started process (PID=440) to work on /opt/airflow/dags/manga_model_monitoring_dag.py
[2025-10-02 14:12:20,590] {processor.py:641} INFO - Processing file /opt/airflow/dags/manga_model_monitoring_dag.py for tasks to queue
[2025-10-02 14:12:20,591] {logging_mixin.py:115} INFO - [2025-10-02 14:12:20,591] {dagbag.py:507} INFO - Filling up the DagBag from /opt/airflow/dags/manga_model_monitoring_dag.py
[2025-10-02 14:12:23,243] {processor.py:651} INFO - DAG(s) dict_keys(['manga_model_monitoring_pipeline']) retrieved from /opt/airflow/dags/manga_model_monitoring_dag.py
[2025-10-02 14:12:23,272] {logging_mixin.py:115} INFO - [2025-10-02 14:12:23,272] {dag.py:2379} INFO - Sync 1 DAGs
[2025-10-02 14:12:23,300] {logging_mixin.py:115} INFO - [2025-10-02 14:12:23,300] {dag.py:2931} INFO - Setting next_dagrun for manga_model_monitoring_pipeline to 2025-10-02T00:00:00+00:00, run_after=2025-10-03T00:00:00+00:00
[2025-10-02 14:12:23,324] {processor.py:161} INFO - Processing /opt/airflow/dags/manga_model_monitoring_dag.py took 2.742 seconds
[2025-10-02 15:40:32,305] {processor.py:153} INFO - Started process (PID=454) to work on /opt/airflow/dags/manga_model_monitoring_dag.py
[2025-10-02 15:40:32,306] {processor.py:641} INFO - Processing file /opt/airflow/dags/manga_model_monitoring_dag.py for tasks to queue
[2025-10-02 15:40:32,306] {logging_mixin.py:115} INFO - [2025-10-02 15:40:32,306] {dagbag.py:507} INFO - Filling up the DagBag from /opt/airflow/dags/manga_model_monitoring_dag.py
[2025-10-02 15:40:35,738] {processor.py:651} INFO - DAG(s) dict_keys(['manga_model_monitoring_pipeline']) retrieved from /opt/airflow/dags/manga_model_monitoring_dag.py
[2025-10-02 15:40:35,907] {logging_mixin.py:115} INFO - [2025-10-02 15:40:35,906] {dag.py:2379} INFO - Sync 1 DAGs
[2025-10-02 15:40:36,082] {logging_mixin.py:115} INFO - [2025-10-02 15:40:36,082] {dag.py:2931} INFO - Setting next_dagrun for manga_model_monitoring_pipeline to 2025-10-02T00:00:00+00:00, run_after=2025-10-03T00:00:00+00:00
[2025-10-02 15:40:36,174] {processor.py:161} INFO - Processing /opt/airflow/dags/manga_model_monitoring_dag.py took 3.872 seconds
[2025-10-02 16:58:09,220] {processor.py:153} INFO - Started process (PID=466) to work on /opt/airflow/dags/manga_model_monitoring_dag.py
[2025-10-02 16:58:09,221] {processor.py:641} INFO - Processing file /opt/airflow/dags/manga_model_monitoring_dag.py for tasks to queue
[2025-10-02 16:58:09,223] {logging_mixin.py:115} INFO - [2025-10-02 16:58:09,223] {dagbag.py:507} INFO - Filling up the DagBag from /opt/airflow/dags/manga_model_monitoring_dag.py
[2025-10-02 16:58:13,068] {processor.py:651} INFO - DAG(s) dict_keys(['manga_model_monitoring_pipeline']) retrieved from /opt/airflow/dags/manga_model_monitoring_dag.py
[2025-10-02 16:58:13,120] {logging_mixin.py:115} INFO - [2025-10-02 16:58:13,119] {dag.py:2379} INFO - Sync 1 DAGs
[2025-10-02 16:58:13,169] {logging_mixin.py:115} INFO - [2025-10-02 16:58:13,169] {dag.py:2931} INFO - Setting next_dagrun for manga_model_monitoring_pipeline to 2025-10-02T00:00:00+00:00, run_after=2025-10-03T00:00:00+00:00
[2025-10-02 16:58:13,203] {processor.py:161} INFO - Processing /opt/airflow/dags/manga_model_monitoring_dag.py took 3.989 seconds
[2025-10-02 18:28:04,835] {processor.py:153} INFO - Started process (PID=478) to work on /opt/airflow/dags/manga_model_monitoring_dag.py
[2025-10-02 18:28:04,836] {processor.py:641} INFO - Processing file /opt/airflow/dags/manga_model_monitoring_dag.py for tasks to queue
[2025-10-02 18:28:04,836] {logging_mixin.py:115} INFO - [2025-10-02 18:28:04,836] {dagbag.py:507} INFO - Filling up the DagBag from /opt/airflow/dags/manga_model_monitoring_dag.py
[2025-10-02 18:28:06,619] {processor.py:651} INFO - DAG(s) dict_keys(['manga_model_monitoring_pipeline']) retrieved from /opt/airflow/dags/manga_model_monitoring_dag.py
[2025-10-02 18:28:06,638] {logging_mixin.py:115} INFO - [2025-10-02 18:28:06,638] {dag.py:2379} INFO - Sync 1 DAGs
[2025-10-02 18:28:06,659] {logging_mixin.py:115} INFO - [2025-10-02 18:28:06,659] {dag.py:2931} INFO - Setting next_dagrun for manga_model_monitoring_pipeline to 2025-10-02T00:00:00+00:00, run_after=2025-10-03T00:00:00+00:00
[2025-10-02 18:28:06,673] {processor.py:161} INFO - Processing /opt/airflow/dags/manga_model_monitoring_dag.py took 1.840 seconds
[2025-10-02 19:18:19,355] {processor.py:153} INFO - Started process (PID=490) to work on /opt/airflow/dags/manga_model_monitoring_dag.py
[2025-10-02 19:18:19,356] {processor.py:641} INFO - Processing file /opt/airflow/dags/manga_model_monitoring_dag.py for tasks to queue
[2025-10-02 19:18:19,357] {logging_mixin.py:115} INFO - [2025-10-02 19:18:19,357] {dagbag.py:507} INFO - Filling up the DagBag from /opt/airflow/dags/manga_model_monitoring_dag.py
[2025-10-02 19:18:20,618] {processor.py:651} INFO - DAG(s) dict_keys(['manga_model_monitoring_pipeline']) retrieved from /opt/airflow/dags/manga_model_monitoring_dag.py
[2025-10-02 19:18:20,631] {logging_mixin.py:115} INFO - [2025-10-02 19:18:20,631] {dag.py:2379} INFO - Sync 1 DAGs
[2025-10-02 19:18:20,646] {logging_mixin.py:115} INFO - [2025-10-02 19:18:20,646] {dag.py:2931} INFO - Setting next_dagrun for manga_model_monitoring_pipeline to 2025-10-02T00:00:00+00:00, run_after=2025-10-03T00:00:00+00:00
[2025-10-02 19:18:20,654] {processor.py:161} INFO - Processing /opt/airflow/dags/manga_model_monitoring_dag.py took 1.301 seconds
[2025-10-02 20:16:55,155] {processor.py:153} INFO - Started process (PID=503) to work on /opt/airflow/dags/manga_model_monitoring_dag.py
[2025-10-02 20:16:55,156] {processor.py:641} INFO - Processing file /opt/airflow/dags/manga_model_monitoring_dag.py for tasks to queue
[2025-10-02 20:16:55,157] {logging_mixin.py:115} INFO - [2025-10-02 20:16:55,157] {dagbag.py:507} INFO - Filling up the DagBag from /opt/airflow/dags/manga_model_monitoring_dag.py
[2025-10-02 20:16:57,134] {processor.py:651} INFO - DAG(s) dict_keys(['manga_model_monitoring_pipeline']) retrieved from /opt/airflow/dags/manga_model_monitoring_dag.py
[2025-10-02 20:16:57,154] {logging_mixin.py:115} INFO - [2025-10-02 20:16:57,154] {dag.py:2379} INFO - Sync 1 DAGs
[2025-10-02 20:16:57,175] {logging_mixin.py:115} INFO - [2025-10-02 20:16:57,175] {dag.py:2931} INFO - Setting next_dagrun for manga_model_monitoring_pipeline to 2025-10-02T00:00:00+00:00, run_after=2025-10-03T00:00:00+00:00
[2025-10-02 20:16:57,190] {processor.py:161} INFO - Processing /opt/airflow/dags/manga_model_monitoring_dag.py took 2.043 seconds
[2025-10-02 21:31:07,566] {processor.py:153} INFO - Started process (PID=516) to work on /opt/airflow/dags/manga_model_monitoring_dag.py
[2025-10-02 21:31:07,566] {processor.py:641} INFO - Processing file /opt/airflow/dags/manga_model_monitoring_dag.py for tasks to queue
[2025-10-02 21:31:07,567] {logging_mixin.py:115} INFO - [2025-10-02 21:31:07,567] {dagbag.py:507} INFO - Filling up the DagBag from /opt/airflow/dags/manga_model_monitoring_dag.py
[2025-10-02 21:31:12,671] {processor.py:651} INFO - DAG(s) dict_keys(['manga_model_monitoring_pipeline']) retrieved from /opt/airflow/dags/manga_model_monitoring_dag.py
[2025-10-02 21:31:12,725] {logging_mixin.py:115} INFO - [2025-10-02 21:31:12,725] {dag.py:2379} INFO - Sync 1 DAGs
[2025-10-02 21:31:12,952] {logging_mixin.py:115} INFO - [2025-10-02 21:31:12,952] {dag.py:2931} INFO - Setting next_dagrun for manga_model_monitoring_pipeline to 2025-10-02T00:00:00+00:00, run_after=2025-10-03T00:00:00+00:00
[2025-10-02 21:31:12,996] {processor.py:161} INFO - Processing /opt/airflow/dags/manga_model_monitoring_dag.py took 5.434 seconds
[2025-10-02 22:21:51,435] {processor.py:153} INFO - Started process (PID=528) to work on /opt/airflow/dags/manga_model_monitoring_dag.py
[2025-10-02 22:21:51,437] {processor.py:641} INFO - Processing file /opt/airflow/dags/manga_model_monitoring_dag.py for tasks to queue
[2025-10-02 22:21:51,441] {logging_mixin.py:115} INFO - [2025-10-02 22:21:51,441] {dagbag.py:507} INFO - Filling up the DagBag from /opt/airflow/dags/manga_model_monitoring_dag.py
[2025-10-02 22:21:53,617] {processor.py:651} INFO - DAG(s) dict_keys(['manga_model_monitoring_pipeline']) retrieved from /opt/airflow/dags/manga_model_monitoring_dag.py
[2025-10-02 22:21:53,651] {logging_mixin.py:115} INFO - [2025-10-02 22:21:53,651] {dag.py:2379} INFO - Sync 1 DAGs
[2025-10-02 22:21:53,688] {logging_mixin.py:115} INFO - [2025-10-02 22:21:53,688] {dag.py:2931} INFO - Setting next_dagrun for manga_model_monitoring_pipeline to 2025-10-02T00:00:00+00:00, run_after=2025-10-03T00:00:00+00:00
[2025-10-02 22:21:53,770] {processor.py:161} INFO - Processing /opt/airflow/dags/manga_model_monitoring_dag.py took 2.342 seconds
[2025-10-02 22:49:33,793] {processor.py:153} INFO - Started process (PID=540) to work on /opt/airflow/dags/manga_model_monitoring_dag.py
[2025-10-02 22:49:33,794] {processor.py:641} INFO - Processing file /opt/airflow/dags/manga_model_monitoring_dag.py for tasks to queue
[2025-10-02 22:49:33,796] {logging_mixin.py:115} INFO - [2025-10-02 22:49:33,796] {dagbag.py:507} INFO - Filling up the DagBag from /opt/airflow/dags/manga_model_monitoring_dag.py
[2025-10-02 22:49:35,846] {processor.py:651} INFO - DAG(s) dict_keys(['manga_model_monitoring_pipeline']) retrieved from /opt/airflow/dags/manga_model_monitoring_dag.py
[2025-10-02 22:49:35,866] {logging_mixin.py:115} INFO - [2025-10-02 22:49:35,865] {dag.py:2379} INFO - Sync 1 DAGs
[2025-10-02 22:49:35,885] {logging_mixin.py:115} INFO - [2025-10-02 22:49:35,885] {dag.py:2931} INFO - Setting next_dagrun for manga_model_monitoring_pipeline to 2025-10-02T00:00:00+00:00, run_after=2025-10-03T00:00:00+00:00
[2025-10-02 22:49:35,902] {processor.py:161} INFO - Processing /opt/airflow/dags/manga_model_monitoring_dag.py took 2.125 seconds
