[2025-09-25 08:07:58,050] {taskinstance.py:1159} INFO - Dependencies all met for <TaskInstance: manga_prediction_pipeline.start_pipeline manual__2025-09-24T18:55:56.088695+00:00 [queued]>
[2025-09-25 08:07:58,054] {taskinstance.py:1159} INFO - Dependencies all met for <TaskInstance: manga_prediction_pipeline.start_pipeline manual__2025-09-24T18:55:56.088695+00:00 [queued]>
[2025-09-25 08:07:58,054] {taskinstance.py:1356} INFO - 
--------------------------------------------------------------------------------
[2025-09-25 08:07:58,054] {taskinstance.py:1357} INFO - Starting attempt 2 of 2
[2025-09-25 08:07:58,057] {taskinstance.py:1358} INFO - 
--------------------------------------------------------------------------------
[2025-09-25 08:07:58,063] {taskinstance.py:1377} INFO - Executing <Task(PythonOperator): start_pipeline> on 2025-09-24 18:55:56.088695+00:00
[2025-09-25 08:07:58,066] {standard_task_runner.py:52} INFO - Started process 1350 to run task
[2025-09-25 08:07:58,070] {standard_task_runner.py:79} INFO - Running: ['***', 'tasks', 'run', 'manga_prediction_pipeline', 'start_pipeline', 'manual__2025-09-24T18:55:56.088695+00:00', '--job-id', '182', '--raw', '--subdir', 'DAGS_FOLDER/manga_prediction_pipeline.py', '--cfg-path', '/tmp/tmp2t4qevpu', '--error-file', '/tmp/tmpxaqjox69']
[2025-09-25 08:07:58,070] {standard_task_runner.py:80} INFO - Job 182: Subtask start_pipeline
[2025-09-25 08:07:58,092] {task_command.py:370} INFO - Running <TaskInstance: manga_prediction_pipeline.start_pipeline manual__2025-09-24T18:55:56.088695+00:00 [running]> on host 240518fe472e
[2025-09-25 08:07:58,123] {taskinstance.py:1571} INFO - Exporting the following env vars:
AIRFLOW_CTX_DAG_OWNER=***
AIRFLOW_CTX_DAG_ID=manga_prediction_pipeline
AIRFLOW_CTX_TASK_ID=start_pipeline
AIRFLOW_CTX_EXECUTION_DATE=2025-09-24T18:55:56.088695+00:00
AIRFLOW_CTX_TRY_NUMBER=2
AIRFLOW_CTX_DAG_RUN_ID=manual__2025-09-24T18:55:56.088695+00:00
[2025-09-25 08:07:58,125] {logging_mixin.py:115} INFO - Pipeline started!
[2025-09-25 08:07:58,125] {python.py:173} INFO - Done. Returned value was: None
[2025-09-25 08:07:58,131] {taskinstance.py:1400} INFO - Marking task as SUCCESS. dag_id=manga_prediction_pipeline, task_id=start_pipeline, execution_date=20250924T185556, start_date=20250925T080758, end_date=20250925T080758
[2025-09-25 08:07:58,165] {local_task_job.py:156} INFO - Task exited with return code 0
[2025-09-25 08:07:58,186] {local_task_job.py:273} INFO - 1 downstream tasks scheduled from follow-on schedule check
