[2025-10-03 18:50:57,665] {taskinstance.py:1159} INFO - Dependencies all met for <TaskInstance: manga_prediction_pipeline.update_deployed_model_id manual__2025-10-03T18:49:44.118004+00:00 [queued]>
[2025-10-03 18:50:57,668] {taskinstance.py:1159} INFO - Dependencies all met for <TaskInstance: manga_prediction_pipeline.update_deployed_model_id manual__2025-10-03T18:49:44.118004+00:00 [queued]>
[2025-10-03 18:50:57,668] {taskinstance.py:1356} INFO - 
--------------------------------------------------------------------------------
[2025-10-03 18:50:57,668] {taskinstance.py:1357} INFO - Starting attempt 1 of 1
[2025-10-03 18:50:57,669] {taskinstance.py:1358} INFO - 
--------------------------------------------------------------------------------
[2025-10-03 18:50:57,673] {taskinstance.py:1377} INFO - Executing <Task(PythonOperator): update_deployed_model_id> on 2025-10-03 18:49:44.118004+00:00
[2025-10-03 18:50:57,676] {standard_task_runner.py:52} INFO - Started process 311 to run task
[2025-10-03 18:50:57,678] {standard_task_runner.py:79} INFO - Running: ['***', 'tasks', 'run', 'manga_prediction_pipeline', 'update_deployed_model_id', 'manual__2025-10-03T18:49:44.118004+00:00', '--job-id', '810', '--raw', '--subdir', 'DAGS_FOLDER/manga_prediction_pipeline.py', '--cfg-path', '/tmp/tmpi5bp0v3s', '--error-file', '/tmp/tmpq8frwcmg']
[2025-10-03 18:50:57,678] {standard_task_runner.py:80} INFO - Job 810: Subtask update_deployed_model_id
[2025-10-03 18:50:57,698] {task_command.py:370} INFO - Running <TaskInstance: manga_prediction_pipeline.update_deployed_model_id manual__2025-10-03T18:49:44.118004+00:00 [running]> on host 89ec741809c5
[2025-10-03 18:50:57,721] {taskinstance.py:1571} INFO - Exporting the following env vars:
AIRFLOW_CTX_DAG_OWNER=***
AIRFLOW_CTX_DAG_ID=manga_prediction_pipeline
AIRFLOW_CTX_TASK_ID=update_deployed_model_id
AIRFLOW_CTX_EXECUTION_DATE=2025-10-03T18:49:44.118004+00:00
AIRFLOW_CTX_TRY_NUMBER=1
AIRFLOW_CTX_DAG_RUN_ID=manual__2025-10-03T18:49:44.118004+00:00
[2025-10-03 18:50:57,725] {logging_mixin.py:115} INFO - Updated latest_run_id.txt with run_id: e07d5ce7d70e48a39ff0e5abf1cdfd15
[2025-10-03 18:50:57,725] {python.py:173} INFO - Done. Returned value was: None
[2025-10-03 18:50:57,729] {taskinstance.py:1400} INFO - Marking task as SUCCESS. dag_id=manga_prediction_pipeline, task_id=update_deployed_model_id, execution_date=20251003T184944, start_date=20251003T185057, end_date=20251003T185057
[2025-10-03 18:50:57,780] {local_task_job.py:156} INFO - Task exited with return code 0
[2025-10-03 18:50:57,796] {local_task_job.py:273} INFO - 1 downstream tasks scheduled from follow-on schedule check
