[2025-10-06 14:11:37,984] {taskinstance.py:1159} INFO - Dependencies all met for <TaskInstance: manga_prediction_pipeline.data_ingestion manual__2025-10-06T14:11:31+00:00 [queued]>
[2025-10-06 14:11:37,987] {taskinstance.py:1159} INFO - Dependencies all met for <TaskInstance: manga_prediction_pipeline.data_ingestion manual__2025-10-06T14:11:31+00:00 [queued]>
[2025-10-06 14:11:37,987] {taskinstance.py:1356} INFO - 
--------------------------------------------------------------------------------
[2025-10-06 14:11:37,987] {taskinstance.py:1357} INFO - Starting attempt 1 of 1
[2025-10-06 14:11:37,987] {taskinstance.py:1358} INFO - 
--------------------------------------------------------------------------------
[2025-10-06 14:11:37,992] {taskinstance.py:1377} INFO - Executing <Task(PythonOperator): data_ingestion> on 2025-10-06 14:11:31+00:00
[2025-10-06 14:11:37,995] {standard_task_runner.py:52} INFO - Started process 187 to run task
[2025-10-06 14:11:37,997] {standard_task_runner.py:79} INFO - Running: ['***', 'tasks', 'run', 'manga_prediction_pipeline', 'data_ingestion', 'manual__2025-10-06T14:11:31+00:00', '--job-id', '946', '--raw', '--subdir', 'DAGS_FOLDER/manga_prediction_pipeline.py', '--cfg-path', '/tmp/tmp9wnfvpsk', '--error-file', '/tmp/tmp56005qvk']
[2025-10-06 14:11:37,998] {standard_task_runner.py:80} INFO - Job 946: Subtask data_ingestion
[2025-10-06 14:11:38,015] {task_command.py:370} INFO - Running <TaskInstance: manga_prediction_pipeline.data_ingestion manual__2025-10-06T14:11:31+00:00 [running]> on host 0e51c00ae6d4
[2025-10-06 14:11:38,040] {taskinstance.py:1571} INFO - Exporting the following env vars:
AIRFLOW_CTX_DAG_OWNER=***
AIRFLOW_CTX_DAG_ID=manga_prediction_pipeline
AIRFLOW_CTX_TASK_ID=data_ingestion
AIRFLOW_CTX_EXECUTION_DATE=2025-10-06T14:11:31+00:00
AIRFLOW_CTX_TRY_NUMBER=1
AIRFLOW_CTX_DAG_RUN_ID=manual__2025-10-06T14:11:31+00:00
[2025-10-06 14:11:38,041] {logging_mixin.py:115} INFO - Reading data from /opt/***/data/manga.csv
[2025-10-06 14:11:39,073] {logging_mixin.py:115} INFO - Data read successfully. Shape: (66371, 26)
[2025-10-06 14:11:39,073] {logging_mixin.py:115} INFO - Attempting to connect to MariaDB at mariadb:3306/manga_db
[2025-10-06 14:11:39,103] {authentication.py:66} INFO - package: mysql.connector.plugins
[2025-10-06 14:11:39,103] {authentication.py:67} INFO - plugin_name: mysql_native_password
[2025-10-06 14:11:39,103] {authentication.py:71} INFO - AUTHENTICATION_PLUGIN_CLASS: MySQLNativePasswordAuthPlugin
[2025-10-06 14:11:39,106] {logging_mixin.py:115} INFO - Successfully connected to MariaDB.
[2025-10-06 14:11:39,106] {logging_mixin.py:115} INFO - Inserting into dim_manga_info...
[2025-10-06 14:12:07,828] {logging_mixin.py:115} INFO - dim_manga_info populated.
[2025-10-06 14:12:08,127] {logging_mixin.py:115} INFO - Inserting into dim_genres...
[2025-10-06 14:12:08,377] {logging_mixin.py:115} INFO - dim_genres populated.
[2025-10-06 14:12:08,380] {logging_mixin.py:115} INFO - Inserting into dim_authors...
[2025-10-06 14:12:08,470] {logging_mixin.py:115} INFO - dim_authors populated.
[2025-10-06 14:12:08,471] {logging_mixin.py:115} INFO - Inserting into dim_demographics...
[2025-10-06 14:12:08,594] {logging_mixin.py:115} INFO - dim_demographics populated.
[2025-10-06 14:12:08,595] {logging_mixin.py:115} INFO - Inserting into dim_serializations...
[2025-10-06 14:12:08,683] {logging_mixin.py:115} INFO - dim_serializations populated.
[2025-10-06 14:12:08,684] {logging_mixin.py:115} INFO - Inserting into fact_manga...
[2025-10-06 14:12:34,275] {logging_mixin.py:115} INFO - fact_manga populated.
[2025-10-06 14:12:34,275] {logging_mixin.py:115} INFO - Inserting into manga_secondary_genres...
[2025-10-06 14:12:35,324] {logging_mixin.py:115} INFO - manga_secondary_genres populated.
[2025-10-06 14:12:35,324] {logging_mixin.py:115} INFO - Data ingestion to MariaDB complete.
[2025-10-06 14:12:35,342] {python.py:173} INFO - Done. Returned value was: None
[2025-10-06 14:12:35,352] {taskinstance.py:1400} INFO - Marking task as SUCCESS. dag_id=manga_prediction_pipeline, task_id=data_ingestion, execution_date=20251006T141131, start_date=20251006T141137, end_date=20251006T141235
[2025-10-06 14:12:35,369] {local_task_job.py:156} INFO - Task exited with return code 0
[2025-10-06 14:12:35,391] {local_task_job.py:273} INFO - 0 downstream tasks scheduled from follow-on schedule check
