[2025-10-03 17:24:05,624] {taskinstance.py:1159} INFO - Dependencies all met for <TaskInstance: manga_prediction_pipeline.start_pipeline manual__2025-10-03T17:24:03.948000+00:00 [queued]>
[2025-10-03 17:24:05,626] {taskinstance.py:1159} INFO - Dependencies all met for <TaskInstance: manga_prediction_pipeline.start_pipeline manual__2025-10-03T17:24:03.948000+00:00 [queued]>
[2025-10-03 17:24:05,627] {taskinstance.py:1356} INFO - 
--------------------------------------------------------------------------------
[2025-10-03 17:24:05,627] {taskinstance.py:1357} INFO - Starting attempt 1 of 1
[2025-10-03 17:24:05,627] {taskinstance.py:1358} INFO - 
--------------------------------------------------------------------------------
[2025-10-03 17:24:05,631] {taskinstance.py:1377} INFO - Executing <Task(PythonOperator): start_pipeline> on 2025-10-03 17:24:03.948000+00:00
[2025-10-03 17:24:05,634] {standard_task_runner.py:52} INFO - Started process 186 to run task
[2025-10-03 17:24:05,635] {standard_task_runner.py:79} INFO - Running: ['***', 'tasks', 'run', 'manga_prediction_pipeline', 'start_pipeline', 'manual__2025-10-03T17:24:03.948000+00:00', '--job-id', '676', '--raw', '--subdir', 'DAGS_FOLDER/manga_prediction_pipeline.py', '--cfg-path', '/tmp/tmpg1x3ttea', '--error-file', '/tmp/tmpj7lirehj']
[2025-10-03 17:24:05,636] {standard_task_runner.py:80} INFO - Job 676: Subtask start_pipeline
[2025-10-03 17:24:05,655] {task_command.py:370} INFO - Running <TaskInstance: manga_prediction_pipeline.start_pipeline manual__2025-10-03T17:24:03.948000+00:00 [running]> on host 4ca00246f52f
[2025-10-03 17:24:05,683] {taskinstance.py:1571} INFO - Exporting the following env vars:
AIRFLOW_CTX_DAG_OWNER=***
AIRFLOW_CTX_DAG_ID=manga_prediction_pipeline
AIRFLOW_CTX_TASK_ID=start_pipeline
AIRFLOW_CTX_EXECUTION_DATE=2025-10-03T17:24:03.948000+00:00
AIRFLOW_CTX_TRY_NUMBER=1
AIRFLOW_CTX_DAG_RUN_ID=manual__2025-10-03T17:24:03.948000+00:00
[2025-10-03 17:24:05,683] {logging_mixin.py:115} INFO - Pipeline started!
[2025-10-03 17:24:05,683] {python.py:173} INFO - Done. Returned value was: None
[2025-10-03 17:24:05,687] {taskinstance.py:1400} INFO - Marking task as SUCCESS. dag_id=manga_prediction_pipeline, task_id=start_pipeline, execution_date=20251003T172403, start_date=20251003T172405, end_date=20251003T172405
[2025-10-03 17:24:05,737] {local_task_job.py:156} INFO - Task exited with return code 0
[2025-10-03 17:24:05,754] {local_task_job.py:273} INFO - 1 downstream tasks scheduled from follow-on schedule check
