[2025-10-03 18:55:18,965] {taskinstance.py:1159} INFO - Dependencies all met for <TaskInstance: manga_prediction_pipeline.update_deployed_model_id manual__2025-10-03T18:54:05.159638+00:00 [queued]>
[2025-10-03 18:55:18,968] {taskinstance.py:1159} INFO - Dependencies all met for <TaskInstance: manga_prediction_pipeline.update_deployed_model_id manual__2025-10-03T18:54:05.159638+00:00 [queued]>
[2025-10-03 18:55:18,968] {taskinstance.py:1356} INFO - 
--------------------------------------------------------------------------------
[2025-10-03 18:55:18,968] {taskinstance.py:1357} INFO - Starting attempt 1 of 1
[2025-10-03 18:55:18,968] {taskinstance.py:1358} INFO - 
--------------------------------------------------------------------------------
[2025-10-03 18:55:18,972] {taskinstance.py:1377} INFO - Executing <Task(PythonOperator): update_deployed_model_id> on 2025-10-03 18:54:05.159638+00:00
[2025-10-03 18:55:18,975] {standard_task_runner.py:52} INFO - Started process 305 to run task
[2025-10-03 18:55:18,977] {standard_task_runner.py:79} INFO - Running: ['***', 'tasks', 'run', 'manga_prediction_pipeline', 'update_deployed_model_id', 'manual__2025-10-03T18:54:05.159638+00:00', '--job-id', '821', '--raw', '--subdir', 'DAGS_FOLDER/manga_prediction_pipeline.py', '--cfg-path', '/tmp/tmpt1oa5y0b', '--error-file', '/tmp/tmp9r1bk8q8']
[2025-10-03 18:55:18,977] {standard_task_runner.py:80} INFO - Job 821: Subtask update_deployed_model_id
[2025-10-03 18:55:18,996] {task_command.py:370} INFO - Running <TaskInstance: manga_prediction_pipeline.update_deployed_model_id manual__2025-10-03T18:54:05.159638+00:00 [running]> on host 5dbb2ab1191e
[2025-10-03 18:55:19,020] {taskinstance.py:1571} INFO - Exporting the following env vars:
AIRFLOW_CTX_DAG_OWNER=***
AIRFLOW_CTX_DAG_ID=manga_prediction_pipeline
AIRFLOW_CTX_TASK_ID=update_deployed_model_id
AIRFLOW_CTX_EXECUTION_DATE=2025-10-03T18:54:05.159638+00:00
AIRFLOW_CTX_TRY_NUMBER=1
AIRFLOW_CTX_DAG_RUN_ID=manual__2025-10-03T18:54:05.159638+00:00
[2025-10-03 18:55:19,025] {logging_mixin.py:115} INFO - Updated latest_run_id.txt with run_id: 890edb300bd54d3bb0390f30a4068cf6
[2025-10-03 18:55:19,025] {python.py:173} INFO - Done. Returned value was: None
[2025-10-03 18:55:19,029] {taskinstance.py:1400} INFO - Marking task as SUCCESS. dag_id=manga_prediction_pipeline, task_id=update_deployed_model_id, execution_date=20251003T185405, start_date=20251003T185518, end_date=20251003T185519
[2025-10-03 18:55:19,076] {local_task_job.py:156} INFO - Task exited with return code 0
[2025-10-03 18:55:19,098] {local_task_job.py:273} INFO - 1 downstream tasks scheduled from follow-on schedule check
