[2025-10-01 18:55:53,932] {taskinstance.py:1159} INFO - Dependencies all met for <TaskInstance: manga_prediction_pipeline.start_pipeline manual__2025-10-01T18:55:52.179881+00:00 [queued]>
[2025-10-01 18:55:53,935] {taskinstance.py:1159} INFO - Dependencies all met for <TaskInstance: manga_prediction_pipeline.start_pipeline manual__2025-10-01T18:55:52.179881+00:00 [queued]>
[2025-10-01 18:55:53,935] {taskinstance.py:1356} INFO - 
--------------------------------------------------------------------------------
[2025-10-01 18:55:53,935] {taskinstance.py:1357} INFO - Starting attempt 1 of 1
[2025-10-01 18:55:53,935] {taskinstance.py:1358} INFO - 
--------------------------------------------------------------------------------
[2025-10-01 18:55:53,940] {taskinstance.py:1377} INFO - Executing <Task(PythonOperator): start_pipeline> on 2025-10-01 18:55:52.179881+00:00
[2025-10-01 18:55:53,943] {standard_task_runner.py:52} INFO - Started process 411 to run task
[2025-10-01 18:55:53,945] {standard_task_runner.py:79} INFO - Running: ['***', 'tasks', 'run', 'manga_prediction_pipeline', 'start_pipeline', 'manual__2025-10-01T18:55:52.179881+00:00', '--job-id', '443', '--raw', '--subdir', 'DAGS_FOLDER/manga_prediction_pipeline.py', '--cfg-path', '/tmp/tmpi693m6lu', '--error-file', '/tmp/tmpihm2b5wt']
[2025-10-01 18:55:53,946] {standard_task_runner.py:80} INFO - Job 443: Subtask start_pipeline
[2025-10-01 18:55:53,978] {task_command.py:370} INFO - Running <TaskInstance: manga_prediction_pipeline.start_pipeline manual__2025-10-01T18:55:52.179881+00:00 [running]> on host 475f6409a430
[2025-10-01 18:55:54,005] {taskinstance.py:1571} INFO - Exporting the following env vars:
AIRFLOW_CTX_DAG_OWNER=***
AIRFLOW_CTX_DAG_ID=manga_prediction_pipeline
AIRFLOW_CTX_TASK_ID=start_pipeline
AIRFLOW_CTX_EXECUTION_DATE=2025-10-01T18:55:52.179881+00:00
AIRFLOW_CTX_TRY_NUMBER=1
AIRFLOW_CTX_DAG_RUN_ID=manual__2025-10-01T18:55:52.179881+00:00
[2025-10-01 18:55:54,005] {logging_mixin.py:115} INFO - Pipeline started!
[2025-10-01 18:55:54,005] {python.py:173} INFO - Done. Returned value was: None
[2025-10-01 18:55:54,010] {taskinstance.py:1400} INFO - Marking task as SUCCESS. dag_id=manga_prediction_pipeline, task_id=start_pipeline, execution_date=20251001T185552, start_date=20251001T185553, end_date=20251001T185554
[2025-10-01 18:55:54,045] {local_task_job.py:156} INFO - Task exited with return code 0
[2025-10-01 18:55:54,062] {local_task_job.py:273} INFO - 1 downstream tasks scheduled from follow-on schedule check
