[2025-10-02 03:10:52,883] {taskinstance.py:1159} INFO - Dependencies all met for <TaskInstance: manga_model_monitoring_pipeline.start_monitoring manual__2025-10-02T03:10:51.197879+00:00 [queued]>
[2025-10-02 03:10:52,886] {taskinstance.py:1159} INFO - Dependencies all met for <TaskInstance: manga_model_monitoring_pipeline.start_monitoring manual__2025-10-02T03:10:51.197879+00:00 [queued]>
[2025-10-02 03:10:52,886] {taskinstance.py:1356} INFO - 
--------------------------------------------------------------------------------
[2025-10-02 03:10:52,886] {taskinstance.py:1357} INFO - Starting attempt 1 of 1
[2025-10-02 03:10:52,886] {taskinstance.py:1358} INFO - 
--------------------------------------------------------------------------------
[2025-10-02 03:10:52,890] {taskinstance.py:1377} INFO - Executing <Task(PythonOperator): start_monitoring> on 2025-10-02 03:10:51.197879+00:00
[2025-10-02 03:10:52,894] {standard_task_runner.py:52} INFO - Started process 227 to run task
[2025-10-02 03:10:52,895] {standard_task_runner.py:79} INFO - Running: ['***', 'tasks', 'run', 'manga_model_monitoring_pipeline', 'start_monitoring', 'manual__2025-10-02T03:10:51.197879+00:00', '--job-id', '602', '--raw', '--subdir', 'DAGS_FOLDER/manga_model_monitoring_dag.py', '--cfg-path', '/tmp/tmp0ugp5mh_', '--error-file', '/tmp/tmpeafj008m']
[2025-10-02 03:10:52,896] {standard_task_runner.py:80} INFO - Job 602: Subtask start_monitoring
[2025-10-02 03:10:52,915] {task_command.py:370} INFO - Running <TaskInstance: manga_model_monitoring_pipeline.start_monitoring manual__2025-10-02T03:10:51.197879+00:00 [running]> on host 7666b3210b0a
[2025-10-02 03:10:52,941] {taskinstance.py:1571} INFO - Exporting the following env vars:
AIRFLOW_CTX_DAG_OWNER=***
AIRFLOW_CTX_DAG_ID=manga_model_monitoring_pipeline
AIRFLOW_CTX_TASK_ID=start_monitoring
AIRFLOW_CTX_EXECUTION_DATE=2025-10-02T03:10:51.197879+00:00
AIRFLOW_CTX_TRY_NUMBER=1
AIRFLOW_CTX_DAG_RUN_ID=manual__2025-10-02T03:10:51.197879+00:00
[2025-10-02 03:10:52,941] {logging_mixin.py:115} INFO - Model monitoring pipeline started!
[2025-10-02 03:10:52,942] {python.py:173} INFO - Done. Returned value was: None
[2025-10-02 03:10:52,946] {taskinstance.py:1400} INFO - Marking task as SUCCESS. dag_id=manga_model_monitoring_pipeline, task_id=start_monitoring, execution_date=20251002T031051, start_date=20251002T031052, end_date=20251002T031052
[2025-10-02 03:10:52,952] {local_task_job.py:156} INFO - Task exited with return code 0
[2025-10-02 03:10:52,968] {local_task_job.py:273} INFO - 1 downstream tasks scheduled from follow-on schedule check
