[2025-10-02 03:10:49,834] {taskinstance.py:1159} INFO - Dependencies all met for <TaskInstance: manga_model_monitoring_pipeline.run_model_monitoring scheduled__2025-10-01T00:00:00+00:00 [queued]>
[2025-10-02 03:10:49,838] {taskinstance.py:1159} INFO - Dependencies all met for <TaskInstance: manga_model_monitoring_pipeline.run_model_monitoring scheduled__2025-10-01T00:00:00+00:00 [queued]>
[2025-10-02 03:10:49,838] {taskinstance.py:1356} INFO - 
--------------------------------------------------------------------------------
[2025-10-02 03:10:49,838] {taskinstance.py:1357} INFO - Starting attempt 1 of 1
[2025-10-02 03:10:49,838] {taskinstance.py:1358} INFO - 
--------------------------------------------------------------------------------
[2025-10-02 03:10:49,842] {taskinstance.py:1377} INFO - Executing <Task(PythonOperator): run_model_monitoring> on 2025-10-01 00:00:00+00:00
[2025-10-02 03:10:49,845] {standard_task_runner.py:52} INFO - Started process 201 to run task
[2025-10-02 03:10:49,847] {standard_task_runner.py:79} INFO - Running: ['***', 'tasks', 'run', 'manga_model_monitoring_pipeline', 'run_model_monitoring', 'scheduled__2025-10-01T00:00:00+00:00', '--job-id', '601', '--raw', '--subdir', 'DAGS_FOLDER/manga_model_monitoring_dag.py', '--cfg-path', '/tmp/tmplt2cggrz', '--error-file', '/tmp/tmp0ngvai6u']
[2025-10-02 03:10:49,847] {standard_task_runner.py:80} INFO - Job 601: Subtask run_model_monitoring
[2025-10-02 03:10:49,854] {logging_mixin.py:115} WARNING - /home/***/.local/lib/python3.7/site-packages/***/configuration.py:525 DeprecationWarning: The sql_alchemy_conn option in [core] has been moved to the sql_alchemy_conn option in [database] - the old setting has been used, but please update your config.
[2025-10-02 03:10:49,869] {task_command.py:370} INFO - Running <TaskInstance: manga_model_monitoring_pipeline.run_model_monitoring scheduled__2025-10-01T00:00:00+00:00 [running]> on host 7666b3210b0a
[2025-10-02 03:10:49,904] {taskinstance.py:1571} INFO - Exporting the following env vars:
AIRFLOW_CTX_DAG_OWNER=***
AIRFLOW_CTX_DAG_ID=manga_model_monitoring_pipeline
AIRFLOW_CTX_TASK_ID=run_model_monitoring
AIRFLOW_CTX_EXECUTION_DATE=2025-10-01T00:00:00+00:00
AIRFLOW_CTX_TRY_NUMBER=1
AIRFLOW_CTX_DAG_RUN_ID=scheduled__2025-10-01T00:00:00+00:00
[2025-10-02 03:10:49,904] {model_monitoring.py:26} INFO - Loading processed data from /opt/***/data/processed/manga_processed.parquet for monitoring.
[2025-10-02 03:10:49,983] {model_monitoring.py:28} INFO - Processed data loaded. Shape: (21795, 28)
[2025-10-02 03:10:50,014] {model_monitoring.py:49} INFO - NaNs in production_data['score'] before prediction: 0
[2025-10-02 03:10:50,015] {model_monitoring.py:50} INFO - Shape of production_data before prediction: (10897, 28)
[2025-10-02 03:12:15,537] {model_monitoring.py:64} INFO - Data Drift Report saved to /opt/***/data/monitoring_reports/data_drift_report.html
[2025-10-02 03:12:15,538] {model_monitoring.py:68} INFO - Fetching predictions from FastAPI app...
[2025-10-02 03:13:10,510] {taskinstance.py:1889} ERROR - Task failed with exception
Traceback (most recent call last):
  File "/home/airflow/.local/lib/python3.7/site-packages/airflow/operators/python.py", line 171, in execute
    return_value = self.execute_callable()
  File "/home/airflow/.local/lib/python3.7/site-packages/airflow/operators/python.py", line 189, in execute_callable
    return self.python_callable(*self.op_args, **self.op_kwargs)
  File "/opt/airflow/dags/manga_model_monitoring_dag.py", line 16, in _run_monitoring
    run_model_monitoring()
  File "/opt/airflow/src/model_monitoring.py", line 116, in run_model_monitoring
    column_mapping=regression_column_mapping)
  File "/home/airflow/.local/lib/python3.7/site-packages/evidently/report/report.py", line 99, in run
    column_mapping,
  File "/home/airflow/.local/lib/python3.7/site-packages/evidently/calculation_engine/python_engine.py", line 45, in get_data_definition
    return create_data_definition(reference_data, current_data, column_mapping)
  File "/home/airflow/.local/lib/python3.7/site-packages/evidently/utils/data_preprocessing.py", line 331, in create_data_definition
    mapping,
  File "/home/airflow/.local/lib/python3.7/site-packages/evidently/utils/data_preprocessing.py", line 199, in _prediction_column
    raise ValueError(f"Prediction column ({prediction}) is partially present in data")
ValueError: Prediction column (prediction) is partially present in data
[2025-10-02 03:13:10,522] {taskinstance.py:1400} INFO - Marking task as FAILED. dag_id=manga_model_monitoring_pipeline, task_id=run_model_monitoring, execution_date=20251001T000000, start_date=20251002T031049, end_date=20251002T031310
[2025-10-02 03:13:10,530] {standard_task_runner.py:97} ERROR - Failed to execute job 601 for task run_model_monitoring (Prediction column (prediction) is partially present in data; 201)
[2025-10-02 03:13:10,592] {local_task_job.py:156} INFO - Task exited with return code 1
[2025-10-02 03:13:10,612] {local_task_job.py:273} INFO - 0 downstream tasks scheduled from follow-on schedule check
