[2025-10-01 19:20:21,146] {taskinstance.py:1159} INFO - Dependencies all met for <TaskInstance: manga_prediction_pipeline.data_ingestion manual__2025-10-01T19:20:16.640405+00:00 [queued]>
[2025-10-01 19:20:21,149] {taskinstance.py:1159} INFO - Dependencies all met for <TaskInstance: manga_prediction_pipeline.data_ingestion manual__2025-10-01T19:20:16.640405+00:00 [queued]>
[2025-10-01 19:20:21,149] {taskinstance.py:1356} INFO - 
--------------------------------------------------------------------------------
[2025-10-01 19:20:21,149] {taskinstance.py:1357} INFO - Starting attempt 1 of 1
[2025-10-01 19:20:21,149] {taskinstance.py:1358} INFO - 
--------------------------------------------------------------------------------
[2025-10-01 19:20:21,153] {taskinstance.py:1377} INFO - Executing <Task(PythonOperator): data_ingestion> on 2025-10-01 19:20:16.640405+00:00
[2025-10-01 19:20:21,156] {standard_task_runner.py:52} INFO - Started process 199 to run task
[2025-10-01 19:20:21,158] {standard_task_runner.py:79} INFO - Running: ['***', 'tasks', 'run', 'manga_prediction_pipeline', 'data_ingestion', 'manual__2025-10-01T19:20:16.640405+00:00', '--job-id', '470', '--raw', '--subdir', 'DAGS_FOLDER/manga_prediction_pipeline.py', '--cfg-path', '/tmp/tmpbfcr5gn9', '--error-file', '/tmp/tmpu6j9vuvg']
[2025-10-01 19:20:21,158] {standard_task_runner.py:80} INFO - Job 470: Subtask data_ingestion
[2025-10-01 19:20:21,177] {task_command.py:370} INFO - Running <TaskInstance: manga_prediction_pipeline.data_ingestion manual__2025-10-01T19:20:16.640405+00:00 [running]> on host cc93eeee5f61
[2025-10-01 19:20:21,201] {taskinstance.py:1571} INFO - Exporting the following env vars:
AIRFLOW_CTX_DAG_OWNER=***
AIRFLOW_CTX_DAG_ID=manga_prediction_pipeline
AIRFLOW_CTX_TASK_ID=data_ingestion
AIRFLOW_CTX_EXECUTION_DATE=2025-10-01T19:20:16.640405+00:00
AIRFLOW_CTX_TRY_NUMBER=1
AIRFLOW_CTX_DAG_RUN_ID=manual__2025-10-01T19:20:16.640405+00:00
[2025-10-01 19:20:21,202] {logging_mixin.py:115} INFO - Reading data from /opt/***/data/manga.csv
[2025-10-01 19:20:21,550] {logging_mixin.py:115} INFO - Data read successfully. Shape: (66371, 26)
[2025-10-01 19:20:21,550] {logging_mixin.py:115} INFO - Attempting to connect to MariaDB at mariadb:3306/manga_db
[2025-10-01 19:20:21,574] {authentication.py:66} INFO - package: mysql.connector.plugins
[2025-10-01 19:20:21,574] {authentication.py:67} INFO - plugin_name: mysql_native_password
[2025-10-01 19:20:21,575] {authentication.py:71} INFO - AUTHENTICATION_PLUGIN_CLASS: MySQLNativePasswordAuthPlugin
[2025-10-01 19:20:21,577] {logging_mixin.py:115} INFO - Successfully connected to MariaDB.
[2025-10-01 19:20:21,577] {logging_mixin.py:115} INFO - Inserting into dim_manga_info...
[2025-10-01 19:20:50,176] {logging_mixin.py:115} INFO - dim_manga_info populated.
[2025-10-01 19:20:50,434] {logging_mixin.py:115} INFO - Inserting into dim_genres...
[2025-10-01 19:20:50,528] {logging_mixin.py:115} INFO - dim_genres populated.
[2025-10-01 19:20:50,530] {logging_mixin.py:115} INFO - Inserting into dim_authors...
[2025-10-01 19:20:50,717] {logging_mixin.py:115} INFO - dim_authors populated.
[2025-10-01 19:20:50,718] {logging_mixin.py:115} INFO - Inserting into dim_demographics...
[2025-10-01 19:20:50,861] {logging_mixin.py:115} INFO - dim_demographics populated.
[2025-10-01 19:20:50,863] {logging_mixin.py:115} INFO - Inserting into dim_serializations...
[2025-10-01 19:20:50,956] {logging_mixin.py:115} INFO - dim_serializations populated.
[2025-10-01 19:20:50,957] {logging_mixin.py:115} INFO - Inserting into fact_manga...
[2025-10-01 19:21:17,083] {logging_mixin.py:115} INFO - fact_manga populated.
[2025-10-01 19:21:17,084] {logging_mixin.py:115} INFO - Inserting into manga_secondary_genres...
[2025-10-01 19:21:18,095] {logging_mixin.py:115} INFO - manga_secondary_genres populated.
[2025-10-01 19:21:18,095] {logging_mixin.py:115} INFO - Data ingestion to MariaDB complete.
[2025-10-01 19:21:18,110] {python.py:173} INFO - Done. Returned value was: None
[2025-10-01 19:21:18,116] {taskinstance.py:1400} INFO - Marking task as SUCCESS. dag_id=manga_prediction_pipeline, task_id=data_ingestion, execution_date=20251001T192016, start_date=20251001T192021, end_date=20251001T192118
[2025-10-01 19:21:18,133] {local_task_job.py:156} INFO - Task exited with return code 0
[2025-10-01 19:21:18,149] {local_task_job.py:273} INFO - 1 downstream tasks scheduled from follow-on schedule check
