[2025-10-02 02:57:23,163] {taskinstance.py:1159} INFO - Dependencies all met for <TaskInstance: manga_prediction_pipeline.data_ingestion manual__2025-10-02T02:57:18.857738+00:00 [queued]>
[2025-10-02 02:57:23,166] {taskinstance.py:1159} INFO - Dependencies all met for <TaskInstance: manga_prediction_pipeline.data_ingestion manual__2025-10-02T02:57:18.857738+00:00 [queued]>
[2025-10-02 02:57:23,166] {taskinstance.py:1356} INFO - 
--------------------------------------------------------------------------------
[2025-10-02 02:57:23,166] {taskinstance.py:1357} INFO - Starting attempt 1 of 1
[2025-10-02 02:57:23,166] {taskinstance.py:1358} INFO - 
--------------------------------------------------------------------------------
[2025-10-02 02:57:23,170] {taskinstance.py:1377} INFO - Executing <Task(PythonOperator): data_ingestion> on 2025-10-02 02:57:18.857738+00:00
[2025-10-02 02:57:23,173] {standard_task_runner.py:52} INFO - Started process 187 to run task
[2025-10-02 02:57:23,174] {standard_task_runner.py:79} INFO - Running: ['***', 'tasks', 'run', 'manga_prediction_pipeline', 'data_ingestion', 'manual__2025-10-02T02:57:18.857738+00:00', '--job-id', '581', '--raw', '--subdir', 'DAGS_FOLDER/manga_prediction_pipeline.py', '--cfg-path', '/tmp/tmp8gvnuo69', '--error-file', '/tmp/tmpxoj4wyv7']
[2025-10-02 02:57:23,175] {standard_task_runner.py:80} INFO - Job 581: Subtask data_ingestion
[2025-10-02 02:57:23,197] {task_command.py:370} INFO - Running <TaskInstance: manga_prediction_pipeline.data_ingestion manual__2025-10-02T02:57:18.857738+00:00 [running]> on host ca8b04245978
[2025-10-02 02:57:23,222] {taskinstance.py:1571} INFO - Exporting the following env vars:
AIRFLOW_CTX_DAG_OWNER=***
AIRFLOW_CTX_DAG_ID=manga_prediction_pipeline
AIRFLOW_CTX_TASK_ID=data_ingestion
AIRFLOW_CTX_EXECUTION_DATE=2025-10-02T02:57:18.857738+00:00
AIRFLOW_CTX_TRY_NUMBER=1
AIRFLOW_CTX_DAG_RUN_ID=manual__2025-10-02T02:57:18.857738+00:00
[2025-10-02 02:57:23,222] {logging_mixin.py:115} INFO - Reading data from /opt/***/data/manga.csv
[2025-10-02 02:57:23,633] {logging_mixin.py:115} INFO - Data read successfully. Shape: (66371, 26)
[2025-10-02 02:57:23,633] {logging_mixin.py:115} INFO - Attempting to connect to MariaDB at mariadb:3306/manga_db
[2025-10-02 02:57:23,661] {authentication.py:66} INFO - package: mysql.connector.plugins
[2025-10-02 02:57:23,661] {authentication.py:67} INFO - plugin_name: mysql_native_password
[2025-10-02 02:57:23,661] {authentication.py:71} INFO - AUTHENTICATION_PLUGIN_CLASS: MySQLNativePasswordAuthPlugin
[2025-10-02 02:57:23,664] {logging_mixin.py:115} INFO - Successfully connected to MariaDB.
[2025-10-02 02:57:23,664] {logging_mixin.py:115} INFO - Inserting into dim_manga_info...
[2025-10-02 02:57:51,609] {logging_mixin.py:115} INFO - dim_manga_info populated.
[2025-10-02 02:57:51,865] {logging_mixin.py:115} INFO - Inserting into dim_genres...
[2025-10-02 02:57:51,958] {logging_mixin.py:115} INFO - dim_genres populated.
[2025-10-02 02:57:51,959] {logging_mixin.py:115} INFO - Inserting into dim_authors...
[2025-10-02 02:57:52,122] {logging_mixin.py:115} INFO - dim_authors populated.
[2025-10-02 02:57:52,124] {logging_mixin.py:115} INFO - Inserting into dim_demographics...
[2025-10-02 02:57:52,246] {logging_mixin.py:115} INFO - dim_demographics populated.
[2025-10-02 02:57:52,247] {logging_mixin.py:115} INFO - Inserting into dim_serializations...
[2025-10-02 02:57:52,334] {logging_mixin.py:115} INFO - dim_serializations populated.
[2025-10-02 02:57:52,335] {logging_mixin.py:115} INFO - Inserting into fact_manga...
[2025-10-02 02:58:18,144] {logging_mixin.py:115} INFO - fact_manga populated.
[2025-10-02 02:58:18,144] {logging_mixin.py:115} INFO - Inserting into manga_secondary_genres...
[2025-10-02 02:58:19,183] {logging_mixin.py:115} INFO - manga_secondary_genres populated.
[2025-10-02 02:58:19,183] {logging_mixin.py:115} INFO - Data ingestion to MariaDB complete.
[2025-10-02 02:58:19,200] {python.py:173} INFO - Done. Returned value was: None
[2025-10-02 02:58:19,208] {taskinstance.py:1400} INFO - Marking task as SUCCESS. dag_id=manga_prediction_pipeline, task_id=data_ingestion, execution_date=20251002T025718, start_date=20251002T025723, end_date=20251002T025819
[2025-10-02 02:58:19,237] {local_task_job.py:156} INFO - Task exited with return code 0
[2025-10-02 02:58:19,251] {local_task_job.py:273} INFO - 1 downstream tasks scheduled from follow-on schedule check
