[2025-10-07 00:44:10,103] {processor.py:153} INFO - Started process (PID=934) to work on /opt/airflow/dags/manga_prediction_pipeline.py
[2025-10-07 00:44:10,105] {processor.py:641} INFO - Processing file /opt/airflow/dags/manga_prediction_pipeline.py for tasks to queue
[2025-10-07 00:44:10,106] {logging_mixin.py:115} INFO - [2025-10-07 00:44:10,106] {dagbag.py:507} INFO - Filling up the DagBag from /opt/airflow/dags/manga_prediction_pipeline.py
[2025-10-07 00:44:13,869] {processor.py:651} INFO - DAG(s) dict_keys(['manga_prediction_pipeline']) retrieved from /opt/airflow/dags/manga_prediction_pipeline.py
[2025-10-07 00:44:14,076] {logging_mixin.py:115} INFO - [2025-10-07 00:44:14,075] {dag.py:2379} INFO - Sync 1 DAGs
[2025-10-07 00:44:14,177] {logging_mixin.py:115} INFO - [2025-10-07 00:44:14,177] {dag.py:2931} INFO - Setting next_dagrun for manga_prediction_pipeline to None, run_after=None
[2025-10-07 00:44:14,236] {processor.py:161} INFO - Processing /opt/airflow/dags/manga_prediction_pipeline.py took 4.148 seconds
[2025-10-07 01:52:59,791] {processor.py:153} INFO - Started process (PID=941) to work on /opt/airflow/dags/manga_prediction_pipeline.py
[2025-10-07 01:52:59,794] {processor.py:641} INFO - Processing file /opt/airflow/dags/manga_prediction_pipeline.py for tasks to queue
[2025-10-07 01:52:59,798] {logging_mixin.py:115} INFO - [2025-10-07 01:52:59,797] {dagbag.py:507} INFO - Filling up the DagBag from /opt/airflow/dags/manga_prediction_pipeline.py
[2025-10-07 01:53:03,534] {processor.py:651} INFO - DAG(s) dict_keys(['manga_prediction_pipeline']) retrieved from /opt/airflow/dags/manga_prediction_pipeline.py
[2025-10-07 01:53:03,635] {logging_mixin.py:115} INFO - [2025-10-07 01:53:03,635] {dag.py:2379} INFO - Sync 1 DAGs
[2025-10-07 01:53:03,684] {logging_mixin.py:115} INFO - [2025-10-07 01:53:03,683] {dag.py:2931} INFO - Setting next_dagrun for manga_prediction_pipeline to None, run_after=None
[2025-10-07 01:53:03,699] {processor.py:161} INFO - Processing /opt/airflow/dags/manga_prediction_pipeline.py took 3.921 seconds
[2025-10-07 02:50:04,940] {processor.py:153} INFO - Started process (PID=947) to work on /opt/airflow/dags/manga_prediction_pipeline.py
[2025-10-07 02:50:04,942] {processor.py:641} INFO - Processing file /opt/airflow/dags/manga_prediction_pipeline.py for tasks to queue
[2025-10-07 02:50:04,943] {logging_mixin.py:115} INFO - [2025-10-07 02:50:04,943] {dagbag.py:507} INFO - Filling up the DagBag from /opt/airflow/dags/manga_prediction_pipeline.py
[2025-10-07 02:50:06,748] {processor.py:651} INFO - DAG(s) dict_keys(['manga_prediction_pipeline']) retrieved from /opt/airflow/dags/manga_prediction_pipeline.py
[2025-10-07 02:50:06,772] {logging_mixin.py:115} INFO - [2025-10-07 02:50:06,772] {dag.py:2379} INFO - Sync 1 DAGs
[2025-10-07 02:50:06,797] {logging_mixin.py:115} INFO - [2025-10-07 02:50:06,797] {dag.py:2931} INFO - Setting next_dagrun for manga_prediction_pipeline to None, run_after=None
[2025-10-07 02:50:06,807] {processor.py:161} INFO - Processing /opt/airflow/dags/manga_prediction_pipeline.py took 1.874 seconds
[2025-10-07 02:50:37,047] {processor.py:153} INFO - Started process (PID=953) to work on /opt/airflow/dags/manga_prediction_pipeline.py
[2025-10-07 02:50:37,050] {processor.py:641} INFO - Processing file /opt/airflow/dags/manga_prediction_pipeline.py for tasks to queue
[2025-10-07 02:50:37,052] {logging_mixin.py:115} INFO - [2025-10-07 02:50:37,052] {dagbag.py:507} INFO - Filling up the DagBag from /opt/airflow/dags/manga_prediction_pipeline.py
[2025-10-07 02:50:37,938] {processor.py:651} INFO - DAG(s) dict_keys(['manga_prediction_pipeline']) retrieved from /opt/airflow/dags/manga_prediction_pipeline.py
[2025-10-07 02:50:37,947] {logging_mixin.py:115} INFO - [2025-10-07 02:50:37,947] {dag.py:2379} INFO - Sync 1 DAGs
[2025-10-07 02:50:37,953] {logging_mixin.py:115} INFO - [2025-10-07 02:50:37,953] {dag.py:2931} INFO - Setting next_dagrun for manga_prediction_pipeline to None, run_after=None
[2025-10-07 02:50:37,956] {processor.py:161} INFO - Processing /opt/airflow/dags/manga_prediction_pipeline.py took 0.921 seconds
[2025-10-07 02:51:08,032] {processor.py:153} INFO - Started process (PID=959) to work on /opt/airflow/dags/manga_prediction_pipeline.py
[2025-10-07 02:51:08,033] {processor.py:641} INFO - Processing file /opt/airflow/dags/manga_prediction_pipeline.py for tasks to queue
[2025-10-07 02:51:08,033] {logging_mixin.py:115} INFO - [2025-10-07 02:51:08,033] {dagbag.py:507} INFO - Filling up the DagBag from /opt/airflow/dags/manga_prediction_pipeline.py
[2025-10-07 02:51:08,817] {processor.py:651} INFO - DAG(s) dict_keys(['manga_prediction_pipeline']) retrieved from /opt/airflow/dags/manga_prediction_pipeline.py
[2025-10-07 02:51:08,825] {logging_mixin.py:115} INFO - [2025-10-07 02:51:08,825] {dag.py:2379} INFO - Sync 1 DAGs
[2025-10-07 02:51:08,831] {logging_mixin.py:115} INFO - [2025-10-07 02:51:08,831] {dag.py:2931} INFO - Setting next_dagrun for manga_prediction_pipeline to None, run_after=None
[2025-10-07 02:51:08,834] {processor.py:161} INFO - Processing /opt/airflow/dags/manga_prediction_pipeline.py took 0.807 seconds
[2025-10-07 02:51:39,056] {processor.py:153} INFO - Started process (PID=965) to work on /opt/airflow/dags/manga_prediction_pipeline.py
[2025-10-07 02:51:39,056] {processor.py:641} INFO - Processing file /opt/airflow/dags/manga_prediction_pipeline.py for tasks to queue
[2025-10-07 02:51:39,057] {logging_mixin.py:115} INFO - [2025-10-07 02:51:39,057] {dagbag.py:507} INFO - Filling up the DagBag from /opt/airflow/dags/manga_prediction_pipeline.py
[2025-10-07 02:51:39,799] {processor.py:651} INFO - DAG(s) dict_keys(['manga_prediction_pipeline']) retrieved from /opt/airflow/dags/manga_prediction_pipeline.py
[2025-10-07 02:51:39,807] {logging_mixin.py:115} INFO - [2025-10-07 02:51:39,807] {dag.py:2379} INFO - Sync 1 DAGs
[2025-10-07 02:51:39,812] {logging_mixin.py:115} INFO - [2025-10-07 02:51:39,812] {dag.py:2931} INFO - Setting next_dagrun for manga_prediction_pipeline to None, run_after=None
[2025-10-07 02:51:39,815] {processor.py:161} INFO - Processing /opt/airflow/dags/manga_prediction_pipeline.py took 0.762 seconds
[2025-10-07 02:52:10,078] {processor.py:153} INFO - Started process (PID=971) to work on /opt/airflow/dags/manga_prediction_pipeline.py
[2025-10-07 02:52:10,078] {processor.py:641} INFO - Processing file /opt/airflow/dags/manga_prediction_pipeline.py for tasks to queue
[2025-10-07 02:52:10,079] {logging_mixin.py:115} INFO - [2025-10-07 02:52:10,079] {dagbag.py:507} INFO - Filling up the DagBag from /opt/airflow/dags/manga_prediction_pipeline.py
[2025-10-07 02:52:10,890] {processor.py:651} INFO - DAG(s) dict_keys(['manga_prediction_pipeline']) retrieved from /opt/airflow/dags/manga_prediction_pipeline.py
[2025-10-07 02:52:10,899] {logging_mixin.py:115} INFO - [2025-10-07 02:52:10,899] {dag.py:2379} INFO - Sync 1 DAGs
[2025-10-07 02:52:10,905] {logging_mixin.py:115} INFO - [2025-10-07 02:52:10,905] {dag.py:2931} INFO - Setting next_dagrun for manga_prediction_pipeline to None, run_after=None
[2025-10-07 02:52:10,908] {processor.py:161} INFO - Processing /opt/airflow/dags/manga_prediction_pipeline.py took 0.836 seconds
[2025-10-07 03:01:10,692] {processor.py:153} INFO - Started process (PID=977) to work on /opt/airflow/dags/manga_prediction_pipeline.py
[2025-10-07 03:01:10,696] {processor.py:641} INFO - Processing file /opt/airflow/dags/manga_prediction_pipeline.py for tasks to queue
[2025-10-07 03:01:10,698] {logging_mixin.py:115} INFO - [2025-10-07 03:01:10,698] {dagbag.py:507} INFO - Filling up the DagBag from /opt/airflow/dags/manga_prediction_pipeline.py
[2025-10-07 03:01:12,849] {processor.py:651} INFO - DAG(s) dict_keys(['manga_prediction_pipeline']) retrieved from /opt/airflow/dags/manga_prediction_pipeline.py
[2025-10-07 03:01:12,877] {logging_mixin.py:115} INFO - [2025-10-07 03:01:12,876] {dag.py:2379} INFO - Sync 1 DAGs
[2025-10-07 03:01:12,897] {logging_mixin.py:115} INFO - [2025-10-07 03:01:12,897] {dag.py:2931} INFO - Setting next_dagrun for manga_prediction_pipeline to None, run_after=None
[2025-10-07 03:01:12,902] {processor.py:161} INFO - Processing /opt/airflow/dags/manga_prediction_pipeline.py took 2.225 seconds
[2025-10-07 03:01:43,115] {processor.py:153} INFO - Started process (PID=983) to work on /opt/airflow/dags/manga_prediction_pipeline.py
[2025-10-07 03:01:43,115] {processor.py:641} INFO - Processing file /opt/airflow/dags/manga_prediction_pipeline.py for tasks to queue
[2025-10-07 03:01:43,116] {logging_mixin.py:115} INFO - [2025-10-07 03:01:43,116] {dagbag.py:507} INFO - Filling up the DagBag from /opt/airflow/dags/manga_prediction_pipeline.py
[2025-10-07 03:01:43,950] {processor.py:651} INFO - DAG(s) dict_keys(['manga_prediction_pipeline']) retrieved from /opt/airflow/dags/manga_prediction_pipeline.py
[2025-10-07 03:01:43,959] {logging_mixin.py:115} INFO - [2025-10-07 03:01:43,959] {dag.py:2379} INFO - Sync 1 DAGs
[2025-10-07 03:01:43,965] {logging_mixin.py:115} INFO - [2025-10-07 03:01:43,965] {dag.py:2931} INFO - Setting next_dagrun for manga_prediction_pipeline to None, run_after=None
[2025-10-07 03:01:43,968] {processor.py:161} INFO - Processing /opt/airflow/dags/manga_prediction_pipeline.py took 0.857 seconds
[2025-10-07 03:02:14,040] {processor.py:153} INFO - Started process (PID=989) to work on /opt/airflow/dags/manga_prediction_pipeline.py
[2025-10-07 03:02:14,040] {processor.py:641} INFO - Processing file /opt/airflow/dags/manga_prediction_pipeline.py for tasks to queue
[2025-10-07 03:02:14,041] {logging_mixin.py:115} INFO - [2025-10-07 03:02:14,041] {dagbag.py:507} INFO - Filling up the DagBag from /opt/airflow/dags/manga_prediction_pipeline.py
[2025-10-07 03:02:14,806] {processor.py:651} INFO - DAG(s) dict_keys(['manga_prediction_pipeline']) retrieved from /opt/airflow/dags/manga_prediction_pipeline.py
[2025-10-07 03:02:14,815] {logging_mixin.py:115} INFO - [2025-10-07 03:02:14,815] {dag.py:2379} INFO - Sync 1 DAGs
[2025-10-07 03:02:14,821] {logging_mixin.py:115} INFO - [2025-10-07 03:02:14,821] {dag.py:2931} INFO - Setting next_dagrun for manga_prediction_pipeline to None, run_after=None
[2025-10-07 03:02:14,824] {processor.py:161} INFO - Processing /opt/airflow/dags/manga_prediction_pipeline.py took 0.787 seconds
[2025-10-07 03:02:45,027] {processor.py:153} INFO - Started process (PID=995) to work on /opt/airflow/dags/manga_prediction_pipeline.py
[2025-10-07 03:02:45,027] {processor.py:641} INFO - Processing file /opt/airflow/dags/manga_prediction_pipeline.py for tasks to queue
[2025-10-07 03:02:45,028] {logging_mixin.py:115} INFO - [2025-10-07 03:02:45,028] {dagbag.py:507} INFO - Filling up the DagBag from /opt/airflow/dags/manga_prediction_pipeline.py
[2025-10-07 03:02:45,776] {processor.py:651} INFO - DAG(s) dict_keys(['manga_prediction_pipeline']) retrieved from /opt/airflow/dags/manga_prediction_pipeline.py
[2025-10-07 03:02:45,784] {logging_mixin.py:115} INFO - [2025-10-07 03:02:45,784] {dag.py:2379} INFO - Sync 1 DAGs
[2025-10-07 03:02:45,789] {logging_mixin.py:115} INFO - [2025-10-07 03:02:45,789] {dag.py:2931} INFO - Setting next_dagrun for manga_prediction_pipeline to None, run_after=None
[2025-10-07 03:02:45,794] {processor.py:161} INFO - Processing /opt/airflow/dags/manga_prediction_pipeline.py took 0.771 seconds
[2025-10-07 03:19:08,845] {processor.py:153} INFO - Started process (PID=1001) to work on /opt/airflow/dags/manga_prediction_pipeline.py
[2025-10-07 03:19:08,845] {processor.py:641} INFO - Processing file /opt/airflow/dags/manga_prediction_pipeline.py for tasks to queue
[2025-10-07 03:19:08,846] {logging_mixin.py:115} INFO - [2025-10-07 03:19:08,846] {dagbag.py:507} INFO - Filling up the DagBag from /opt/airflow/dags/manga_prediction_pipeline.py
[2025-10-07 03:19:10,802] {processor.py:651} INFO - DAG(s) dict_keys(['manga_prediction_pipeline']) retrieved from /opt/airflow/dags/manga_prediction_pipeline.py
[2025-10-07 03:19:10,829] {logging_mixin.py:115} INFO - [2025-10-07 03:19:10,828] {dag.py:2379} INFO - Sync 1 DAGs
[2025-10-07 03:19:10,853] {logging_mixin.py:115} INFO - [2025-10-07 03:19:10,853] {dag.py:2931} INFO - Setting next_dagrun for manga_prediction_pipeline to None, run_after=None
[2025-10-07 03:19:10,865] {processor.py:161} INFO - Processing /opt/airflow/dags/manga_prediction_pipeline.py took 2.026 seconds
[2025-10-07 04:22:28,618] {processor.py:153} INFO - Started process (PID=1009) to work on /opt/airflow/dags/manga_prediction_pipeline.py
[2025-10-07 04:22:28,632] {processor.py:641} INFO - Processing file /opt/airflow/dags/manga_prediction_pipeline.py for tasks to queue
[2025-10-07 04:22:28,641] {logging_mixin.py:115} INFO - [2025-10-07 04:22:28,641] {dagbag.py:507} INFO - Filling up the DagBag from /opt/airflow/dags/manga_prediction_pipeline.py
[2025-10-07 04:22:30,650] {processor.py:651} INFO - DAG(s) dict_keys(['manga_prediction_pipeline']) retrieved from /opt/airflow/dags/manga_prediction_pipeline.py
[2025-10-07 04:22:30,664] {logging_mixin.py:115} INFO - [2025-10-07 04:22:30,664] {dag.py:2379} INFO - Sync 1 DAGs
[2025-10-07 04:22:30,670] {logging_mixin.py:115} INFO - [2025-10-07 04:22:30,670] {dag.py:2931} INFO - Setting next_dagrun for manga_prediction_pipeline to None, run_after=None
[2025-10-07 04:22:30,673] {processor.py:161} INFO - Processing /opt/airflow/dags/manga_prediction_pipeline.py took 2.070 seconds
[2025-10-07 05:17:23,345] {processor.py:153} INFO - Started process (PID=1015) to work on /opt/airflow/dags/manga_prediction_pipeline.py
[2025-10-07 05:17:23,346] {processor.py:641} INFO - Processing file /opt/airflow/dags/manga_prediction_pipeline.py for tasks to queue
[2025-10-07 05:17:23,347] {logging_mixin.py:115} INFO - [2025-10-07 05:17:23,347] {dagbag.py:507} INFO - Filling up the DagBag from /opt/airflow/dags/manga_prediction_pipeline.py
[2025-10-07 05:17:25,094] {processor.py:651} INFO - DAG(s) dict_keys(['manga_prediction_pipeline']) retrieved from /opt/airflow/dags/manga_prediction_pipeline.py
[2025-10-07 05:17:25,103] {logging_mixin.py:115} INFO - [2025-10-07 05:17:25,103] {dag.py:2379} INFO - Sync 1 DAGs
[2025-10-07 05:17:25,110] {logging_mixin.py:115} INFO - [2025-10-07 05:17:25,110] {dag.py:2931} INFO - Setting next_dagrun for manga_prediction_pipeline to None, run_after=None
[2025-10-07 05:17:25,113] {processor.py:161} INFO - Processing /opt/airflow/dags/manga_prediction_pipeline.py took 1.772 seconds
[2025-10-07 05:17:55,368] {processor.py:153} INFO - Started process (PID=1021) to work on /opt/airflow/dags/manga_prediction_pipeline.py
[2025-10-07 05:17:55,368] {processor.py:641} INFO - Processing file /opt/airflow/dags/manga_prediction_pipeline.py for tasks to queue
[2025-10-07 05:17:55,369] {logging_mixin.py:115} INFO - [2025-10-07 05:17:55,369] {dagbag.py:507} INFO - Filling up the DagBag from /opt/airflow/dags/manga_prediction_pipeline.py
[2025-10-07 05:17:56,281] {processor.py:651} INFO - DAG(s) dict_keys(['manga_prediction_pipeline']) retrieved from /opt/airflow/dags/manga_prediction_pipeline.py
[2025-10-07 05:17:56,290] {logging_mixin.py:115} INFO - [2025-10-07 05:17:56,290] {dag.py:2379} INFO - Sync 1 DAGs
[2025-10-07 05:17:56,296] {logging_mixin.py:115} INFO - [2025-10-07 05:17:56,296] {dag.py:2931} INFO - Setting next_dagrun for manga_prediction_pipeline to None, run_after=None
[2025-10-07 05:17:56,299] {processor.py:161} INFO - Processing /opt/airflow/dags/manga_prediction_pipeline.py took 0.937 seconds
[2025-10-07 05:18:26,580] {processor.py:153} INFO - Started process (PID=1027) to work on /opt/airflow/dags/manga_prediction_pipeline.py
[2025-10-07 05:18:26,581] {processor.py:641} INFO - Processing file /opt/airflow/dags/manga_prediction_pipeline.py for tasks to queue
[2025-10-07 05:18:26,581] {logging_mixin.py:115} INFO - [2025-10-07 05:18:26,581] {dagbag.py:507} INFO - Filling up the DagBag from /opt/airflow/dags/manga_prediction_pipeline.py
[2025-10-07 05:18:27,360] {processor.py:651} INFO - DAG(s) dict_keys(['manga_prediction_pipeline']) retrieved from /opt/airflow/dags/manga_prediction_pipeline.py
[2025-10-07 05:18:27,368] {logging_mixin.py:115} INFO - [2025-10-07 05:18:27,368] {dag.py:2379} INFO - Sync 1 DAGs
[2025-10-07 05:18:27,374] {logging_mixin.py:115} INFO - [2025-10-07 05:18:27,374] {dag.py:2931} INFO - Setting next_dagrun for manga_prediction_pipeline to None, run_after=None
[2025-10-07 05:18:27,378] {processor.py:161} INFO - Processing /opt/airflow/dags/manga_prediction_pipeline.py took 0.800 seconds
[2025-10-07 05:50:44,542] {processor.py:153} INFO - Started process (PID=1034) to work on /opt/airflow/dags/manga_prediction_pipeline.py
[2025-10-07 05:50:44,542] {processor.py:641} INFO - Processing file /opt/airflow/dags/manga_prediction_pipeline.py for tasks to queue
[2025-10-07 05:50:44,543] {logging_mixin.py:115} INFO - [2025-10-07 05:50:44,543] {dagbag.py:507} INFO - Filling up the DagBag from /opt/airflow/dags/manga_prediction_pipeline.py
[2025-10-07 05:50:46,628] {processor.py:651} INFO - DAG(s) dict_keys(['manga_prediction_pipeline']) retrieved from /opt/airflow/dags/manga_prediction_pipeline.py
[2025-10-07 05:50:46,653] {logging_mixin.py:115} INFO - [2025-10-07 05:50:46,652] {dag.py:2379} INFO - Sync 1 DAGs
[2025-10-07 05:50:46,679] {logging_mixin.py:115} INFO - [2025-10-07 05:50:46,678] {dag.py:2931} INFO - Setting next_dagrun for manga_prediction_pipeline to None, run_after=None
[2025-10-07 05:50:46,690] {processor.py:161} INFO - Processing /opt/airflow/dags/manga_prediction_pipeline.py took 2.150 seconds
[2025-10-07 07:06:13,411] {processor.py:153} INFO - Started process (PID=1041) to work on /opt/airflow/dags/manga_prediction_pipeline.py
[2025-10-07 07:06:13,413] {processor.py:641} INFO - Processing file /opt/airflow/dags/manga_prediction_pipeline.py for tasks to queue
[2025-10-07 07:06:13,414] {logging_mixin.py:115} INFO - [2025-10-07 07:06:13,414] {dagbag.py:507} INFO - Filling up the DagBag from /opt/airflow/dags/manga_prediction_pipeline.py
[2025-10-07 07:06:15,402] {processor.py:651} INFO - DAG(s) dict_keys(['manga_prediction_pipeline']) retrieved from /opt/airflow/dags/manga_prediction_pipeline.py
[2025-10-07 07:06:15,430] {logging_mixin.py:115} INFO - [2025-10-07 07:06:15,429] {dag.py:2379} INFO - Sync 1 DAGs
[2025-10-07 07:06:15,445] {logging_mixin.py:115} INFO - [2025-10-07 07:06:15,444] {dag.py:2931} INFO - Setting next_dagrun for manga_prediction_pipeline to None, run_after=None
[2025-10-07 07:06:15,463] {processor.py:161} INFO - Processing /opt/airflow/dags/manga_prediction_pipeline.py took 2.057 seconds
[2025-10-07 08:12:35,601] {processor.py:153} INFO - Started process (PID=1047) to work on /opt/airflow/dags/manga_prediction_pipeline.py
[2025-10-07 08:12:35,605] {processor.py:641} INFO - Processing file /opt/airflow/dags/manga_prediction_pipeline.py for tasks to queue
[2025-10-07 08:12:35,607] {logging_mixin.py:115} INFO - [2025-10-07 08:12:35,607] {dagbag.py:507} INFO - Filling up the DagBag from /opt/airflow/dags/manga_prediction_pipeline.py
[2025-10-07 08:12:38,879] {processor.py:651} INFO - DAG(s) dict_keys(['manga_prediction_pipeline']) retrieved from /opt/airflow/dags/manga_prediction_pipeline.py
[2025-10-07 08:12:38,976] {logging_mixin.py:115} INFO - [2025-10-07 08:12:38,975] {dag.py:2379} INFO - Sync 1 DAGs
[2025-10-07 08:12:39,015] {logging_mixin.py:115} INFO - [2025-10-07 08:12:39,015] {dag.py:2931} INFO - Setting next_dagrun for manga_prediction_pipeline to None, run_after=None
[2025-10-07 08:12:39,034] {processor.py:161} INFO - Processing /opt/airflow/dags/manga_prediction_pipeline.py took 3.449 seconds
[2025-10-07 08:38:35,477] {processor.py:153} INFO - Started process (PID=1053) to work on /opt/airflow/dags/manga_prediction_pipeline.py
[2025-10-07 08:38:35,477] {processor.py:641} INFO - Processing file /opt/airflow/dags/manga_prediction_pipeline.py for tasks to queue
[2025-10-07 08:38:35,478] {logging_mixin.py:115} INFO - [2025-10-07 08:38:35,478] {dagbag.py:507} INFO - Filling up the DagBag from /opt/airflow/dags/manga_prediction_pipeline.py
[2025-10-07 08:38:37,275] {processor.py:651} INFO - DAG(s) dict_keys(['manga_prediction_pipeline']) retrieved from /opt/airflow/dags/manga_prediction_pipeline.py
[2025-10-07 08:38:37,293] {logging_mixin.py:115} INFO - [2025-10-07 08:38:37,293] {dag.py:2379} INFO - Sync 1 DAGs
[2025-10-07 08:38:37,313] {logging_mixin.py:115} INFO - [2025-10-07 08:38:37,313] {dag.py:2931} INFO - Setting next_dagrun for manga_prediction_pipeline to None, run_after=None
[2025-10-07 08:38:37,325] {processor.py:161} INFO - Processing /opt/airflow/dags/manga_prediction_pipeline.py took 1.852 seconds
[2025-10-07 08:44:40,319] {processor.py:153} INFO - Started process (PID=1060) to work on /opt/airflow/dags/manga_prediction_pipeline.py
[2025-10-07 08:44:40,319] {processor.py:641} INFO - Processing file /opt/airflow/dags/manga_prediction_pipeline.py for tasks to queue
[2025-10-07 08:44:40,320] {logging_mixin.py:115} INFO - [2025-10-07 08:44:40,320] {dagbag.py:507} INFO - Filling up the DagBag from /opt/airflow/dags/manga_prediction_pipeline.py
[2025-10-07 08:44:42,409] {processor.py:651} INFO - DAG(s) dict_keys(['manga_prediction_pipeline']) retrieved from /opt/airflow/dags/manga_prediction_pipeline.py
[2025-10-07 08:44:42,427] {logging_mixin.py:115} INFO - [2025-10-07 08:44:42,427] {dag.py:2379} INFO - Sync 1 DAGs
[2025-10-07 08:44:42,442] {logging_mixin.py:115} INFO - [2025-10-07 08:44:42,442] {dag.py:2931} INFO - Setting next_dagrun for manga_prediction_pipeline to None, run_after=None
[2025-10-07 08:44:42,451] {processor.py:161} INFO - Processing /opt/airflow/dags/manga_prediction_pipeline.py took 2.134 seconds
[2025-10-07 08:45:12,543] {processor.py:153} INFO - Started process (PID=1067) to work on /opt/airflow/dags/manga_prediction_pipeline.py
[2025-10-07 08:45:12,543] {processor.py:641} INFO - Processing file /opt/airflow/dags/manga_prediction_pipeline.py for tasks to queue
[2025-10-07 08:45:12,544] {logging_mixin.py:115} INFO - [2025-10-07 08:45:12,544] {dagbag.py:507} INFO - Filling up the DagBag from /opt/airflow/dags/manga_prediction_pipeline.py
[2025-10-07 08:45:13,606] {processor.py:651} INFO - DAG(s) dict_keys(['manga_prediction_pipeline']) retrieved from /opt/airflow/dags/manga_prediction_pipeline.py
[2025-10-07 08:45:13,616] {logging_mixin.py:115} INFO - [2025-10-07 08:45:13,616] {dag.py:2379} INFO - Sync 1 DAGs
[2025-10-07 08:45:13,622] {logging_mixin.py:115} INFO - [2025-10-07 08:45:13,622] {dag.py:2931} INFO - Setting next_dagrun for manga_prediction_pipeline to None, run_after=None
[2025-10-07 08:45:13,625] {processor.py:161} INFO - Processing /opt/airflow/dags/manga_prediction_pipeline.py took 1.087 seconds
[2025-10-07 10:26:16,957] {processor.py:153} INFO - Started process (PID=1073) to work on /opt/airflow/dags/manga_prediction_pipeline.py
[2025-10-07 10:26:16,957] {processor.py:641} INFO - Processing file /opt/airflow/dags/manga_prediction_pipeline.py for tasks to queue
[2025-10-07 10:26:16,958] {logging_mixin.py:115} INFO - [2025-10-07 10:26:16,958] {dagbag.py:507} INFO - Filling up the DagBag from /opt/airflow/dags/manga_prediction_pipeline.py
[2025-10-07 10:26:18,921] {processor.py:651} INFO - DAG(s) dict_keys(['manga_prediction_pipeline']) retrieved from /opt/airflow/dags/manga_prediction_pipeline.py
[2025-10-07 10:26:18,947] {logging_mixin.py:115} INFO - [2025-10-07 10:26:18,946] {dag.py:2379} INFO - Sync 1 DAGs
[2025-10-07 10:26:18,964] {logging_mixin.py:115} INFO - [2025-10-07 10:26:18,964] {dag.py:2931} INFO - Setting next_dagrun for manga_prediction_pipeline to None, run_after=None
[2025-10-07 10:26:18,974] {processor.py:161} INFO - Processing /opt/airflow/dags/manga_prediction_pipeline.py took 2.020 seconds
[2025-10-07 11:37:13,563] {processor.py:153} INFO - Started process (PID=1079) to work on /opt/airflow/dags/manga_prediction_pipeline.py
[2025-10-07 11:37:13,564] {processor.py:641} INFO - Processing file /opt/airflow/dags/manga_prediction_pipeline.py for tasks to queue
[2025-10-07 11:37:13,565] {logging_mixin.py:115} INFO - [2025-10-07 11:37:13,565] {dagbag.py:507} INFO - Filling up the DagBag from /opt/airflow/dags/manga_prediction_pipeline.py
[2025-10-07 11:37:17,236] {processor.py:651} INFO - DAG(s) dict_keys(['manga_prediction_pipeline']) retrieved from /opt/airflow/dags/manga_prediction_pipeline.py
[2025-10-07 11:37:17,278] {logging_mixin.py:115} INFO - [2025-10-07 11:37:17,278] {dag.py:2379} INFO - Sync 1 DAGs
[2025-10-07 11:37:17,313] {logging_mixin.py:115} INFO - [2025-10-07 11:37:17,313] {dag.py:2931} INFO - Setting next_dagrun for manga_prediction_pipeline to None, run_after=None
[2025-10-07 11:37:17,332] {processor.py:161} INFO - Processing /opt/airflow/dags/manga_prediction_pipeline.py took 3.774 seconds
[2025-10-07 13:05:09,601] {processor.py:153} INFO - Started process (PID=1087) to work on /opt/airflow/dags/manga_prediction_pipeline.py
[2025-10-07 13:05:09,603] {processor.py:641} INFO - Processing file /opt/airflow/dags/manga_prediction_pipeline.py for tasks to queue
[2025-10-07 13:05:09,604] {logging_mixin.py:115} INFO - [2025-10-07 13:05:09,604] {dagbag.py:507} INFO - Filling up the DagBag from /opt/airflow/dags/manga_prediction_pipeline.py
[2025-10-07 13:05:13,913] {processor.py:651} INFO - DAG(s) dict_keys(['manga_prediction_pipeline']) retrieved from /opt/airflow/dags/manga_prediction_pipeline.py
[2025-10-07 13:05:13,946] {logging_mixin.py:115} INFO - [2025-10-07 13:05:13,945] {dag.py:2379} INFO - Sync 1 DAGs
[2025-10-07 13:05:13,966] {logging_mixin.py:115} INFO - [2025-10-07 13:05:13,966] {dag.py:2931} INFO - Setting next_dagrun for manga_prediction_pipeline to None, run_after=None
[2025-10-07 13:05:13,980] {processor.py:161} INFO - Processing /opt/airflow/dags/manga_prediction_pipeline.py took 4.388 seconds
[2025-10-07 14:21:28,173] {processor.py:153} INFO - Started process (PID=1093) to work on /opt/airflow/dags/manga_prediction_pipeline.py
[2025-10-07 14:21:28,174] {processor.py:641} INFO - Processing file /opt/airflow/dags/manga_prediction_pipeline.py for tasks to queue
[2025-10-07 14:21:28,175] {logging_mixin.py:115} INFO - [2025-10-07 14:21:28,175] {dagbag.py:507} INFO - Filling up the DagBag from /opt/airflow/dags/manga_prediction_pipeline.py
[2025-10-07 14:21:30,849] {processor.py:651} INFO - DAG(s) dict_keys(['manga_prediction_pipeline']) retrieved from /opt/airflow/dags/manga_prediction_pipeline.py
[2025-10-07 14:21:31,280] {logging_mixin.py:115} INFO - [2025-10-07 14:21:31,278] {dag.py:2379} INFO - Sync 1 DAGs
[2025-10-07 14:21:31,575] {logging_mixin.py:115} INFO - [2025-10-07 14:21:31,574] {dag.py:2931} INFO - Setting next_dagrun for manga_prediction_pipeline to None, run_after=None
[2025-10-07 14:21:31,606] {processor.py:161} INFO - Processing /opt/airflow/dags/manga_prediction_pipeline.py took 3.438 seconds
[2025-10-07 15:19:02,703] {processor.py:153} INFO - Started process (PID=1099) to work on /opt/airflow/dags/manga_prediction_pipeline.py
[2025-10-07 15:19:02,704] {processor.py:641} INFO - Processing file /opt/airflow/dags/manga_prediction_pipeline.py for tasks to queue
[2025-10-07 15:19:02,705] {logging_mixin.py:115} INFO - [2025-10-07 15:19:02,704] {dagbag.py:507} INFO - Filling up the DagBag from /opt/airflow/dags/manga_prediction_pipeline.py
[2025-10-07 15:19:04,560] {processor.py:651} INFO - DAG(s) dict_keys(['manga_prediction_pipeline']) retrieved from /opt/airflow/dags/manga_prediction_pipeline.py
[2025-10-07 15:19:04,579] {logging_mixin.py:115} INFO - [2025-10-07 15:19:04,579] {dag.py:2379} INFO - Sync 1 DAGs
[2025-10-07 15:19:04,593] {logging_mixin.py:115} INFO - [2025-10-07 15:19:04,593] {dag.py:2931} INFO - Setting next_dagrun for manga_prediction_pipeline to None, run_after=None
[2025-10-07 15:19:04,601] {processor.py:161} INFO - Processing /opt/airflow/dags/manga_prediction_pipeline.py took 1.901 seconds
[2025-10-07 15:19:34,852] {processor.py:153} INFO - Started process (PID=1105) to work on /opt/airflow/dags/manga_prediction_pipeline.py
[2025-10-07 15:19:34,853] {processor.py:641} INFO - Processing file /opt/airflow/dags/manga_prediction_pipeline.py for tasks to queue
[2025-10-07 15:19:34,854] {logging_mixin.py:115} INFO - [2025-10-07 15:19:34,854] {dagbag.py:507} INFO - Filling up the DagBag from /opt/airflow/dags/manga_prediction_pipeline.py
[2025-10-07 15:19:35,785] {processor.py:651} INFO - DAG(s) dict_keys(['manga_prediction_pipeline']) retrieved from /opt/airflow/dags/manga_prediction_pipeline.py
[2025-10-07 15:19:35,802] {logging_mixin.py:115} INFO - [2025-10-07 15:19:35,801] {dag.py:2379} INFO - Sync 1 DAGs
[2025-10-07 15:19:35,808] {logging_mixin.py:115} INFO - [2025-10-07 15:19:35,808] {dag.py:2931} INFO - Setting next_dagrun for manga_prediction_pipeline to None, run_after=None
[2025-10-07 15:19:35,811] {processor.py:161} INFO - Processing /opt/airflow/dags/manga_prediction_pipeline.py took 0.965 seconds
[2025-10-07 15:20:06,025] {processor.py:153} INFO - Started process (PID=1111) to work on /opt/airflow/dags/manga_prediction_pipeline.py
[2025-10-07 15:20:06,026] {processor.py:641} INFO - Processing file /opt/airflow/dags/manga_prediction_pipeline.py for tasks to queue
[2025-10-07 15:20:06,028] {logging_mixin.py:115} INFO - [2025-10-07 15:20:06,028] {dagbag.py:507} INFO - Filling up the DagBag from /opt/airflow/dags/manga_prediction_pipeline.py
[2025-10-07 15:20:07,052] {processor.py:651} INFO - DAG(s) dict_keys(['manga_prediction_pipeline']) retrieved from /opt/airflow/dags/manga_prediction_pipeline.py
[2025-10-07 15:20:07,062] {logging_mixin.py:115} INFO - [2025-10-07 15:20:07,061] {dag.py:2379} INFO - Sync 1 DAGs
[2025-10-07 15:20:07,068] {logging_mixin.py:115} INFO - [2025-10-07 15:20:07,068] {dag.py:2931} INFO - Setting next_dagrun for manga_prediction_pipeline to None, run_after=None
[2025-10-07 15:20:07,071] {processor.py:161} INFO - Processing /opt/airflow/dags/manga_prediction_pipeline.py took 1.052 seconds
[2025-10-07 15:20:37,212] {processor.py:153} INFO - Started process (PID=1117) to work on /opt/airflow/dags/manga_prediction_pipeline.py
[2025-10-07 15:20:37,213] {processor.py:641} INFO - Processing file /opt/airflow/dags/manga_prediction_pipeline.py for tasks to queue
[2025-10-07 15:20:37,213] {logging_mixin.py:115} INFO - [2025-10-07 15:20:37,213] {dagbag.py:507} INFO - Filling up the DagBag from /opt/airflow/dags/manga_prediction_pipeline.py
[2025-10-07 15:20:38,189] {processor.py:651} INFO - DAG(s) dict_keys(['manga_prediction_pipeline']) retrieved from /opt/airflow/dags/manga_prediction_pipeline.py
[2025-10-07 15:20:38,199] {logging_mixin.py:115} INFO - [2025-10-07 15:20:38,199] {dag.py:2379} INFO - Sync 1 DAGs
[2025-10-07 15:20:38,205] {logging_mixin.py:115} INFO - [2025-10-07 15:20:38,205] {dag.py:2931} INFO - Setting next_dagrun for manga_prediction_pipeline to None, run_after=None
[2025-10-07 15:20:38,211] {processor.py:161} INFO - Processing /opt/airflow/dags/manga_prediction_pipeline.py took 1.004 seconds
[2025-10-07 15:21:08,410] {processor.py:153} INFO - Started process (PID=1123) to work on /opt/airflow/dags/manga_prediction_pipeline.py
[2025-10-07 15:21:08,411] {processor.py:641} INFO - Processing file /opt/airflow/dags/manga_prediction_pipeline.py for tasks to queue
[2025-10-07 15:21:08,411] {logging_mixin.py:115} INFO - [2025-10-07 15:21:08,411] {dagbag.py:507} INFO - Filling up the DagBag from /opt/airflow/dags/manga_prediction_pipeline.py
[2025-10-07 15:21:09,321] {processor.py:651} INFO - DAG(s) dict_keys(['manga_prediction_pipeline']) retrieved from /opt/airflow/dags/manga_prediction_pipeline.py
[2025-10-07 15:21:09,330] {logging_mixin.py:115} INFO - [2025-10-07 15:21:09,330] {dag.py:2379} INFO - Sync 1 DAGs
[2025-10-07 15:21:09,337] {logging_mixin.py:115} INFO - [2025-10-07 15:21:09,337] {dag.py:2931} INFO - Setting next_dagrun for manga_prediction_pipeline to None, run_after=None
[2025-10-07 15:21:09,340] {processor.py:161} INFO - Processing /opt/airflow/dags/manga_prediction_pipeline.py took 0.936 seconds
[2025-10-07 15:21:39,530] {processor.py:153} INFO - Started process (PID=1129) to work on /opt/airflow/dags/manga_prediction_pipeline.py
[2025-10-07 15:21:39,530] {processor.py:641} INFO - Processing file /opt/airflow/dags/manga_prediction_pipeline.py for tasks to queue
[2025-10-07 15:21:39,531] {logging_mixin.py:115} INFO - [2025-10-07 15:21:39,531] {dagbag.py:507} INFO - Filling up the DagBag from /opt/airflow/dags/manga_prediction_pipeline.py
[2025-10-07 15:21:40,399] {processor.py:651} INFO - DAG(s) dict_keys(['manga_prediction_pipeline']) retrieved from /opt/airflow/dags/manga_prediction_pipeline.py
[2025-10-07 15:21:40,408] {logging_mixin.py:115} INFO - [2025-10-07 15:21:40,407] {dag.py:2379} INFO - Sync 1 DAGs
[2025-10-07 15:21:40,413] {logging_mixin.py:115} INFO - [2025-10-07 15:21:40,413] {dag.py:2931} INFO - Setting next_dagrun for manga_prediction_pipeline to None, run_after=None
[2025-10-07 15:21:40,417] {processor.py:161} INFO - Processing /opt/airflow/dags/manga_prediction_pipeline.py took 0.891 seconds
[2025-10-07 15:22:10,606] {processor.py:153} INFO - Started process (PID=1135) to work on /opt/airflow/dags/manga_prediction_pipeline.py
[2025-10-07 15:22:10,607] {processor.py:641} INFO - Processing file /opt/airflow/dags/manga_prediction_pipeline.py for tasks to queue
[2025-10-07 15:22:10,607] {logging_mixin.py:115} INFO - [2025-10-07 15:22:10,607] {dagbag.py:507} INFO - Filling up the DagBag from /opt/airflow/dags/manga_prediction_pipeline.py
[2025-10-07 15:22:11,874] {processor.py:651} INFO - DAG(s) dict_keys(['manga_prediction_pipeline']) retrieved from /opt/airflow/dags/manga_prediction_pipeline.py
[2025-10-07 15:22:11,888] {logging_mixin.py:115} INFO - [2025-10-07 15:22:11,888] {dag.py:2379} INFO - Sync 1 DAGs
[2025-10-07 15:22:11,897] {logging_mixin.py:115} INFO - [2025-10-07 15:22:11,897] {dag.py:2931} INFO - Setting next_dagrun for manga_prediction_pipeline to None, run_after=None
[2025-10-07 15:22:11,901] {processor.py:161} INFO - Processing /opt/airflow/dags/manga_prediction_pipeline.py took 1.297 seconds
[2025-10-07 15:22:42,089] {processor.py:153} INFO - Started process (PID=1141) to work on /opt/airflow/dags/manga_prediction_pipeline.py
[2025-10-07 15:22:42,090] {processor.py:641} INFO - Processing file /opt/airflow/dags/manga_prediction_pipeline.py for tasks to queue
[2025-10-07 15:22:42,091] {logging_mixin.py:115} INFO - [2025-10-07 15:22:42,091] {dagbag.py:507} INFO - Filling up the DagBag from /opt/airflow/dags/manga_prediction_pipeline.py
[2025-10-07 15:22:43,148] {processor.py:651} INFO - DAG(s) dict_keys(['manga_prediction_pipeline']) retrieved from /opt/airflow/dags/manga_prediction_pipeline.py
[2025-10-07 15:22:43,159] {logging_mixin.py:115} INFO - [2025-10-07 15:22:43,159] {dag.py:2379} INFO - Sync 1 DAGs
[2025-10-07 15:22:43,165] {logging_mixin.py:115} INFO - [2025-10-07 15:22:43,165] {dag.py:2931} INFO - Setting next_dagrun for manga_prediction_pipeline to None, run_after=None
[2025-10-07 15:22:43,168] {processor.py:161} INFO - Processing /opt/airflow/dags/manga_prediction_pipeline.py took 1.087 seconds
[2025-10-07 15:23:13,301] {processor.py:153} INFO - Started process (PID=1147) to work on /opt/airflow/dags/manga_prediction_pipeline.py
[2025-10-07 15:23:13,301] {processor.py:641} INFO - Processing file /opt/airflow/dags/manga_prediction_pipeline.py for tasks to queue
[2025-10-07 15:23:13,302] {logging_mixin.py:115} INFO - [2025-10-07 15:23:13,302] {dagbag.py:507} INFO - Filling up the DagBag from /opt/airflow/dags/manga_prediction_pipeline.py
[2025-10-07 15:23:14,178] {processor.py:651} INFO - DAG(s) dict_keys(['manga_prediction_pipeline']) retrieved from /opt/airflow/dags/manga_prediction_pipeline.py
[2025-10-07 15:23:14,188] {logging_mixin.py:115} INFO - [2025-10-07 15:23:14,188] {dag.py:2379} INFO - Sync 1 DAGs
[2025-10-07 15:23:14,194] {logging_mixin.py:115} INFO - [2025-10-07 15:23:14,194] {dag.py:2931} INFO - Setting next_dagrun for manga_prediction_pipeline to None, run_after=None
[2025-10-07 15:23:14,199] {processor.py:161} INFO - Processing /opt/airflow/dags/manga_prediction_pipeline.py took 0.904 seconds
[2025-10-07 15:23:44,414] {processor.py:153} INFO - Started process (PID=1153) to work on /opt/airflow/dags/manga_prediction_pipeline.py
[2025-10-07 15:23:44,414] {processor.py:641} INFO - Processing file /opt/airflow/dags/manga_prediction_pipeline.py for tasks to queue
[2025-10-07 15:23:44,415] {logging_mixin.py:115} INFO - [2025-10-07 15:23:44,415] {dagbag.py:507} INFO - Filling up the DagBag from /opt/airflow/dags/manga_prediction_pipeline.py
[2025-10-07 15:23:45,210] {processor.py:651} INFO - DAG(s) dict_keys(['manga_prediction_pipeline']) retrieved from /opt/airflow/dags/manga_prediction_pipeline.py
[2025-10-07 15:23:45,218] {logging_mixin.py:115} INFO - [2025-10-07 15:23:45,218] {dag.py:2379} INFO - Sync 1 DAGs
[2025-10-07 15:23:45,224] {logging_mixin.py:115} INFO - [2025-10-07 15:23:45,224] {dag.py:2931} INFO - Setting next_dagrun for manga_prediction_pipeline to None, run_after=None
[2025-10-07 15:23:45,227] {processor.py:161} INFO - Processing /opt/airflow/dags/manga_prediction_pipeline.py took 0.819 seconds
[2025-10-07 15:24:15,476] {processor.py:153} INFO - Started process (PID=1159) to work on /opt/airflow/dags/manga_prediction_pipeline.py
[2025-10-07 15:24:15,477] {processor.py:641} INFO - Processing file /opt/airflow/dags/manga_prediction_pipeline.py for tasks to queue
[2025-10-07 15:24:15,478] {logging_mixin.py:115} INFO - [2025-10-07 15:24:15,478] {dagbag.py:507} INFO - Filling up the DagBag from /opt/airflow/dags/manga_prediction_pipeline.py
[2025-10-07 15:24:16,449] {processor.py:651} INFO - DAG(s) dict_keys(['manga_prediction_pipeline']) retrieved from /opt/airflow/dags/manga_prediction_pipeline.py
[2025-10-07 15:24:16,458] {logging_mixin.py:115} INFO - [2025-10-07 15:24:16,458] {dag.py:2379} INFO - Sync 1 DAGs
[2025-10-07 15:24:16,464] {logging_mixin.py:115} INFO - [2025-10-07 15:24:16,464] {dag.py:2931} INFO - Setting next_dagrun for manga_prediction_pipeline to None, run_after=None
[2025-10-07 15:24:16,467] {processor.py:161} INFO - Processing /opt/airflow/dags/manga_prediction_pipeline.py took 0.995 seconds
[2025-10-07 15:24:46,640] {processor.py:153} INFO - Started process (PID=1165) to work on /opt/airflow/dags/manga_prediction_pipeline.py
[2025-10-07 15:24:46,640] {processor.py:641} INFO - Processing file /opt/airflow/dags/manga_prediction_pipeline.py for tasks to queue
[2025-10-07 15:24:46,641] {logging_mixin.py:115} INFO - [2025-10-07 15:24:46,641] {dagbag.py:507} INFO - Filling up the DagBag from /opt/airflow/dags/manga_prediction_pipeline.py
[2025-10-07 15:24:47,474] {processor.py:651} INFO - DAG(s) dict_keys(['manga_prediction_pipeline']) retrieved from /opt/airflow/dags/manga_prediction_pipeline.py
[2025-10-07 15:24:47,484] {logging_mixin.py:115} INFO - [2025-10-07 15:24:47,484] {dag.py:2379} INFO - Sync 1 DAGs
[2025-10-07 15:24:47,491] {logging_mixin.py:115} INFO - [2025-10-07 15:24:47,491] {dag.py:2931} INFO - Setting next_dagrun for manga_prediction_pipeline to None, run_after=None
[2025-10-07 15:24:47,494] {processor.py:161} INFO - Processing /opt/airflow/dags/manga_prediction_pipeline.py took 0.860 seconds
[2025-10-07 15:25:17,695] {processor.py:153} INFO - Started process (PID=1171) to work on /opt/airflow/dags/manga_prediction_pipeline.py
[2025-10-07 15:25:17,696] {processor.py:641} INFO - Processing file /opt/airflow/dags/manga_prediction_pipeline.py for tasks to queue
[2025-10-07 15:25:17,696] {logging_mixin.py:115} INFO - [2025-10-07 15:25:17,696] {dagbag.py:507} INFO - Filling up the DagBag from /opt/airflow/dags/manga_prediction_pipeline.py
[2025-10-07 15:25:18,580] {processor.py:651} INFO - DAG(s) dict_keys(['manga_prediction_pipeline']) retrieved from /opt/airflow/dags/manga_prediction_pipeline.py
[2025-10-07 15:25:18,589] {logging_mixin.py:115} INFO - [2025-10-07 15:25:18,588] {dag.py:2379} INFO - Sync 1 DAGs
[2025-10-07 15:25:18,595] {logging_mixin.py:115} INFO - [2025-10-07 15:25:18,595] {dag.py:2931} INFO - Setting next_dagrun for manga_prediction_pipeline to None, run_after=None
[2025-10-07 15:25:18,598] {processor.py:161} INFO - Processing /opt/airflow/dags/manga_prediction_pipeline.py took 0.905 seconds
[2025-10-07 15:25:48,768] {processor.py:153} INFO - Started process (PID=1177) to work on /opt/airflow/dags/manga_prediction_pipeline.py
[2025-10-07 15:25:48,769] {processor.py:641} INFO - Processing file /opt/airflow/dags/manga_prediction_pipeline.py for tasks to queue
[2025-10-07 15:25:48,769] {logging_mixin.py:115} INFO - [2025-10-07 15:25:48,769] {dagbag.py:507} INFO - Filling up the DagBag from /opt/airflow/dags/manga_prediction_pipeline.py
[2025-10-07 15:25:49,571] {processor.py:651} INFO - DAG(s) dict_keys(['manga_prediction_pipeline']) retrieved from /opt/airflow/dags/manga_prediction_pipeline.py
[2025-10-07 15:25:49,579] {logging_mixin.py:115} INFO - [2025-10-07 15:25:49,579] {dag.py:2379} INFO - Sync 1 DAGs
[2025-10-07 15:25:49,585] {logging_mixin.py:115} INFO - [2025-10-07 15:25:49,585] {dag.py:2931} INFO - Setting next_dagrun for manga_prediction_pipeline to None, run_after=None
[2025-10-07 15:25:49,588] {processor.py:161} INFO - Processing /opt/airflow/dags/manga_prediction_pipeline.py took 0.825 seconds
[2025-10-07 15:26:19,803] {processor.py:153} INFO - Started process (PID=1183) to work on /opt/airflow/dags/manga_prediction_pipeline.py
[2025-10-07 15:26:19,804] {processor.py:641} INFO - Processing file /opt/airflow/dags/manga_prediction_pipeline.py for tasks to queue
[2025-10-07 15:26:19,804] {logging_mixin.py:115} INFO - [2025-10-07 15:26:19,804] {dagbag.py:507} INFO - Filling up the DagBag from /opt/airflow/dags/manga_prediction_pipeline.py
[2025-10-07 15:26:20,646] {processor.py:651} INFO - DAG(s) dict_keys(['manga_prediction_pipeline']) retrieved from /opt/airflow/dags/manga_prediction_pipeline.py
[2025-10-07 15:26:20,654] {logging_mixin.py:115} INFO - [2025-10-07 15:26:20,653] {dag.py:2379} INFO - Sync 1 DAGs
[2025-10-07 15:26:20,659] {logging_mixin.py:115} INFO - [2025-10-07 15:26:20,659] {dag.py:2931} INFO - Setting next_dagrun for manga_prediction_pipeline to None, run_after=None
[2025-10-07 15:26:20,662] {processor.py:161} INFO - Processing /opt/airflow/dags/manga_prediction_pipeline.py took 0.864 seconds
[2025-10-07 15:26:50,858] {processor.py:153} INFO - Started process (PID=1189) to work on /opt/airflow/dags/manga_prediction_pipeline.py
[2025-10-07 15:26:50,859] {processor.py:641} INFO - Processing file /opt/airflow/dags/manga_prediction_pipeline.py for tasks to queue
[2025-10-07 15:26:50,859] {logging_mixin.py:115} INFO - [2025-10-07 15:26:50,859] {dagbag.py:507} INFO - Filling up the DagBag from /opt/airflow/dags/manga_prediction_pipeline.py
[2025-10-07 15:26:51,636] {processor.py:651} INFO - DAG(s) dict_keys(['manga_prediction_pipeline']) retrieved from /opt/airflow/dags/manga_prediction_pipeline.py
[2025-10-07 15:26:51,644] {logging_mixin.py:115} INFO - [2025-10-07 15:26:51,644] {dag.py:2379} INFO - Sync 1 DAGs
[2025-10-07 15:26:51,650] {logging_mixin.py:115} INFO - [2025-10-07 15:26:51,650] {dag.py:2931} INFO - Setting next_dagrun for manga_prediction_pipeline to None, run_after=None
[2025-10-07 15:26:51,653] {processor.py:161} INFO - Processing /opt/airflow/dags/manga_prediction_pipeline.py took 0.799 seconds
[2025-10-07 15:27:21,827] {processor.py:153} INFO - Started process (PID=1195) to work on /opt/airflow/dags/manga_prediction_pipeline.py
[2025-10-07 15:27:21,828] {processor.py:641} INFO - Processing file /opt/airflow/dags/manga_prediction_pipeline.py for tasks to queue
[2025-10-07 15:27:21,829] {logging_mixin.py:115} INFO - [2025-10-07 15:27:21,829] {dagbag.py:507} INFO - Filling up the DagBag from /opt/airflow/dags/manga_prediction_pipeline.py
[2025-10-07 15:27:22,605] {processor.py:651} INFO - DAG(s) dict_keys(['manga_prediction_pipeline']) retrieved from /opt/airflow/dags/manga_prediction_pipeline.py
[2025-10-07 15:27:22,614] {logging_mixin.py:115} INFO - [2025-10-07 15:27:22,613] {dag.py:2379} INFO - Sync 1 DAGs
[2025-10-07 15:27:22,619] {logging_mixin.py:115} INFO - [2025-10-07 15:27:22,619] {dag.py:2931} INFO - Setting next_dagrun for manga_prediction_pipeline to None, run_after=None
[2025-10-07 15:27:22,622] {processor.py:161} INFO - Processing /opt/airflow/dags/manga_prediction_pipeline.py took 0.799 seconds
[2025-10-07 15:27:52,755] {processor.py:153} INFO - Started process (PID=1201) to work on /opt/airflow/dags/manga_prediction_pipeline.py
[2025-10-07 15:27:52,756] {processor.py:641} INFO - Processing file /opt/airflow/dags/manga_prediction_pipeline.py for tasks to queue
[2025-10-07 15:27:52,756] {logging_mixin.py:115} INFO - [2025-10-07 15:27:52,756] {dagbag.py:507} INFO - Filling up the DagBag from /opt/airflow/dags/manga_prediction_pipeline.py
[2025-10-07 15:27:53,739] {processor.py:651} INFO - DAG(s) dict_keys(['manga_prediction_pipeline']) retrieved from /opt/airflow/dags/manga_prediction_pipeline.py
[2025-10-07 15:27:53,747] {logging_mixin.py:115} INFO - [2025-10-07 15:27:53,747] {dag.py:2379} INFO - Sync 1 DAGs
[2025-10-07 15:27:53,753] {logging_mixin.py:115} INFO - [2025-10-07 15:27:53,753] {dag.py:2931} INFO - Setting next_dagrun for manga_prediction_pipeline to None, run_after=None
[2025-10-07 15:27:53,756] {processor.py:161} INFO - Processing /opt/airflow/dags/manga_prediction_pipeline.py took 1.004 seconds
[2025-10-07 15:28:23,925] {processor.py:153} INFO - Started process (PID=1207) to work on /opt/airflow/dags/manga_prediction_pipeline.py
[2025-10-07 15:28:23,925] {processor.py:641} INFO - Processing file /opt/airflow/dags/manga_prediction_pipeline.py for tasks to queue
[2025-10-07 15:28:23,926] {logging_mixin.py:115} INFO - [2025-10-07 15:28:23,926] {dagbag.py:507} INFO - Filling up the DagBag from /opt/airflow/dags/manga_prediction_pipeline.py
[2025-10-07 15:28:24,710] {processor.py:651} INFO - DAG(s) dict_keys(['manga_prediction_pipeline']) retrieved from /opt/airflow/dags/manga_prediction_pipeline.py
[2025-10-07 15:28:24,717] {logging_mixin.py:115} INFO - [2025-10-07 15:28:24,717] {dag.py:2379} INFO - Sync 1 DAGs
[2025-10-07 15:28:24,723] {logging_mixin.py:115} INFO - [2025-10-07 15:28:24,723] {dag.py:2931} INFO - Setting next_dagrun for manga_prediction_pipeline to None, run_after=None
[2025-10-07 15:28:24,726] {processor.py:161} INFO - Processing /opt/airflow/dags/manga_prediction_pipeline.py took 0.803 seconds
[2025-10-07 15:28:54,900] {processor.py:153} INFO - Started process (PID=1213) to work on /opt/airflow/dags/manga_prediction_pipeline.py
[2025-10-07 15:28:54,901] {processor.py:641} INFO - Processing file /opt/airflow/dags/manga_prediction_pipeline.py for tasks to queue
[2025-10-07 15:28:54,901] {logging_mixin.py:115} INFO - [2025-10-07 15:28:54,901] {dagbag.py:507} INFO - Filling up the DagBag from /opt/airflow/dags/manga_prediction_pipeline.py
[2025-10-07 15:28:55,680] {processor.py:651} INFO - DAG(s) dict_keys(['manga_prediction_pipeline']) retrieved from /opt/airflow/dags/manga_prediction_pipeline.py
[2025-10-07 15:28:55,688] {logging_mixin.py:115} INFO - [2025-10-07 15:28:55,688] {dag.py:2379} INFO - Sync 1 DAGs
[2025-10-07 15:28:55,694] {logging_mixin.py:115} INFO - [2025-10-07 15:28:55,694] {dag.py:2931} INFO - Setting next_dagrun for manga_prediction_pipeline to None, run_after=None
[2025-10-07 15:28:55,697] {processor.py:161} INFO - Processing /opt/airflow/dags/manga_prediction_pipeline.py took 0.803 seconds
[2025-10-07 15:29:25,920] {processor.py:153} INFO - Started process (PID=1219) to work on /opt/airflow/dags/manga_prediction_pipeline.py
[2025-10-07 15:29:25,921] {processor.py:641} INFO - Processing file /opt/airflow/dags/manga_prediction_pipeline.py for tasks to queue
[2025-10-07 15:29:25,922] {logging_mixin.py:115} INFO - [2025-10-07 15:29:25,922] {dagbag.py:507} INFO - Filling up the DagBag from /opt/airflow/dags/manga_prediction_pipeline.py
[2025-10-07 15:29:26,713] {processor.py:651} INFO - DAG(s) dict_keys(['manga_prediction_pipeline']) retrieved from /opt/airflow/dags/manga_prediction_pipeline.py
[2025-10-07 15:29:26,721] {logging_mixin.py:115} INFO - [2025-10-07 15:29:26,721] {dag.py:2379} INFO - Sync 1 DAGs
[2025-10-07 15:29:26,726] {logging_mixin.py:115} INFO - [2025-10-07 15:29:26,726] {dag.py:2931} INFO - Setting next_dagrun for manga_prediction_pipeline to None, run_after=None
[2025-10-07 15:29:26,730] {processor.py:161} INFO - Processing /opt/airflow/dags/manga_prediction_pipeline.py took 0.815 seconds
[2025-10-07 15:29:56,910] {processor.py:153} INFO - Started process (PID=1225) to work on /opt/airflow/dags/manga_prediction_pipeline.py
[2025-10-07 15:29:56,911] {processor.py:641} INFO - Processing file /opt/airflow/dags/manga_prediction_pipeline.py for tasks to queue
[2025-10-07 15:29:56,911] {logging_mixin.py:115} INFO - [2025-10-07 15:29:56,911] {dagbag.py:507} INFO - Filling up the DagBag from /opt/airflow/dags/manga_prediction_pipeline.py
[2025-10-07 15:29:57,777] {processor.py:651} INFO - DAG(s) dict_keys(['manga_prediction_pipeline']) retrieved from /opt/airflow/dags/manga_prediction_pipeline.py
[2025-10-07 15:29:57,786] {logging_mixin.py:115} INFO - [2025-10-07 15:29:57,786] {dag.py:2379} INFO - Sync 1 DAGs
[2025-10-07 15:29:57,792] {logging_mixin.py:115} INFO - [2025-10-07 15:29:57,792] {dag.py:2931} INFO - Setting next_dagrun for manga_prediction_pipeline to None, run_after=None
[2025-10-07 15:29:57,795] {processor.py:161} INFO - Processing /opt/airflow/dags/manga_prediction_pipeline.py took 0.890 seconds
[2025-10-07 15:30:27,984] {processor.py:153} INFO - Started process (PID=1231) to work on /opt/airflow/dags/manga_prediction_pipeline.py
[2025-10-07 15:30:27,985] {processor.py:641} INFO - Processing file /opt/airflow/dags/manga_prediction_pipeline.py for tasks to queue
[2025-10-07 15:30:27,985] {logging_mixin.py:115} INFO - [2025-10-07 15:30:27,985] {dagbag.py:507} INFO - Filling up the DagBag from /opt/airflow/dags/manga_prediction_pipeline.py
[2025-10-07 15:30:28,743] {processor.py:651} INFO - DAG(s) dict_keys(['manga_prediction_pipeline']) retrieved from /opt/airflow/dags/manga_prediction_pipeline.py
[2025-10-07 15:30:28,750] {logging_mixin.py:115} INFO - [2025-10-07 15:30:28,750] {dag.py:2379} INFO - Sync 1 DAGs
[2025-10-07 15:30:28,756] {logging_mixin.py:115} INFO - [2025-10-07 15:30:28,756] {dag.py:2931} INFO - Setting next_dagrun for manga_prediction_pipeline to None, run_after=None
[2025-10-07 15:30:28,759] {processor.py:161} INFO - Processing /opt/airflow/dags/manga_prediction_pipeline.py took 0.779 seconds
[2025-10-07 15:30:58,820] {processor.py:153} INFO - Started process (PID=1237) to work on /opt/airflow/dags/manga_prediction_pipeline.py
[2025-10-07 15:30:58,821] {processor.py:641} INFO - Processing file /opt/airflow/dags/manga_prediction_pipeline.py for tasks to queue
[2025-10-07 15:30:58,822] {logging_mixin.py:115} INFO - [2025-10-07 15:30:58,822] {dagbag.py:507} INFO - Filling up the DagBag from /opt/airflow/dags/manga_prediction_pipeline.py
[2025-10-07 15:30:59,626] {processor.py:651} INFO - DAG(s) dict_keys(['manga_prediction_pipeline']) retrieved from /opt/airflow/dags/manga_prediction_pipeline.py
[2025-10-07 15:30:59,634] {logging_mixin.py:115} INFO - [2025-10-07 15:30:59,634] {dag.py:2379} INFO - Sync 1 DAGs
[2025-10-07 15:30:59,640] {logging_mixin.py:115} INFO - [2025-10-07 15:30:59,640] {dag.py:2931} INFO - Setting next_dagrun for manga_prediction_pipeline to None, run_after=None
[2025-10-07 15:30:59,643] {processor.py:161} INFO - Processing /opt/airflow/dags/manga_prediction_pipeline.py took 0.829 seconds
[2025-10-07 15:31:29,844] {processor.py:153} INFO - Started process (PID=1243) to work on /opt/airflow/dags/manga_prediction_pipeline.py
[2025-10-07 15:31:29,845] {processor.py:641} INFO - Processing file /opt/airflow/dags/manga_prediction_pipeline.py for tasks to queue
[2025-10-07 15:31:29,845] {logging_mixin.py:115} INFO - [2025-10-07 15:31:29,845] {dagbag.py:507} INFO - Filling up the DagBag from /opt/airflow/dags/manga_prediction_pipeline.py
[2025-10-07 15:31:30,649] {processor.py:651} INFO - DAG(s) dict_keys(['manga_prediction_pipeline']) retrieved from /opt/airflow/dags/manga_prediction_pipeline.py
[2025-10-07 15:31:30,658] {logging_mixin.py:115} INFO - [2025-10-07 15:31:30,658] {dag.py:2379} INFO - Sync 1 DAGs
[2025-10-07 15:31:30,663] {logging_mixin.py:115} INFO - [2025-10-07 15:31:30,663] {dag.py:2931} INFO - Setting next_dagrun for manga_prediction_pipeline to None, run_after=None
[2025-10-07 15:31:30,667] {processor.py:161} INFO - Processing /opt/airflow/dags/manga_prediction_pipeline.py took 0.829 seconds
[2025-10-07 15:32:00,867] {processor.py:153} INFO - Started process (PID=1249) to work on /opt/airflow/dags/manga_prediction_pipeline.py
[2025-10-07 15:32:00,868] {processor.py:641} INFO - Processing file /opt/airflow/dags/manga_prediction_pipeline.py for tasks to queue
[2025-10-07 15:32:00,868] {logging_mixin.py:115} INFO - [2025-10-07 15:32:00,868] {dagbag.py:507} INFO - Filling up the DagBag from /opt/airflow/dags/manga_prediction_pipeline.py
[2025-10-07 15:32:01,759] {processor.py:651} INFO - DAG(s) dict_keys(['manga_prediction_pipeline']) retrieved from /opt/airflow/dags/manga_prediction_pipeline.py
[2025-10-07 15:32:01,767] {logging_mixin.py:115} INFO - [2025-10-07 15:32:01,767] {dag.py:2379} INFO - Sync 1 DAGs
[2025-10-07 15:32:01,773] {logging_mixin.py:115} INFO - [2025-10-07 15:32:01,773] {dag.py:2931} INFO - Setting next_dagrun for manga_prediction_pipeline to None, run_after=None
[2025-10-07 15:32:01,776] {processor.py:161} INFO - Processing /opt/airflow/dags/manga_prediction_pipeline.py took 0.915 seconds
[2025-10-07 15:32:31,978] {processor.py:153} INFO - Started process (PID=1255) to work on /opt/airflow/dags/manga_prediction_pipeline.py
[2025-10-07 15:32:31,979] {processor.py:641} INFO - Processing file /opt/airflow/dags/manga_prediction_pipeline.py for tasks to queue
[2025-10-07 15:32:31,980] {logging_mixin.py:115} INFO - [2025-10-07 15:32:31,979] {dagbag.py:507} INFO - Filling up the DagBag from /opt/airflow/dags/manga_prediction_pipeline.py
[2025-10-07 15:32:32,737] {processor.py:651} INFO - DAG(s) dict_keys(['manga_prediction_pipeline']) retrieved from /opt/airflow/dags/manga_prediction_pipeline.py
[2025-10-07 15:32:32,744] {logging_mixin.py:115} INFO - [2025-10-07 15:32:32,744] {dag.py:2379} INFO - Sync 1 DAGs
[2025-10-07 15:32:32,750] {logging_mixin.py:115} INFO - [2025-10-07 15:32:32,750] {dag.py:2931} INFO - Setting next_dagrun for manga_prediction_pipeline to None, run_after=None
[2025-10-07 15:32:32,753] {processor.py:161} INFO - Processing /opt/airflow/dags/manga_prediction_pipeline.py took 0.778 seconds
[2025-10-07 15:33:02,927] {processor.py:153} INFO - Started process (PID=1261) to work on /opt/airflow/dags/manga_prediction_pipeline.py
[2025-10-07 15:33:02,928] {processor.py:641} INFO - Processing file /opt/airflow/dags/manga_prediction_pipeline.py for tasks to queue
[2025-10-07 15:33:02,928] {logging_mixin.py:115} INFO - [2025-10-07 15:33:02,928] {dagbag.py:507} INFO - Filling up the DagBag from /opt/airflow/dags/manga_prediction_pipeline.py
[2025-10-07 15:33:03,686] {processor.py:651} INFO - DAG(s) dict_keys(['manga_prediction_pipeline']) retrieved from /opt/airflow/dags/manga_prediction_pipeline.py
[2025-10-07 15:33:03,694] {logging_mixin.py:115} INFO - [2025-10-07 15:33:03,694] {dag.py:2379} INFO - Sync 1 DAGs
[2025-10-07 15:33:03,699] {logging_mixin.py:115} INFO - [2025-10-07 15:33:03,699] {dag.py:2931} INFO - Setting next_dagrun for manga_prediction_pipeline to None, run_after=None
[2025-10-07 15:33:03,702] {processor.py:161} INFO - Processing /opt/airflow/dags/manga_prediction_pipeline.py took 0.778 seconds
[2025-10-07 15:33:33,857] {processor.py:153} INFO - Started process (PID=1267) to work on /opt/airflow/dags/manga_prediction_pipeline.py
[2025-10-07 15:33:33,858] {processor.py:641} INFO - Processing file /opt/airflow/dags/manga_prediction_pipeline.py for tasks to queue
[2025-10-07 15:33:33,859] {logging_mixin.py:115} INFO - [2025-10-07 15:33:33,859] {dagbag.py:507} INFO - Filling up the DagBag from /opt/airflow/dags/manga_prediction_pipeline.py
[2025-10-07 15:33:34,855] {processor.py:651} INFO - DAG(s) dict_keys(['manga_prediction_pipeline']) retrieved from /opt/airflow/dags/manga_prediction_pipeline.py
[2025-10-07 15:33:34,865] {logging_mixin.py:115} INFO - [2025-10-07 15:33:34,865] {dag.py:2379} INFO - Sync 1 DAGs
[2025-10-07 15:33:34,872] {logging_mixin.py:115} INFO - [2025-10-07 15:33:34,872] {dag.py:2931} INFO - Setting next_dagrun for manga_prediction_pipeline to None, run_after=None
[2025-10-07 15:33:34,876] {processor.py:161} INFO - Processing /opt/airflow/dags/manga_prediction_pipeline.py took 1.024 seconds
[2025-10-07 15:34:05,064] {processor.py:153} INFO - Started process (PID=1273) to work on /opt/airflow/dags/manga_prediction_pipeline.py
[2025-10-07 15:34:05,065] {processor.py:641} INFO - Processing file /opt/airflow/dags/manga_prediction_pipeline.py for tasks to queue
[2025-10-07 15:34:05,066] {logging_mixin.py:115} INFO - [2025-10-07 15:34:05,065] {dagbag.py:507} INFO - Filling up the DagBag from /opt/airflow/dags/manga_prediction_pipeline.py
[2025-10-07 15:34:05,845] {processor.py:651} INFO - DAG(s) dict_keys(['manga_prediction_pipeline']) retrieved from /opt/airflow/dags/manga_prediction_pipeline.py
[2025-10-07 15:34:05,854] {logging_mixin.py:115} INFO - [2025-10-07 15:34:05,853] {dag.py:2379} INFO - Sync 1 DAGs
[2025-10-07 15:34:05,859] {logging_mixin.py:115} INFO - [2025-10-07 15:34:05,859] {dag.py:2931} INFO - Setting next_dagrun for manga_prediction_pipeline to None, run_after=None
[2025-10-07 15:34:05,862] {processor.py:161} INFO - Processing /opt/airflow/dags/manga_prediction_pipeline.py took 0.803 seconds
[2025-10-07 15:34:36,052] {processor.py:153} INFO - Started process (PID=1279) to work on /opt/airflow/dags/manga_prediction_pipeline.py
[2025-10-07 15:34:36,053] {processor.py:641} INFO - Processing file /opt/airflow/dags/manga_prediction_pipeline.py for tasks to queue
[2025-10-07 15:34:36,054] {logging_mixin.py:115} INFO - [2025-10-07 15:34:36,054] {dagbag.py:507} INFO - Filling up the DagBag from /opt/airflow/dags/manga_prediction_pipeline.py
[2025-10-07 15:34:36,909] {processor.py:651} INFO - DAG(s) dict_keys(['manga_prediction_pipeline']) retrieved from /opt/airflow/dags/manga_prediction_pipeline.py
[2025-10-07 15:34:36,916] {logging_mixin.py:115} INFO - [2025-10-07 15:34:36,916] {dag.py:2379} INFO - Sync 1 DAGs
[2025-10-07 15:34:36,921] {logging_mixin.py:115} INFO - [2025-10-07 15:34:36,921] {dag.py:2931} INFO - Setting next_dagrun for manga_prediction_pipeline to None, run_after=None
[2025-10-07 15:34:36,925] {processor.py:161} INFO - Processing /opt/airflow/dags/manga_prediction_pipeline.py took 0.879 seconds
[2025-10-07 15:35:07,129] {processor.py:153} INFO - Started process (PID=1285) to work on /opt/airflow/dags/manga_prediction_pipeline.py
[2025-10-07 15:35:07,130] {processor.py:641} INFO - Processing file /opt/airflow/dags/manga_prediction_pipeline.py for tasks to queue
[2025-10-07 15:35:07,130] {logging_mixin.py:115} INFO - [2025-10-07 15:35:07,130] {dagbag.py:507} INFO - Filling up the DagBag from /opt/airflow/dags/manga_prediction_pipeline.py
[2025-10-07 15:35:08,060] {processor.py:651} INFO - DAG(s) dict_keys(['manga_prediction_pipeline']) retrieved from /opt/airflow/dags/manga_prediction_pipeline.py
[2025-10-07 15:35:08,070] {logging_mixin.py:115} INFO - [2025-10-07 15:35:08,070] {dag.py:2379} INFO - Sync 1 DAGs
[2025-10-07 15:35:08,076] {logging_mixin.py:115} INFO - [2025-10-07 15:35:08,076] {dag.py:2931} INFO - Setting next_dagrun for manga_prediction_pipeline to None, run_after=None
[2025-10-07 15:35:08,079] {processor.py:161} INFO - Processing /opt/airflow/dags/manga_prediction_pipeline.py took 0.955 seconds
[2025-10-07 15:35:38,283] {processor.py:153} INFO - Started process (PID=1291) to work on /opt/airflow/dags/manga_prediction_pipeline.py
[2025-10-07 15:35:38,284] {processor.py:641} INFO - Processing file /opt/airflow/dags/manga_prediction_pipeline.py for tasks to queue
[2025-10-07 15:35:38,285] {logging_mixin.py:115} INFO - [2025-10-07 15:35:38,285] {dagbag.py:507} INFO - Filling up the DagBag from /opt/airflow/dags/manga_prediction_pipeline.py
[2025-10-07 15:35:39,139] {processor.py:651} INFO - DAG(s) dict_keys(['manga_prediction_pipeline']) retrieved from /opt/airflow/dags/manga_prediction_pipeline.py
[2025-10-07 15:35:39,147] {logging_mixin.py:115} INFO - [2025-10-07 15:35:39,147] {dag.py:2379} INFO - Sync 1 DAGs
[2025-10-07 15:35:39,153] {logging_mixin.py:115} INFO - [2025-10-07 15:35:39,153] {dag.py:2931} INFO - Setting next_dagrun for manga_prediction_pipeline to None, run_after=None
[2025-10-07 15:35:39,156] {processor.py:161} INFO - Processing /opt/airflow/dags/manga_prediction_pipeline.py took 0.878 seconds
[2025-10-07 15:36:09,374] {processor.py:153} INFO - Started process (PID=1297) to work on /opt/airflow/dags/manga_prediction_pipeline.py
[2025-10-07 15:36:09,375] {processor.py:641} INFO - Processing file /opt/airflow/dags/manga_prediction_pipeline.py for tasks to queue
[2025-10-07 15:36:09,375] {logging_mixin.py:115} INFO - [2025-10-07 15:36:09,375] {dagbag.py:507} INFO - Filling up the DagBag from /opt/airflow/dags/manga_prediction_pipeline.py
[2025-10-07 15:36:10,328] {processor.py:651} INFO - DAG(s) dict_keys(['manga_prediction_pipeline']) retrieved from /opt/airflow/dags/manga_prediction_pipeline.py
[2025-10-07 15:36:10,346] {logging_mixin.py:115} INFO - [2025-10-07 15:36:10,345] {dag.py:2379} INFO - Sync 1 DAGs
[2025-10-07 15:36:10,352] {logging_mixin.py:115} INFO - [2025-10-07 15:36:10,352] {dag.py:2931} INFO - Setting next_dagrun for manga_prediction_pipeline to None, run_after=None
[2025-10-07 15:36:10,355] {processor.py:161} INFO - Processing /opt/airflow/dags/manga_prediction_pipeline.py took 0.986 seconds
[2025-10-07 15:36:40,568] {processor.py:153} INFO - Started process (PID=1303) to work on /opt/airflow/dags/manga_prediction_pipeline.py
[2025-10-07 15:36:40,569] {processor.py:641} INFO - Processing file /opt/airflow/dags/manga_prediction_pipeline.py for tasks to queue
[2025-10-07 15:36:40,569] {logging_mixin.py:115} INFO - [2025-10-07 15:36:40,569] {dagbag.py:507} INFO - Filling up the DagBag from /opt/airflow/dags/manga_prediction_pipeline.py
[2025-10-07 15:36:41,395] {processor.py:651} INFO - DAG(s) dict_keys(['manga_prediction_pipeline']) retrieved from /opt/airflow/dags/manga_prediction_pipeline.py
[2025-10-07 15:36:41,403] {logging_mixin.py:115} INFO - [2025-10-07 15:36:41,403] {dag.py:2379} INFO - Sync 1 DAGs
[2025-10-07 15:36:41,408] {logging_mixin.py:115} INFO - [2025-10-07 15:36:41,408] {dag.py:2931} INFO - Setting next_dagrun for manga_prediction_pipeline to None, run_after=None
[2025-10-07 15:36:41,412] {processor.py:161} INFO - Processing /opt/airflow/dags/manga_prediction_pipeline.py took 0.851 seconds
[2025-10-07 15:37:11,628] {processor.py:153} INFO - Started process (PID=1309) to work on /opt/airflow/dags/manga_prediction_pipeline.py
[2025-10-07 15:37:11,628] {processor.py:641} INFO - Processing file /opt/airflow/dags/manga_prediction_pipeline.py for tasks to queue
[2025-10-07 15:37:11,629] {logging_mixin.py:115} INFO - [2025-10-07 15:37:11,629] {dagbag.py:507} INFO - Filling up the DagBag from /opt/airflow/dags/manga_prediction_pipeline.py
[2025-10-07 15:37:12,577] {processor.py:651} INFO - DAG(s) dict_keys(['manga_prediction_pipeline']) retrieved from /opt/airflow/dags/manga_prediction_pipeline.py
[2025-10-07 15:37:12,588] {logging_mixin.py:115} INFO - [2025-10-07 15:37:12,588] {dag.py:2379} INFO - Sync 1 DAGs
[2025-10-07 15:37:12,594] {logging_mixin.py:115} INFO - [2025-10-07 15:37:12,594] {dag.py:2931} INFO - Setting next_dagrun for manga_prediction_pipeline to None, run_after=None
[2025-10-07 15:37:12,597] {processor.py:161} INFO - Processing /opt/airflow/dags/manga_prediction_pipeline.py took 0.975 seconds
[2025-10-07 15:37:42,806] {processor.py:153} INFO - Started process (PID=1315) to work on /opt/airflow/dags/manga_prediction_pipeline.py
[2025-10-07 15:37:42,806] {processor.py:641} INFO - Processing file /opt/airflow/dags/manga_prediction_pipeline.py for tasks to queue
[2025-10-07 15:37:42,807] {logging_mixin.py:115} INFO - [2025-10-07 15:37:42,807] {dagbag.py:507} INFO - Filling up the DagBag from /opt/airflow/dags/manga_prediction_pipeline.py
[2025-10-07 15:37:43,582] {processor.py:651} INFO - DAG(s) dict_keys(['manga_prediction_pipeline']) retrieved from /opt/airflow/dags/manga_prediction_pipeline.py
[2025-10-07 15:37:43,589] {logging_mixin.py:115} INFO - [2025-10-07 15:37:43,589] {dag.py:2379} INFO - Sync 1 DAGs
[2025-10-07 15:37:43,594] {logging_mixin.py:115} INFO - [2025-10-07 15:37:43,594] {dag.py:2931} INFO - Setting next_dagrun for manga_prediction_pipeline to None, run_after=None
[2025-10-07 15:37:43,597] {processor.py:161} INFO - Processing /opt/airflow/dags/manga_prediction_pipeline.py took 0.795 seconds
[2025-10-07 15:38:13,784] {processor.py:153} INFO - Started process (PID=1321) to work on /opt/airflow/dags/manga_prediction_pipeline.py
[2025-10-07 15:38:13,784] {processor.py:641} INFO - Processing file /opt/airflow/dags/manga_prediction_pipeline.py for tasks to queue
[2025-10-07 15:38:13,785] {logging_mixin.py:115} INFO - [2025-10-07 15:38:13,785] {dagbag.py:507} INFO - Filling up the DagBag from /opt/airflow/dags/manga_prediction_pipeline.py
[2025-10-07 15:38:14,550] {processor.py:651} INFO - DAG(s) dict_keys(['manga_prediction_pipeline']) retrieved from /opt/airflow/dags/manga_prediction_pipeline.py
[2025-10-07 15:38:14,557] {logging_mixin.py:115} INFO - [2025-10-07 15:38:14,557] {dag.py:2379} INFO - Sync 1 DAGs
[2025-10-07 15:38:14,563] {logging_mixin.py:115} INFO - [2025-10-07 15:38:14,563] {dag.py:2931} INFO - Setting next_dagrun for manga_prediction_pipeline to None, run_after=None
[2025-10-07 15:38:14,566] {processor.py:161} INFO - Processing /opt/airflow/dags/manga_prediction_pipeline.py took 0.786 seconds
[2025-10-07 15:38:44,831] {processor.py:153} INFO - Started process (PID=1327) to work on /opt/airflow/dags/manga_prediction_pipeline.py
[2025-10-07 15:38:44,832] {processor.py:641} INFO - Processing file /opt/airflow/dags/manga_prediction_pipeline.py for tasks to queue
[2025-10-07 15:38:44,833] {logging_mixin.py:115} INFO - [2025-10-07 15:38:44,833] {dagbag.py:507} INFO - Filling up the DagBag from /opt/airflow/dags/manga_prediction_pipeline.py
[2025-10-07 15:38:45,824] {processor.py:651} INFO - DAG(s) dict_keys(['manga_prediction_pipeline']) retrieved from /opt/airflow/dags/manga_prediction_pipeline.py
[2025-10-07 15:38:45,833] {logging_mixin.py:115} INFO - [2025-10-07 15:38:45,833] {dag.py:2379} INFO - Sync 1 DAGs
[2025-10-07 15:38:45,840] {logging_mixin.py:115} INFO - [2025-10-07 15:38:45,840] {dag.py:2931} INFO - Setting next_dagrun for manga_prediction_pipeline to None, run_after=None
[2025-10-07 15:38:45,843] {processor.py:161} INFO - Processing /opt/airflow/dags/manga_prediction_pipeline.py took 1.019 seconds
[2025-10-07 15:51:26,909] {processor.py:153} INFO - Started process (PID=1333) to work on /opt/airflow/dags/manga_prediction_pipeline.py
[2025-10-07 15:51:26,910] {processor.py:641} INFO - Processing file /opt/airflow/dags/manga_prediction_pipeline.py for tasks to queue
[2025-10-07 15:51:26,911] {logging_mixin.py:115} INFO - [2025-10-07 15:51:26,911] {dagbag.py:507} INFO - Filling up the DagBag from /opt/airflow/dags/manga_prediction_pipeline.py
[2025-10-07 15:51:29,144] {processor.py:651} INFO - DAG(s) dict_keys(['manga_prediction_pipeline']) retrieved from /opt/airflow/dags/manga_prediction_pipeline.py
[2025-10-07 15:51:29,169] {logging_mixin.py:115} INFO - [2025-10-07 15:51:29,168] {dag.py:2379} INFO - Sync 1 DAGs
[2025-10-07 15:51:29,181] {logging_mixin.py:115} INFO - [2025-10-07 15:51:29,181] {dag.py:2931} INFO - Setting next_dagrun for manga_prediction_pipeline to None, run_after=None
[2025-10-07 15:51:29,188] {processor.py:161} INFO - Processing /opt/airflow/dags/manga_prediction_pipeline.py took 2.290 seconds
[2025-10-07 15:51:59,399] {processor.py:153} INFO - Started process (PID=1341) to work on /opt/airflow/dags/manga_prediction_pipeline.py
[2025-10-07 15:51:59,400] {processor.py:641} INFO - Processing file /opt/airflow/dags/manga_prediction_pipeline.py for tasks to queue
[2025-10-07 15:51:59,400] {logging_mixin.py:115} INFO - [2025-10-07 15:51:59,400] {dagbag.py:507} INFO - Filling up the DagBag from /opt/airflow/dags/manga_prediction_pipeline.py
[2025-10-07 15:52:00,349] {processor.py:651} INFO - DAG(s) dict_keys(['manga_prediction_pipeline']) retrieved from /opt/airflow/dags/manga_prediction_pipeline.py
[2025-10-07 15:52:00,357] {logging_mixin.py:115} INFO - [2025-10-07 15:52:00,357] {dag.py:2379} INFO - Sync 1 DAGs
[2025-10-07 15:52:00,363] {logging_mixin.py:115} INFO - [2025-10-07 15:52:00,363] {dag.py:2931} INFO - Setting next_dagrun for manga_prediction_pipeline to None, run_after=None
[2025-10-07 15:52:00,367] {processor.py:161} INFO - Processing /opt/airflow/dags/manga_prediction_pipeline.py took 0.974 seconds
[2025-10-07 15:52:30,533] {processor.py:153} INFO - Started process (PID=1347) to work on /opt/airflow/dags/manga_prediction_pipeline.py
[2025-10-07 15:52:30,534] {processor.py:641} INFO - Processing file /opt/airflow/dags/manga_prediction_pipeline.py for tasks to queue
[2025-10-07 15:52:30,534] {logging_mixin.py:115} INFO - [2025-10-07 15:52:30,534] {dagbag.py:507} INFO - Filling up the DagBag from /opt/airflow/dags/manga_prediction_pipeline.py
[2025-10-07 15:52:31,335] {processor.py:651} INFO - DAG(s) dict_keys(['manga_prediction_pipeline']) retrieved from /opt/airflow/dags/manga_prediction_pipeline.py
[2025-10-07 15:52:31,343] {logging_mixin.py:115} INFO - [2025-10-07 15:52:31,343] {dag.py:2379} INFO - Sync 1 DAGs
[2025-10-07 15:52:31,349] {logging_mixin.py:115} INFO - [2025-10-07 15:52:31,349] {dag.py:2931} INFO - Setting next_dagrun for manga_prediction_pipeline to None, run_after=None
[2025-10-07 15:52:31,352] {processor.py:161} INFO - Processing /opt/airflow/dags/manga_prediction_pipeline.py took 0.825 seconds
[2025-10-07 15:53:01,529] {processor.py:153} INFO - Started process (PID=1353) to work on /opt/airflow/dags/manga_prediction_pipeline.py
[2025-10-07 15:53:01,530] {processor.py:641} INFO - Processing file /opt/airflow/dags/manga_prediction_pipeline.py for tasks to queue
[2025-10-07 15:53:01,530] {logging_mixin.py:115} INFO - [2025-10-07 15:53:01,530] {dagbag.py:507} INFO - Filling up the DagBag from /opt/airflow/dags/manga_prediction_pipeline.py
[2025-10-07 15:53:02,436] {processor.py:651} INFO - DAG(s) dict_keys(['manga_prediction_pipeline']) retrieved from /opt/airflow/dags/manga_prediction_pipeline.py
[2025-10-07 15:53:02,444] {logging_mixin.py:115} INFO - [2025-10-07 15:53:02,444] {dag.py:2379} INFO - Sync 1 DAGs
[2025-10-07 15:53:02,450] {logging_mixin.py:115} INFO - [2025-10-07 15:53:02,450] {dag.py:2931} INFO - Setting next_dagrun for manga_prediction_pipeline to None, run_after=None
[2025-10-07 15:53:02,455] {processor.py:161} INFO - Processing /opt/airflow/dags/manga_prediction_pipeline.py took 0.932 seconds
[2025-10-07 15:53:32,538] {processor.py:153} INFO - Started process (PID=1359) to work on /opt/airflow/dags/manga_prediction_pipeline.py
[2025-10-07 15:53:32,538] {processor.py:641} INFO - Processing file /opt/airflow/dags/manga_prediction_pipeline.py for tasks to queue
[2025-10-07 15:53:32,539] {logging_mixin.py:115} INFO - [2025-10-07 15:53:32,539] {dagbag.py:507} INFO - Filling up the DagBag from /opt/airflow/dags/manga_prediction_pipeline.py
[2025-10-07 15:53:33,387] {processor.py:651} INFO - DAG(s) dict_keys(['manga_prediction_pipeline']) retrieved from /opt/airflow/dags/manga_prediction_pipeline.py
[2025-10-07 15:53:33,402] {logging_mixin.py:115} INFO - [2025-10-07 15:53:33,401] {dag.py:2379} INFO - Sync 1 DAGs
[2025-10-07 15:53:33,409] {logging_mixin.py:115} INFO - [2025-10-07 15:53:33,409] {dag.py:2931} INFO - Setting next_dagrun for manga_prediction_pipeline to None, run_after=None
[2025-10-07 15:53:33,412] {processor.py:161} INFO - Processing /opt/airflow/dags/manga_prediction_pipeline.py took 0.880 seconds
[2025-10-07 15:54:03,616] {processor.py:153} INFO - Started process (PID=1365) to work on /opt/airflow/dags/manga_prediction_pipeline.py
[2025-10-07 15:54:03,617] {processor.py:641} INFO - Processing file /opt/airflow/dags/manga_prediction_pipeline.py for tasks to queue
[2025-10-07 15:54:03,618] {logging_mixin.py:115} INFO - [2025-10-07 15:54:03,618] {dagbag.py:507} INFO - Filling up the DagBag from /opt/airflow/dags/manga_prediction_pipeline.py
[2025-10-07 15:54:04,502] {processor.py:651} INFO - DAG(s) dict_keys(['manga_prediction_pipeline']) retrieved from /opt/airflow/dags/manga_prediction_pipeline.py
[2025-10-07 15:54:04,510] {logging_mixin.py:115} INFO - [2025-10-07 15:54:04,510] {dag.py:2379} INFO - Sync 1 DAGs
[2025-10-07 15:54:04,516] {logging_mixin.py:115} INFO - [2025-10-07 15:54:04,516] {dag.py:2931} INFO - Setting next_dagrun for manga_prediction_pipeline to None, run_after=None
[2025-10-07 15:54:04,520] {processor.py:161} INFO - Processing /opt/airflow/dags/manga_prediction_pipeline.py took 0.909 seconds
[2025-10-07 15:54:34,725] {processor.py:153} INFO - Started process (PID=1371) to work on /opt/airflow/dags/manga_prediction_pipeline.py
[2025-10-07 15:54:34,726] {processor.py:641} INFO - Processing file /opt/airflow/dags/manga_prediction_pipeline.py for tasks to queue
[2025-10-07 15:54:34,726] {logging_mixin.py:115} INFO - [2025-10-07 15:54:34,726] {dagbag.py:507} INFO - Filling up the DagBag from /opt/airflow/dags/manga_prediction_pipeline.py
[2025-10-07 15:54:35,551] {processor.py:651} INFO - DAG(s) dict_keys(['manga_prediction_pipeline']) retrieved from /opt/airflow/dags/manga_prediction_pipeline.py
[2025-10-07 15:54:35,560] {logging_mixin.py:115} INFO - [2025-10-07 15:54:35,560] {dag.py:2379} INFO - Sync 1 DAGs
[2025-10-07 15:54:35,568] {logging_mixin.py:115} INFO - [2025-10-07 15:54:35,568] {dag.py:2931} INFO - Setting next_dagrun for manga_prediction_pipeline to None, run_after=None
[2025-10-07 15:54:35,572] {processor.py:161} INFO - Processing /opt/airflow/dags/manga_prediction_pipeline.py took 0.852 seconds
[2025-10-07 15:55:05,742] {processor.py:153} INFO - Started process (PID=1377) to work on /opt/airflow/dags/manga_prediction_pipeline.py
[2025-10-07 15:55:05,742] {processor.py:641} INFO - Processing file /opt/airflow/dags/manga_prediction_pipeline.py for tasks to queue
[2025-10-07 15:55:05,743] {logging_mixin.py:115} INFO - [2025-10-07 15:55:05,743] {dagbag.py:507} INFO - Filling up the DagBag from /opt/airflow/dags/manga_prediction_pipeline.py
[2025-10-07 15:55:06,576] {processor.py:651} INFO - DAG(s) dict_keys(['manga_prediction_pipeline']) retrieved from /opt/airflow/dags/manga_prediction_pipeline.py
[2025-10-07 15:55:06,590] {logging_mixin.py:115} INFO - [2025-10-07 15:55:06,590] {dag.py:2379} INFO - Sync 1 DAGs
[2025-10-07 15:55:06,597] {logging_mixin.py:115} INFO - [2025-10-07 15:55:06,597] {dag.py:2931} INFO - Setting next_dagrun for manga_prediction_pipeline to None, run_after=None
[2025-10-07 15:55:06,600] {processor.py:161} INFO - Processing /opt/airflow/dags/manga_prediction_pipeline.py took 0.860 seconds
[2025-10-07 15:55:36,790] {processor.py:153} INFO - Started process (PID=1383) to work on /opt/airflow/dags/manga_prediction_pipeline.py
[2025-10-07 15:55:36,791] {processor.py:641} INFO - Processing file /opt/airflow/dags/manga_prediction_pipeline.py for tasks to queue
[2025-10-07 15:55:36,792] {logging_mixin.py:115} INFO - [2025-10-07 15:55:36,792] {dagbag.py:507} INFO - Filling up the DagBag from /opt/airflow/dags/manga_prediction_pipeline.py
[2025-10-07 15:55:37,648] {processor.py:651} INFO - DAG(s) dict_keys(['manga_prediction_pipeline']) retrieved from /opt/airflow/dags/manga_prediction_pipeline.py
[2025-10-07 15:55:37,656] {logging_mixin.py:115} INFO - [2025-10-07 15:55:37,656] {dag.py:2379} INFO - Sync 1 DAGs
[2025-10-07 15:55:37,662] {logging_mixin.py:115} INFO - [2025-10-07 15:55:37,662] {dag.py:2931} INFO - Setting next_dagrun for manga_prediction_pipeline to None, run_after=None
[2025-10-07 15:55:37,665] {processor.py:161} INFO - Processing /opt/airflow/dags/manga_prediction_pipeline.py took 0.881 seconds
[2025-10-07 15:56:07,806] {processor.py:153} INFO - Started process (PID=1389) to work on /opt/airflow/dags/manga_prediction_pipeline.py
[2025-10-07 15:56:07,807] {processor.py:641} INFO - Processing file /opt/airflow/dags/manga_prediction_pipeline.py for tasks to queue
[2025-10-07 15:56:07,807] {logging_mixin.py:115} INFO - [2025-10-07 15:56:07,807] {dagbag.py:507} INFO - Filling up the DagBag from /opt/airflow/dags/manga_prediction_pipeline.py
[2025-10-07 15:56:08,664] {processor.py:651} INFO - DAG(s) dict_keys(['manga_prediction_pipeline']) retrieved from /opt/airflow/dags/manga_prediction_pipeline.py
[2025-10-07 15:56:08,675] {logging_mixin.py:115} INFO - [2025-10-07 15:56:08,675] {dag.py:2379} INFO - Sync 1 DAGs
[2025-10-07 15:56:08,681] {logging_mixin.py:115} INFO - [2025-10-07 15:56:08,681] {dag.py:2931} INFO - Setting next_dagrun for manga_prediction_pipeline to None, run_after=None
[2025-10-07 15:56:08,685] {processor.py:161} INFO - Processing /opt/airflow/dags/manga_prediction_pipeline.py took 0.884 seconds
[2025-10-07 15:56:38,849] {processor.py:153} INFO - Started process (PID=1395) to work on /opt/airflow/dags/manga_prediction_pipeline.py
[2025-10-07 15:56:38,850] {processor.py:641} INFO - Processing file /opt/airflow/dags/manga_prediction_pipeline.py for tasks to queue
[2025-10-07 15:56:38,851] {logging_mixin.py:115} INFO - [2025-10-07 15:56:38,851] {dagbag.py:507} INFO - Filling up the DagBag from /opt/airflow/dags/manga_prediction_pipeline.py
[2025-10-07 15:56:39,696] {processor.py:651} INFO - DAG(s) dict_keys(['manga_prediction_pipeline']) retrieved from /opt/airflow/dags/manga_prediction_pipeline.py
[2025-10-07 15:56:39,703] {logging_mixin.py:115} INFO - [2025-10-07 15:56:39,703] {dag.py:2379} INFO - Sync 1 DAGs
[2025-10-07 15:56:39,709] {logging_mixin.py:115} INFO - [2025-10-07 15:56:39,709] {dag.py:2931} INFO - Setting next_dagrun for manga_prediction_pipeline to None, run_after=None
[2025-10-07 15:56:39,712] {processor.py:161} INFO - Processing /opt/airflow/dags/manga_prediction_pipeline.py took 0.867 seconds
[2025-10-07 15:57:09,804] {processor.py:153} INFO - Started process (PID=1401) to work on /opt/airflow/dags/manga_prediction_pipeline.py
[2025-10-07 15:57:09,805] {processor.py:641} INFO - Processing file /opt/airflow/dags/manga_prediction_pipeline.py for tasks to queue
[2025-10-07 15:57:09,806] {logging_mixin.py:115} INFO - [2025-10-07 15:57:09,806] {dagbag.py:507} INFO - Filling up the DagBag from /opt/airflow/dags/manga_prediction_pipeline.py
[2025-10-07 15:57:10,623] {processor.py:651} INFO - DAG(s) dict_keys(['manga_prediction_pipeline']) retrieved from /opt/airflow/dags/manga_prediction_pipeline.py
[2025-10-07 15:57:10,631] {logging_mixin.py:115} INFO - [2025-10-07 15:57:10,631] {dag.py:2379} INFO - Sync 1 DAGs
[2025-10-07 15:57:10,637] {logging_mixin.py:115} INFO - [2025-10-07 15:57:10,637] {dag.py:2931} INFO - Setting next_dagrun for manga_prediction_pipeline to None, run_after=None
[2025-10-07 15:57:10,640] {processor.py:161} INFO - Processing /opt/airflow/dags/manga_prediction_pipeline.py took 0.840 seconds
[2025-10-07 15:57:40,814] {processor.py:153} INFO - Started process (PID=1407) to work on /opt/airflow/dags/manga_prediction_pipeline.py
[2025-10-07 15:57:40,814] {processor.py:641} INFO - Processing file /opt/airflow/dags/manga_prediction_pipeline.py for tasks to queue
[2025-10-07 15:57:40,815] {logging_mixin.py:115} INFO - [2025-10-07 15:57:40,815] {dagbag.py:507} INFO - Filling up the DagBag from /opt/airflow/dags/manga_prediction_pipeline.py
[2025-10-07 15:57:41,633] {processor.py:651} INFO - DAG(s) dict_keys(['manga_prediction_pipeline']) retrieved from /opt/airflow/dags/manga_prediction_pipeline.py
[2025-10-07 15:57:41,641] {logging_mixin.py:115} INFO - [2025-10-07 15:57:41,641] {dag.py:2379} INFO - Sync 1 DAGs
[2025-10-07 15:57:41,647] {logging_mixin.py:115} INFO - [2025-10-07 15:57:41,647] {dag.py:2931} INFO - Setting next_dagrun for manga_prediction_pipeline to None, run_after=None
[2025-10-07 15:57:41,650] {processor.py:161} INFO - Processing /opt/airflow/dags/manga_prediction_pipeline.py took 0.842 seconds
[2025-10-07 15:58:11,820] {processor.py:153} INFO - Started process (PID=1413) to work on /opt/airflow/dags/manga_prediction_pipeline.py
[2025-10-07 15:58:11,821] {processor.py:641} INFO - Processing file /opt/airflow/dags/manga_prediction_pipeline.py for tasks to queue
[2025-10-07 15:58:11,822] {logging_mixin.py:115} INFO - [2025-10-07 15:58:11,822] {dagbag.py:507} INFO - Filling up the DagBag from /opt/airflow/dags/manga_prediction_pipeline.py
[2025-10-07 15:58:12,648] {processor.py:651} INFO - DAG(s) dict_keys(['manga_prediction_pipeline']) retrieved from /opt/airflow/dags/manga_prediction_pipeline.py
[2025-10-07 15:58:12,656] {logging_mixin.py:115} INFO - [2025-10-07 15:58:12,656] {dag.py:2379} INFO - Sync 1 DAGs
[2025-10-07 15:58:12,663] {logging_mixin.py:115} INFO - [2025-10-07 15:58:12,663] {dag.py:2931} INFO - Setting next_dagrun for manga_prediction_pipeline to None, run_after=None
[2025-10-07 15:58:12,666] {processor.py:161} INFO - Processing /opt/airflow/dags/manga_prediction_pipeline.py took 0.850 seconds
[2025-10-07 15:58:42,833] {processor.py:153} INFO - Started process (PID=1419) to work on /opt/airflow/dags/manga_prediction_pipeline.py
[2025-10-07 15:58:42,833] {processor.py:641} INFO - Processing file /opt/airflow/dags/manga_prediction_pipeline.py for tasks to queue
[2025-10-07 15:58:42,833] {logging_mixin.py:115} INFO - [2025-10-07 15:58:42,833] {dagbag.py:507} INFO - Filling up the DagBag from /opt/airflow/dags/manga_prediction_pipeline.py
[2025-10-07 15:58:43,582] {processor.py:651} INFO - DAG(s) dict_keys(['manga_prediction_pipeline']) retrieved from /opt/airflow/dags/manga_prediction_pipeline.py
[2025-10-07 15:58:43,589] {logging_mixin.py:115} INFO - [2025-10-07 15:58:43,589] {dag.py:2379} INFO - Sync 1 DAGs
[2025-10-07 15:58:43,596] {logging_mixin.py:115} INFO - [2025-10-07 15:58:43,596] {dag.py:2931} INFO - Setting next_dagrun for manga_prediction_pipeline to None, run_after=None
[2025-10-07 15:58:43,600] {processor.py:161} INFO - Processing /opt/airflow/dags/manga_prediction_pipeline.py took 0.769 seconds
[2025-10-07 15:59:13,783] {processor.py:153} INFO - Started process (PID=1425) to work on /opt/airflow/dags/manga_prediction_pipeline.py
[2025-10-07 15:59:13,784] {processor.py:641} INFO - Processing file /opt/airflow/dags/manga_prediction_pipeline.py for tasks to queue
[2025-10-07 15:59:13,785] {logging_mixin.py:115} INFO - [2025-10-07 15:59:13,785] {dagbag.py:507} INFO - Filling up the DagBag from /opt/airflow/dags/manga_prediction_pipeline.py
[2025-10-07 15:59:14,600] {processor.py:651} INFO - DAG(s) dict_keys(['manga_prediction_pipeline']) retrieved from /opt/airflow/dags/manga_prediction_pipeline.py
[2025-10-07 15:59:14,608] {logging_mixin.py:115} INFO - [2025-10-07 15:59:14,608] {dag.py:2379} INFO - Sync 1 DAGs
[2025-10-07 15:59:14,614] {logging_mixin.py:115} INFO - [2025-10-07 15:59:14,614] {dag.py:2931} INFO - Setting next_dagrun for manga_prediction_pipeline to None, run_after=None
[2025-10-07 15:59:14,617] {processor.py:161} INFO - Processing /opt/airflow/dags/manga_prediction_pipeline.py took 0.840 seconds
[2025-10-07 15:59:44,658] {processor.py:153} INFO - Started process (PID=1431) to work on /opt/airflow/dags/manga_prediction_pipeline.py
[2025-10-07 15:59:44,659] {processor.py:641} INFO - Processing file /opt/airflow/dags/manga_prediction_pipeline.py for tasks to queue
[2025-10-07 15:59:44,659] {logging_mixin.py:115} INFO - [2025-10-07 15:59:44,659] {dagbag.py:507} INFO - Filling up the DagBag from /opt/airflow/dags/manga_prediction_pipeline.py
[2025-10-07 15:59:45,503] {processor.py:651} INFO - DAG(s) dict_keys(['manga_prediction_pipeline']) retrieved from /opt/airflow/dags/manga_prediction_pipeline.py
[2025-10-07 15:59:45,511] {logging_mixin.py:115} INFO - [2025-10-07 15:59:45,511] {dag.py:2379} INFO - Sync 1 DAGs
[2025-10-07 15:59:45,517] {logging_mixin.py:115} INFO - [2025-10-07 15:59:45,517] {dag.py:2931} INFO - Setting next_dagrun for manga_prediction_pipeline to None, run_after=None
[2025-10-07 15:59:45,520] {processor.py:161} INFO - Processing /opt/airflow/dags/manga_prediction_pipeline.py took 0.865 seconds
