[2025-10-01 18:06:12,219] {taskinstance.py:1159} INFO - Dependencies all met for <TaskInstance: manga_score_prediction.initializing_docker manual__2025-10-01T18:06:11.270746+00:00 [queued]>
[2025-10-01 18:06:12,230] {taskinstance.py:1159} INFO - Dependencies all met for <TaskInstance: manga_score_prediction.initializing_docker manual__2025-10-01T18:06:11.270746+00:00 [queued]>
[2025-10-01 18:06:12,230] {taskinstance.py:1356} INFO - 
--------------------------------------------------------------------------------
[2025-10-01 18:06:12,230] {taskinstance.py:1357} INFO - Starting attempt 1 of 1
[2025-10-01 18:06:12,230] {taskinstance.py:1358} INFO - 
--------------------------------------------------------------------------------
[2025-10-01 18:06:12,301] {taskinstance.py:1377} INFO - Executing <Task(PythonOperator): initializing_docker> on 2025-10-01 18:06:11.270746+00:00
[2025-10-01 18:06:12,303] {standard_task_runner.py:52} INFO - Started process 3428 to run task
[2025-10-01 18:06:12,309] {standard_task_runner.py:79} INFO - Running: ['***', 'tasks', 'run', 'manga_score_prediction', 'initializing_docker', 'manual__2025-10-01T18:06:11.270746+00:00', '--job-id', '420', '--raw', '--subdir', 'DAGS_FOLDER/manga_score_prediction_dag.py', '--cfg-path', '/tmp/tmpd64rftqk', '--error-file', '/tmp/tmp99yivvns']
[2025-10-01 18:06:12,309] {standard_task_runner.py:80} INFO - Job 420: Subtask initializing_docker
[2025-10-01 18:06:12,333] {task_command.py:370} INFO - Running <TaskInstance: manga_score_prediction.initializing_docker manual__2025-10-01T18:06:11.270746+00:00 [running]> on host 61d50ce4b953
[2025-10-01 18:06:12,371] {taskinstance.py:1571} INFO - Exporting the following env vars:
AIRFLOW_CTX_DAG_OWNER=***
AIRFLOW_CTX_DAG_ID=manga_score_prediction
AIRFLOW_CTX_TASK_ID=initializing_docker
AIRFLOW_CTX_EXECUTION_DATE=2025-10-01T18:06:11.270746+00:00
AIRFLOW_CTX_TRY_NUMBER=1
AIRFLOW_CTX_DAG_RUN_ID=manual__2025-10-01T18:06:11.270746+00:00
[2025-10-01 18:06:12,375] {taskinstance.py:1889} ERROR - Task failed with exception
Traceback (most recent call last):
  File "/home/airflow/.local/lib/python3.7/site-packages/airflow/operators/python.py", line 171, in execute
    return_value = self.execute_callable()
  File "/home/airflow/.local/lib/python3.7/site-packages/airflow/operators/python.py", line 189, in execute_callable
    return self.python_callable(*self.op_args, **self.op_kwargs)
  File "/opt/airflow/dags/manga_score_prediction_dag.py", line 13, in start_docker_container
    hook = DockerHook(docker_conn_id='docker_default')
  File "/home/airflow/.local/lib/python3.7/site-packages/airflow/providers/docker/hooks/docker.py", line 63, in __init__
    raise AirflowException('No Docker base URL provided')
airflow.exceptions.AirflowException: No Docker base URL provided
[2025-10-01 18:06:12,377] {taskinstance.py:1400} INFO - Marking task as FAILED. dag_id=manga_score_prediction, task_id=initializing_docker, execution_date=20251001T180611, start_date=20251001T180612, end_date=20251001T180612
[2025-10-01 18:06:12,381] {standard_task_runner.py:97} ERROR - Failed to execute job 420 for task initializing_docker (No Docker base URL provided; 3428)
[2025-10-01 18:06:12,408] {local_task_job.py:156} INFO - Task exited with return code 1
[2025-10-01 18:06:12,423] {local_task_job.py:273} INFO - 0 downstream tasks scheduled from follow-on schedule check
