[2025-09-25 11:03:04,551] {taskinstance.py:1159} INFO - Dependencies all met for <TaskInstance: manga_prediction_pipeline.data_preprocessing manual__2025-09-25T11:02:04.584655+00:00 [queued]>
[2025-09-25 11:03:04,554] {taskinstance.py:1159} INFO - Dependencies all met for <TaskInstance: manga_prediction_pipeline.data_preprocessing manual__2025-09-25T11:02:04.584655+00:00 [queued]>
[2025-09-25 11:03:04,554] {taskinstance.py:1356} INFO - 
--------------------------------------------------------------------------------
[2025-09-25 11:03:04,554] {taskinstance.py:1357} INFO - Starting attempt 1 of 1
[2025-09-25 11:03:04,554] {taskinstance.py:1358} INFO - 
--------------------------------------------------------------------------------
[2025-09-25 11:03:04,559] {taskinstance.py:1377} INFO - Executing <Task(PythonOperator): data_preprocessing> on 2025-09-25 11:02:04.584655+00:00
[2025-09-25 11:03:04,561] {standard_task_runner.py:52} INFO - Started process 215 to run task
[2025-09-25 11:03:04,563] {standard_task_runner.py:79} INFO - Running: ['***', 'tasks', 'run', 'manga_prediction_pipeline', 'data_preprocessing', 'manual__2025-09-25T11:02:04.584655+00:00', '--job-id', '313', '--raw', '--subdir', 'DAGS_FOLDER/manga_prediction_pipeline.py', '--cfg-path', '/tmp/tmps_bwng43', '--error-file', '/tmp/tmpk8ei_dqz']
[2025-09-25 11:03:04,563] {standard_task_runner.py:80} INFO - Job 313: Subtask data_preprocessing
[2025-09-25 11:03:04,580] {task_command.py:370} INFO - Running <TaskInstance: manga_prediction_pipeline.data_preprocessing manual__2025-09-25T11:02:04.584655+00:00 [running]> on host 638ded6a4dc8
[2025-09-25 11:03:04,604] {taskinstance.py:1571} INFO - Exporting the following env vars:
AIRFLOW_CTX_DAG_OWNER=***
AIRFLOW_CTX_DAG_ID=manga_prediction_pipeline
AIRFLOW_CTX_TASK_ID=data_preprocessing
AIRFLOW_CTX_EXECUTION_DATE=2025-09-25T11:02:04.584655+00:00
AIRFLOW_CTX_TRY_NUMBER=1
AIRFLOW_CTX_DAG_RUN_ID=manual__2025-09-25T11:02:04.584655+00:00
[2025-09-25 11:03:04,604] {logging_mixin.py:115} INFO - Connecting to MariaDB to read data...
[2025-09-25 11:03:04,604] {logging_mixin.py:115} INFO - Attempting to connect to MariaDB at mariadb:3306/manga_db
[2025-09-25 11:03:04,627] {authentication.py:66} INFO - package: mysql.connector.plugins
[2025-09-25 11:03:04,627] {authentication.py:67} INFO - plugin_name: mysql_native_password
[2025-09-25 11:03:04,628] {authentication.py:71} INFO - AUTHENTICATION_PLUGIN_CLASS: MySQLNativePasswordAuthPlugin
[2025-09-25 11:03:04,631] {logging_mixin.py:115} INFO - Successfully connected to MariaDB.
[2025-09-25 11:03:05,684] {logging_mixin.py:115} INFO - Data read successfully from MariaDB. Shape: (66371, 28)
[2025-09-25 11:03:05,684] {logging_mixin.py:115} INFO - Dropping rows with missing scores. Original rows: 66371
[2025-09-25 11:03:05,696] {logging_mixin.py:115} INFO - Rows after dropping missing scores: 21795
[2025-09-25 11:03:05,697] {logging_mixin.py:115} INFO - Data preprocessing complete.
[2025-09-25 11:03:05,698] {logging_mixin.py:115} INFO - Saving processed data to /opt/***/data/processed/manga_processed.parquet
[2025-09-25 11:03:05,776] {logging_mixin.py:115} INFO - Processed data saved successfully.
[2025-09-25 11:03:05,781] {python.py:173} INFO - Done. Returned value was: None
[2025-09-25 11:03:05,786] {taskinstance.py:1400} INFO - Marking task as SUCCESS. dag_id=manga_prediction_pipeline, task_id=data_preprocessing, execution_date=20250925T110204, start_date=20250925T110304, end_date=20250925T110305
[2025-09-25 11:03:05,834] {local_task_job.py:156} INFO - Task exited with return code 0
[2025-09-25 11:03:05,849] {local_task_job.py:273} INFO - 1 downstream tasks scheduled from follow-on schedule check
