[2025-09-24 19:06:38,584] {taskinstance.py:1159} INFO - Dependencies all met for <TaskInstance: manga_prediction_pipeline.start_pipeline manual__2025-09-24T19:06:38.168788+00:00 [queued]>
[2025-09-24 19:06:38,586] {taskinstance.py:1159} INFO - Dependencies all met for <TaskInstance: manga_prediction_pipeline.start_pipeline manual__2025-09-24T19:06:38.168788+00:00 [queued]>
[2025-09-24 19:06:38,586] {taskinstance.py:1356} INFO - 
--------------------------------------------------------------------------------
[2025-09-24 19:06:38,586] {taskinstance.py:1357} INFO - Starting attempt 1 of 1
[2025-09-24 19:06:38,586] {taskinstance.py:1358} INFO - 
--------------------------------------------------------------------------------
[2025-09-24 19:06:38,590] {taskinstance.py:1377} INFO - Executing <Task(PythonOperator): start_pipeline> on 2025-09-24 19:06:38.168788+00:00
[2025-09-24 19:06:38,592] {standard_task_runner.py:52} INFO - Started process 297 to run task
[2025-09-24 19:06:38,594] {standard_task_runner.py:79} INFO - Running: ['***', 'tasks', 'run', 'manga_prediction_pipeline', 'start_pipeline', 'manual__2025-09-24T19:06:38.168788+00:00', '--job-id', '25', '--raw', '--subdir', 'DAGS_FOLDER/manga_prediction_pipeline.py', '--cfg-path', '/tmp/tmpa6bqo7ym', '--error-file', '/tmp/tmp1g44b6ce']
[2025-09-24 19:06:38,595] {standard_task_runner.py:80} INFO - Job 25: Subtask start_pipeline
[2025-09-24 19:06:38,617] {task_command.py:370} INFO - Running <TaskInstance: manga_prediction_pipeline.start_pipeline manual__2025-09-24T19:06:38.168788+00:00 [running]> on host 50bd396892d5
[2025-09-24 19:06:38,643] {taskinstance.py:1571} INFO - Exporting the following env vars:
AIRFLOW_CTX_DAG_OWNER=***
AIRFLOW_CTX_DAG_ID=manga_prediction_pipeline
AIRFLOW_CTX_TASK_ID=start_pipeline
AIRFLOW_CTX_EXECUTION_DATE=2025-09-24T19:06:38.168788+00:00
AIRFLOW_CTX_TRY_NUMBER=1
AIRFLOW_CTX_DAG_RUN_ID=manual__2025-09-24T19:06:38.168788+00:00
[2025-09-24 19:06:38,644] {logging_mixin.py:115} INFO - Pipeline started!
[2025-09-24 19:06:38,644] {python.py:173} INFO - Done. Returned value was: None
[2025-09-24 19:06:38,649] {taskinstance.py:1400} INFO - Marking task as SUCCESS. dag_id=manga_prediction_pipeline, task_id=start_pipeline, execution_date=20250924T190638, start_date=20250924T190638, end_date=20250924T190638
[2025-09-24 19:06:38,694] {local_task_job.py:156} INFO - Task exited with return code 0
[2025-09-24 19:06:38,710] {local_task_job.py:273} INFO - 1 downstream tasks scheduled from follow-on schedule check
