[2025-09-25 08:07:42,147] {taskinstance.py:1159} INFO - Dependencies all met for <TaskInstance: manga_prediction_pipeline.start_pipeline manual__2025-09-24T19:06:38.168788+00:00 [queued]>
[2025-09-25 08:07:42,150] {taskinstance.py:1159} INFO - Dependencies all met for <TaskInstance: manga_prediction_pipeline.start_pipeline manual__2025-09-24T19:06:38.168788+00:00 [queued]>
[2025-09-25 08:07:42,150] {taskinstance.py:1356} INFO - 
--------------------------------------------------------------------------------
[2025-09-25 08:07:42,150] {taskinstance.py:1357} INFO - Starting attempt 3 of 3
[2025-09-25 08:07:42,150] {taskinstance.py:1358} INFO - 
--------------------------------------------------------------------------------
[2025-09-25 08:07:42,155] {taskinstance.py:1377} INFO - Executing <Task(PythonOperator): start_pipeline> on 2025-09-24 19:06:38.168788+00:00
[2025-09-25 08:07:42,157] {standard_task_runner.py:52} INFO - Started process 1001 to run task
[2025-09-25 08:07:42,159] {standard_task_runner.py:79} INFO - Running: ['***', 'tasks', 'run', 'manga_prediction_pipeline', 'start_pipeline', 'manual__2025-09-24T19:06:38.168788+00:00', '--job-id', '159', '--raw', '--subdir', 'DAGS_FOLDER/manga_prediction_pipeline.py', '--cfg-path', '/tmp/tmpthbmly6r', '--error-file', '/tmp/tmptuu9soqp']
[2025-09-25 08:07:42,160] {standard_task_runner.py:80} INFO - Job 159: Subtask start_pipeline
[2025-09-25 08:07:42,179] {task_command.py:370} INFO - Running <TaskInstance: manga_prediction_pipeline.start_pipeline manual__2025-09-24T19:06:38.168788+00:00 [running]> on host 240518fe472e
[2025-09-25 08:07:42,204] {taskinstance.py:1571} INFO - Exporting the following env vars:
AIRFLOW_CTX_DAG_OWNER=***
AIRFLOW_CTX_DAG_ID=manga_prediction_pipeline
AIRFLOW_CTX_TASK_ID=start_pipeline
AIRFLOW_CTX_EXECUTION_DATE=2025-09-24T19:06:38.168788+00:00
AIRFLOW_CTX_TRY_NUMBER=3
AIRFLOW_CTX_DAG_RUN_ID=manual__2025-09-24T19:06:38.168788+00:00
[2025-09-25 08:07:42,204] {logging_mixin.py:115} INFO - Pipeline started!
[2025-09-25 08:07:42,204] {python.py:173} INFO - Done. Returned value was: None
[2025-09-25 08:07:42,208] {taskinstance.py:1400} INFO - Marking task as SUCCESS. dag_id=manga_prediction_pipeline, task_id=start_pipeline, execution_date=20250924T190638, start_date=20250925T080742, end_date=20250925T080742
[2025-09-25 08:07:42,216] {local_task_job.py:156} INFO - Task exited with return code 0
[2025-09-25 08:07:42,231] {local_task_job.py:273} INFO - 1 downstream tasks scheduled from follow-on schedule check
