[2025-10-06 14:12:51,548] {taskinstance.py:1159} INFO - Dependencies all met for <TaskInstance: manga_prediction_pipeline.update_deployed_model_id manual__2025-10-06T14:11:31+00:00 [queued]>
[2025-10-06 14:12:51,551] {taskinstance.py:1159} INFO - Dependencies all met for <TaskInstance: manga_prediction_pipeline.update_deployed_model_id manual__2025-10-06T14:11:31+00:00 [queued]>
[2025-10-06 14:12:51,551] {taskinstance.py:1356} INFO - 
--------------------------------------------------------------------------------
[2025-10-06 14:12:51,551] {taskinstance.py:1357} INFO - Starting attempt 1 of 1
[2025-10-06 14:12:51,551] {taskinstance.py:1358} INFO - 
--------------------------------------------------------------------------------
[2025-10-06 14:12:51,556] {taskinstance.py:1377} INFO - Executing <Task(PythonOperator): update_deployed_model_id> on 2025-10-06 14:11:31+00:00
[2025-10-06 14:12:51,560] {standard_task_runner.py:52} INFO - Started process 305 to run task
[2025-10-06 14:12:51,562] {standard_task_runner.py:79} INFO - Running: ['***', 'tasks', 'run', 'manga_prediction_pipeline', 'update_deployed_model_id', 'manual__2025-10-06T14:11:31+00:00', '--job-id', '952', '--raw', '--subdir', 'DAGS_FOLDER/manga_prediction_pipeline.py', '--cfg-path', '/tmp/tmpbo60agvm', '--error-file', '/tmp/tmpo7p6yz37']
[2025-10-06 14:12:51,562] {standard_task_runner.py:80} INFO - Job 952: Subtask update_deployed_model_id
[2025-10-06 14:12:51,583] {task_command.py:370} INFO - Running <TaskInstance: manga_prediction_pipeline.update_deployed_model_id manual__2025-10-06T14:11:31+00:00 [running]> on host 0e51c00ae6d4
[2025-10-06 14:12:51,608] {taskinstance.py:1571} INFO - Exporting the following env vars:
AIRFLOW_CTX_DAG_OWNER=***
AIRFLOW_CTX_DAG_ID=manga_prediction_pipeline
AIRFLOW_CTX_TASK_ID=update_deployed_model_id
AIRFLOW_CTX_EXECUTION_DATE=2025-10-06T14:11:31+00:00
AIRFLOW_CTX_TRY_NUMBER=1
AIRFLOW_CTX_DAG_RUN_ID=manual__2025-10-06T14:11:31+00:00
[2025-10-06 14:12:51,613] {logging_mixin.py:115} INFO - Updated latest_run_id.txt with run_id: 320840fb7bc346b38cf52e66cd73b0f6
[2025-10-06 14:12:51,613] {python.py:173} INFO - Done. Returned value was: None
[2025-10-06 14:12:51,617] {taskinstance.py:1400} INFO - Marking task as SUCCESS. dag_id=manga_prediction_pipeline, task_id=update_deployed_model_id, execution_date=20251006T141131, start_date=20251006T141251, end_date=20251006T141251
[2025-10-06 14:12:51,659] {local_task_job.py:156} INFO - Task exited with return code 0
[2025-10-06 14:12:51,677] {local_task_job.py:273} INFO - 0 downstream tasks scheduled from follow-on schedule check
