[2025-10-01 18:57:02,436] {taskinstance.py:1159} INFO - Dependencies all met for <TaskInstance: manga_prediction_pipeline.data_ingestion manual__2025-10-01T18:55:52.179881+00:00 [queued]>
[2025-10-01 18:57:02,439] {taskinstance.py:1159} INFO - Dependencies all met for <TaskInstance: manga_prediction_pipeline.data_ingestion manual__2025-10-01T18:55:52.179881+00:00 [queued]>
[2025-10-01 18:57:02,439] {taskinstance.py:1356} INFO - 
--------------------------------------------------------------------------------
[2025-10-01 18:57:02,439] {taskinstance.py:1357} INFO - Starting attempt 2 of 1
[2025-10-01 18:57:02,439] {taskinstance.py:1358} INFO - 
--------------------------------------------------------------------------------
[2025-10-01 18:57:02,444] {taskinstance.py:1377} INFO - Executing <Task(PythonOperator): data_ingestion> on 2025-10-01 18:55:52.179881+00:00
[2025-10-01 18:57:02,447] {standard_task_runner.py:52} INFO - Started process 180 to run task
[2025-10-01 18:57:02,448] {standard_task_runner.py:79} INFO - Running: ['***', 'tasks', 'run', 'manga_prediction_pipeline', 'data_ingestion', 'manual__2025-10-01T18:55:52.179881+00:00', '--job-id', '447', '--raw', '--subdir', 'DAGS_FOLDER/manga_prediction_pipeline.py', '--cfg-path', '/tmp/tmpeebzsha_', '--error-file', '/tmp/tmpwdrx1gr2']
[2025-10-01 18:57:02,449] {standard_task_runner.py:80} INFO - Job 447: Subtask data_ingestion
[2025-10-01 18:57:02,469] {task_command.py:370} INFO - Running <TaskInstance: manga_prediction_pipeline.data_ingestion manual__2025-10-01T18:55:52.179881+00:00 [running]> on host 02a4c4e58a83
[2025-10-01 18:57:02,501] {taskinstance.py:1571} INFO - Exporting the following env vars:
AIRFLOW_CTX_DAG_OWNER=***
AIRFLOW_CTX_DAG_ID=manga_prediction_pipeline
AIRFLOW_CTX_TASK_ID=data_ingestion
AIRFLOW_CTX_EXECUTION_DATE=2025-10-01T18:55:52.179881+00:00
AIRFLOW_CTX_TRY_NUMBER=2
AIRFLOW_CTX_DAG_RUN_ID=manual__2025-10-01T18:55:52.179881+00:00
[2025-10-01 18:57:02,501] {logging_mixin.py:115} INFO - Reading data from /opt/***/data/manga.csv
[2025-10-01 18:57:02,864] {logging_mixin.py:115} INFO - Data read successfully. Shape: (66371, 26)
[2025-10-01 18:57:02,864] {logging_mixin.py:115} INFO - Attempting to connect to MariaDB at mariadb:3306/manga_db
[2025-10-01 18:57:02,908] {authentication.py:66} INFO - package: mysql.connector.plugins
[2025-10-01 18:57:02,908] {authentication.py:67} INFO - plugin_name: mysql_native_password
[2025-10-01 18:57:02,909] {authentication.py:71} INFO - AUTHENTICATION_PLUGIN_CLASS: MySQLNativePasswordAuthPlugin
[2025-10-01 18:57:02,919] {logging_mixin.py:115} INFO - Successfully connected to MariaDB.
[2025-10-01 18:57:02,919] {logging_mixin.py:115} INFO - Inserting into dim_manga_info...
[2025-10-01 18:57:35,159] {logging_mixin.py:115} INFO - dim_manga_info populated.
[2025-10-01 18:57:35,463] {logging_mixin.py:115} INFO - Inserting into dim_genres...
[2025-10-01 18:57:35,565] {logging_mixin.py:115} INFO - dim_genres populated.
[2025-10-01 18:57:35,570] {logging_mixin.py:115} INFO - Inserting into dim_authors...
[2025-10-01 18:57:35,788] {logging_mixin.py:115} INFO - dim_authors populated.
[2025-10-01 18:57:35,791] {logging_mixin.py:115} INFO - Inserting into dim_demographics...
[2025-10-01 18:57:35,913] {logging_mixin.py:115} INFO - dim_demographics populated.
[2025-10-01 18:57:35,916] {logging_mixin.py:115} INFO - Inserting into dim_serializations...
[2025-10-01 18:57:36,004] {logging_mixin.py:115} INFO - dim_serializations populated.
[2025-10-01 18:57:36,005] {logging_mixin.py:115} INFO - Inserting into fact_manga...
[2025-10-01 18:58:01,721] {logging_mixin.py:115} INFO - fact_manga populated.
[2025-10-01 18:58:01,721] {logging_mixin.py:115} INFO - Inserting into manga_secondary_genres...
[2025-10-01 18:58:02,762] {logging_mixin.py:115} INFO - manga_secondary_genres populated.
[2025-10-01 18:58:02,762] {logging_mixin.py:115} INFO - Data ingestion to MariaDB complete.
[2025-10-01 18:58:02,778] {python.py:173} INFO - Done. Returned value was: None
[2025-10-01 18:58:02,785] {taskinstance.py:1400} INFO - Marking task as SUCCESS. dag_id=manga_prediction_pipeline, task_id=data_ingestion, execution_date=20251001T185552, start_date=20251001T185702, end_date=20251001T185802
[2025-10-01 18:58:02,839] {local_task_job.py:156} INFO - Task exited with return code 0
[2025-10-01 18:58:02,858] {local_task_job.py:273} INFO - 1 downstream tasks scheduled from follow-on schedule check
