[2025-10-01 18:55:56,753] {taskinstance.py:1159} INFO - Dependencies all met for <TaskInstance: manga_prediction_pipeline.data_ingestion manual__2025-10-01T18:55:52.179881+00:00 [queued]>
[2025-10-01 18:55:56,756] {taskinstance.py:1159} INFO - Dependencies all met for <TaskInstance: manga_prediction_pipeline.data_ingestion manual__2025-10-01T18:55:52.179881+00:00 [queued]>
[2025-10-01 18:55:56,756] {taskinstance.py:1356} INFO - 
--------------------------------------------------------------------------------
[2025-10-01 18:55:56,756] {taskinstance.py:1357} INFO - Starting attempt 1 of 1
[2025-10-01 18:55:56,757] {taskinstance.py:1358} INFO - 
--------------------------------------------------------------------------------
[2025-10-01 18:55:56,761] {taskinstance.py:1377} INFO - Executing <Task(PythonOperator): data_ingestion> on 2025-10-01 18:55:52.179881+00:00
[2025-10-01 18:55:56,764] {standard_task_runner.py:52} INFO - Started process 418 to run task
[2025-10-01 18:55:56,766] {standard_task_runner.py:79} INFO - Running: ['***', 'tasks', 'run', 'manga_prediction_pipeline', 'data_ingestion', 'manual__2025-10-01T18:55:52.179881+00:00', '--job-id', '445', '--raw', '--subdir', 'DAGS_FOLDER/manga_prediction_pipeline.py', '--cfg-path', '/tmp/tmp7dw_es67', '--error-file', '/tmp/tmp9l4nic_6']
[2025-10-01 18:55:56,766] {standard_task_runner.py:80} INFO - Job 445: Subtask data_ingestion
[2025-10-01 18:55:56,787] {task_command.py:370} INFO - Running <TaskInstance: manga_prediction_pipeline.data_ingestion manual__2025-10-01T18:55:52.179881+00:00 [running]> on host 475f6409a430
[2025-10-01 18:55:56,810] {taskinstance.py:1571} INFO - Exporting the following env vars:
AIRFLOW_CTX_DAG_OWNER=***
AIRFLOW_CTX_DAG_ID=manga_prediction_pipeline
AIRFLOW_CTX_TASK_ID=data_ingestion
AIRFLOW_CTX_EXECUTION_DATE=2025-10-01T18:55:52.179881+00:00
AIRFLOW_CTX_TRY_NUMBER=1
AIRFLOW_CTX_DAG_RUN_ID=manual__2025-10-01T18:55:52.179881+00:00
[2025-10-01 18:55:56,811] {logging_mixin.py:115} INFO - Reading data from /opt/***/data/manga.csv
[2025-10-01 18:55:57,181] {logging_mixin.py:115} INFO - Data read successfully. Shape: (66371, 26)
[2025-10-01 18:55:57,182] {logging_mixin.py:115} INFO - Attempting to connect to MariaDB at mariadb:3306/manga_db
[2025-10-01 18:55:57,208] {authentication.py:66} INFO - package: mysql.connector.plugins
[2025-10-01 18:55:57,208] {authentication.py:67} INFO - plugin_name: mysql_native_password
[2025-10-01 18:55:57,208] {authentication.py:71} INFO - AUTHENTICATION_PLUGIN_CLASS: MySQLNativePasswordAuthPlugin
[2025-10-01 18:55:57,211] {logging_mixin.py:115} INFO - Successfully connected to MariaDB.
[2025-10-01 18:55:57,211] {logging_mixin.py:115} INFO - Inserting into dim_manga_info...
[2025-10-01 18:56:25,216] {local_task_job.py:84} ERROR - Received SIGTERM. Terminating subprocesses
[2025-10-01 18:56:25,229] {process_utils.py:129} INFO - Sending Signals.SIGTERM to group 418. PIDs of all processes in the group: [418]
[2025-10-01 18:56:25,230] {process_utils.py:80} INFO - Sending the signal Signals.SIGTERM to group 418
[2025-10-01 18:56:25,232] {taskinstance.py:1541} ERROR - Received SIGTERM. Terminating subprocesses.
[2025-10-01 18:56:25,237] {logging_mixin.py:115} INFO - Error inserting/updating manga_info for mal_id 146840: (***.exceptions.AirflowException) Task received SIGTERM signal
[SQL: 
                    INSERT INTO dim_manga_info (mal_id, title, title_english, title_japanese, title_synonyms,
                                                synopsis, background, status, publishing, published_from,
                                                published_to, approved, url, images, type)
                    VALUES (%(mal_id)s, %(title)s, %(title_english)s, %(title_japanese)s, %(title_synonyms)s,
                            %(synopsis)s, %(background)s, %(status)s, %(publishing)s, %(published_from)s,
                            %(published_to)s, %(approved)s, %(url)s, %(images)s, %(type)s)
                    ON DUPLICATE KEY UPDATE
                        title=VALUES(title), title_english=VALUES(title_english),
                        title_japanese=VALUES(title_japanese), title_synonyms=VALUES(title_synonyms),
                        synopsis=VALUES(synopsis), background=VALUES(background),
                        status=VALUES(status), publishing=VALUES(publishing),
                        published_from=VALUES(published_from), published_to=VALUES(published_to),
                        approved=VALUES(approved), url=VALUES(url), images=VALUES(images), type=VALUES(type);
                ]
[parameters: [{'mal_id': 146840, 'title': 'Mother Teresa: Mazushii Hito no Tame ni Shougai wo Sasageru Seijo', 'title_english': nan, 'title_japanese': nan, 'title_ ... (161 characters truncated) ... manga/146840/Mother_Teresa__Mazushii_Hito_no_Tame_ni_Shougai_wo_Sasageru_Seijo', 'type': 'Manga', 'publishing': 0, 'approved': False, 'images': None}]]
[2025-10-01 18:56:26,686] {logging_mixin.py:115} INFO - dim_manga_info populated.
