[2025-09-25 10:39:51,414] {taskinstance.py:1159} INFO - Dependencies all met for <TaskInstance: manga_prediction_pipeline.end_pipeline manual__2025-09-25T10:38:44+00:00 [queued]>
[2025-09-25 10:39:51,418] {taskinstance.py:1159} INFO - Dependencies all met for <TaskInstance: manga_prediction_pipeline.end_pipeline manual__2025-09-25T10:38:44+00:00 [queued]>
[2025-09-25 10:39:51,418] {taskinstance.py:1356} INFO - 
--------------------------------------------------------------------------------
[2025-09-25 10:39:51,418] {taskinstance.py:1357} INFO - Starting attempt 1 of 1
[2025-09-25 10:39:51,418] {taskinstance.py:1358} INFO - 
--------------------------------------------------------------------------------
[2025-09-25 10:39:51,423] {taskinstance.py:1377} INFO - Executing <Task(PythonOperator): end_pipeline> on 2025-09-25 10:38:44+00:00
[2025-09-25 10:39:51,425] {standard_task_runner.py:52} INFO - Started process 781 to run task
[2025-09-25 10:39:51,426] {standard_task_runner.py:79} INFO - Running: ['***', 'tasks', 'run', 'manga_prediction_pipeline', 'end_pipeline', 'manual__2025-09-25T10:38:44+00:00', '--job-id', '276', '--raw', '--subdir', 'DAGS_FOLDER/manga_prediction_pipeline.py', '--cfg-path', '/tmp/tmpc7xgr2er', '--error-file', '/tmp/tmp8xti9d87']
[2025-09-25 10:39:51,426] {standard_task_runner.py:80} INFO - Job 276: Subtask end_pipeline
[2025-09-25 10:39:51,443] {task_command.py:370} INFO - Running <TaskInstance: manga_prediction_pipeline.end_pipeline manual__2025-09-25T10:38:44+00:00 [running]> on host 19d9b7ffabd0
[2025-09-25 10:39:51,466] {taskinstance.py:1571} INFO - Exporting the following env vars:
AIRFLOW_CTX_DAG_OWNER=***
AIRFLOW_CTX_DAG_ID=manga_prediction_pipeline
AIRFLOW_CTX_TASK_ID=end_pipeline
AIRFLOW_CTX_EXECUTION_DATE=2025-09-25T10:38:44+00:00
AIRFLOW_CTX_TRY_NUMBER=1
AIRFLOW_CTX_DAG_RUN_ID=manual__2025-09-25T10:38:44+00:00
[2025-09-25 10:39:51,467] {logging_mixin.py:115} INFO - Pipeline finished!
[2025-09-25 10:39:51,467] {python.py:173} INFO - Done. Returned value was: None
[2025-09-25 10:39:51,471] {taskinstance.py:1400} INFO - Marking task as SUCCESS. dag_id=manga_prediction_pipeline, task_id=end_pipeline, execution_date=20250925T103844, start_date=20250925T103951, end_date=20250925T103951
[2025-09-25 10:39:51,482] {local_task_job.py:156} INFO - Task exited with return code 0
[2025-09-25 10:39:51,493] {local_task_job.py:273} INFO - 0 downstream tasks scheduled from follow-on schedule check
