[2025-09-25 08:07:53,246] {taskinstance.py:1159} INFO - Dependencies all met for <TaskInstance: manga_prediction_pipeline.end_pipeline manual__2025-09-24T19:06:38.168788+00:00 [queued]>
[2025-09-25 08:07:53,250] {taskinstance.py:1159} INFO - Dependencies all met for <TaskInstance: manga_prediction_pipeline.end_pipeline manual__2025-09-24T19:06:38.168788+00:00 [queued]>
[2025-09-25 08:07:53,250] {taskinstance.py:1356} INFO - 
--------------------------------------------------------------------------------
[2025-09-25 08:07:53,251] {taskinstance.py:1357} INFO - Starting attempt 1 of 1
[2025-09-25 08:07:53,251] {taskinstance.py:1358} INFO - 
--------------------------------------------------------------------------------
[2025-09-25 08:07:53,256] {taskinstance.py:1377} INFO - Executing <Task(PythonOperator): end_pipeline> on 2025-09-24 19:06:38.168788+00:00
[2025-09-25 08:07:53,260] {standard_task_runner.py:52} INFO - Started process 1212 to run task
[2025-09-25 08:07:53,261] {standard_task_runner.py:79} INFO - Running: ['***', 'tasks', 'run', 'manga_prediction_pipeline', 'end_pipeline', 'manual__2025-09-24T19:06:38.168788+00:00', '--job-id', '172', '--raw', '--subdir', 'DAGS_FOLDER/manga_prediction_pipeline.py', '--cfg-path', '/tmp/tmpxuncmem1', '--error-file', '/tmp/tmp5wiizgtf']
[2025-09-25 08:07:53,264] {standard_task_runner.py:80} INFO - Job 172: Subtask end_pipeline
[2025-09-25 08:07:53,284] {task_command.py:370} INFO - Running <TaskInstance: manga_prediction_pipeline.end_pipeline manual__2025-09-24T19:06:38.168788+00:00 [running]> on host 240518fe472e
[2025-09-25 08:07:53,312] {taskinstance.py:1571} INFO - Exporting the following env vars:
AIRFLOW_CTX_DAG_OWNER=***
AIRFLOW_CTX_DAG_ID=manga_prediction_pipeline
AIRFLOW_CTX_TASK_ID=end_pipeline
AIRFLOW_CTX_EXECUTION_DATE=2025-09-24T19:06:38.168788+00:00
AIRFLOW_CTX_TRY_NUMBER=1
AIRFLOW_CTX_DAG_RUN_ID=manual__2025-09-24T19:06:38.168788+00:00
[2025-09-25 08:07:53,313] {logging_mixin.py:115} INFO - Pipeline finished!
[2025-09-25 08:07:53,313] {python.py:173} INFO - Done. Returned value was: None
[2025-09-25 08:07:53,317] {taskinstance.py:1400} INFO - Marking task as SUCCESS. dag_id=manga_prediction_pipeline, task_id=end_pipeline, execution_date=20250924T190638, start_date=20250925T080753, end_date=20250925T080753
[2025-09-25 08:07:53,359] {local_task_job.py:156} INFO - Task exited with return code 0
[2025-09-25 08:07:53,373] {local_task_job.py:273} INFO - 0 downstream tasks scheduled from follow-on schedule check
