[2025-10-04 09:46:19,900] {taskinstance.py:1159} INFO - Dependencies all met for <TaskInstance: manga_prediction_pipeline.data_ingestion manual__2025-10-04T09:46:15.120345+00:00 [queued]>
[2025-10-04 09:46:19,902] {taskinstance.py:1159} INFO - Dependencies all met for <TaskInstance: manga_prediction_pipeline.data_ingestion manual__2025-10-04T09:46:15.120345+00:00 [queued]>
[2025-10-04 09:46:19,902] {taskinstance.py:1356} INFO - 
--------------------------------------------------------------------------------
[2025-10-04 09:46:19,902] {taskinstance.py:1357} INFO - Starting attempt 1 of 1
[2025-10-04 09:46:19,903] {taskinstance.py:1358} INFO - 
--------------------------------------------------------------------------------
[2025-10-04 09:46:19,907] {taskinstance.py:1377} INFO - Executing <Task(PythonOperator): data_ingestion> on 2025-10-04 09:46:15.120345+00:00
[2025-10-04 09:46:19,909] {standard_task_runner.py:52} INFO - Started process 193 to run task
[2025-10-04 09:46:19,911] {standard_task_runner.py:79} INFO - Running: ['***', 'tasks', 'run', 'manga_prediction_pipeline', 'data_ingestion', 'manual__2025-10-04T09:46:15.120345+00:00', '--job-id', '886', '--raw', '--subdir', 'DAGS_FOLDER/manga_prediction_pipeline.py', '--cfg-path', '/tmp/tmpgjd__5m7', '--error-file', '/tmp/tmphnuestnp']
[2025-10-04 09:46:19,911] {standard_task_runner.py:80} INFO - Job 886: Subtask data_ingestion
[2025-10-04 09:46:19,928] {task_command.py:370} INFO - Running <TaskInstance: manga_prediction_pipeline.data_ingestion manual__2025-10-04T09:46:15.120345+00:00 [running]> on host 67133b50ae65
[2025-10-04 09:46:19,951] {taskinstance.py:1571} INFO - Exporting the following env vars:
AIRFLOW_CTX_DAG_OWNER=***
AIRFLOW_CTX_DAG_ID=manga_prediction_pipeline
AIRFLOW_CTX_TASK_ID=data_ingestion
AIRFLOW_CTX_EXECUTION_DATE=2025-10-04T09:46:15.120345+00:00
AIRFLOW_CTX_TRY_NUMBER=1
AIRFLOW_CTX_DAG_RUN_ID=manual__2025-10-04T09:46:15.120345+00:00
[2025-10-04 09:46:19,952] {logging_mixin.py:115} INFO - Reading data from /opt/***/data/manga.csv
[2025-10-04 09:46:20,305] {logging_mixin.py:115} INFO - Data read successfully. Shape: (66371, 26)
[2025-10-04 09:46:20,305] {logging_mixin.py:115} INFO - Attempting to connect to MariaDB at mariadb:3306/manga_db
[2025-10-04 09:46:20,329] {authentication.py:66} INFO - package: mysql.connector.plugins
[2025-10-04 09:46:20,329] {authentication.py:67} INFO - plugin_name: mysql_native_password
[2025-10-04 09:46:20,329] {authentication.py:71} INFO - AUTHENTICATION_PLUGIN_CLASS: MySQLNativePasswordAuthPlugin
[2025-10-04 09:46:20,332] {logging_mixin.py:115} INFO - Successfully connected to MariaDB.
[2025-10-04 09:46:20,332] {logging_mixin.py:115} INFO - Inserting into dim_manga_info...
[2025-10-04 09:46:47,741] {logging_mixin.py:115} INFO - dim_manga_info populated.
[2025-10-04 09:46:47,972] {logging_mixin.py:115} INFO - Inserting into dim_genres...
[2025-10-04 09:46:48,120] {logging_mixin.py:115} INFO - dim_genres populated.
[2025-10-04 09:46:48,121] {logging_mixin.py:115} INFO - Inserting into dim_authors...
[2025-10-04 09:46:48,213] {logging_mixin.py:115} INFO - dim_authors populated.
[2025-10-04 09:46:48,214] {logging_mixin.py:115} INFO - Inserting into dim_demographics...
[2025-10-04 09:46:48,338] {logging_mixin.py:115} INFO - dim_demographics populated.
[2025-10-04 09:46:48,339] {logging_mixin.py:115} INFO - Inserting into dim_serializations...
[2025-10-04 09:46:48,428] {logging_mixin.py:115} INFO - dim_serializations populated.
[2025-10-04 09:46:48,429] {logging_mixin.py:115} INFO - Inserting into fact_manga...
[2025-10-04 09:47:14,155] {logging_mixin.py:115} INFO - fact_manga populated.
[2025-10-04 09:47:14,155] {logging_mixin.py:115} INFO - Inserting into manga_secondary_genres...
[2025-10-04 09:47:15,189] {logging_mixin.py:115} INFO - manga_secondary_genres populated.
[2025-10-04 09:47:15,189] {logging_mixin.py:115} INFO - Data ingestion to MariaDB complete.
[2025-10-04 09:47:15,202] {python.py:173} INFO - Done. Returned value was: None
[2025-10-04 09:47:15,207] {taskinstance.py:1400} INFO - Marking task as SUCCESS. dag_id=manga_prediction_pipeline, task_id=data_ingestion, execution_date=20251004T094615, start_date=20251004T094619, end_date=20251004T094715
[2025-10-04 09:47:15,223] {local_task_job.py:156} INFO - Task exited with return code 0
[2025-10-04 09:47:15,234] {local_task_job.py:273} INFO - 1 downstream tasks scheduled from follow-on schedule check
