[2025-09-25 08:08:11,507] {taskinstance.py:1159} INFO - Dependencies all met for <TaskInstance: manga_prediction_pipeline.end_pipeline manual__2025-09-24T18:49:36.702357+00:00 [queued]>
[2025-09-25 08:08:11,510] {taskinstance.py:1159} INFO - Dependencies all met for <TaskInstance: manga_prediction_pipeline.end_pipeline manual__2025-09-24T18:49:36.702357+00:00 [queued]>
[2025-09-25 08:08:11,510] {taskinstance.py:1356} INFO - 
--------------------------------------------------------------------------------
[2025-09-25 08:08:11,511] {taskinstance.py:1357} INFO - Starting attempt 1 of 1
[2025-09-25 08:08:11,511] {taskinstance.py:1358} INFO - 
--------------------------------------------------------------------------------
[2025-09-25 08:08:11,516] {taskinstance.py:1377} INFO - Executing <Task(PythonOperator): end_pipeline> on 2025-09-24 18:49:36.702357+00:00
[2025-09-25 08:08:11,518] {standard_task_runner.py:52} INFO - Started process 1670 to run task
[2025-09-25 08:08:11,520] {standard_task_runner.py:79} INFO - Running: ['***', 'tasks', 'run', 'manga_prediction_pipeline', 'end_pipeline', 'manual__2025-09-24T18:49:36.702357+00:00', '--job-id', '200', '--raw', '--subdir', 'DAGS_FOLDER/manga_prediction_pipeline.py', '--cfg-path', '/tmp/tmpliozsidz', '--error-file', '/tmp/tmpqduacbh_']
[2025-09-25 08:08:11,520] {standard_task_runner.py:80} INFO - Job 200: Subtask end_pipeline
[2025-09-25 08:08:11,538] {task_command.py:370} INFO - Running <TaskInstance: manga_prediction_pipeline.end_pipeline manual__2025-09-24T18:49:36.702357+00:00 [running]> on host 240518fe472e
[2025-09-25 08:08:11,561] {taskinstance.py:1571} INFO - Exporting the following env vars:
AIRFLOW_CTX_DAG_OWNER=***
AIRFLOW_CTX_DAG_ID=manga_prediction_pipeline
AIRFLOW_CTX_TASK_ID=end_pipeline
AIRFLOW_CTX_EXECUTION_DATE=2025-09-24T18:49:36.702357+00:00
AIRFLOW_CTX_TRY_NUMBER=1
AIRFLOW_CTX_DAG_RUN_ID=manual__2025-09-24T18:49:36.702357+00:00
[2025-09-25 08:08:11,561] {logging_mixin.py:115} INFO - Pipeline finished!
[2025-09-25 08:08:11,561] {python.py:173} INFO - Done. Returned value was: None
[2025-09-25 08:08:11,565] {taskinstance.py:1400} INFO - Marking task as SUCCESS. dag_id=manga_prediction_pipeline, task_id=end_pipeline, execution_date=20250924T184936, start_date=20250925T080811, end_date=20250925T080811
[2025-09-25 08:08:11,576] {local_task_job.py:156} INFO - Task exited with return code 0
[2025-09-25 08:08:11,587] {local_task_job.py:273} INFO - 0 downstream tasks scheduled from follow-on schedule check
