[2025-10-05 01:52:15,528] {taskinstance.py:1159} INFO - Dependencies all met for <TaskInstance: manga_prediction_pipeline.data_ingestion manual__2025-10-05T01:52:11.639651+00:00 [queued]>
[2025-10-05 01:52:15,531] {taskinstance.py:1159} INFO - Dependencies all met for <TaskInstance: manga_prediction_pipeline.data_ingestion manual__2025-10-05T01:52:11.639651+00:00 [queued]>
[2025-10-05 01:52:15,531] {taskinstance.py:1356} INFO - 
--------------------------------------------------------------------------------
[2025-10-05 01:52:15,531] {taskinstance.py:1357} INFO - Starting attempt 1 of 1
[2025-10-05 01:52:15,531] {taskinstance.py:1358} INFO - 
--------------------------------------------------------------------------------
[2025-10-05 01:52:15,535] {taskinstance.py:1377} INFO - Executing <Task(PythonOperator): data_ingestion> on 2025-10-05 01:52:11.639651+00:00
[2025-10-05 01:52:15,538] {standard_task_runner.py:52} INFO - Started process 344 to run task
[2025-10-05 01:52:15,539] {standard_task_runner.py:79} INFO - Running: ['***', 'tasks', 'run', 'manga_prediction_pipeline', 'data_ingestion', 'manual__2025-10-05T01:52:11.639651+00:00', '--job-id', '921', '--raw', '--subdir', 'DAGS_FOLDER/manga_prediction_pipeline.py', '--cfg-path', '/tmp/tmpt19cmejl', '--error-file', '/tmp/tmp_qroo6o2']
[2025-10-05 01:52:15,540] {standard_task_runner.py:80} INFO - Job 921: Subtask data_ingestion
[2025-10-05 01:52:15,557] {task_command.py:370} INFO - Running <TaskInstance: manga_prediction_pipeline.data_ingestion manual__2025-10-05T01:52:11.639651+00:00 [running]> on host 11dccea03661
[2025-10-05 01:52:15,580] {taskinstance.py:1571} INFO - Exporting the following env vars:
AIRFLOW_CTX_DAG_OWNER=***
AIRFLOW_CTX_DAG_ID=manga_prediction_pipeline
AIRFLOW_CTX_TASK_ID=data_ingestion
AIRFLOW_CTX_EXECUTION_DATE=2025-10-05T01:52:11.639651+00:00
AIRFLOW_CTX_TRY_NUMBER=1
AIRFLOW_CTX_DAG_RUN_ID=manual__2025-10-05T01:52:11.639651+00:00
[2025-10-05 01:52:15,581] {logging_mixin.py:115} INFO - Reading data from /opt/***/data/manga.csv
[2025-10-05 01:52:15,939] {logging_mixin.py:115} INFO - Data read successfully. Shape: (66371, 26)
[2025-10-05 01:52:15,939] {logging_mixin.py:115} INFO - Attempting to connect to MariaDB at mariadb:3306/manga_db
[2025-10-05 01:52:15,963] {authentication.py:66} INFO - package: mysql.connector.plugins
[2025-10-05 01:52:15,963] {authentication.py:67} INFO - plugin_name: mysql_native_password
[2025-10-05 01:52:15,963] {authentication.py:71} INFO - AUTHENTICATION_PLUGIN_CLASS: MySQLNativePasswordAuthPlugin
[2025-10-05 01:52:15,966] {logging_mixin.py:115} INFO - Successfully connected to MariaDB.
[2025-10-05 01:52:15,966] {logging_mixin.py:115} INFO - Inserting into dim_manga_info...
[2025-10-05 01:52:43,266] {logging_mixin.py:115} INFO - dim_manga_info populated.
[2025-10-05 01:52:43,502] {logging_mixin.py:115} INFO - Inserting into dim_genres...
[2025-10-05 01:52:43,659] {logging_mixin.py:115} INFO - dim_genres populated.
[2025-10-05 01:52:43,660] {logging_mixin.py:115} INFO - Inserting into dim_authors...
[2025-10-05 01:52:43,750] {logging_mixin.py:115} INFO - dim_authors populated.
[2025-10-05 01:52:43,751] {logging_mixin.py:115} INFO - Inserting into dim_demographics...
[2025-10-05 01:52:43,872] {logging_mixin.py:115} INFO - dim_demographics populated.
[2025-10-05 01:52:43,874] {logging_mixin.py:115} INFO - Inserting into dim_serializations...
[2025-10-05 01:52:43,961] {logging_mixin.py:115} INFO - dim_serializations populated.
[2025-10-05 01:52:43,961] {logging_mixin.py:115} INFO - Inserting into fact_manga...
[2025-10-05 01:53:09,837] {logging_mixin.py:115} INFO - fact_manga populated.
[2025-10-05 01:53:09,837] {logging_mixin.py:115} INFO - Inserting into manga_secondary_genres...
[2025-10-05 01:53:10,902] {logging_mixin.py:115} INFO - manga_secondary_genres populated.
[2025-10-05 01:53:10,902] {logging_mixin.py:115} INFO - Data ingestion to MariaDB complete.
[2025-10-05 01:53:10,915] {python.py:173} INFO - Done. Returned value was: None
[2025-10-05 01:53:10,921] {taskinstance.py:1400} INFO - Marking task as SUCCESS. dag_id=manga_prediction_pipeline, task_id=data_ingestion, execution_date=20251005T015211, start_date=20251005T015215, end_date=20251005T015310
[2025-10-05 01:53:10,959] {local_task_job.py:156} INFO - Task exited with return code 0
[2025-10-05 01:53:10,974] {local_task_job.py:273} INFO - 1 downstream tasks scheduled from follow-on schedule check
