[2025-10-06 14:15:45,416] {taskinstance.py:1159} INFO - Dependencies all met for <TaskInstance: manga_prediction_pipeline.feature_engineering manual__2025-10-06T14:14:39+00:00 [queued]>
[2025-10-06 14:15:45,420] {taskinstance.py:1159} INFO - Dependencies all met for <TaskInstance: manga_prediction_pipeline.feature_engineering manual__2025-10-06T14:14:39+00:00 [queued]>
[2025-10-06 14:15:45,420] {taskinstance.py:1356} INFO - 
--------------------------------------------------------------------------------
[2025-10-06 14:15:45,420] {taskinstance.py:1357} INFO - Starting attempt 1 of 1
[2025-10-06 14:15:45,420] {taskinstance.py:1358} INFO - 
--------------------------------------------------------------------------------
[2025-10-06 14:15:45,424] {taskinstance.py:1377} INFO - Executing <Task(PythonOperator): feature_engineering> on 2025-10-06 14:14:39+00:00
[2025-10-06 14:15:45,427] {standard_task_runner.py:52} INFO - Started process 397 to run task
[2025-10-06 14:15:45,429] {standard_task_runner.py:79} INFO - Running: ['***', 'tasks', 'run', 'manga_prediction_pipeline', 'feature_engineering', 'manual__2025-10-06T14:14:39+00:00', '--job-id', '961', '--raw', '--subdir', 'DAGS_FOLDER/manga_prediction_pipeline.py', '--cfg-path', '/tmp/tmphgeqyu67', '--error-file', '/tmp/tmpb0k4jhzt']
[2025-10-06 14:15:45,429] {standard_task_runner.py:80} INFO - Job 961: Subtask feature_engineering
[2025-10-06 14:15:45,448] {task_command.py:370} INFO - Running <TaskInstance: manga_prediction_pipeline.feature_engineering manual__2025-10-06T14:14:39+00:00 [running]> on host 0e51c00ae6d4
[2025-10-06 14:15:45,472] {taskinstance.py:1571} INFO - Exporting the following env vars:
AIRFLOW_CTX_DAG_OWNER=***
AIRFLOW_CTX_DAG_ID=manga_prediction_pipeline
AIRFLOW_CTX_TASK_ID=feature_engineering
AIRFLOW_CTX_EXECUTION_DATE=2025-10-06T14:14:39+00:00
AIRFLOW_CTX_TRY_NUMBER=1
AIRFLOW_CTX_DAG_RUN_ID=manual__2025-10-06T14:14:39+00:00
[2025-10-06 14:15:45,473] {logging_mixin.py:115} INFO - Reading processed data from /opt/***/data/processed/manga_processed.parquet
[2025-10-06 14:15:45,520] {logging_mixin.py:115} INFO - Processed data read successfully. Shape: (21795, 28)
[2025-10-06 14:15:45,528] {logging_mixin.py:115} INFO - Scaling numerical columns: ['members', 'favorites', 'scored_by', 'volumes', 'chapters']
[2025-10-06 14:15:45,530] {logging_mixin.py:115} INFO - One-hot encoding categorical columns: ['type']
[2025-10-06 14:15:45,536] {logging_mixin.py:115} INFO - Feature engineering complete.
[2025-10-06 14:15:45,536] {logging_mixin.py:115} INFO - Saving features to /opt/***/data/features/manga_features.parquet
[2025-10-06 14:15:45,592] {logging_mixin.py:115} INFO - Features saved successfully.
[2025-10-06 14:15:45,594] {python.py:173} INFO - Done. Returned value was: None
[2025-10-06 14:15:45,599] {taskinstance.py:1400} INFO - Marking task as SUCCESS. dag_id=manga_prediction_pipeline, task_id=feature_engineering, execution_date=20251006T141439, start_date=20251006T141545, end_date=20251006T141545
[2025-10-06 14:15:45,610] {local_task_job.py:156} INFO - Task exited with return code 0
[2025-10-06 14:15:45,625] {local_task_job.py:273} INFO - 1 downstream tasks scheduled from follow-on schedule check
