[2025-10-03 17:07:48,223] {taskinstance.py:1159} INFO - Dependencies all met for <TaskInstance: manga_prediction_pipeline.data_ingestion manual__2025-10-03T17:07:44.125744+00:00 [queued]>
[2025-10-03 17:07:48,227] {taskinstance.py:1159} INFO - Dependencies all met for <TaskInstance: manga_prediction_pipeline.data_ingestion manual__2025-10-03T17:07:44.125744+00:00 [queued]>
[2025-10-03 17:07:48,227] {taskinstance.py:1356} INFO - 
--------------------------------------------------------------------------------
[2025-10-03 17:07:48,227] {taskinstance.py:1357} INFO - Starting attempt 1 of 1
[2025-10-03 17:07:48,227] {taskinstance.py:1358} INFO - 
--------------------------------------------------------------------------------
[2025-10-03 17:07:48,231] {taskinstance.py:1377} INFO - Executing <Task(PythonOperator): data_ingestion> on 2025-10-03 17:07:44.125744+00:00
[2025-10-03 17:07:48,234] {standard_task_runner.py:52} INFO - Started process 199 to run task
[2025-10-03 17:07:48,236] {standard_task_runner.py:79} INFO - Running: ['***', 'tasks', 'run', 'manga_prediction_pipeline', 'data_ingestion', 'manual__2025-10-03T17:07:44.125744+00:00', '--job-id', '649', '--raw', '--subdir', 'DAGS_FOLDER/manga_prediction_pipeline.py', '--cfg-path', '/tmp/tmpmbscvr_4', '--error-file', '/tmp/tmp2t9an1ot']
[2025-10-03 17:07:48,236] {standard_task_runner.py:80} INFO - Job 649: Subtask data_ingestion
[2025-10-03 17:07:48,256] {task_command.py:370} INFO - Running <TaskInstance: manga_prediction_pipeline.data_ingestion manual__2025-10-03T17:07:44.125744+00:00 [running]> on host 929896b3d18a
[2025-10-03 17:07:48,280] {taskinstance.py:1571} INFO - Exporting the following env vars:
AIRFLOW_CTX_DAG_OWNER=***
AIRFLOW_CTX_DAG_ID=manga_prediction_pipeline
AIRFLOW_CTX_TASK_ID=data_ingestion
AIRFLOW_CTX_EXECUTION_DATE=2025-10-03T17:07:44.125744+00:00
AIRFLOW_CTX_TRY_NUMBER=1
AIRFLOW_CTX_DAG_RUN_ID=manual__2025-10-03T17:07:44.125744+00:00
[2025-10-03 17:07:48,281] {logging_mixin.py:115} INFO - Reading data from /opt/***/data/manga.csv
[2025-10-03 17:07:48,675] {logging_mixin.py:115} INFO - Data read successfully. Shape: (66371, 26)
[2025-10-03 17:07:48,675] {logging_mixin.py:115} INFO - Attempting to connect to MariaDB at mariadb:3306/manga_db
[2025-10-03 17:07:48,701] {authentication.py:66} INFO - package: mysql.connector.plugins
[2025-10-03 17:07:48,701] {authentication.py:67} INFO - plugin_name: mysql_native_password
[2025-10-03 17:07:48,702] {authentication.py:71} INFO - AUTHENTICATION_PLUGIN_CLASS: MySQLNativePasswordAuthPlugin
[2025-10-03 17:07:48,704] {logging_mixin.py:115} INFO - Successfully connected to MariaDB.
[2025-10-03 17:07:48,705] {logging_mixin.py:115} INFO - Inserting into dim_manga_info...
[2025-10-03 17:08:16,002] {logging_mixin.py:115} INFO - dim_manga_info populated.
[2025-10-03 17:08:16,232] {logging_mixin.py:115} INFO - Inserting into dim_genres...
[2025-10-03 17:08:16,324] {logging_mixin.py:115} INFO - dim_genres populated.
[2025-10-03 17:08:16,326] {logging_mixin.py:115} INFO - Inserting into dim_authors...
[2025-10-03 17:08:16,485] {logging_mixin.py:115} INFO - dim_authors populated.
[2025-10-03 17:08:16,487] {logging_mixin.py:115} INFO - Inserting into dim_demographics...
[2025-10-03 17:08:16,608] {logging_mixin.py:115} INFO - dim_demographics populated.
[2025-10-03 17:08:16,609] {logging_mixin.py:115} INFO - Inserting into dim_serializations...
[2025-10-03 17:08:16,696] {logging_mixin.py:115} INFO - dim_serializations populated.
[2025-10-03 17:08:16,697] {logging_mixin.py:115} INFO - Inserting into fact_manga...
[2025-10-03 17:08:42,303] {logging_mixin.py:115} INFO - fact_manga populated.
[2025-10-03 17:08:42,304] {logging_mixin.py:115} INFO - Inserting into manga_secondary_genres...
[2025-10-03 17:08:43,381] {logging_mixin.py:115} INFO - manga_secondary_genres populated.
[2025-10-03 17:08:43,382] {logging_mixin.py:115} INFO - Data ingestion to MariaDB complete.
[2025-10-03 17:08:43,398] {python.py:173} INFO - Done. Returned value was: None
[2025-10-03 17:08:43,408] {taskinstance.py:1400} INFO - Marking task as SUCCESS. dag_id=manga_prediction_pipeline, task_id=data_ingestion, execution_date=20251003T170744, start_date=20251003T170748, end_date=20251003T170843
[2025-10-03 17:08:43,434] {local_task_job.py:156} INFO - Task exited with return code 0
[2025-10-03 17:08:43,454] {local_task_job.py:273} INFO - 1 downstream tasks scheduled from follow-on schedule check
