[2025-09-24 19:03:11,058] {taskinstance.py:1159} INFO - Dependencies all met for <TaskInstance: manga_prediction_pipeline.feature_engineering manual__2025-09-24T19:03:06.804160+00:00 [queued]>
[2025-09-24 19:03:11,061] {taskinstance.py:1159} INFO - Dependencies all met for <TaskInstance: manga_prediction_pipeline.feature_engineering manual__2025-09-24T19:03:06.804160+00:00 [queued]>
[2025-09-24 19:03:11,061] {taskinstance.py:1356} INFO - 
--------------------------------------------------------------------------------
[2025-09-24 19:03:11,061] {taskinstance.py:1357} INFO - Starting attempt 1 of 1
[2025-09-24 19:03:11,061] {taskinstance.py:1358} INFO - 
--------------------------------------------------------------------------------
[2025-09-24 19:03:11,065] {taskinstance.py:1377} INFO - Executing <Task(PythonOperator): feature_engineering> on 2025-09-24 19:03:06.804160+00:00
[2025-09-24 19:03:11,067] {standard_task_runner.py:52} INFO - Started process 224 to run task
[2025-09-24 19:03:11,068] {standard_task_runner.py:79} INFO - Running: ['***', 'tasks', 'run', 'manga_prediction_pipeline', 'feature_engineering', 'manual__2025-09-24T19:03:06.804160+00:00', '--job-id', '18', '--raw', '--subdir', 'DAGS_FOLDER/manga_prediction_pipeline.py', '--cfg-path', '/tmp/tmpowgootb_', '--error-file', '/tmp/tmpe9845smh']
[2025-09-24 19:03:11,068] {standard_task_runner.py:80} INFO - Job 18: Subtask feature_engineering
[2025-09-24 19:03:11,085] {task_command.py:370} INFO - Running <TaskInstance: manga_prediction_pipeline.feature_engineering manual__2025-09-24T19:03:06.804160+00:00 [running]> on host 50bd396892d5
[2025-09-24 19:03:11,107] {taskinstance.py:1571} INFO - Exporting the following env vars:
AIRFLOW_CTX_DAG_OWNER=***
AIRFLOW_CTX_DAG_ID=manga_prediction_pipeline
AIRFLOW_CTX_TASK_ID=feature_engineering
AIRFLOW_CTX_EXECUTION_DATE=2025-09-24T19:03:06.804160+00:00
AIRFLOW_CTX_TRY_NUMBER=1
AIRFLOW_CTX_DAG_RUN_ID=manual__2025-09-24T19:03:06.804160+00:00
[2025-09-24 19:03:11,107] {logging_mixin.py:115} INFO - Performing feature engineering...
[2025-09-24 19:03:11,107] {python.py:173} INFO - Done. Returned value was: None
[2025-09-24 19:03:11,111] {taskinstance.py:1400} INFO - Marking task as SUCCESS. dag_id=manga_prediction_pipeline, task_id=feature_engineering, execution_date=20250924T190306, start_date=20250924T190311, end_date=20250924T190311
[2025-09-24 19:03:11,125] {local_task_job.py:156} INFO - Task exited with return code 0
[2025-09-24 19:03:11,138] {local_task_job.py:273} INFO - 1 downstream tasks scheduled from follow-on schedule check
