[2025-09-24 19:17:38,200] {taskinstance.py:1159} INFO - Dependencies all met for <TaskInstance: manga_prediction_pipeline.data_preprocessing manual__2025-09-24T19:11:06.798026+00:00 [queued]>
[2025-09-24 19:17:38,203] {taskinstance.py:1159} INFO - Dependencies all met for <TaskInstance: manga_prediction_pipeline.data_preprocessing manual__2025-09-24T19:11:06.798026+00:00 [queued]>
[2025-09-24 19:17:38,203] {taskinstance.py:1356} INFO - 
--------------------------------------------------------------------------------
[2025-09-24 19:17:38,203] {taskinstance.py:1357} INFO - Starting attempt 4 of 4
[2025-09-24 19:17:38,203] {taskinstance.py:1358} INFO - 
--------------------------------------------------------------------------------
[2025-09-24 19:17:38,207] {taskinstance.py:1377} INFO - Executing <Task(PythonOperator): data_preprocessing> on 2025-09-24 19:11:06.798026+00:00
[2025-09-24 19:17:38,209] {standard_task_runner.py:52} INFO - Started process 512 to run task
[2025-09-24 19:17:38,210] {standard_task_runner.py:79} INFO - Running: ['***', 'tasks', 'run', 'manga_prediction_pipeline', 'data_preprocessing', 'manual__2025-09-24T19:11:06.798026+00:00', '--job-id', '35', '--raw', '--subdir', 'DAGS_FOLDER/manga_prediction_pipeline.py', '--cfg-path', '/tmp/tmp0wvwj4be', '--error-file', '/tmp/tmpuq47iqos']
[2025-09-24 19:17:38,211] {standard_task_runner.py:80} INFO - Job 35: Subtask data_preprocessing
[2025-09-24 19:17:38,228] {task_command.py:370} INFO - Running <TaskInstance: manga_prediction_pipeline.data_preprocessing manual__2025-09-24T19:11:06.798026+00:00 [running]> on host 50bd396892d5
[2025-09-24 19:17:38,250] {taskinstance.py:1571} INFO - Exporting the following env vars:
AIRFLOW_CTX_DAG_OWNER=***
AIRFLOW_CTX_DAG_ID=manga_prediction_pipeline
AIRFLOW_CTX_TASK_ID=data_preprocessing
AIRFLOW_CTX_EXECUTION_DATE=2025-09-24T19:11:06.798026+00:00
AIRFLOW_CTX_TRY_NUMBER=4
AIRFLOW_CTX_DAG_RUN_ID=manual__2025-09-24T19:11:06.798026+00:00
[2025-09-24 19:17:38,250] {logging_mixin.py:115} INFO - Reading staged data from /opt/***/data/staged/manga.parquet
[2025-09-24 19:17:38,332] {logging_mixin.py:115} INFO - Staged data read successfully. Shape: (66371, 26)
[2025-09-24 19:17:38,332] {logging_mixin.py:115} INFO - Dropping rows with missing scores. Original rows: 66371
[2025-09-24 19:17:38,340] {logging_mixin.py:115} INFO - Rows after dropping missing scores: 21795
[2025-09-24 19:17:38,340] {logging_mixin.py:115} INFO - Parsing 'genres' column...
[2025-09-24 19:17:38,340] {taskinstance.py:1889} ERROR - Task failed with exception
Traceback (most recent call last):
  File "/home/airflow/.local/lib/python3.7/site-packages/airflow/operators/python.py", line 171, in execute
    return_value = self.execute_callable()
  File "/home/airflow/.local/lib/python3.7/site-packages/airflow/operators/python.py", line 189, in execute_callable
    return self.python_callable(*self.op_args, **self.op_kwargs)
  File "/opt/airflow/src/data_preprocessing.py", line 28, in preprocess_data
    df['genres'] = df['genres'].apply(lambda x: [g['name'] for g in ast.literal_eval(x)] if isinstance(x, str) and x.startswith('[') else [])
  File "/home/airflow/.local/lib/python3.7/site-packages/pandas/core/series.py", line 4357, in apply
    return SeriesApply(self, func, convert_dtype, args, kwargs).apply()
  File "/home/airflow/.local/lib/python3.7/site-packages/pandas/core/apply.py", line 1043, in apply
    return self.apply_standard()
  File "/home/airflow/.local/lib/python3.7/site-packages/pandas/core/apply.py", line 1101, in apply_standard
    convert=self.convert_dtype,
  File "pandas/_libs/lib.pyx", line 2859, in pandas._libs.lib.map_infer
  File "/opt/airflow/src/data_preprocessing.py", line 28, in <lambda>
    df['genres'] = df['genres'].apply(lambda x: [g['name'] for g in ast.literal_eval(x)] if isinstance(x, str) and x.startswith('[') else [])
  File "/opt/airflow/src/data_preprocessing.py", line 28, in <listcomp>
    df['genres'] = df['genres'].apply(lambda x: [g['name'] for g in ast.literal_eval(x)] if isinstance(x, str) and x.startswith('[') else [])
TypeError: string indices must be integers
[2025-09-24 19:17:38,344] {taskinstance.py:1400} INFO - Marking task as FAILED. dag_id=manga_prediction_pipeline, task_id=data_preprocessing, execution_date=20250924T191106, start_date=20250924T191738, end_date=20250924T191738
[2025-09-24 19:17:38,347] {standard_task_runner.py:97} ERROR - Failed to execute job 35 for task data_preprocessing (string indices must be integers; 512)
[2025-09-24 19:17:38,388] {local_task_job.py:156} INFO - Task exited with return code 1
[2025-09-24 19:17:38,403] {local_task_job.py:273} INFO - 0 downstream tasks scheduled from follow-on schedule check
