[2025-09-25 08:06:15,673] {taskinstance.py:1159} INFO - Dependencies all met for <TaskInstance: manga_prediction_pipeline.start_pipeline manual__2025-09-25T01:32:11.681171+00:00 [queued]>
[2025-09-25 08:06:15,676] {taskinstance.py:1159} INFO - Dependencies all met for <TaskInstance: manga_prediction_pipeline.start_pipeline manual__2025-09-25T01:32:11.681171+00:00 [queued]>
[2025-09-25 08:06:15,676] {taskinstance.py:1356} INFO - 
--------------------------------------------------------------------------------
[2025-09-25 08:06:15,676] {taskinstance.py:1357} INFO - Starting attempt 2 of 2
[2025-09-25 08:06:15,676] {taskinstance.py:1358} INFO - 
--------------------------------------------------------------------------------
[2025-09-25 08:06:15,681] {taskinstance.py:1377} INFO - Executing <Task(PythonOperator): start_pipeline> on 2025-09-25 01:32:11.681171+00:00
[2025-09-25 08:06:15,684] {standard_task_runner.py:52} INFO - Started process 515 to run task
[2025-09-25 08:06:15,685] {standard_task_runner.py:79} INFO - Running: ['***', 'tasks', 'run', 'manga_prediction_pipeline', 'start_pipeline', 'manual__2025-09-25T01:32:11.681171+00:00', '--job-id', '129', '--raw', '--subdir', 'DAGS_FOLDER/manga_prediction_pipeline.py', '--cfg-path', '/tmp/tmppm6fhkt2', '--error-file', '/tmp/tmpo4uqjdsk']
[2025-09-25 08:06:15,686] {standard_task_runner.py:80} INFO - Job 129: Subtask start_pipeline
[2025-09-25 08:06:15,705] {task_command.py:370} INFO - Running <TaskInstance: manga_prediction_pipeline.start_pipeline manual__2025-09-25T01:32:11.681171+00:00 [running]> on host 240518fe472e
[2025-09-25 08:06:15,731] {taskinstance.py:1571} INFO - Exporting the following env vars:
AIRFLOW_CTX_DAG_OWNER=***
AIRFLOW_CTX_DAG_ID=manga_prediction_pipeline
AIRFLOW_CTX_TASK_ID=start_pipeline
AIRFLOW_CTX_EXECUTION_DATE=2025-09-25T01:32:11.681171+00:00
AIRFLOW_CTX_TRY_NUMBER=2
AIRFLOW_CTX_DAG_RUN_ID=manual__2025-09-25T01:32:11.681171+00:00
[2025-09-25 08:06:15,731] {logging_mixin.py:115} INFO - Pipeline started!
[2025-09-25 08:06:15,731] {python.py:173} INFO - Done. Returned value was: None
[2025-09-25 08:06:15,735] {taskinstance.py:1400} INFO - Marking task as SUCCESS. dag_id=manga_prediction_pipeline, task_id=start_pipeline, execution_date=20250925T013211, start_date=20250925T080615, end_date=20250925T080615
[2025-09-25 08:06:15,743] {local_task_job.py:156} INFO - Task exited with return code 0
[2025-09-25 08:06:15,758] {local_task_job.py:273} INFO - 1 downstream tasks scheduled from follow-on schedule check
