[2025-10-05 01:48:23,222] {taskinstance.py:1159} INFO - Dependencies all met for <TaskInstance: manga_prediction_pipeline.data_ingestion manual__2025-10-05T01:48:18.586716+00:00 [queued]>
[2025-10-05 01:48:23,225] {taskinstance.py:1159} INFO - Dependencies all met for <TaskInstance: manga_prediction_pipeline.data_ingestion manual__2025-10-05T01:48:18.586716+00:00 [queued]>
[2025-10-05 01:48:23,225] {taskinstance.py:1356} INFO - 
--------------------------------------------------------------------------------
[2025-10-05 01:48:23,225] {taskinstance.py:1357} INFO - Starting attempt 1 of 1
[2025-10-05 01:48:23,225] {taskinstance.py:1358} INFO - 
--------------------------------------------------------------------------------
[2025-10-05 01:48:23,229] {taskinstance.py:1377} INFO - Executing <Task(PythonOperator): data_ingestion> on 2025-10-05 01:48:18.586716+00:00
[2025-10-05 01:48:23,233] {standard_task_runner.py:52} INFO - Started process 219 to run task
[2025-10-05 01:48:23,234] {standard_task_runner.py:79} INFO - Running: ['***', 'tasks', 'run', 'manga_prediction_pipeline', 'data_ingestion', 'manual__2025-10-05T01:48:18.586716+00:00', '--job-id', '914', '--raw', '--subdir', 'DAGS_FOLDER/manga_prediction_pipeline.py', '--cfg-path', '/tmp/tmpphkpvauz', '--error-file', '/tmp/tmpfyf6xdsc']
[2025-10-05 01:48:23,235] {standard_task_runner.py:80} INFO - Job 914: Subtask data_ingestion
[2025-10-05 01:48:23,253] {task_command.py:370} INFO - Running <TaskInstance: manga_prediction_pipeline.data_ingestion manual__2025-10-05T01:48:18.586716+00:00 [running]> on host 11dccea03661
[2025-10-05 01:48:23,277] {taskinstance.py:1571} INFO - Exporting the following env vars:
AIRFLOW_CTX_DAG_OWNER=***
AIRFLOW_CTX_DAG_ID=manga_prediction_pipeline
AIRFLOW_CTX_TASK_ID=data_ingestion
AIRFLOW_CTX_EXECUTION_DATE=2025-10-05T01:48:18.586716+00:00
AIRFLOW_CTX_TRY_NUMBER=1
AIRFLOW_CTX_DAG_RUN_ID=manual__2025-10-05T01:48:18.586716+00:00
[2025-10-05 01:48:23,278] {logging_mixin.py:115} INFO - Reading data from /opt/***/data/manga.csv
[2025-10-05 01:48:23,657] {logging_mixin.py:115} INFO - Data read successfully. Shape: (66371, 26)
[2025-10-05 01:48:23,658] {logging_mixin.py:115} INFO - Attempting to connect to MariaDB at mariadb:3306/manga_db
[2025-10-05 01:48:23,683] {authentication.py:66} INFO - package: mysql.connector.plugins
[2025-10-05 01:48:23,683] {authentication.py:67} INFO - plugin_name: mysql_native_password
[2025-10-05 01:48:23,684] {authentication.py:71} INFO - AUTHENTICATION_PLUGIN_CLASS: MySQLNativePasswordAuthPlugin
[2025-10-05 01:48:23,686] {logging_mixin.py:115} INFO - Successfully connected to MariaDB.
[2025-10-05 01:48:23,687] {logging_mixin.py:115} INFO - Inserting into dim_manga_info...
[2025-10-05 01:48:51,576] {logging_mixin.py:115} INFO - dim_manga_info populated.
[2025-10-05 01:48:51,879] {logging_mixin.py:115} INFO - Inserting into dim_genres...
[2025-10-05 01:48:52,096] {logging_mixin.py:115} INFO - dim_genres populated.
[2025-10-05 01:48:52,097] {logging_mixin.py:115} INFO - Inserting into dim_authors...
[2025-10-05 01:48:52,192] {logging_mixin.py:115} INFO - dim_authors populated.
[2025-10-05 01:48:52,193] {logging_mixin.py:115} INFO - Inserting into dim_demographics...
[2025-10-05 01:48:52,341] {logging_mixin.py:115} INFO - dim_demographics populated.
[2025-10-05 01:48:52,345] {logging_mixin.py:115} INFO - Inserting into dim_serializations...
[2025-10-05 01:48:52,552] {logging_mixin.py:115} INFO - dim_serializations populated.
[2025-10-05 01:48:52,554] {logging_mixin.py:115} INFO - Inserting into fact_manga...
[2025-10-05 01:49:18,083] {logging_mixin.py:115} INFO - fact_manga populated.
[2025-10-05 01:49:18,084] {logging_mixin.py:115} INFO - Inserting into manga_secondary_genres...
[2025-10-05 01:49:19,107] {logging_mixin.py:115} INFO - manga_secondary_genres populated.
[2025-10-05 01:49:19,107] {logging_mixin.py:115} INFO - Data ingestion to MariaDB complete.
[2025-10-05 01:49:19,122] {python.py:173} INFO - Done. Returned value was: None
[2025-10-05 01:49:19,127] {taskinstance.py:1400} INFO - Marking task as SUCCESS. dag_id=manga_prediction_pipeline, task_id=data_ingestion, execution_date=20251005T014818, start_date=20251005T014823, end_date=20251005T014919
[2025-10-05 01:49:19,183] {local_task_job.py:156} INFO - Task exited with return code 0
[2025-10-05 01:49:19,198] {local_task_job.py:273} INFO - 1 downstream tasks scheduled from follow-on schedule check
